<?xml version="1.0" encoding="UTF-8"?>
<testsuites name="Random" time="1.885" tests="0" failures="0" errors="0">
   <testsuite name="Random" tests="0" failures="0" errors="0" time="1.885" skipped="0" timestamp="2023-10-17 17:08:11" hostname="xavier.a.santos - MININT-CAEUVD4.noesis.pt" id="Test Suites/Random">
      <properties>
         <property name="deviceName" value=""/>
         <property name="devicePlatform" value=""/>
         <property name="logFolder" value="C:\\Users\\xavier.a.santos\\git\\KatalonContinente\\Reports\\20231017_170803\\Random\\20231017_170804"/>
         <property name="logFiles" value="C:\\Users\\xavier.a.santos\\git\\KatalonContinente\\Reports\\20231017_170803\\Random\\20231017_170804\\execution0.log"/>
         <property name="attachments" value=""/>
         <property name="hostName" value="xavier.a.santos - MININT-CAEUVD4.noesis.pt"/>
         <property name="hostAddress" value="192.168.1.133"/>
         <property name="os" value="Windows 11 64bit"/>
         <property name="katalonVersion" value="9.0.0.beta.212"/>
      </properties>
      <system-out><![CDATA[2023-10-17 17:08:11 - [TEST_SUITE][PASSED] - Random: null]]></system-out>
      <system-err><![CDATA[]]></system-err>
   </testsuite>
</testsuites>
