<?xml version="1.0" encoding="UTF-8"?>
<testsuites name="Continente" time="127.853" tests="5" failures="0" errors="0">
   <testsuite name="Continente" tests="5" failures="0" errors="0" time="127.853" skipped="0" timestamp="2023-10-13 16:39:30" hostname="xavier.a.santos - MININT-CAEUVD4.noesis.pt" id="Test Suites/Continente">
      <properties>
         <property name="deviceName" value=""/>
         <property name="devicePlatform" value=""/>
         <property name="logFolder" value="C:\\Users\\xavier.a.santos\\git\\KatalonContinente\\Reports\\20231013_163926\\Continente\\20231013_163926"/>
         <property name="logFiles" value="C:\\Users\\xavier.a.santos\\git\\KatalonContinente\\Reports\\20231013_163926\\Continente\\20231013_163926\\execution0.log"/>
         <property name="attachments" value=""/>
         <property name="hostName" value="xavier.a.santos - MININT-CAEUVD4.noesis.pt"/>
         <property name="os" value="Windows 11 64bit"/>
         <property name="katalonVersion" value="9.0.0.beta.212"/>
         <property name="browser" value="Chrome 118.0.0.0"/>
         <property name="hostAddress" value="192.168.1.133"/>
         <property name="sessionId" value="0164d456f9485e81f3ae7b48ad5f9760"/>
         <property name="seleniumVersion" value="3.141.59"/>
         <property name="proxyInformation" value="ProxyInformation { proxyOption=NO_PROXY, proxyServerType=HTTP, username=, password=********, proxyServerAddress=, proxyServerPort=0, executionList=&quot;&quot;, isApplyToDesiredCapabilities=true }"/>
         <property name="platform" value="Windows 11"/>
      </properties>
      <testcase name="Test Cases/Open Continente" time="5.753" classname="Test Cases/Open Continente" status="PASSED">
         <system-out><![CDATA[2023-10-13 16:39:30 - [TEST_CASE][PASSED] - Test Cases/Open Continente: Test Cases/Open Continente

2023-10-13 16:39:31 - [TEST_STEP][PASSED] - openBrowser(""): Browser is opened with url: ''

2023-10-13 16:39:31 - [MESSAGE][INFO] - Starting 'Chrome' driver

2023-10-13 16:39:31 - [MESSAGE][INFO] - Action delay is set to 0 milliseconds

2023-10-13 16:39:33 - [MESSAGE][PASSED] - Browser is opened with url: ''

2023-10-13 16:39:33 - [TEST_STEP][PASSED] - navigateToUrl("www.continente.pt"): Navigate to 'http://www.continente.pt' successfully

2023-10-13 16:39:35 - [MESSAGE][PASSED] - Navigate to 'http://www.continente.pt' successfully

2023-10-13 16:39:35 - [TEST_STEP][PASSED] - click(findTestObject("Page_Continente Online  Compras de Supermer_4cd3d9/button_Permitir todos")): Object: 'Object Repository/Page_Continente Online  Compras de Supermer_4cd3d9/button_Permitir todos' is clicked on

2023-10-13 16:39:36 - [MESSAGE][PASSED] - Object: 'Object Repository/Page_Continente Online  Compras de Supermer_4cd3d9/button_Permitir todos' is clicked on]]></system-out>
         <system-err><![CDATA[]]></system-err>
      </testcase>
      <testcase name="Test Cases/Search Product" time="12.497" classname="Test Cases/Search Product" status="PASSED">
         <system-out><![CDATA[2023-10-13 16:39:36 - [TEST_CASE][PASSED] - Test Cases/Search Product: Test Cases/Search Product

2023-10-13 16:39:36 - [TEST_STEP][PASSED] - callTestCase(findTestCase("Open Continente"), [:], STOP_ON_FAILURE): Call Test Case 'Test Cases/Open Continente' successfully

2023-10-13 16:39:37 - [TEST_CASE][PASSED] - Test Cases/Open Continente: Test Cases/Open Continente

2023-10-13 16:39:37 - [TEST_STEP][PASSED] - openBrowser(""): Browser is opened with url: ''

2023-10-13 16:39:37 - [MESSAGE][WARNING] - A browser is already opened. Closing browser and opening a new one

2023-10-13 16:39:37 - [MESSAGE][INFO] - Starting 'Chrome' driver

2023-10-13 16:39:37 - [MESSAGE][INFO] - Action delay is set to 0 milliseconds

2023-10-13 16:39:38 - [MESSAGE][PASSED] - Browser is opened with url: ''

2023-10-13 16:39:38 - [TEST_STEP][PASSED] - navigateToUrl("www.continente.pt"): Navigate to 'http://www.continente.pt' successfully

2023-10-13 16:39:40 - [MESSAGE][PASSED] - Navigate to 'http://www.continente.pt' successfully

2023-10-13 16:39:40 - [TEST_STEP][PASSED] - click(findTestObject("Page_Continente Online  Compras de Supermer_4cd3d9/button_Permitir todos")): Object: 'Object Repository/Page_Continente Online  Compras de Supermer_4cd3d9/button_Permitir todos' is clicked on

2023-10-13 16:39:41 - [MESSAGE][PASSED] - Object: 'Object Repository/Page_Continente Online  Compras de Supermer_4cd3d9/button_Permitir todos' is clicked on

2023-10-13 16:39:41 - [MESSAGE][PASSED] - Call Test Case 'Test Cases/Open Continente' successfully

2023-10-13 16:39:41 - [TEST_STEP][PASSED] - click(findTestObject("Page_Continente Online  Compras de Supermer_4cd3d9/svg_EntregaZero_svg-inline icon-search")): Object: 'Object Repository/Page_Continente Online  Compras de Supermer_4cd3d9/svg_EntregaZero_svg-inline icon-search' is clicked on

2023-10-13 16:39:44 - [MESSAGE][PASSED] - Object: 'Object Repository/Page_Continente Online  Compras de Supermer_4cd3d9/svg_EntregaZero_svg-inline icon-search' is clicked on

2023-10-13 16:39:44 - [TEST_STEP][PASSED] - setText(findTestObject("Page_Continente Online  Compras de Supermer_4cd3d9/input_2023 Modelo Continente Hipermercados,_958617"), "queijo"): Text 'queijo' is set on object 'Object Repository/Page_Continente Online  Compras de Supermer_4cd3d9/input_2023 Modelo Continente Hipermercados,_958617'

2023-10-13 16:39:46 - [MESSAGE][PASSED] - Text 'queijo' is set on object 'Object Repository/Page_Continente Online  Compras de Supermer_4cd3d9/input_2023 Modelo Continente Hipermercados,_958617'

2023-10-13 16:39:46 - [TEST_STEP][PASSED] - click(findTestObject("Page_Continente Online  Compras de Supermer_4cd3d9/span_O que procura_svg-wrapper svg-icon-search")): Object: 'Object Repository/Page_Continente Online  Compras de Supermer_4cd3d9/span_O que procura_svg-wrapper svg-icon-search' is clicked on

2023-10-13 16:39:49 - [MESSAGE][PASSED] - Object: 'Object Repository/Page_Continente Online  Compras de Supermer_4cd3d9/span_O que procura_svg-wrapper svg-icon-search' is clicked on]]></system-out>
         <system-err><![CDATA[]]></system-err>
      </testcase>
      <testcase name="Test Cases/Add 1 Item to Cart" time="21.314" classname="Test Cases/Add 1 Item to Cart" status="PASSED">
         <system-out><![CDATA[2023-10-13 16:39:49 - [TEST_CASE][PASSED] - Test Cases/Add 1 Item to Cart: Test Cases/Add 1 Item to Cart

2023-10-13 16:39:49 - [TEST_STEP][PASSED] - callTestCase(findTestCase("Open Continente"), [:], STOP_ON_FAILURE): Call Test Case 'Test Cases/Open Continente' successfully

2023-10-13 16:39:49 - [TEST_CASE][PASSED] - Test Cases/Open Continente: Test Cases/Open Continente

2023-10-13 16:39:49 - [TEST_STEP][PASSED] - openBrowser(""): Browser is opened with url: ''

2023-10-13 16:39:49 - [MESSAGE][WARNING] - A browser is already opened. Closing browser and opening a new one

2023-10-13 16:39:49 - [MESSAGE][INFO] - Starting 'Chrome' driver

2023-10-13 16:39:49 - [MESSAGE][INFO] - Action delay is set to 0 milliseconds

2023-10-13 16:39:50 - [MESSAGE][PASSED] - Browser is opened with url: ''

2023-10-13 16:39:50 - [TEST_STEP][PASSED] - navigateToUrl("www.continente.pt"): Navigate to 'http://www.continente.pt' successfully

2023-10-13 16:39:53 - [MESSAGE][PASSED] - Navigate to 'http://www.continente.pt' successfully

2023-10-13 16:39:53 - [TEST_STEP][PASSED] - click(findTestObject("Page_Continente Online  Compras de Supermer_4cd3d9/button_Permitir todos")): Object: 'Object Repository/Page_Continente Online  Compras de Supermer_4cd3d9/button_Permitir todos' is clicked on

2023-10-13 16:39:56 - [MESSAGE][PASSED] - Object: 'Object Repository/Page_Continente Online  Compras de Supermer_4cd3d9/button_Permitir todos' is clicked on

2023-10-13 16:39:56 - [MESSAGE][PASSED] - Call Test Case 'Test Cases/Open Continente' successfully

2023-10-13 16:39:56 - [TEST_STEP][PASSED] - callTestCase(findTestCase("Search Product"), [:], STOP_ON_FAILURE): Call Test Case 'Test Cases/Search Product' successfully

2023-10-13 16:39:57 - [TEST_CASE][PASSED] - Test Cases/Search Product: Test Cases/Search Product

2023-10-13 16:39:57 - [TEST_STEP][PASSED] - callTestCase(findTestCase("Open Continente"), [:], STOP_ON_FAILURE): Call Test Case 'Test Cases/Open Continente' successfully

2023-10-13 16:39:57 - [TEST_CASE][PASSED] - Test Cases/Open Continente: Test Cases/Open Continente

2023-10-13 16:39:57 - [TEST_STEP][PASSED] - openBrowser(""): Browser is opened with url: ''

2023-10-13 16:39:57 - [MESSAGE][WARNING] - A browser is already opened. Closing browser and opening a new one

2023-10-13 16:39:57 - [MESSAGE][INFO] - Starting 'Chrome' driver

2023-10-13 16:39:57 - [MESSAGE][INFO] - Action delay is set to 0 milliseconds

2023-10-13 16:39:58 - [MESSAGE][PASSED] - Browser is opened with url: ''

2023-10-13 16:39:58 - [TEST_STEP][PASSED] - navigateToUrl("www.continente.pt"): Navigate to 'http://www.continente.pt' successfully

2023-10-13 16:40:01 - [MESSAGE][PASSED] - Navigate to 'http://www.continente.pt' successfully

2023-10-13 16:40:01 - [TEST_STEP][PASSED] - click(findTestObject("Page_Continente Online  Compras de Supermer_4cd3d9/button_Permitir todos")): Object: 'Object Repository/Page_Continente Online  Compras de Supermer_4cd3d9/button_Permitir todos' is clicked on

2023-10-13 16:40:01 - [MESSAGE][PASSED] - Object: 'Object Repository/Page_Continente Online  Compras de Supermer_4cd3d9/button_Permitir todos' is clicked on

2023-10-13 16:40:01 - [MESSAGE][PASSED] - Call Test Case 'Test Cases/Open Continente' successfully

2023-10-13 16:40:01 - [TEST_STEP][PASSED] - click(findTestObject("Page_Continente Online  Compras de Supermer_4cd3d9/svg_EntregaZero_svg-inline icon-search")): Object: 'Object Repository/Page_Continente Online  Compras de Supermer_4cd3d9/svg_EntregaZero_svg-inline icon-search' is clicked on

2023-10-13 16:40:05 - [MESSAGE][PASSED] - Object: 'Object Repository/Page_Continente Online  Compras de Supermer_4cd3d9/svg_EntregaZero_svg-inline icon-search' is clicked on

2023-10-13 16:40:05 - [TEST_STEP][PASSED] - setText(findTestObject("Page_Continente Online  Compras de Supermer_4cd3d9/input_2023 Modelo Continente Hipermercados,_958617"), "queijo"): Text 'queijo' is set on object 'Object Repository/Page_Continente Online  Compras de Supermer_4cd3d9/input_2023 Modelo Continente Hipermercados,_958617'

2023-10-13 16:40:06 - [MESSAGE][PASSED] - Text 'queijo' is set on object 'Object Repository/Page_Continente Online  Compras de Supermer_4cd3d9/input_2023 Modelo Continente Hipermercados,_958617'

2023-10-13 16:40:06 - [TEST_STEP][PASSED] - click(findTestObject("Page_Continente Online  Compras de Supermer_4cd3d9/span_O que procura_svg-wrapper svg-icon-search")): Object: 'Object Repository/Page_Continente Online  Compras de Supermer_4cd3d9/span_O que procura_svg-wrapper svg-icon-search' is clicked on

2023-10-13 16:40:09 - [MESSAGE][PASSED] - Object: 'Object Repository/Page_Continente Online  Compras de Supermer_4cd3d9/span_O que procura_svg-wrapper svg-icon-search' is clicked on

2023-10-13 16:40:09 - [MESSAGE][PASSED] - Call Test Case 'Test Cases/Search Product' successfully

2023-10-13 16:40:09 - [TEST_STEP][PASSED] - click(findTestObject("Page_Resultados de pesquisa para o termo qu_4d046e/span_Carrinho")): Object: 'Object Repository/Page_Resultados de pesquisa para o termo qu_4d046e/span_Carrinho' is clicked on

2023-10-13 16:40:10 - [MESSAGE][PASSED] - Object: 'Object Repository/Page_Resultados de pesquisa para o termo qu_4d046e/span_Carrinho' is clicked on]]></system-out>
         <system-err><![CDATA[]]></system-err>
      </testcase>
      <testcase name="Test Cases/Add 2 Items to Cart" time="26.468" classname="Test Cases/Add 2 Items to Cart" status="PASSED">
         <system-out><![CDATA[2023-10-13 16:40:10 - [TEST_CASE][PASSED] - Test Cases/Add 2 Items to Cart: Test Cases/Add 2 Items to Cart

2023-10-13 16:40:10 - [TEST_STEP][PASSED] - callTestCase(findTestCase("Open Continente"), [:], STOP_ON_FAILURE): Call Test Case 'Test Cases/Open Continente' successfully

2023-10-13 16:40:10 - [TEST_CASE][PASSED] - Test Cases/Open Continente: Test Cases/Open Continente

2023-10-13 16:40:10 - [TEST_STEP][PASSED] - openBrowser(""): Browser is opened with url: ''

2023-10-13 16:40:10 - [MESSAGE][WARNING] - A browser is already opened. Closing browser and opening a new one

2023-10-13 16:40:10 - [MESSAGE][INFO] - Starting 'Chrome' driver

2023-10-13 16:40:10 - [MESSAGE][INFO] - Action delay is set to 0 milliseconds

2023-10-13 16:40:12 - [MESSAGE][PASSED] - Browser is opened with url: ''

2023-10-13 16:40:12 - [TEST_STEP][PASSED] - navigateToUrl("www.continente.pt"): Navigate to 'http://www.continente.pt' successfully

2023-10-13 16:40:14 - [MESSAGE][PASSED] - Navigate to 'http://www.continente.pt' successfully

2023-10-13 16:40:14 - [TEST_STEP][PASSED] - click(findTestObject("Page_Continente Online  Compras de Supermer_4cd3d9/button_Permitir todos")): Object: 'Object Repository/Page_Continente Online  Compras de Supermer_4cd3d9/button_Permitir todos' is clicked on

2023-10-13 16:40:14 - [MESSAGE][PASSED] - Object: 'Object Repository/Page_Continente Online  Compras de Supermer_4cd3d9/button_Permitir todos' is clicked on

2023-10-13 16:40:14 - [MESSAGE][PASSED] - Call Test Case 'Test Cases/Open Continente' successfully

2023-10-13 16:40:14 - [TEST_STEP][PASSED] - callTestCase(findTestCase("Add 1 Item to Cart"), [:], STOP_ON_FAILURE): Call Test Case 'Test Cases/Add 1 Item to Cart' successfully

2023-10-13 16:40:14 - [TEST_CASE][PASSED] - Test Cases/Add 1 Item to Cart: Test Cases/Add 1 Item to Cart

2023-10-13 16:40:14 - [TEST_STEP][PASSED] - callTestCase(findTestCase("Open Continente"), [:], STOP_ON_FAILURE): Call Test Case 'Test Cases/Open Continente' successfully

2023-10-13 16:40:15 - [TEST_CASE][PASSED] - Test Cases/Open Continente: Test Cases/Open Continente

2023-10-13 16:40:15 - [TEST_STEP][PASSED] - openBrowser(""): Browser is opened with url: ''

2023-10-13 16:40:15 - [MESSAGE][WARNING] - A browser is already opened. Closing browser and opening a new one

2023-10-13 16:40:15 - [MESSAGE][INFO] - Starting 'Chrome' driver

2023-10-13 16:40:15 - [MESSAGE][INFO] - Action delay is set to 0 milliseconds

2023-10-13 16:40:16 - [MESSAGE][PASSED] - Browser is opened with url: ''

2023-10-13 16:40:16 - [TEST_STEP][PASSED] - navigateToUrl("www.continente.pt"): Navigate to 'http://www.continente.pt' successfully

2023-10-13 16:40:18 - [MESSAGE][PASSED] - Navigate to 'http://www.continente.pt' successfully

2023-10-13 16:40:18 - [TEST_STEP][PASSED] - click(findTestObject("Page_Continente Online  Compras de Supermer_4cd3d9/button_Permitir todos")): Object: 'Object Repository/Page_Continente Online  Compras de Supermer_4cd3d9/button_Permitir todos' is clicked on

2023-10-13 16:40:19 - [MESSAGE][PASSED] - Object: 'Object Repository/Page_Continente Online  Compras de Supermer_4cd3d9/button_Permitir todos' is clicked on

2023-10-13 16:40:19 - [MESSAGE][PASSED] - Call Test Case 'Test Cases/Open Continente' successfully

2023-10-13 16:40:19 - [TEST_STEP][PASSED] - callTestCase(findTestCase("Search Product"), [:], STOP_ON_FAILURE): Call Test Case 'Test Cases/Search Product' successfully

2023-10-13 16:40:19 - [TEST_CASE][PASSED] - Test Cases/Search Product: Test Cases/Search Product

2023-10-13 16:40:19 - [TEST_STEP][PASSED] - callTestCase(findTestCase("Open Continente"), [:], STOP_ON_FAILURE): Call Test Case 'Test Cases/Open Continente' successfully

2023-10-13 16:40:19 - [TEST_CASE][PASSED] - Test Cases/Open Continente: Test Cases/Open Continente

2023-10-13 16:40:19 - [TEST_STEP][PASSED] - openBrowser(""): Browser is opened with url: ''

2023-10-13 16:40:19 - [MESSAGE][WARNING] - A browser is already opened. Closing browser and opening a new one

2023-10-13 16:40:20 - [MESSAGE][INFO] - Starting 'Chrome' driver

2023-10-13 16:40:20 - [MESSAGE][INFO] - Action delay is set to 0 milliseconds

2023-10-13 16:40:21 - [MESSAGE][PASSED] - Browser is opened with url: ''

2023-10-13 16:40:21 - [TEST_STEP][PASSED] - navigateToUrl("www.continente.pt"): Navigate to 'http://www.continente.pt' successfully

2023-10-13 16:40:23 - [MESSAGE][PASSED] - Navigate to 'http://www.continente.pt' successfully

2023-10-13 16:40:23 - [TEST_STEP][PASSED] - click(findTestObject("Page_Continente Online  Compras de Supermer_4cd3d9/button_Permitir todos")): Object: 'Object Repository/Page_Continente Online  Compras de Supermer_4cd3d9/button_Permitir todos' is clicked on

2023-10-13 16:40:24 - [MESSAGE][PASSED] - Object: 'Object Repository/Page_Continente Online  Compras de Supermer_4cd3d9/button_Permitir todos' is clicked on

2023-10-13 16:40:24 - [MESSAGE][PASSED] - Call Test Case 'Test Cases/Open Continente' successfully

2023-10-13 16:40:24 - [TEST_STEP][PASSED] - click(findTestObject("Page_Continente Online  Compras de Supermer_4cd3d9/svg_EntregaZero_svg-inline icon-search")): Object: 'Object Repository/Page_Continente Online  Compras de Supermer_4cd3d9/svg_EntregaZero_svg-inline icon-search' is clicked on

2023-10-13 16:40:27 - [MESSAGE][PASSED] - Object: 'Object Repository/Page_Continente Online  Compras de Supermer_4cd3d9/svg_EntregaZero_svg-inline icon-search' is clicked on

2023-10-13 16:40:27 - [TEST_STEP][PASSED] - setText(findTestObject("Page_Continente Online  Compras de Supermer_4cd3d9/input_2023 Modelo Continente Hipermercados,_958617"), "queijo"): Text 'queijo' is set on object 'Object Repository/Page_Continente Online  Compras de Supermer_4cd3d9/input_2023 Modelo Continente Hipermercados,_958617'

2023-10-13 16:40:28 - [MESSAGE][PASSED] - Text 'queijo' is set on object 'Object Repository/Page_Continente Online  Compras de Supermer_4cd3d9/input_2023 Modelo Continente Hipermercados,_958617'

2023-10-13 16:40:28 - [TEST_STEP][PASSED] - click(findTestObject("Page_Continente Online  Compras de Supermer_4cd3d9/span_O que procura_svg-wrapper svg-icon-search")): Object: 'Object Repository/Page_Continente Online  Compras de Supermer_4cd3d9/span_O que procura_svg-wrapper svg-icon-search' is clicked on

2023-10-13 16:40:32 - [MESSAGE][PASSED] - Object: 'Object Repository/Page_Continente Online  Compras de Supermer_4cd3d9/span_O que procura_svg-wrapper svg-icon-search' is clicked on

2023-10-13 16:40:32 - [MESSAGE][PASSED] - Call Test Case 'Test Cases/Search Product' successfully

2023-10-13 16:40:32 - [TEST_STEP][PASSED] - click(findTestObject("Page_Resultados de pesquisa para o termo qu_4d046e/span_Carrinho")): Object: 'Object Repository/Page_Resultados de pesquisa para o termo qu_4d046e/span_Carrinho' is clicked on

2023-10-13 16:40:34 - [MESSAGE][PASSED] - Object: 'Object Repository/Page_Resultados de pesquisa para o termo qu_4d046e/span_Carrinho' is clicked on

2023-10-13 16:40:34 - [MESSAGE][PASSED] - Call Test Case 'Test Cases/Add 1 Item to Cart' successfully

2023-10-13 16:40:34 - [TEST_STEP][PASSED] - click(findTestObject("Page_Resultados de pesquisa para o termo qu_4d046e/span_Carrinho_2")): Object: 'Object Repository/Page_Resultados de pesquisa para o termo qu_4d046e/span_Carrinho_2' is clicked on

2023-10-13 16:40:35 - [MESSAGE][PASSED] - Object: 'Object Repository/Page_Resultados de pesquisa para o termo qu_4d046e/span_Carrinho_2' is clicked on

2023-10-13 16:40:35 - [TEST_STEP][PASSED] - click(findTestObject("Page_Resultados de pesquisa para o termo qu_4d046e/button_aumentar_quantidade_produto")): Object: 'Object Repository/Page_Resultados de pesquisa para o termo qu_4d046e/button_aumentar_quantidade_produto' is clicked on

2023-10-13 16:40:36 - [MESSAGE][PASSED] - Object: 'Object Repository/Page_Resultados de pesquisa para o termo qu_4d046e/button_aumentar_quantidade_produto' is clicked on]]></system-out>
         <system-err><![CDATA[]]></system-err>
      </testcase>
      <testcase name="Test Cases/Show Cart" time="61.563" classname="Test Cases/Show Cart" status="PASSED">
         <system-out><![CDATA[2023-10-13 16:40:36 - [TEST_CASE][PASSED] - Test Cases/Show Cart: Test Cases/Show Cart

2023-10-13 16:40:36 - [TEST_STEP][PASSED] - callTestCase(findTestCase("Open Google"), [:], STOP_ON_FAILURE): Call Test Case 'Test Cases/Open Google' successfully

2023-10-13 16:40:37 - [TEST_CASE][PASSED] - Test Cases/Open Google: Test Cases/Open Google

2023-10-13 16:40:37 - [TEST_STEP][PASSED] - openBrowser(""): Browser is opened with url: ''

2023-10-13 16:40:37 - [MESSAGE][WARNING] - A browser is already opened. Closing browser and opening a new one

2023-10-13 16:40:37 - [MESSAGE][INFO] - Starting 'Chrome' driver

2023-10-13 16:40:37 - [MESSAGE][INFO] - Action delay is set to 0 milliseconds

2023-10-13 16:40:38 - [MESSAGE][PASSED] - Browser is opened with url: ''

2023-10-13 16:40:38 - [TEST_STEP][PASSED] - navigateToUrl("www.google.pt"): Navigate to 'http://www.google.pt' successfully

2023-10-13 16:40:40 - [MESSAGE][PASSED] - Navigate to 'http://www.google.pt' successfully

2023-10-13 16:40:40 - [MESSAGE][PASSED] - Call Test Case 'Test Cases/Open Google' successfully

2023-10-13 16:40:40 - [TEST_STEP][PASSED] - callTestCase(findTestCase("Search Product"), [:], STOP_ON_FAILURE): Call Test Case 'Test Cases/Search Product' successfully

2023-10-13 16:40:40 - [TEST_CASE][PASSED] - Test Cases/Search Product: Test Cases/Search Product

2023-10-13 16:40:40 - [TEST_STEP][PASSED] - callTestCase(findTestCase("Open Continente"), [:], STOP_ON_FAILURE): Call Test Case 'Test Cases/Open Continente' successfully

2023-10-13 16:40:40 - [TEST_CASE][PASSED] - Test Cases/Open Continente: Test Cases/Open Continente

2023-10-13 16:40:40 - [TEST_STEP][PASSED] - openBrowser(""): Browser is opened with url: ''

2023-10-13 16:40:40 - [MESSAGE][WARNING] - A browser is already opened. Closing browser and opening a new one

2023-10-13 16:40:40 - [MESSAGE][INFO] - Starting 'Chrome' driver

2023-10-13 16:40:40 - [MESSAGE][INFO] - Action delay is set to 0 milliseconds

2023-10-13 16:40:41 - [MESSAGE][PASSED] - Browser is opened with url: ''

2023-10-13 16:40:41 - [TEST_STEP][PASSED] - navigateToUrl("www.continente.pt"): Navigate to 'http://www.continente.pt' successfully

2023-10-13 16:40:44 - [MESSAGE][PASSED] - Navigate to 'http://www.continente.pt' successfully

2023-10-13 16:40:44 - [TEST_STEP][PASSED] - click(findTestObject("Page_Continente Online  Compras de Supermer_4cd3d9/button_Permitir todos")): Object: 'Object Repository/Page_Continente Online  Compras de Supermer_4cd3d9/button_Permitir todos' is clicked on

2023-10-13 16:40:45 - [MESSAGE][PASSED] - Object: 'Object Repository/Page_Continente Online  Compras de Supermer_4cd3d9/button_Permitir todos' is clicked on

2023-10-13 16:40:45 - [MESSAGE][PASSED] - Call Test Case 'Test Cases/Open Continente' successfully

2023-10-13 16:40:45 - [TEST_STEP][PASSED] - click(findTestObject("Page_Continente Online  Compras de Supermer_4cd3d9/svg_EntregaZero_svg-inline icon-search")): Object: 'Object Repository/Page_Continente Online  Compras de Supermer_4cd3d9/svg_EntregaZero_svg-inline icon-search' is clicked on

2023-10-13 16:40:48 - [MESSAGE][PASSED] - Object: 'Object Repository/Page_Continente Online  Compras de Supermer_4cd3d9/svg_EntregaZero_svg-inline icon-search' is clicked on

2023-10-13 16:40:48 - [TEST_STEP][PASSED] - setText(findTestObject("Page_Continente Online  Compras de Supermer_4cd3d9/input_2023 Modelo Continente Hipermercados,_958617"), "queijo"): Text 'queijo' is set on object 'Object Repository/Page_Continente Online  Compras de Supermer_4cd3d9/input_2023 Modelo Continente Hipermercados,_958617'

2023-10-13 16:40:50 - [MESSAGE][PASSED] - Text 'queijo' is set on object 'Object Repository/Page_Continente Online  Compras de Supermer_4cd3d9/input_2023 Modelo Continente Hipermercados,_958617'

2023-10-13 16:40:50 - [TEST_STEP][PASSED] - click(findTestObject("Page_Continente Online  Compras de Supermer_4cd3d9/span_O que procura_svg-wrapper svg-icon-search")): Object: 'Object Repository/Page_Continente Online  Compras de Supermer_4cd3d9/span_O que procura_svg-wrapper svg-icon-search' is clicked on

2023-10-13 16:40:52 - [MESSAGE][PASSED] - Object: 'Object Repository/Page_Continente Online  Compras de Supermer_4cd3d9/span_O que procura_svg-wrapper svg-icon-search' is clicked on

2023-10-13 16:40:52 - [MESSAGE][PASSED] - Call Test Case 'Test Cases/Search Product' successfully

2023-10-13 16:40:52 - [TEST_STEP][PASSED] - callTestCase(findTestCase("Add 1 Item to Cart"), [:], STOP_ON_FAILURE): Call Test Case 'Test Cases/Add 1 Item to Cart' successfully

2023-10-13 16:40:52 - [TEST_CASE][PASSED] - Test Cases/Add 1 Item to Cart: Test Cases/Add 1 Item to Cart

2023-10-13 16:40:52 - [TEST_STEP][PASSED] - callTestCase(findTestCase("Open Continente"), [:], STOP_ON_FAILURE): Call Test Case 'Test Cases/Open Continente' successfully

2023-10-13 16:40:52 - [TEST_CASE][PASSED] - Test Cases/Open Continente: Test Cases/Open Continente

2023-10-13 16:40:52 - [TEST_STEP][PASSED] - openBrowser(""): Browser is opened with url: ''

2023-10-13 16:40:52 - [MESSAGE][WARNING] - A browser is already opened. Closing browser and opening a new one

2023-10-13 16:40:53 - [MESSAGE][INFO] - Starting 'Chrome' driver

2023-10-13 16:40:53 - [MESSAGE][INFO] - Action delay is set to 0 milliseconds

2023-10-13 16:40:54 - [MESSAGE][PASSED] - Browser is opened with url: ''

2023-10-13 16:40:54 - [TEST_STEP][PASSED] - navigateToUrl("www.continente.pt"): Navigate to 'http://www.continente.pt' successfully

2023-10-13 16:40:56 - [MESSAGE][PASSED] - Navigate to 'http://www.continente.pt' successfully

2023-10-13 16:40:56 - [TEST_STEP][PASSED] - click(findTestObject("Page_Continente Online  Compras de Supermer_4cd3d9/button_Permitir todos")): Object: 'Object Repository/Page_Continente Online  Compras de Supermer_4cd3d9/button_Permitir todos' is clicked on

2023-10-13 16:40:57 - [MESSAGE][PASSED] - Object: 'Object Repository/Page_Continente Online  Compras de Supermer_4cd3d9/button_Permitir todos' is clicked on

2023-10-13 16:40:57 - [MESSAGE][PASSED] - Call Test Case 'Test Cases/Open Continente' successfully

2023-10-13 16:40:57 - [TEST_STEP][PASSED] - callTestCase(findTestCase("Search Product"), [:], STOP_ON_FAILURE): Call Test Case 'Test Cases/Search Product' successfully

2023-10-13 16:40:57 - [TEST_CASE][PASSED] - Test Cases/Search Product: Test Cases/Search Product

2023-10-13 16:40:57 - [TEST_STEP][PASSED] - callTestCase(findTestCase("Open Continente"), [:], STOP_ON_FAILURE): Call Test Case 'Test Cases/Open Continente' successfully

2023-10-13 16:40:57 - [TEST_CASE][PASSED] - Test Cases/Open Continente: Test Cases/Open Continente

2023-10-13 16:40:57 - [TEST_STEP][PASSED] - openBrowser(""): Browser is opened with url: ''

2023-10-13 16:40:57 - [MESSAGE][WARNING] - A browser is already opened. Closing browser and opening a new one

2023-10-13 16:40:57 - [MESSAGE][INFO] - Starting 'Chrome' driver

2023-10-13 16:40:57 - [MESSAGE][INFO] - Action delay is set to 0 milliseconds

2023-10-13 16:40:58 - [MESSAGE][PASSED] - Browser is opened with url: ''

2023-10-13 16:40:58 - [TEST_STEP][PASSED] - navigateToUrl("www.continente.pt"): Navigate to 'http://www.continente.pt' successfully

2023-10-13 16:41:01 - [MESSAGE][PASSED] - Navigate to 'http://www.continente.pt' successfully

2023-10-13 16:41:01 - [TEST_STEP][PASSED] - click(findTestObject("Page_Continente Online  Compras de Supermer_4cd3d9/button_Permitir todos")): Object: 'Object Repository/Page_Continente Online  Compras de Supermer_4cd3d9/button_Permitir todos' is clicked on

2023-10-13 16:41:02 - [MESSAGE][PASSED] - Object: 'Object Repository/Page_Continente Online  Compras de Supermer_4cd3d9/button_Permitir todos' is clicked on

2023-10-13 16:41:02 - [MESSAGE][PASSED] - Call Test Case 'Test Cases/Open Continente' successfully

2023-10-13 16:41:02 - [TEST_STEP][PASSED] - click(findTestObject("Page_Continente Online  Compras de Supermer_4cd3d9/svg_EntregaZero_svg-inline icon-search")): Object: 'Object Repository/Page_Continente Online  Compras de Supermer_4cd3d9/svg_EntregaZero_svg-inline icon-search' is clicked on

2023-10-13 16:41:05 - [MESSAGE][PASSED] - Object: 'Object Repository/Page_Continente Online  Compras de Supermer_4cd3d9/svg_EntregaZero_svg-inline icon-search' is clicked on

2023-10-13 16:41:05 - [TEST_STEP][PASSED] - setText(findTestObject("Page_Continente Online  Compras de Supermer_4cd3d9/input_2023 Modelo Continente Hipermercados,_958617"), "queijo"): Text 'queijo' is set on object 'Object Repository/Page_Continente Online  Compras de Supermer_4cd3d9/input_2023 Modelo Continente Hipermercados,_958617'

2023-10-13 16:41:07 - [MESSAGE][PASSED] - Text 'queijo' is set on object 'Object Repository/Page_Continente Online  Compras de Supermer_4cd3d9/input_2023 Modelo Continente Hipermercados,_958617'

2023-10-13 16:41:07 - [TEST_STEP][PASSED] - click(findTestObject("Page_Continente Online  Compras de Supermer_4cd3d9/span_O que procura_svg-wrapper svg-icon-search")): Object: 'Object Repository/Page_Continente Online  Compras de Supermer_4cd3d9/span_O que procura_svg-wrapper svg-icon-search' is clicked on

2023-10-13 16:41:10 - [MESSAGE][PASSED] - Object: 'Object Repository/Page_Continente Online  Compras de Supermer_4cd3d9/span_O que procura_svg-wrapper svg-icon-search' is clicked on

2023-10-13 16:41:10 - [MESSAGE][PASSED] - Call Test Case 'Test Cases/Search Product' successfully

2023-10-13 16:41:10 - [TEST_STEP][PASSED] - click(findTestObject("Page_Resultados de pesquisa para o termo qu_4d046e/span_Carrinho")): Object: 'Object Repository/Page_Resultados de pesquisa para o termo qu_4d046e/span_Carrinho' is clicked on

2023-10-13 16:41:11 - [MESSAGE][PASSED] - Object: 'Object Repository/Page_Resultados de pesquisa para o termo qu_4d046e/span_Carrinho' is clicked on

2023-10-13 16:41:11 - [MESSAGE][PASSED] - Call Test Case 'Test Cases/Add 1 Item to Cart' successfully

2023-10-13 16:41:11 - [TEST_STEP][PASSED] - callTestCase(findTestCase("Add 2 Items to Cart"), [:], STOP_ON_FAILURE): Call Test Case 'Test Cases/Add 2 Items to Cart' successfully

2023-10-13 16:41:11 - [TEST_CASE][PASSED] - Test Cases/Add 2 Items to Cart: Test Cases/Add 2 Items to Cart

2023-10-13 16:41:11 - [TEST_STEP][PASSED] - callTestCase(findTestCase("Open Continente"), [:], STOP_ON_FAILURE): Call Test Case 'Test Cases/Open Continente' successfully

2023-10-13 16:41:11 - [TEST_CASE][PASSED] - Test Cases/Open Continente: Test Cases/Open Continente

2023-10-13 16:41:11 - [TEST_STEP][PASSED] - openBrowser(""): Browser is opened with url: ''

2023-10-13 16:41:11 - [MESSAGE][WARNING] - A browser is already opened. Closing browser and opening a new one

2023-10-13 16:41:12 - [MESSAGE][INFO] - Starting 'Chrome' driver

2023-10-13 16:41:12 - [MESSAGE][INFO] - Action delay is set to 0 milliseconds

2023-10-13 16:41:13 - [MESSAGE][PASSED] - Browser is opened with url: ''

2023-10-13 16:41:13 - [TEST_STEP][PASSED] - navigateToUrl("www.continente.pt"): Navigate to 'http://www.continente.pt' successfully

2023-10-13 16:41:16 - [MESSAGE][PASSED] - Navigate to 'http://www.continente.pt' successfully

2023-10-13 16:41:16 - [TEST_STEP][PASSED] - click(findTestObject("Page_Continente Online  Compras de Supermer_4cd3d9/button_Permitir todos")): Object: 'Object Repository/Page_Continente Online  Compras de Supermer_4cd3d9/button_Permitir todos' is clicked on

2023-10-13 16:41:16 - [MESSAGE][PASSED] - Object: 'Object Repository/Page_Continente Online  Compras de Supermer_4cd3d9/button_Permitir todos' is clicked on

2023-10-13 16:41:16 - [MESSAGE][PASSED] - Call Test Case 'Test Cases/Open Continente' successfully

2023-10-13 16:41:16 - [TEST_STEP][PASSED] - callTestCase(findTestCase("Add 1 Item to Cart"), [:], STOP_ON_FAILURE): Call Test Case 'Test Cases/Add 1 Item to Cart' successfully

2023-10-13 16:41:16 - [TEST_CASE][PASSED] - Test Cases/Add 1 Item to Cart: Test Cases/Add 1 Item to Cart

2023-10-13 16:41:16 - [TEST_STEP][PASSED] - callTestCase(findTestCase("Open Continente"), [:], STOP_ON_FAILURE): Call Test Case 'Test Cases/Open Continente' successfully

2023-10-13 16:41:16 - [TEST_CASE][PASSED] - Test Cases/Open Continente: Test Cases/Open Continente

2023-10-13 16:41:16 - [TEST_STEP][PASSED] - openBrowser(""): Browser is opened with url: ''

2023-10-13 16:41:16 - [MESSAGE][WARNING] - A browser is already opened. Closing browser and opening a new one

2023-10-13 16:41:17 - [MESSAGE][INFO] - Starting 'Chrome' driver

2023-10-13 16:41:17 - [MESSAGE][INFO] - Action delay is set to 0 milliseconds

2023-10-13 16:41:18 - [MESSAGE][PASSED] - Browser is opened with url: ''

2023-10-13 16:41:18 - [TEST_STEP][PASSED] - navigateToUrl("www.continente.pt"): Navigate to 'http://www.continente.pt' successfully

2023-10-13 16:41:20 - [MESSAGE][PASSED] - Navigate to 'http://www.continente.pt' successfully

2023-10-13 16:41:20 - [TEST_STEP][PASSED] - click(findTestObject("Page_Continente Online  Compras de Supermer_4cd3d9/button_Permitir todos")): Object: 'Object Repository/Page_Continente Online  Compras de Supermer_4cd3d9/button_Permitir todos' is clicked on

2023-10-13 16:41:21 - [MESSAGE][PASSED] - Object: 'Object Repository/Page_Continente Online  Compras de Supermer_4cd3d9/button_Permitir todos' is clicked on

2023-10-13 16:41:21 - [MESSAGE][PASSED] - Call Test Case 'Test Cases/Open Continente' successfully

2023-10-13 16:41:21 - [TEST_STEP][PASSED] - callTestCase(findTestCase("Search Product"), [:], STOP_ON_FAILURE): Call Test Case 'Test Cases/Search Product' successfully

2023-10-13 16:41:21 - [TEST_CASE][PASSED] - Test Cases/Search Product: Test Cases/Search Product

2023-10-13 16:41:21 - [TEST_STEP][PASSED] - callTestCase(findTestCase("Open Continente"), [:], STOP_ON_FAILURE): Call Test Case 'Test Cases/Open Continente' successfully

2023-10-13 16:41:21 - [TEST_CASE][PASSED] - Test Cases/Open Continente: Test Cases/Open Continente

2023-10-13 16:41:21 - [TEST_STEP][PASSED] - openBrowser(""): Browser is opened with url: ''

2023-10-13 16:41:21 - [MESSAGE][WARNING] - A browser is already opened. Closing browser and opening a new one

2023-10-13 16:41:21 - [MESSAGE][INFO] - Starting 'Chrome' driver

2023-10-13 16:41:21 - [MESSAGE][INFO] - Action delay is set to 0 milliseconds

2023-10-13 16:41:23 - [MESSAGE][PASSED] - Browser is opened with url: ''

2023-10-13 16:41:23 - [TEST_STEP][PASSED] - navigateToUrl("www.continente.pt"): Navigate to 'http://www.continente.pt' successfully

2023-10-13 16:41:25 - [MESSAGE][PASSED] - Navigate to 'http://www.continente.pt' successfully

2023-10-13 16:41:25 - [TEST_STEP][PASSED] - click(findTestObject("Page_Continente Online  Compras de Supermer_4cd3d9/button_Permitir todos")): Object: 'Object Repository/Page_Continente Online  Compras de Supermer_4cd3d9/button_Permitir todos' is clicked on

2023-10-13 16:41:25 - [MESSAGE][PASSED] - Object: 'Object Repository/Page_Continente Online  Compras de Supermer_4cd3d9/button_Permitir todos' is clicked on

2023-10-13 16:41:25 - [MESSAGE][PASSED] - Call Test Case 'Test Cases/Open Continente' successfully

2023-10-13 16:41:25 - [TEST_STEP][PASSED] - click(findTestObject("Page_Continente Online  Compras de Supermer_4cd3d9/svg_EntregaZero_svg-inline icon-search")): Object: 'Object Repository/Page_Continente Online  Compras de Supermer_4cd3d9/svg_EntregaZero_svg-inline icon-search' is clicked on

2023-10-13 16:41:30 - [MESSAGE][PASSED] - Object: 'Object Repository/Page_Continente Online  Compras de Supermer_4cd3d9/svg_EntregaZero_svg-inline icon-search' is clicked on

2023-10-13 16:41:30 - [TEST_STEP][PASSED] - setText(findTestObject("Page_Continente Online  Compras de Supermer_4cd3d9/input_2023 Modelo Continente Hipermercados,_958617"), "queijo"): Text 'queijo' is set on object 'Object Repository/Page_Continente Online  Compras de Supermer_4cd3d9/input_2023 Modelo Continente Hipermercados,_958617'

2023-10-13 16:41:31 - [MESSAGE][PASSED] - Text 'queijo' is set on object 'Object Repository/Page_Continente Online  Compras de Supermer_4cd3d9/input_2023 Modelo Continente Hipermercados,_958617'

2023-10-13 16:41:31 - [TEST_STEP][PASSED] - click(findTestObject("Page_Continente Online  Compras de Supermer_4cd3d9/span_O que procura_svg-wrapper svg-icon-search")): Object: 'Object Repository/Page_Continente Online  Compras de Supermer_4cd3d9/span_O que procura_svg-wrapper svg-icon-search' is clicked on

2023-10-13 16:41:33 - [MESSAGE][PASSED] - Object: 'Object Repository/Page_Continente Online  Compras de Supermer_4cd3d9/span_O que procura_svg-wrapper svg-icon-search' is clicked on

2023-10-13 16:41:33 - [MESSAGE][PASSED] - Call Test Case 'Test Cases/Search Product' successfully

2023-10-13 16:41:33 - [TEST_STEP][PASSED] - click(findTestObject("Page_Resultados de pesquisa para o termo qu_4d046e/span_Carrinho")): Object: 'Object Repository/Page_Resultados de pesquisa para o termo qu_4d046e/span_Carrinho' is clicked on

2023-10-13 16:41:35 - [MESSAGE][PASSED] - Object: 'Object Repository/Page_Resultados de pesquisa para o termo qu_4d046e/span_Carrinho' is clicked on

2023-10-13 16:41:35 - [MESSAGE][PASSED] - Call Test Case 'Test Cases/Add 1 Item to Cart' successfully

2023-10-13 16:41:35 - [TEST_STEP][PASSED] - click(findTestObject("Page_Resultados de pesquisa para o termo qu_4d046e/span_Carrinho_2")): Object: 'Object Repository/Page_Resultados de pesquisa para o termo qu_4d046e/span_Carrinho_2' is clicked on

2023-10-13 16:41:36 - [MESSAGE][PASSED] - Object: 'Object Repository/Page_Resultados de pesquisa para o termo qu_4d046e/span_Carrinho_2' is clicked on

2023-10-13 16:41:36 - [TEST_STEP][PASSED] - click(findTestObject("Page_Resultados de pesquisa para o termo qu_4d046e/button_aumentar_quantidade_produto")): Object: 'Object Repository/Page_Resultados de pesquisa para o termo qu_4d046e/button_aumentar_quantidade_produto' is clicked on

2023-10-13 16:41:37 - [MESSAGE][PASSED] - Object: 'Object Repository/Page_Resultados de pesquisa para o termo qu_4d046e/button_aumentar_quantidade_produto' is clicked on

2023-10-13 16:41:37 - [MESSAGE][PASSED] - Call Test Case 'Test Cases/Add 2 Items to Cart' successfully

2023-10-13 16:41:37 - [TEST_STEP][PASSED] - click(findTestObject("Page_Resultados de pesquisa para o termo qu_4d046e/span_13,37")): Object: 'Object Repository/Page_Resultados de pesquisa para o termo qu_4d046e/span_13,37' is clicked on

2023-10-13 16:41:38 - [MESSAGE][PASSED] - Object: 'Object Repository/Page_Resultados de pesquisa para o termo qu_4d046e/span_13,37' is clicked on

2023-10-13 16:41:38 - [TEST_STEP][PASSED] - closeBrowser(): Browser is closed

2023-10-13 16:41:38 - [MESSAGE][PASSED] - Browser is closed]]></system-out>
         <system-err><![CDATA[]]></system-err>
      </testcase>
      <system-out><![CDATA[2023-10-13 16:39:30 - [TEST_SUITE][PASSED] - Continente: Test Cases/Show Cart]]></system-out>
      <system-err><![CDATA[]]></system-err>
   </testsuite>
</testsuites>
