<?xml version="1.0" encoding="UTF-8"?>
<testsuites name="Continente" time="307.333" tests="5" failures="0" errors="0">
   <testsuite name="Continente" tests="5" failures="0" errors="0" time="307.333" skipped="0" timestamp="2023-10-09 17:22:26" hostname="xavier.a.santos - MININT-CAEUVD4.noesis.pt" id="Test Suites/Continente">
      <properties>
         <property name="deviceName" value=""/>
         <property name="devicePlatform" value=""/>
         <property name="logFolder" value="C:\\Users\\xavier.a.santos\\git\\KatalonContinente_2\\Reports\\20231009_172211\\Continente\\20231009_172213"/>
         <property name="logFiles" value="C:\\Users\\xavier.a.santos\\git\\KatalonContinente_2\\Reports\\20231009_172211\\Continente\\20231009_172213\\execution0.log"/>
         <property name="attachments" value=""/>
         <property name="hostName" value="xavier.a.santos - MININT-CAEUVD4.noesis.pt"/>
         <property name="os" value="Windows 11 64bit"/>
         <property name="katalonVersion" value="8.6.6.208"/>
         <property name="browser" value="Chrome 117.0.0.0"/>
         <property name="hostAddress" value="192.168.1.133"/>
         <property name="sessionId" value="7cd6fa219124e1ec13f1ac9f758fe801"/>
         <property name="seleniumVersion" value="3.141.59"/>
         <property name="proxyInformation" value="ProxyInformation { proxyOption=NO_PROXY, proxyServerType=HTTP, username=, password=********, proxyServerAddress=, proxyServerPort=0, executionList=&quot;&quot;, isApplyToDesiredCapabilities=true }"/>
         <property name="platform" value="Windows 11"/>
      </properties>
      <testcase name="Test Cases/Show Cart" time="170.909" classname="Test Cases/Show Cart" status="PASSED">
         <system-out><![CDATA[2023-10-09 17:22:26 - [TEST_CASE][PASSED] - Test Cases/Show Cart: Test Cases/Show Cart

2023-10-09 17:22:27 - [TEST_STEP][PASSED] - callTestCase(findTestCase("Open Continente"), [:], STOP_ON_FAILURE): Call Test Case 'Test Cases/Open Continente' successfully

2023-10-09 17:22:28 - [TEST_CASE][PASSED] - Test Cases/Open Continente: Test Cases/Open Continente

2023-10-09 17:22:29 - [TEST_STEP][PASSED] - openBrowser(""): Browser is opened with url: ''

2023-10-09 17:22:30 - [MESSAGE][INFO] - Starting 'Chrome' driver

2023-10-09 17:22:30 - [MESSAGE][INFO] - Action delay is set to 0 milliseconds

2023-10-09 17:22:38 - [MESSAGE][PASSED] - Browser is opened with url: ''

2023-10-09 17:22:38 - [TEST_STEP][PASSED] - navigateToUrl("https://www.continente.pt/"): Navigate to 'https://www.continente.pt/' successfully

2023-10-09 17:22:44 - [MESSAGE][PASSED] - Navigate to 'https://www.continente.pt/' successfully

2023-10-09 17:22:44 - [TEST_STEP][PASSED] - click(findTestObject("Object Repository/Page_Continente Online  Compras de Supermer_4cd3d9/button_Permitir todos")): Object: 'Object Repository/Page_Continente Online  Compras de Supermer_4cd3d9/button_Permitir todos' is clicked on

2023-10-09 17:22:53 - [MESSAGE][PASSED] - Object: 'Object Repository/Page_Continente Online  Compras de Supermer_4cd3d9/button_Permitir todos' is clicked on

2023-10-09 17:22:53 - [MESSAGE][PASSED] - Call Test Case 'Test Cases/Open Continente' successfully

2023-10-09 17:22:53 - [TEST_STEP][PASSED] - callTestCase(findTestCase("Search Product"), [:], STOP_ON_FAILURE): Call Test Case 'Test Cases/Search Product' successfully

2023-10-09 17:22:53 - [TEST_CASE][PASSED] - Test Cases/Search Product: Test Cases/Search Product

2023-10-09 17:22:56 - [TEST_STEP][PASSED] - callTestCase(findTestCase("Open Continente"), [:], STOP_ON_FAILURE): Call Test Case 'Test Cases/Open Continente' successfully

2023-10-09 17:22:56 - [TEST_CASE][PASSED] - Test Cases/Open Continente: Test Cases/Open Continente

2023-10-09 17:22:56 - [TEST_STEP][PASSED] - openBrowser(""): Browser is opened with url: ''

2023-10-09 17:22:56 - [MESSAGE][WARNING] - A browser is already opened. Closing browser and opening a new one

2023-10-09 17:22:57 - [MESSAGE][INFO] - Starting 'Chrome' driver

2023-10-09 17:22:57 - [MESSAGE][INFO] - Action delay is set to 0 milliseconds

2023-10-09 17:23:01 - [MESSAGE][PASSED] - Browser is opened with url: ''

2023-10-09 17:23:01 - [TEST_STEP][PASSED] - navigateToUrl("https://www.continente.pt/"): Navigate to 'https://www.continente.pt/' successfully

2023-10-09 17:23:06 - [MESSAGE][PASSED] - Navigate to 'https://www.continente.pt/' successfully

2023-10-09 17:23:06 - [TEST_STEP][PASSED] - click(findTestObject("Object Repository/Page_Continente Online  Compras de Supermer_4cd3d9/button_Permitir todos")): Object: 'Object Repository/Page_Continente Online  Compras de Supermer_4cd3d9/button_Permitir todos' is clicked on

2023-10-09 17:23:15 - [MESSAGE][PASSED] - Object: 'Object Repository/Page_Continente Online  Compras de Supermer_4cd3d9/button_Permitir todos' is clicked on

2023-10-09 17:23:15 - [MESSAGE][PASSED] - Call Test Case 'Test Cases/Open Continente' successfully

2023-10-09 17:23:15 - [TEST_STEP][PASSED] - click(findTestObject("Object Repository/Page_Continente Online  Compras de Supermer_4cd3d9/svg_EntregaZero_svg-inline icon-search")): Object: 'Object Repository/Page_Continente Online  Compras de Supermer_4cd3d9/svg_EntregaZero_svg-inline icon-search' is clicked on

2023-10-09 17:23:17 - [MESSAGE][PASSED] - Object: 'Object Repository/Page_Continente Online  Compras de Supermer_4cd3d9/svg_EntregaZero_svg-inline icon-search' is clicked on

2023-10-09 17:23:17 - [TEST_STEP][PASSED] - setText(findTestObject("Object Repository/Page_Continente Online  Compras de Supermer_4cd3d9/input_2023 Modelo Continente Hipermercados,_958617"), "queijo"): Text 'queijo' is set on object 'Object Repository/Page_Continente Online  Compras de Supermer_4cd3d9/input_2023 Modelo Continente Hipermercados,_958617'

2023-10-09 17:23:19 - [MESSAGE][PASSED] - Text 'queijo' is set on object 'Object Repository/Page_Continente Online  Compras de Supermer_4cd3d9/input_2023 Modelo Continente Hipermercados,_958617'

2023-10-09 17:23:19 - [TEST_STEP][PASSED] - click(findTestObject("Object Repository/Page_Continente Online  Compras de Supermer_4cd3d9/span_O que procura_svg-wrapper svg-icon-search")): Object: 'Object Repository/Page_Continente Online  Compras de Supermer_4cd3d9/span_O que procura_svg-wrapper svg-icon-search' is clicked on

2023-10-09 17:23:29 - [MESSAGE][PASSED] - Object: 'Object Repository/Page_Continente Online  Compras de Supermer_4cd3d9/span_O que procura_svg-wrapper svg-icon-search' is clicked on

2023-10-09 17:23:29 - [MESSAGE][PASSED] - Call Test Case 'Test Cases/Search Product' successfully

2023-10-09 17:23:29 - [TEST_STEP][PASSED] - callTestCase(findTestCase("Add 1 Item to Cart"), [:], STOP_ON_FAILURE): Call Test Case 'Test Cases/Add 1 Item to Cart' successfully

2023-10-09 17:23:29 - [TEST_CASE][PASSED] - Test Cases/Add 1 Item to Cart: Test Cases/Add 1 Item to Cart

2023-10-09 17:23:32 - [TEST_STEP][PASSED] - callTestCase(findTestCase("Open Continente"), [:], STOP_ON_FAILURE): Call Test Case 'Test Cases/Open Continente' successfully

2023-10-09 17:23:32 - [TEST_CASE][PASSED] - Test Cases/Open Continente: Test Cases/Open Continente

2023-10-09 17:23:32 - [TEST_STEP][PASSED] - openBrowser(""): Browser is opened with url: ''

2023-10-09 17:23:32 - [MESSAGE][WARNING] - A browser is already opened. Closing browser and opening a new one

2023-10-09 17:23:34 - [MESSAGE][INFO] - Starting 'Chrome' driver

2023-10-09 17:23:34 - [MESSAGE][INFO] - Action delay is set to 0 milliseconds

2023-10-09 17:23:38 - [MESSAGE][PASSED] - Browser is opened with url: ''

2023-10-09 17:23:38 - [TEST_STEP][PASSED] - navigateToUrl("https://www.continente.pt/"): Navigate to 'https://www.continente.pt/' successfully

2023-10-09 17:23:43 - [MESSAGE][PASSED] - Navigate to 'https://www.continente.pt/' successfully

2023-10-09 17:23:43 - [TEST_STEP][PASSED] - click(findTestObject("Object Repository/Page_Continente Online  Compras de Supermer_4cd3d9/button_Permitir todos")): Object: 'Object Repository/Page_Continente Online  Compras de Supermer_4cd3d9/button_Permitir todos' is clicked on

2023-10-09 17:23:43 - [MESSAGE][PASSED] - Object: 'Object Repository/Page_Continente Online  Compras de Supermer_4cd3d9/button_Permitir todos' is clicked on

2023-10-09 17:23:43 - [MESSAGE][PASSED] - Call Test Case 'Test Cases/Open Continente' successfully

2023-10-09 17:23:43 - [TEST_STEP][PASSED] - callTestCase(findTestCase("Search Product"), [:], STOP_ON_FAILURE): Call Test Case 'Test Cases/Search Product' successfully

2023-10-09 17:23:44 - [TEST_CASE][PASSED] - Test Cases/Search Product: Test Cases/Search Product

2023-10-09 17:23:44 - [TEST_STEP][PASSED] - callTestCase(findTestCase("Open Continente"), [:], STOP_ON_FAILURE): Call Test Case 'Test Cases/Open Continente' successfully

2023-10-09 17:23:44 - [TEST_CASE][PASSED] - Test Cases/Open Continente: Test Cases/Open Continente

2023-10-09 17:23:44 - [TEST_STEP][PASSED] - openBrowser(""): Browser is opened with url: ''

2023-10-09 17:23:44 - [MESSAGE][WARNING] - A browser is already opened. Closing browser and opening a new one

2023-10-09 17:23:45 - [MESSAGE][INFO] - Starting 'Chrome' driver

2023-10-09 17:23:45 - [MESSAGE][INFO] - Action delay is set to 0 milliseconds

2023-10-09 17:23:48 - [MESSAGE][PASSED] - Browser is opened with url: ''

2023-10-09 17:23:48 - [TEST_STEP][PASSED] - navigateToUrl("https://www.continente.pt/"): Navigate to 'https://www.continente.pt/' successfully

2023-10-09 17:23:53 - [MESSAGE][PASSED] - Navigate to 'https://www.continente.pt/' successfully

2023-10-09 17:23:53 - [TEST_STEP][PASSED] - click(findTestObject("Object Repository/Page_Continente Online  Compras de Supermer_4cd3d9/button_Permitir todos")): Object: 'Object Repository/Page_Continente Online  Compras de Supermer_4cd3d9/button_Permitir todos' is clicked on

2023-10-09 17:24:02 - [MESSAGE][PASSED] - Object: 'Object Repository/Page_Continente Online  Compras de Supermer_4cd3d9/button_Permitir todos' is clicked on

2023-10-09 17:24:02 - [MESSAGE][PASSED] - Call Test Case 'Test Cases/Open Continente' successfully

2023-10-09 17:24:02 - [TEST_STEP][PASSED] - click(findTestObject("Object Repository/Page_Continente Online  Compras de Supermer_4cd3d9/svg_EntregaZero_svg-inline icon-search")): Object: 'Object Repository/Page_Continente Online  Compras de Supermer_4cd3d9/svg_EntregaZero_svg-inline icon-search' is clicked on

2023-10-09 17:24:05 - [MESSAGE][PASSED] - Object: 'Object Repository/Page_Continente Online  Compras de Supermer_4cd3d9/svg_EntregaZero_svg-inline icon-search' is clicked on

2023-10-09 17:24:05 - [TEST_STEP][PASSED] - setText(findTestObject("Object Repository/Page_Continente Online  Compras de Supermer_4cd3d9/input_2023 Modelo Continente Hipermercados,_958617"), "queijo"): Text 'queijo' is set on object 'Object Repository/Page_Continente Online  Compras de Supermer_4cd3d9/input_2023 Modelo Continente Hipermercados,_958617'

2023-10-09 17:24:09 - [MESSAGE][PASSED] - Text 'queijo' is set on object 'Object Repository/Page_Continente Online  Compras de Supermer_4cd3d9/input_2023 Modelo Continente Hipermercados,_958617'

2023-10-09 17:24:09 - [TEST_STEP][PASSED] - click(findTestObject("Object Repository/Page_Continente Online  Compras de Supermer_4cd3d9/span_O que procura_svg-wrapper svg-icon-search")): Object: 'Object Repository/Page_Continente Online  Compras de Supermer_4cd3d9/span_O que procura_svg-wrapper svg-icon-search' is clicked on

2023-10-09 17:24:19 - [MESSAGE][PASSED] - Object: 'Object Repository/Page_Continente Online  Compras de Supermer_4cd3d9/span_O que procura_svg-wrapper svg-icon-search' is clicked on

2023-10-09 17:24:19 - [MESSAGE][PASSED] - Call Test Case 'Test Cases/Search Product' successfully

2023-10-09 17:24:19 - [TEST_STEP][PASSED] - click(findTestObject("Page_Resultados de pesquisa para o termo qu_4d046e/span_Carrinho")): Object: 'Object Repository/Page_Resultados de pesquisa para o termo qu_4d046e/span_Carrinho' is clicked on

2023-10-09 17:24:22 - [MESSAGE][PASSED] - Object: 'Object Repository/Page_Resultados de pesquisa para o termo qu_4d046e/span_Carrinho' is clicked on

2023-10-09 17:24:22 - [MESSAGE][PASSED] - Call Test Case 'Test Cases/Add 1 Item to Cart' successfully

2023-10-09 17:24:22 - [TEST_STEP][PASSED] - callTestCase(findTestCase("Add 2 Items to Cart"), [:], STOP_ON_FAILURE): Call Test Case 'Test Cases/Add 2 Items to Cart' successfully

2023-10-09 17:24:22 - [TEST_CASE][PASSED] - Test Cases/Add 2 Items to Cart: Test Cases/Add 2 Items to Cart

2023-10-09 17:24:23 - [TEST_STEP][PASSED] - callTestCase(findTestCase("Open Continente"), [:], STOP_ON_FAILURE): Call Test Case 'Test Cases/Open Continente' successfully

2023-10-09 17:24:24 - [TEST_CASE][PASSED] - Test Cases/Open Continente: Test Cases/Open Continente

2023-10-09 17:24:24 - [TEST_STEP][PASSED] - openBrowser(""): Browser is opened with url: ''

2023-10-09 17:24:24 - [MESSAGE][WARNING] - A browser is already opened. Closing browser and opening a new one

2023-10-09 17:24:25 - [MESSAGE][INFO] - Starting 'Chrome' driver

2023-10-09 17:24:25 - [MESSAGE][INFO] - Action delay is set to 0 milliseconds

2023-10-09 17:24:27 - [MESSAGE][PASSED] - Browser is opened with url: ''

2023-10-09 17:24:27 - [TEST_STEP][PASSED] - navigateToUrl("https://www.continente.pt/"): Navigate to 'https://www.continente.pt/' successfully

2023-10-09 17:24:32 - [MESSAGE][PASSED] - Navigate to 'https://www.continente.pt/' successfully

2023-10-09 17:24:32 - [TEST_STEP][PASSED] - click(findTestObject("Object Repository/Page_Continente Online  Compras de Supermer_4cd3d9/button_Permitir todos")): Object: 'Object Repository/Page_Continente Online  Compras de Supermer_4cd3d9/button_Permitir todos' is clicked on

2023-10-09 17:24:40 - [MESSAGE][PASSED] - Object: 'Object Repository/Page_Continente Online  Compras de Supermer_4cd3d9/button_Permitir todos' is clicked on

2023-10-09 17:24:40 - [MESSAGE][PASSED] - Call Test Case 'Test Cases/Open Continente' successfully

2023-10-09 17:24:40 - [TEST_STEP][PASSED] - callTestCase(findTestCase("Search Product"), [:], STOP_ON_FAILURE): Call Test Case 'Test Cases/Search Product' successfully

2023-10-09 17:24:40 - [TEST_CASE][PASSED] - Test Cases/Search Product: Test Cases/Search Product

2023-10-09 17:24:40 - [TEST_STEP][PASSED] - callTestCase(findTestCase("Open Continente"), [:], STOP_ON_FAILURE): Call Test Case 'Test Cases/Open Continente' successfully

2023-10-09 17:24:41 - [TEST_CASE][PASSED] - Test Cases/Open Continente: Test Cases/Open Continente

2023-10-09 17:24:41 - [TEST_STEP][PASSED] - openBrowser(""): Browser is opened with url: ''

2023-10-09 17:24:41 - [MESSAGE][WARNING] - A browser is already opened. Closing browser and opening a new one

2023-10-09 17:24:42 - [MESSAGE][INFO] - Starting 'Chrome' driver

2023-10-09 17:24:42 - [MESSAGE][INFO] - Action delay is set to 0 milliseconds

2023-10-09 17:24:44 - [MESSAGE][PASSED] - Browser is opened with url: ''

2023-10-09 17:24:44 - [TEST_STEP][PASSED] - navigateToUrl("https://www.continente.pt/"): Navigate to 'https://www.continente.pt/' successfully

2023-10-09 17:24:49 - [MESSAGE][PASSED] - Navigate to 'https://www.continente.pt/' successfully

2023-10-09 17:24:49 - [TEST_STEP][PASSED] - click(findTestObject("Object Repository/Page_Continente Online  Compras de Supermer_4cd3d9/button_Permitir todos")): Object: 'Object Repository/Page_Continente Online  Compras de Supermer_4cd3d9/button_Permitir todos' is clicked on

2023-10-09 17:24:57 - [MESSAGE][PASSED] - Object: 'Object Repository/Page_Continente Online  Compras de Supermer_4cd3d9/button_Permitir todos' is clicked on

2023-10-09 17:24:57 - [MESSAGE][PASSED] - Call Test Case 'Test Cases/Open Continente' successfully

2023-10-09 17:24:57 - [TEST_STEP][PASSED] - click(findTestObject("Object Repository/Page_Continente Online  Compras de Supermer_4cd3d9/svg_EntregaZero_svg-inline icon-search")): Object: 'Object Repository/Page_Continente Online  Compras de Supermer_4cd3d9/svg_EntregaZero_svg-inline icon-search' is clicked on

2023-10-09 17:24:59 - [MESSAGE][PASSED] - Object: 'Object Repository/Page_Continente Online  Compras de Supermer_4cd3d9/svg_EntregaZero_svg-inline icon-search' is clicked on

2023-10-09 17:24:59 - [TEST_STEP][PASSED] - setText(findTestObject("Object Repository/Page_Continente Online  Compras de Supermer_4cd3d9/input_2023 Modelo Continente Hipermercados,_958617"), "queijo"): Text 'queijo' is set on object 'Object Repository/Page_Continente Online  Compras de Supermer_4cd3d9/input_2023 Modelo Continente Hipermercados,_958617'

2023-10-09 17:25:01 - [MESSAGE][PASSED] - Text 'queijo' is set on object 'Object Repository/Page_Continente Online  Compras de Supermer_4cd3d9/input_2023 Modelo Continente Hipermercados,_958617'

2023-10-09 17:25:01 - [TEST_STEP][PASSED] - click(findTestObject("Object Repository/Page_Continente Online  Compras de Supermer_4cd3d9/span_O que procura_svg-wrapper svg-icon-search")): Object: 'Object Repository/Page_Continente Online  Compras de Supermer_4cd3d9/span_O que procura_svg-wrapper svg-icon-search' is clicked on

2023-10-09 17:25:09 - [MESSAGE][PASSED] - Object: 'Object Repository/Page_Continente Online  Compras de Supermer_4cd3d9/span_O que procura_svg-wrapper svg-icon-search' is clicked on

2023-10-09 17:25:09 - [MESSAGE][PASSED] - Call Test Case 'Test Cases/Search Product' successfully

2023-10-09 17:25:09 - [TEST_STEP][PASSED] - click(findTestObject("Page_Resultados de pesquisa para o termo qu_4d046e/span_Carrinho_2")): Object: 'Object Repository/Page_Resultados de pesquisa para o termo qu_4d046e/span_Carrinho_2' is clicked on

2023-10-09 17:25:14 - [MESSAGE][PASSED] - Object: 'Object Repository/Page_Resultados de pesquisa para o termo qu_4d046e/span_Carrinho_2' is clicked on

2023-10-09 17:25:14 - [TEST_STEP][PASSED] - click(findTestObject("Page_Resultados de pesquisa para o termo qu_4d046e/button_Quantidade no carrinho_increase-quan_d2e8f5")): Object: 'Object Repository/Page_Resultados de pesquisa para o termo qu_4d046e/button_Quantidade no carrinho_increase-quan_d2e8f5' is clicked on

2023-10-09 17:25:15 - [MESSAGE][PASSED] - Object: 'Object Repository/Page_Resultados de pesquisa para o termo qu_4d046e/button_Quantidade no carrinho_increase-quan_d2e8f5' is clicked on

2023-10-09 17:25:15 - [MESSAGE][PASSED] - Call Test Case 'Test Cases/Add 2 Items to Cart' successfully

2023-10-09 17:25:15 - [TEST_STEP][PASSED] - click(findTestObject("Page_Resultados de pesquisa para o termo qu_4d046e/span_13,37")): Object: 'Object Repository/Page_Resultados de pesquisa para o termo qu_4d046e/span_13,37' is clicked on

2023-10-09 17:25:16 - [MESSAGE][PASSED] - Object: 'Object Repository/Page_Resultados de pesquisa para o termo qu_4d046e/span_13,37' is clicked on

2023-10-09 17:25:16 - [TEST_STEP][PASSED] - closeBrowser(): Browser is closed

2023-10-09 17:25:17 - [MESSAGE][PASSED] - Browser is closed]]></system-out>
         <system-err><![CDATA[]]></system-err>
      </testcase>
      <testcase name="Test Cases/Search Product" time="29.177" classname="Test Cases/Search Product" status="PASSED">
         <system-out><![CDATA[2023-10-09 17:25:17 - [TEST_CASE][PASSED] - Test Cases/Search Product: Test Cases/Search Product

2023-10-09 17:25:17 - [TEST_STEP][PASSED] - callTestCase(findTestCase("Open Continente"), [:], STOP_ON_FAILURE): Call Test Case 'Test Cases/Open Continente' successfully

2023-10-09 17:25:17 - [TEST_CASE][PASSED] - Test Cases/Open Continente: Test Cases/Open Continente

2023-10-09 17:25:17 - [TEST_STEP][PASSED] - openBrowser(""): Browser is opened with url: ''

2023-10-09 17:25:17 - [MESSAGE][INFO] - Starting 'Chrome' driver

2023-10-09 17:25:17 - [MESSAGE][INFO] - Action delay is set to 0 milliseconds

2023-10-09 17:25:20 - [MESSAGE][PASSED] - Browser is opened with url: ''

2023-10-09 17:25:20 - [TEST_STEP][PASSED] - navigateToUrl("https://www.continente.pt/"): Navigate to 'https://www.continente.pt/' successfully

2023-10-09 17:25:23 - [MESSAGE][PASSED] - Navigate to 'https://www.continente.pt/' successfully

2023-10-09 17:25:23 - [TEST_STEP][PASSED] - click(findTestObject("Object Repository/Page_Continente Online  Compras de Supermer_4cd3d9/button_Permitir todos")): Object: 'Object Repository/Page_Continente Online  Compras de Supermer_4cd3d9/button_Permitir todos' is clicked on

2023-10-09 17:25:32 - [MESSAGE][PASSED] - Object: 'Object Repository/Page_Continente Online  Compras de Supermer_4cd3d9/button_Permitir todos' is clicked on

2023-10-09 17:25:32 - [MESSAGE][PASSED] - Call Test Case 'Test Cases/Open Continente' successfully

2023-10-09 17:25:32 - [TEST_STEP][PASSED] - click(findTestObject("Object Repository/Page_Continente Online  Compras de Supermer_4cd3d9/svg_EntregaZero_svg-inline icon-search")): Object: 'Object Repository/Page_Continente Online  Compras de Supermer_4cd3d9/svg_EntregaZero_svg-inline icon-search' is clicked on

2023-10-09 17:25:35 - [MESSAGE][PASSED] - Object: 'Object Repository/Page_Continente Online  Compras de Supermer_4cd3d9/svg_EntregaZero_svg-inline icon-search' is clicked on

2023-10-09 17:25:35 - [TEST_STEP][PASSED] - setText(findTestObject("Object Repository/Page_Continente Online  Compras de Supermer_4cd3d9/input_2023 Modelo Continente Hipermercados,_958617"), "queijo"): Text 'queijo' is set on object 'Object Repository/Page_Continente Online  Compras de Supermer_4cd3d9/input_2023 Modelo Continente Hipermercados,_958617'

2023-10-09 17:25:37 - [MESSAGE][PASSED] - Text 'queijo' is set on object 'Object Repository/Page_Continente Online  Compras de Supermer_4cd3d9/input_2023 Modelo Continente Hipermercados,_958617'

2023-10-09 17:25:37 - [TEST_STEP][PASSED] - click(findTestObject("Object Repository/Page_Continente Online  Compras de Supermer_4cd3d9/span_O que procura_svg-wrapper svg-icon-search")): Object: 'Object Repository/Page_Continente Online  Compras de Supermer_4cd3d9/span_O que procura_svg-wrapper svg-icon-search' is clicked on

2023-10-09 17:25:46 - [MESSAGE][PASSED] - Object: 'Object Repository/Page_Continente Online  Compras de Supermer_4cd3d9/span_O que procura_svg-wrapper svg-icon-search' is clicked on]]></system-out>
         <system-err><![CDATA[]]></system-err>
      </testcase>
      <testcase name="Test Cases/Open Continente" time="15.459" classname="Test Cases/Open Continente" status="PASSED">
         <system-out><![CDATA[2023-10-09 17:25:46 - [TEST_CASE][PASSED] - Test Cases/Open Continente: Test Cases/Open Continente

2023-10-09 17:25:46 - [TEST_STEP][PASSED] - openBrowser(""): Browser is opened with url: ''

2023-10-09 17:25:46 - [MESSAGE][WARNING] - A browser is already opened. Closing browser and opening a new one

2023-10-09 17:25:48 - [MESSAGE][INFO] - Starting 'Chrome' driver

2023-10-09 17:25:48 - [MESSAGE][INFO] - Action delay is set to 0 milliseconds

2023-10-09 17:25:50 - [MESSAGE][PASSED] - Browser is opened with url: ''

2023-10-09 17:25:50 - [TEST_STEP][PASSED] - navigateToUrl("https://www.continente.pt/"): Navigate to 'https://www.continente.pt/' successfully

2023-10-09 17:25:54 - [MESSAGE][PASSED] - Navigate to 'https://www.continente.pt/' successfully

2023-10-09 17:25:54 - [TEST_STEP][PASSED] - click(findTestObject("Object Repository/Page_Continente Online  Compras de Supermer_4cd3d9/button_Permitir todos")): Object: 'Object Repository/Page_Continente Online  Compras de Supermer_4cd3d9/button_Permitir todos' is clicked on

2023-10-09 17:26:02 - [MESSAGE][PASSED] - Object: 'Object Repository/Page_Continente Online  Compras de Supermer_4cd3d9/button_Permitir todos' is clicked on]]></system-out>
         <system-err><![CDATA[]]></system-err>
      </testcase>
      <testcase name="Test Cases/Add 2 Items to Cart" time="45.558" classname="Test Cases/Add 2 Items to Cart" status="PASSED">
         <system-out><![CDATA[2023-10-09 17:26:02 - [TEST_CASE][PASSED] - Test Cases/Add 2 Items to Cart: Test Cases/Add 2 Items to Cart

2023-10-09 17:26:02 - [TEST_STEP][PASSED] - callTestCase(findTestCase("Open Continente"), [:], STOP_ON_FAILURE): Call Test Case 'Test Cases/Open Continente' successfully

2023-10-09 17:26:02 - [TEST_CASE][PASSED] - Test Cases/Open Continente: Test Cases/Open Continente

2023-10-09 17:26:02 - [TEST_STEP][PASSED] - openBrowser(""): Browser is opened with url: ''

2023-10-09 17:26:02 - [MESSAGE][WARNING] - A browser is already opened. Closing browser and opening a new one

2023-10-09 17:26:03 - [MESSAGE][INFO] - Starting 'Chrome' driver

2023-10-09 17:26:03 - [MESSAGE][INFO] - Action delay is set to 0 milliseconds

2023-10-09 17:26:05 - [MESSAGE][PASSED] - Browser is opened with url: ''

2023-10-09 17:26:05 - [TEST_STEP][PASSED] - navigateToUrl("https://www.continente.pt/"): Navigate to 'https://www.continente.pt/' successfully

2023-10-09 17:26:10 - [MESSAGE][PASSED] - Navigate to 'https://www.continente.pt/' successfully

2023-10-09 17:26:10 - [TEST_STEP][PASSED] - click(findTestObject("Object Repository/Page_Continente Online  Compras de Supermer_4cd3d9/button_Permitir todos")): Object: 'Object Repository/Page_Continente Online  Compras de Supermer_4cd3d9/button_Permitir todos' is clicked on

2023-10-09 17:26:10 - [MESSAGE][PASSED] - Object: 'Object Repository/Page_Continente Online  Compras de Supermer_4cd3d9/button_Permitir todos' is clicked on

2023-10-09 17:26:10 - [MESSAGE][PASSED] - Call Test Case 'Test Cases/Open Continente' successfully

2023-10-09 17:26:10 - [TEST_STEP][PASSED] - callTestCase(findTestCase("Search Product"), [:], STOP_ON_FAILURE): Call Test Case 'Test Cases/Search Product' successfully

2023-10-09 17:26:11 - [TEST_CASE][PASSED] - Test Cases/Search Product: Test Cases/Search Product

2023-10-09 17:26:11 - [TEST_STEP][PASSED] - callTestCase(findTestCase("Open Continente"), [:], STOP_ON_FAILURE): Call Test Case 'Test Cases/Open Continente' successfully

2023-10-09 17:26:11 - [TEST_CASE][PASSED] - Test Cases/Open Continente: Test Cases/Open Continente

2023-10-09 17:26:11 - [TEST_STEP][PASSED] - openBrowser(""): Browser is opened with url: ''

2023-10-09 17:26:11 - [MESSAGE][WARNING] - A browser is already opened. Closing browser and opening a new one

2023-10-09 17:26:12 - [MESSAGE][INFO] - Starting 'Chrome' driver

2023-10-09 17:26:12 - [MESSAGE][INFO] - Action delay is set to 0 milliseconds

2023-10-09 17:26:15 - [MESSAGE][PASSED] - Browser is opened with url: ''

2023-10-09 17:26:15 - [TEST_STEP][PASSED] - navigateToUrl("https://www.continente.pt/"): Navigate to 'https://www.continente.pt/' successfully

2023-10-09 17:26:20 - [MESSAGE][PASSED] - Navigate to 'https://www.continente.pt/' successfully

2023-10-09 17:26:20 - [TEST_STEP][PASSED] - click(findTestObject("Object Repository/Page_Continente Online  Compras de Supermer_4cd3d9/button_Permitir todos")): Object: 'Object Repository/Page_Continente Online  Compras de Supermer_4cd3d9/button_Permitir todos' is clicked on

2023-10-09 17:26:24 - [MESSAGE][PASSED] - Object: 'Object Repository/Page_Continente Online  Compras de Supermer_4cd3d9/button_Permitir todos' is clicked on

2023-10-09 17:26:24 - [MESSAGE][PASSED] - Call Test Case 'Test Cases/Open Continente' successfully

2023-10-09 17:26:24 - [TEST_STEP][PASSED] - click(findTestObject("Object Repository/Page_Continente Online  Compras de Supermer_4cd3d9/svg_EntregaZero_svg-inline icon-search")): Object: 'Object Repository/Page_Continente Online  Compras de Supermer_4cd3d9/svg_EntregaZero_svg-inline icon-search' is clicked on

2023-10-09 17:26:31 - [MESSAGE][PASSED] - Object: 'Object Repository/Page_Continente Online  Compras de Supermer_4cd3d9/svg_EntregaZero_svg-inline icon-search' is clicked on

2023-10-09 17:26:31 - [TEST_STEP][PASSED] - setText(findTestObject("Object Repository/Page_Continente Online  Compras de Supermer_4cd3d9/input_2023 Modelo Continente Hipermercados,_958617"), "queijo"): Text 'queijo' is set on object 'Object Repository/Page_Continente Online  Compras de Supermer_4cd3d9/input_2023 Modelo Continente Hipermercados,_958617'

2023-10-09 17:26:33 - [MESSAGE][PASSED] - Text 'queijo' is set on object 'Object Repository/Page_Continente Online  Compras de Supermer_4cd3d9/input_2023 Modelo Continente Hipermercados,_958617'

2023-10-09 17:26:33 - [TEST_STEP][PASSED] - click(findTestObject("Object Repository/Page_Continente Online  Compras de Supermer_4cd3d9/span_O que procura_svg-wrapper svg-icon-search")): Object: 'Object Repository/Page_Continente Online  Compras de Supermer_4cd3d9/span_O que procura_svg-wrapper svg-icon-search' is clicked on

2023-10-09 17:26:43 - [MESSAGE][PASSED] - Object: 'Object Repository/Page_Continente Online  Compras de Supermer_4cd3d9/span_O que procura_svg-wrapper svg-icon-search' is clicked on

2023-10-09 17:26:43 - [MESSAGE][PASSED] - Call Test Case 'Test Cases/Search Product' successfully

2023-10-09 17:26:43 - [TEST_STEP][PASSED] - click(findTestObject("Page_Resultados de pesquisa para o termo qu_4d046e/span_Carrinho_2")): Object: 'Object Repository/Page_Resultados de pesquisa para o termo qu_4d046e/span_Carrinho_2' is clicked on

2023-10-09 17:26:46 - [MESSAGE][PASSED] - Object: 'Object Repository/Page_Resultados de pesquisa para o termo qu_4d046e/span_Carrinho_2' is clicked on

2023-10-09 17:26:46 - [TEST_STEP][PASSED] - click(findTestObject("Page_Resultados de pesquisa para o termo qu_4d046e/button_Quantidade no carrinho_increase-quan_d2e8f5")): Object: 'Object Repository/Page_Resultados de pesquisa para o termo qu_4d046e/button_Quantidade no carrinho_increase-quan_d2e8f5' is clicked on

2023-10-09 17:26:47 - [MESSAGE][PASSED] - Object: 'Object Repository/Page_Resultados de pesquisa para o termo qu_4d046e/button_Quantidade no carrinho_increase-quan_d2e8f5' is clicked on]]></system-out>
         <system-err><![CDATA[]]></system-err>
      </testcase>
      <testcase name="Test Cases/Add 1 Item to Cart" time="45.507" classname="Test Cases/Add 1 Item to Cart" status="PASSED">
         <system-out><![CDATA[2023-10-09 17:26:47 - [TEST_CASE][PASSED] - Test Cases/Add 1 Item to Cart: Test Cases/Add 1 Item to Cart

2023-10-09 17:26:47 - [TEST_STEP][PASSED] - callTestCase(findTestCase("Open Continente"), [:], STOP_ON_FAILURE): Call Test Case 'Test Cases/Open Continente' successfully

2023-10-09 17:26:47 - [TEST_CASE][PASSED] - Test Cases/Open Continente: Test Cases/Open Continente

2023-10-09 17:26:48 - [TEST_STEP][PASSED] - openBrowser(""): Browser is opened with url: ''

2023-10-09 17:26:48 - [MESSAGE][WARNING] - A browser is already opened. Closing browser and opening a new one

2023-10-09 17:26:49 - [MESSAGE][INFO] - Starting 'Chrome' driver

2023-10-09 17:26:49 - [MESSAGE][INFO] - Action delay is set to 0 milliseconds

2023-10-09 17:26:51 - [MESSAGE][PASSED] - Browser is opened with url: ''

2023-10-09 17:26:51 - [TEST_STEP][PASSED] - navigateToUrl("https://www.continente.pt/"): Navigate to 'https://www.continente.pt/' successfully

2023-10-09 17:26:56 - [MESSAGE][PASSED] - Navigate to 'https://www.continente.pt/' successfully

2023-10-09 17:26:56 - [TEST_STEP][PASSED] - click(findTestObject("Object Repository/Page_Continente Online  Compras de Supermer_4cd3d9/button_Permitir todos")): Object: 'Object Repository/Page_Continente Online  Compras de Supermer_4cd3d9/button_Permitir todos' is clicked on

2023-10-09 17:26:59 - [MESSAGE][PASSED] - Object: 'Object Repository/Page_Continente Online  Compras de Supermer_4cd3d9/button_Permitir todos' is clicked on

2023-10-09 17:26:59 - [MESSAGE][PASSED] - Call Test Case 'Test Cases/Open Continente' successfully

2023-10-09 17:26:59 - [TEST_STEP][PASSED] - callTestCase(findTestCase("Search Product"), [:], STOP_ON_FAILURE): Call Test Case 'Test Cases/Search Product' successfully

2023-10-09 17:26:59 - [TEST_CASE][PASSED] - Test Cases/Search Product: Test Cases/Search Product

2023-10-09 17:26:59 - [TEST_STEP][PASSED] - callTestCase(findTestCase("Open Continente"), [:], STOP_ON_FAILURE): Call Test Case 'Test Cases/Open Continente' successfully

2023-10-09 17:26:59 - [TEST_CASE][PASSED] - Test Cases/Open Continente: Test Cases/Open Continente

2023-10-09 17:26:59 - [TEST_STEP][PASSED] - openBrowser(""): Browser is opened with url: ''

2023-10-09 17:27:00 - [MESSAGE][WARNING] - A browser is already opened. Closing browser and opening a new one

2023-10-09 17:27:01 - [MESSAGE][INFO] - Starting 'Chrome' driver

2023-10-09 17:27:01 - [MESSAGE][INFO] - Action delay is set to 0 milliseconds

2023-10-09 17:27:03 - [MESSAGE][PASSED] - Browser is opened with url: ''

2023-10-09 17:27:03 - [TEST_STEP][PASSED] - navigateToUrl("https://www.continente.pt/"): Navigate to 'https://www.continente.pt/' successfully

2023-10-09 17:27:07 - [MESSAGE][PASSED] - Navigate to 'https://www.continente.pt/' successfully

2023-10-09 17:27:07 - [TEST_STEP][PASSED] - click(findTestObject("Object Repository/Page_Continente Online  Compras de Supermer_4cd3d9/button_Permitir todos")): Object: 'Object Repository/Page_Continente Online  Compras de Supermer_4cd3d9/button_Permitir todos' is clicked on

2023-10-09 17:27:14 - [MESSAGE][PASSED] - Object: 'Object Repository/Page_Continente Online  Compras de Supermer_4cd3d9/button_Permitir todos' is clicked on

2023-10-09 17:27:14 - [MESSAGE][PASSED] - Call Test Case 'Test Cases/Open Continente' successfully

2023-10-09 17:27:14 - [TEST_STEP][PASSED] - click(findTestObject("Object Repository/Page_Continente Online  Compras de Supermer_4cd3d9/svg_EntregaZero_svg-inline icon-search")): Object: 'Object Repository/Page_Continente Online  Compras de Supermer_4cd3d9/svg_EntregaZero_svg-inline icon-search' is clicked on

2023-10-09 17:27:18 - [MESSAGE][PASSED] - Object: 'Object Repository/Page_Continente Online  Compras de Supermer_4cd3d9/svg_EntregaZero_svg-inline icon-search' is clicked on

2023-10-09 17:27:18 - [TEST_STEP][PASSED] - setText(findTestObject("Object Repository/Page_Continente Online  Compras de Supermer_4cd3d9/input_2023 Modelo Continente Hipermercados,_958617"), "queijo"): Text 'queijo' is set on object 'Object Repository/Page_Continente Online  Compras de Supermer_4cd3d9/input_2023 Modelo Continente Hipermercados,_958617'

2023-10-09 17:27:20 - [MESSAGE][PASSED] - Text 'queijo' is set on object 'Object Repository/Page_Continente Online  Compras de Supermer_4cd3d9/input_2023 Modelo Continente Hipermercados,_958617'

2023-10-09 17:27:20 - [TEST_STEP][PASSED] - click(findTestObject("Object Repository/Page_Continente Online  Compras de Supermer_4cd3d9/span_O que procura_svg-wrapper svg-icon-search")): Object: 'Object Repository/Page_Continente Online  Compras de Supermer_4cd3d9/span_O que procura_svg-wrapper svg-icon-search' is clicked on

2023-10-09 17:27:30 - [MESSAGE][PASSED] - Object: 'Object Repository/Page_Continente Online  Compras de Supermer_4cd3d9/span_O que procura_svg-wrapper svg-icon-search' is clicked on

2023-10-09 17:27:30 - [MESSAGE][PASSED] - Call Test Case 'Test Cases/Search Product' successfully

2023-10-09 17:27:30 - [TEST_STEP][PASSED] - click(findTestObject("Page_Resultados de pesquisa para o termo qu_4d046e/span_Carrinho")): Object: 'Object Repository/Page_Resultados de pesquisa para o termo qu_4d046e/span_Carrinho' is clicked on

2023-10-09 17:27:33 - [MESSAGE][PASSED] - Object: 'Object Repository/Page_Resultados de pesquisa para o termo qu_4d046e/span_Carrinho' is clicked on]]></system-out>
         <system-err><![CDATA[]]></system-err>
      </testcase>
      <system-out><![CDATA[2023-10-09 17:22:26 - [TEST_SUITE][PASSED] - Continente: Test Cases/Add 1 Item to Cart]]></system-out>
      <system-err><![CDATA[]]></system-err>
   </testsuite>
</testsuites>
