<?xml version="1.0" encoding="UTF-8"?>
<testsuites name="Continente" time="329.384" tests="5" failures="0" errors="0">
   <testsuite name="Continente" tests="5" failures="0" errors="0" time="329.384" skipped="0" timestamp="2023-10-09 17:22:26" hostname="xavier.a.santos - MININT-CAEUVD4.noesis.pt" id="Test Suites/Continente">
      <properties>
         <property name="deviceName" value=""/>
         <property name="devicePlatform" value=""/>
         <property name="logFolder" value="C:\\Users\\xavier.a.santos\\git\\KatalonContinente_2\\Reports\\20231009_172210\\Continente\\20231009_172211"/>
         <property name="logFiles" value="C:\\Users\\xavier.a.santos\\git\\KatalonContinente_2\\Reports\\20231009_172210\\Continente\\20231009_172211\\execution0.log"/>
         <property name="attachments" value=""/>
         <property name="hostName" value="xavier.a.santos - MININT-CAEUVD4.noesis.pt"/>
         <property name="os" value="Windows 11 64bit"/>
         <property name="katalonVersion" value="8.6.6.208"/>
         <property name="browser" value="Chrome 117.0.0.0"/>
         <property name="hostAddress" value="192.168.1.133"/>
         <property name="sessionId" value="03b5e601e53a79e6735c5beeb73b3c06"/>
         <property name="seleniumVersion" value="3.141.59"/>
         <property name="proxyInformation" value="ProxyInformation { proxyOption=NO_PROXY, proxyServerType=HTTP, username=, password=********, proxyServerAddress=, proxyServerPort=0, executionList=&quot;&quot;, isApplyToDesiredCapabilities=true }"/>
         <property name="platform" value="Windows 11"/>
      </properties>
      <testcase name="Test Cases/Show Cart" time="179.775" classname="Test Cases/Show Cart" status="PASSED">
         <system-out><![CDATA[2023-10-09 17:22:26 - [TEST_CASE][PASSED] - Test Cases/Show Cart: Test Cases/Show Cart

2023-10-09 17:22:27 - [TEST_STEP][PASSED] - callTestCase(findTestCase("Open Continente"), [:], STOP_ON_FAILURE): Call Test Case 'Test Cases/Open Continente' successfully

2023-10-09 17:22:28 - [TEST_CASE][PASSED] - Test Cases/Open Continente: Test Cases/Open Continente

2023-10-09 17:22:29 - [TEST_STEP][PASSED] - openBrowser(""): Browser is opened with url: ''

2023-10-09 17:22:30 - [MESSAGE][INFO] - Starting 'Chrome' driver

2023-10-09 17:22:30 - [MESSAGE][INFO] - Action delay is set to 0 milliseconds

2023-10-09 17:22:38 - [MESSAGE][PASSED] - Browser is opened with url: ''

2023-10-09 17:22:38 - [TEST_STEP][PASSED] - navigateToUrl("https://www.continente.pt/"): Navigate to 'https://www.continente.pt/' successfully

2023-10-09 17:22:44 - [MESSAGE][PASSED] - Navigate to 'https://www.continente.pt/' successfully

2023-10-09 17:22:44 - [TEST_STEP][PASSED] - click(findTestObject("Object Repository/Page_Continente Online  Compras de Supermer_4cd3d9/button_Permitir todos")): Object: 'Object Repository/Page_Continente Online  Compras de Supermer_4cd3d9/button_Permitir todos' is clicked on

2023-10-09 17:22:51 - [MESSAGE][PASSED] - Object: 'Object Repository/Page_Continente Online  Compras de Supermer_4cd3d9/button_Permitir todos' is clicked on

2023-10-09 17:22:51 - [MESSAGE][PASSED] - Call Test Case 'Test Cases/Open Continente' successfully

2023-10-09 17:22:51 - [TEST_STEP][PASSED] - callTestCase(findTestCase("Search Product"), [:], STOP_ON_FAILURE): Call Test Case 'Test Cases/Search Product' successfully

2023-10-09 17:22:51 - [TEST_CASE][PASSED] - Test Cases/Search Product: Test Cases/Search Product

2023-10-09 17:22:54 - [TEST_STEP][PASSED] - callTestCase(findTestCase("Open Continente"), [:], STOP_ON_FAILURE): Call Test Case 'Test Cases/Open Continente' successfully

2023-10-09 17:22:54 - [TEST_CASE][PASSED] - Test Cases/Open Continente: Test Cases/Open Continente

2023-10-09 17:22:54 - [TEST_STEP][PASSED] - openBrowser(""): Browser is opened with url: ''

2023-10-09 17:22:54 - [MESSAGE][WARNING] - A browser is already opened. Closing browser and opening a new one

2023-10-09 17:22:58 - [MESSAGE][INFO] - Starting 'Chrome' driver

2023-10-09 17:22:58 - [MESSAGE][INFO] - Action delay is set to 0 milliseconds

2023-10-09 17:23:01 - [MESSAGE][PASSED] - Browser is opened with url: ''

2023-10-09 17:23:01 - [TEST_STEP][PASSED] - navigateToUrl("https://www.continente.pt/"): Navigate to 'https://www.continente.pt/' successfully

2023-10-09 17:23:06 - [MESSAGE][PASSED] - Navigate to 'https://www.continente.pt/' successfully

2023-10-09 17:23:06 - [TEST_STEP][PASSED] - click(findTestObject("Object Repository/Page_Continente Online  Compras de Supermer_4cd3d9/button_Permitir todos")): Object: 'Object Repository/Page_Continente Online  Compras de Supermer_4cd3d9/button_Permitir todos' is clicked on

2023-10-09 17:23:14 - [MESSAGE][PASSED] - Object: 'Object Repository/Page_Continente Online  Compras de Supermer_4cd3d9/button_Permitir todos' is clicked on

2023-10-09 17:23:14 - [MESSAGE][PASSED] - Call Test Case 'Test Cases/Open Continente' successfully

2023-10-09 17:23:14 - [TEST_STEP][PASSED] - click(findTestObject("Object Repository/Page_Continente Online  Compras de Supermer_4cd3d9/svg_EntregaZero_svg-inline icon-search")): Object: 'Object Repository/Page_Continente Online  Compras de Supermer_4cd3d9/svg_EntregaZero_svg-inline icon-search' is clicked on

2023-10-09 17:23:17 - [MESSAGE][PASSED] - Object: 'Object Repository/Page_Continente Online  Compras de Supermer_4cd3d9/svg_EntregaZero_svg-inline icon-search' is clicked on

2023-10-09 17:23:17 - [TEST_STEP][PASSED] - setText(findTestObject("Object Repository/Page_Continente Online  Compras de Supermer_4cd3d9/input_2023 Modelo Continente Hipermercados,_958617"), "queijo"): Text 'queijo' is set on object 'Object Repository/Page_Continente Online  Compras de Supermer_4cd3d9/input_2023 Modelo Continente Hipermercados,_958617'

2023-10-09 17:23:20 - [MESSAGE][PASSED] - Text 'queijo' is set on object 'Object Repository/Page_Continente Online  Compras de Supermer_4cd3d9/input_2023 Modelo Continente Hipermercados,_958617'

2023-10-09 17:23:20 - [TEST_STEP][PASSED] - click(findTestObject("Object Repository/Page_Continente Online  Compras de Supermer_4cd3d9/span_O que procura_svg-wrapper svg-icon-search")): Object: 'Object Repository/Page_Continente Online  Compras de Supermer_4cd3d9/span_O que procura_svg-wrapper svg-icon-search' is clicked on

2023-10-09 17:23:29 - [MESSAGE][PASSED] - Object: 'Object Repository/Page_Continente Online  Compras de Supermer_4cd3d9/span_O que procura_svg-wrapper svg-icon-search' is clicked on

2023-10-09 17:23:29 - [MESSAGE][PASSED] - Call Test Case 'Test Cases/Search Product' successfully

2023-10-09 17:23:29 - [TEST_STEP][PASSED] - callTestCase(findTestCase("Add 1 Item to Cart"), [:], STOP_ON_FAILURE): Call Test Case 'Test Cases/Add 1 Item to Cart' successfully

2023-10-09 17:23:29 - [TEST_CASE][PASSED] - Test Cases/Add 1 Item to Cart: Test Cases/Add 1 Item to Cart

2023-10-09 17:23:32 - [TEST_STEP][PASSED] - callTestCase(findTestCase("Open Continente"), [:], STOP_ON_FAILURE): Call Test Case 'Test Cases/Open Continente' successfully

2023-10-09 17:23:32 - [TEST_CASE][PASSED] - Test Cases/Open Continente: Test Cases/Open Continente

2023-10-09 17:23:32 - [TEST_STEP][PASSED] - openBrowser(""): Browser is opened with url: ''

2023-10-09 17:23:32 - [MESSAGE][WARNING] - A browser is already opened. Closing browser and opening a new one

2023-10-09 17:23:34 - [MESSAGE][INFO] - Starting 'Chrome' driver

2023-10-09 17:23:34 - [MESSAGE][INFO] - Action delay is set to 0 milliseconds

2023-10-09 17:23:37 - [MESSAGE][PASSED] - Browser is opened with url: ''

2023-10-09 17:23:37 - [TEST_STEP][PASSED] - navigateToUrl("https://www.continente.pt/"): Navigate to 'https://www.continente.pt/' successfully

2023-10-09 17:23:42 - [MESSAGE][PASSED] - Navigate to 'https://www.continente.pt/' successfully

2023-10-09 17:23:42 - [TEST_STEP][PASSED] - click(findTestObject("Object Repository/Page_Continente Online  Compras de Supermer_4cd3d9/button_Permitir todos")): Object: 'Object Repository/Page_Continente Online  Compras de Supermer_4cd3d9/button_Permitir todos' is clicked on

2023-10-09 17:23:52 - [MESSAGE][PASSED] - Object: 'Object Repository/Page_Continente Online  Compras de Supermer_4cd3d9/button_Permitir todos' is clicked on

2023-10-09 17:23:52 - [MESSAGE][PASSED] - Call Test Case 'Test Cases/Open Continente' successfully

2023-10-09 17:23:52 - [TEST_STEP][PASSED] - callTestCase(findTestCase("Search Product"), [:], STOP_ON_FAILURE): Call Test Case 'Test Cases/Search Product' successfully

2023-10-09 17:23:52 - [TEST_CASE][PASSED] - Test Cases/Search Product: Test Cases/Search Product

2023-10-09 17:23:52 - [TEST_STEP][PASSED] - callTestCase(findTestCase("Open Continente"), [:], STOP_ON_FAILURE): Call Test Case 'Test Cases/Open Continente' successfully

2023-10-09 17:23:52 - [TEST_CASE][PASSED] - Test Cases/Open Continente: Test Cases/Open Continente

2023-10-09 17:23:52 - [TEST_STEP][PASSED] - openBrowser(""): Browser is opened with url: ''

2023-10-09 17:23:52 - [MESSAGE][WARNING] - A browser is already opened. Closing browser and opening a new one

2023-10-09 17:23:54 - [MESSAGE][INFO] - Starting 'Chrome' driver

2023-10-09 17:23:54 - [MESSAGE][INFO] - Action delay is set to 0 milliseconds

2023-10-09 17:23:57 - [MESSAGE][PASSED] - Browser is opened with url: ''

2023-10-09 17:23:57 - [TEST_STEP][PASSED] - navigateToUrl("https://www.continente.pt/"): Navigate to 'https://www.continente.pt/' successfully

2023-10-09 17:24:02 - [MESSAGE][PASSED] - Navigate to 'https://www.continente.pt/' successfully

2023-10-09 17:24:02 - [TEST_STEP][PASSED] - click(findTestObject("Object Repository/Page_Continente Online  Compras de Supermer_4cd3d9/button_Permitir todos")): Object: 'Object Repository/Page_Continente Online  Compras de Supermer_4cd3d9/button_Permitir todos' is clicked on

2023-10-09 17:24:11 - [MESSAGE][PASSED] - Object: 'Object Repository/Page_Continente Online  Compras de Supermer_4cd3d9/button_Permitir todos' is clicked on

2023-10-09 17:24:11 - [MESSAGE][PASSED] - Call Test Case 'Test Cases/Open Continente' successfully

2023-10-09 17:24:11 - [TEST_STEP][PASSED] - click(findTestObject("Object Repository/Page_Continente Online  Compras de Supermer_4cd3d9/svg_EntregaZero_svg-inline icon-search")): Object: 'Object Repository/Page_Continente Online  Compras de Supermer_4cd3d9/svg_EntregaZero_svg-inline icon-search' is clicked on

2023-10-09 17:24:15 - [MESSAGE][PASSED] - Object: 'Object Repository/Page_Continente Online  Compras de Supermer_4cd3d9/svg_EntregaZero_svg-inline icon-search' is clicked on

2023-10-09 17:24:15 - [TEST_STEP][PASSED] - setText(findTestObject("Object Repository/Page_Continente Online  Compras de Supermer_4cd3d9/input_2023 Modelo Continente Hipermercados,_958617"), "queijo"): Text 'queijo' is set on object 'Object Repository/Page_Continente Online  Compras de Supermer_4cd3d9/input_2023 Modelo Continente Hipermercados,_958617'

2023-10-09 17:24:17 - [MESSAGE][PASSED] - Text 'queijo' is set on object 'Object Repository/Page_Continente Online  Compras de Supermer_4cd3d9/input_2023 Modelo Continente Hipermercados,_958617'

2023-10-09 17:24:17 - [TEST_STEP][PASSED] - click(findTestObject("Object Repository/Page_Continente Online  Compras de Supermer_4cd3d9/span_O que procura_svg-wrapper svg-icon-search")): Object: 'Object Repository/Page_Continente Online  Compras de Supermer_4cd3d9/span_O que procura_svg-wrapper svg-icon-search' is clicked on

2023-10-09 17:24:25 - [MESSAGE][PASSED] - Object: 'Object Repository/Page_Continente Online  Compras de Supermer_4cd3d9/span_O que procura_svg-wrapper svg-icon-search' is clicked on

2023-10-09 17:24:25 - [MESSAGE][PASSED] - Call Test Case 'Test Cases/Search Product' successfully

2023-10-09 17:24:25 - [TEST_STEP][PASSED] - click(findTestObject("Page_Resultados de pesquisa para o termo qu_4d046e/span_Carrinho")): Object: 'Object Repository/Page_Resultados de pesquisa para o termo qu_4d046e/span_Carrinho' is clicked on

2023-10-09 17:24:29 - [MESSAGE][PASSED] - Object: 'Object Repository/Page_Resultados de pesquisa para o termo qu_4d046e/span_Carrinho' is clicked on

2023-10-09 17:24:29 - [MESSAGE][PASSED] - Call Test Case 'Test Cases/Add 1 Item to Cart' successfully

2023-10-09 17:24:29 - [TEST_STEP][PASSED] - callTestCase(findTestCase("Add 2 Items to Cart"), [:], STOP_ON_FAILURE): Call Test Case 'Test Cases/Add 2 Items to Cart' successfully

2023-10-09 17:24:29 - [TEST_CASE][PASSED] - Test Cases/Add 2 Items to Cart: Test Cases/Add 2 Items to Cart

2023-10-09 17:24:29 - [TEST_STEP][PASSED] - callTestCase(findTestCase("Open Continente"), [:], STOP_ON_FAILURE): Call Test Case 'Test Cases/Open Continente' successfully

2023-10-09 17:24:30 - [TEST_CASE][PASSED] - Test Cases/Open Continente: Test Cases/Open Continente

2023-10-09 17:24:30 - [TEST_STEP][PASSED] - openBrowser(""): Browser is opened with url: ''

2023-10-09 17:24:30 - [MESSAGE][WARNING] - A browser is already opened. Closing browser and opening a new one

2023-10-09 17:24:31 - [MESSAGE][INFO] - Starting 'Chrome' driver

2023-10-09 17:24:31 - [MESSAGE][INFO] - Action delay is set to 0 milliseconds

2023-10-09 17:24:34 - [MESSAGE][PASSED] - Browser is opened with url: ''

2023-10-09 17:24:34 - [TEST_STEP][PASSED] - navigateToUrl("https://www.continente.pt/"): Navigate to 'https://www.continente.pt/' successfully

2023-10-09 17:24:38 - [MESSAGE][PASSED] - Navigate to 'https://www.continente.pt/' successfully

2023-10-09 17:24:38 - [TEST_STEP][PASSED] - click(findTestObject("Object Repository/Page_Continente Online  Compras de Supermer_4cd3d9/button_Permitir todos")): Object: 'Object Repository/Page_Continente Online  Compras de Supermer_4cd3d9/button_Permitir todos' is clicked on

2023-10-09 17:24:46 - [MESSAGE][PASSED] - Object: 'Object Repository/Page_Continente Online  Compras de Supermer_4cd3d9/button_Permitir todos' is clicked on

2023-10-09 17:24:46 - [MESSAGE][PASSED] - Call Test Case 'Test Cases/Open Continente' successfully

2023-10-09 17:24:46 - [TEST_STEP][PASSED] - callTestCase(findTestCase("Search Product"), [:], STOP_ON_FAILURE): Call Test Case 'Test Cases/Search Product' successfully

2023-10-09 17:24:46 - [TEST_CASE][PASSED] - Test Cases/Search Product: Test Cases/Search Product

2023-10-09 17:24:46 - [TEST_STEP][PASSED] - callTestCase(findTestCase("Open Continente"), [:], STOP_ON_FAILURE): Call Test Case 'Test Cases/Open Continente' successfully

2023-10-09 17:24:46 - [TEST_CASE][PASSED] - Test Cases/Open Continente: Test Cases/Open Continente

2023-10-09 17:24:46 - [TEST_STEP][PASSED] - openBrowser(""): Browser is opened with url: ''

2023-10-09 17:24:46 - [MESSAGE][WARNING] - A browser is already opened. Closing browser and opening a new one

2023-10-09 17:24:49 - [MESSAGE][INFO] - Starting 'Chrome' driver

2023-10-09 17:24:49 - [MESSAGE][INFO] - Action delay is set to 0 milliseconds

2023-10-09 17:24:51 - [MESSAGE][PASSED] - Browser is opened with url: ''

2023-10-09 17:24:51 - [TEST_STEP][PASSED] - navigateToUrl("https://www.continente.pt/"): Navigate to 'https://www.continente.pt/' successfully

2023-10-09 17:24:58 - [MESSAGE][PASSED] - Navigate to 'https://www.continente.pt/' successfully

2023-10-09 17:24:58 - [TEST_STEP][PASSED] - click(findTestObject("Object Repository/Page_Continente Online  Compras de Supermer_4cd3d9/button_Permitir todos")): Object: 'Object Repository/Page_Continente Online  Compras de Supermer_4cd3d9/button_Permitir todos' is clicked on

2023-10-09 17:24:58 - [MESSAGE][PASSED] - Object: 'Object Repository/Page_Continente Online  Compras de Supermer_4cd3d9/button_Permitir todos' is clicked on

2023-10-09 17:24:58 - [MESSAGE][PASSED] - Call Test Case 'Test Cases/Open Continente' successfully

2023-10-09 17:24:58 - [TEST_STEP][PASSED] - click(findTestObject("Object Repository/Page_Continente Online  Compras de Supermer_4cd3d9/svg_EntregaZero_svg-inline icon-search")): Object: 'Object Repository/Page_Continente Online  Compras de Supermer_4cd3d9/svg_EntregaZero_svg-inline icon-search' is clicked on

2023-10-09 17:25:07 - [MESSAGE][PASSED] - Object: 'Object Repository/Page_Continente Online  Compras de Supermer_4cd3d9/svg_EntregaZero_svg-inline icon-search' is clicked on

2023-10-09 17:25:07 - [TEST_STEP][PASSED] - setText(findTestObject("Object Repository/Page_Continente Online  Compras de Supermer_4cd3d9/input_2023 Modelo Continente Hipermercados,_958617"), "queijo"): Text 'queijo' is set on object 'Object Repository/Page_Continente Online  Compras de Supermer_4cd3d9/input_2023 Modelo Continente Hipermercados,_958617'

2023-10-09 17:25:10 - [MESSAGE][PASSED] - Text 'queijo' is set on object 'Object Repository/Page_Continente Online  Compras de Supermer_4cd3d9/input_2023 Modelo Continente Hipermercados,_958617'

2023-10-09 17:25:10 - [TEST_STEP][PASSED] - click(findTestObject("Object Repository/Page_Continente Online  Compras de Supermer_4cd3d9/span_O que procura_svg-wrapper svg-icon-search")): Object: 'Object Repository/Page_Continente Online  Compras de Supermer_4cd3d9/span_O que procura_svg-wrapper svg-icon-search' is clicked on

2023-10-09 17:25:18 - [MESSAGE][PASSED] - Object: 'Object Repository/Page_Continente Online  Compras de Supermer_4cd3d9/span_O que procura_svg-wrapper svg-icon-search' is clicked on

2023-10-09 17:25:18 - [MESSAGE][PASSED] - Call Test Case 'Test Cases/Search Product' successfully

2023-10-09 17:25:18 - [TEST_STEP][PASSED] - click(findTestObject("Page_Resultados de pesquisa para o termo qu_4d046e/span_Carrinho_2")): Object: 'Object Repository/Page_Resultados de pesquisa para o termo qu_4d046e/span_Carrinho_2' is clicked on

2023-10-09 17:25:21 - [MESSAGE][PASSED] - Object: 'Object Repository/Page_Resultados de pesquisa para o termo qu_4d046e/span_Carrinho_2' is clicked on

2023-10-09 17:25:21 - [TEST_STEP][PASSED] - click(findTestObject("Page_Resultados de pesquisa para o termo qu_4d046e/button_Quantidade no carrinho_increase-quan_d2e8f5")): Object: 'Object Repository/Page_Resultados de pesquisa para o termo qu_4d046e/button_Quantidade no carrinho_increase-quan_d2e8f5' is clicked on

2023-10-09 17:25:23 - [MESSAGE][PASSED] - Object: 'Object Repository/Page_Resultados de pesquisa para o termo qu_4d046e/button_Quantidade no carrinho_increase-quan_d2e8f5' is clicked on

2023-10-09 17:25:23 - [MESSAGE][PASSED] - Call Test Case 'Test Cases/Add 2 Items to Cart' successfully

2023-10-09 17:25:23 - [TEST_STEP][PASSED] - click(findTestObject("Page_Resultados de pesquisa para o termo qu_4d046e/span_13,37")): Object: 'Object Repository/Page_Resultados de pesquisa para o termo qu_4d046e/span_13,37' is clicked on

2023-10-09 17:25:25 - [MESSAGE][PASSED] - Object: 'Object Repository/Page_Resultados de pesquisa para o termo qu_4d046e/span_13,37' is clicked on

2023-10-09 17:25:25 - [TEST_STEP][PASSED] - closeBrowser(): Browser is closed

2023-10-09 17:25:26 - [MESSAGE][PASSED] - Browser is closed]]></system-out>
         <system-err><![CDATA[]]></system-err>
      </testcase>
      <testcase name="Test Cases/Search Product" time="33.262" classname="Test Cases/Search Product" status="PASSED">
         <system-out><![CDATA[2023-10-09 17:25:26 - [TEST_CASE][PASSED] - Test Cases/Search Product: Test Cases/Search Product

2023-10-09 17:25:26 - [TEST_STEP][PASSED] - callTestCase(findTestCase("Open Continente"), [:], STOP_ON_FAILURE): Call Test Case 'Test Cases/Open Continente' successfully

2023-10-09 17:25:26 - [TEST_CASE][PASSED] - Test Cases/Open Continente: Test Cases/Open Continente

2023-10-09 17:25:26 - [TEST_STEP][PASSED] - openBrowser(""): Browser is opened with url: ''

2023-10-09 17:25:26 - [MESSAGE][INFO] - Starting 'Chrome' driver

2023-10-09 17:25:26 - [MESSAGE][INFO] - Action delay is set to 0 milliseconds

2023-10-09 17:25:29 - [MESSAGE][PASSED] - Browser is opened with url: ''

2023-10-09 17:25:29 - [TEST_STEP][PASSED] - navigateToUrl("https://www.continente.pt/"): Navigate to 'https://www.continente.pt/' successfully

2023-10-09 17:25:36 - [MESSAGE][PASSED] - Navigate to 'https://www.continente.pt/' successfully

2023-10-09 17:25:36 - [TEST_STEP][PASSED] - click(findTestObject("Object Repository/Page_Continente Online  Compras de Supermer_4cd3d9/button_Permitir todos")): Object: 'Object Repository/Page_Continente Online  Compras de Supermer_4cd3d9/button_Permitir todos' is clicked on

2023-10-09 17:25:43 - [MESSAGE][PASSED] - Object: 'Object Repository/Page_Continente Online  Compras de Supermer_4cd3d9/button_Permitir todos' is clicked on

2023-10-09 17:25:43 - [MESSAGE][PASSED] - Call Test Case 'Test Cases/Open Continente' successfully

2023-10-09 17:25:43 - [TEST_STEP][PASSED] - click(findTestObject("Object Repository/Page_Continente Online  Compras de Supermer_4cd3d9/svg_EntregaZero_svg-inline icon-search")): Object: 'Object Repository/Page_Continente Online  Compras de Supermer_4cd3d9/svg_EntregaZero_svg-inline icon-search' is clicked on

2023-10-09 17:25:46 - [MESSAGE][PASSED] - Object: 'Object Repository/Page_Continente Online  Compras de Supermer_4cd3d9/svg_EntregaZero_svg-inline icon-search' is clicked on

2023-10-09 17:25:46 - [TEST_STEP][PASSED] - setText(findTestObject("Object Repository/Page_Continente Online  Compras de Supermer_4cd3d9/input_2023 Modelo Continente Hipermercados,_958617"), "queijo"): Text 'queijo' is set on object 'Object Repository/Page_Continente Online  Compras de Supermer_4cd3d9/input_2023 Modelo Continente Hipermercados,_958617'

2023-10-09 17:25:47 - [MESSAGE][PASSED] - Text 'queijo' is set on object 'Object Repository/Page_Continente Online  Compras de Supermer_4cd3d9/input_2023 Modelo Continente Hipermercados,_958617'

2023-10-09 17:25:47 - [TEST_STEP][PASSED] - click(findTestObject("Object Repository/Page_Continente Online  Compras de Supermer_4cd3d9/span_O que procura_svg-wrapper svg-icon-search")): Object: 'Object Repository/Page_Continente Online  Compras de Supermer_4cd3d9/span_O que procura_svg-wrapper svg-icon-search' is clicked on

2023-10-09 17:25:59 - [MESSAGE][PASSED] - Object: 'Object Repository/Page_Continente Online  Compras de Supermer_4cd3d9/span_O que procura_svg-wrapper svg-icon-search' is clicked on]]></system-out>
         <system-err><![CDATA[]]></system-err>
      </testcase>
      <testcase name="Test Cases/Open Continente" time="21.208" classname="Test Cases/Open Continente" status="PASSED">
         <system-out><![CDATA[2023-10-09 17:25:59 - [TEST_CASE][PASSED] - Test Cases/Open Continente: Test Cases/Open Continente

2023-10-09 17:25:59 - [TEST_STEP][PASSED] - openBrowser(""): Browser is opened with url: ''

2023-10-09 17:25:59 - [MESSAGE][WARNING] - A browser is already opened. Closing browser and opening a new one

2023-10-09 17:26:03 - [MESSAGE][INFO] - Starting 'Chrome' driver

2023-10-09 17:26:03 - [MESSAGE][INFO] - Action delay is set to 0 milliseconds

2023-10-09 17:26:07 - [MESSAGE][PASSED] - Browser is opened with url: ''

2023-10-09 17:26:07 - [TEST_STEP][PASSED] - navigateToUrl("https://www.continente.pt/"): Navigate to 'https://www.continente.pt/' successfully

2023-10-09 17:26:12 - [MESSAGE][PASSED] - Navigate to 'https://www.continente.pt/' successfully

2023-10-09 17:26:12 - [TEST_STEP][PASSED] - click(findTestObject("Object Repository/Page_Continente Online  Compras de Supermer_4cd3d9/button_Permitir todos")): Object: 'Object Repository/Page_Continente Online  Compras de Supermer_4cd3d9/button_Permitir todos' is clicked on

2023-10-09 17:26:20 - [MESSAGE][PASSED] - Object: 'Object Repository/Page_Continente Online  Compras de Supermer_4cd3d9/button_Permitir todos' is clicked on]]></system-out>
         <system-err><![CDATA[]]></system-err>
      </testcase>
      <testcase name="Test Cases/Add 2 Items to Cart" time="51.709" classname="Test Cases/Add 2 Items to Cart" status="PASSED">
         <system-out><![CDATA[2023-10-09 17:26:20 - [TEST_CASE][PASSED] - Test Cases/Add 2 Items to Cart: Test Cases/Add 2 Items to Cart

2023-10-09 17:26:20 - [TEST_STEP][PASSED] - callTestCase(findTestCase("Open Continente"), [:], STOP_ON_FAILURE): Call Test Case 'Test Cases/Open Continente' successfully

2023-10-09 17:26:21 - [TEST_CASE][PASSED] - Test Cases/Open Continente: Test Cases/Open Continente

2023-10-09 17:26:21 - [TEST_STEP][PASSED] - openBrowser(""): Browser is opened with url: ''

2023-10-09 17:26:21 - [MESSAGE][WARNING] - A browser is already opened. Closing browser and opening a new one

2023-10-09 17:26:22 - [MESSAGE][INFO] - Starting 'Chrome' driver

2023-10-09 17:26:22 - [MESSAGE][INFO] - Action delay is set to 0 milliseconds

2023-10-09 17:26:25 - [MESSAGE][PASSED] - Browser is opened with url: ''

2023-10-09 17:26:25 - [TEST_STEP][PASSED] - navigateToUrl("https://www.continente.pt/"): Navigate to 'https://www.continente.pt/' successfully

2023-10-09 17:26:30 - [MESSAGE][PASSED] - Navigate to 'https://www.continente.pt/' successfully

2023-10-09 17:26:30 - [TEST_STEP][PASSED] - click(findTestObject("Object Repository/Page_Continente Online  Compras de Supermer_4cd3d9/button_Permitir todos")): Object: 'Object Repository/Page_Continente Online  Compras de Supermer_4cd3d9/button_Permitir todos' is clicked on

2023-10-09 17:26:37 - [MESSAGE][PASSED] - Object: 'Object Repository/Page_Continente Online  Compras de Supermer_4cd3d9/button_Permitir todos' is clicked on

2023-10-09 17:26:37 - [MESSAGE][PASSED] - Call Test Case 'Test Cases/Open Continente' successfully

2023-10-09 17:26:37 - [TEST_STEP][PASSED] - callTestCase(findTestCase("Search Product"), [:], STOP_ON_FAILURE): Call Test Case 'Test Cases/Search Product' successfully

2023-10-09 17:26:37 - [TEST_CASE][PASSED] - Test Cases/Search Product: Test Cases/Search Product

2023-10-09 17:26:37 - [TEST_STEP][PASSED] - callTestCase(findTestCase("Open Continente"), [:], STOP_ON_FAILURE): Call Test Case 'Test Cases/Open Continente' successfully

2023-10-09 17:26:37 - [TEST_CASE][PASSED] - Test Cases/Open Continente: Test Cases/Open Continente

2023-10-09 17:26:37 - [TEST_STEP][PASSED] - openBrowser(""): Browser is opened with url: ''

2023-10-09 17:26:37 - [MESSAGE][WARNING] - A browser is already opened. Closing browser and opening a new one

2023-10-09 17:26:38 - [MESSAGE][INFO] - Starting 'Chrome' driver

2023-10-09 17:26:38 - [MESSAGE][INFO] - Action delay is set to 0 milliseconds

2023-10-09 17:26:40 - [MESSAGE][PASSED] - Browser is opened with url: ''

2023-10-09 17:26:40 - [TEST_STEP][PASSED] - navigateToUrl("https://www.continente.pt/"): Navigate to 'https://www.continente.pt/' successfully

2023-10-09 17:26:44 - [MESSAGE][PASSED] - Navigate to 'https://www.continente.pt/' successfully

2023-10-09 17:26:44 - [TEST_STEP][PASSED] - click(findTestObject("Object Repository/Page_Continente Online  Compras de Supermer_4cd3d9/button_Permitir todos")): Object: 'Object Repository/Page_Continente Online  Compras de Supermer_4cd3d9/button_Permitir todos' is clicked on

2023-10-09 17:26:52 - [MESSAGE][PASSED] - Object: 'Object Repository/Page_Continente Online  Compras de Supermer_4cd3d9/button_Permitir todos' is clicked on

2023-10-09 17:26:52 - [MESSAGE][PASSED] - Call Test Case 'Test Cases/Open Continente' successfully

2023-10-09 17:26:52 - [TEST_STEP][PASSED] - click(findTestObject("Object Repository/Page_Continente Online  Compras de Supermer_4cd3d9/svg_EntregaZero_svg-inline icon-search")): Object: 'Object Repository/Page_Continente Online  Compras de Supermer_4cd3d9/svg_EntregaZero_svg-inline icon-search' is clicked on

2023-10-09 17:26:55 - [MESSAGE][PASSED] - Object: 'Object Repository/Page_Continente Online  Compras de Supermer_4cd3d9/svg_EntregaZero_svg-inline icon-search' is clicked on

2023-10-09 17:26:55 - [TEST_STEP][PASSED] - setText(findTestObject("Object Repository/Page_Continente Online  Compras de Supermer_4cd3d9/input_2023 Modelo Continente Hipermercados,_958617"), "queijo"): Text 'queijo' is set on object 'Object Repository/Page_Continente Online  Compras de Supermer_4cd3d9/input_2023 Modelo Continente Hipermercados,_958617'

2023-10-09 17:26:57 - [MESSAGE][PASSED] - Text 'queijo' is set on object 'Object Repository/Page_Continente Online  Compras de Supermer_4cd3d9/input_2023 Modelo Continente Hipermercados,_958617'

2023-10-09 17:26:57 - [TEST_STEP][PASSED] - click(findTestObject("Object Repository/Page_Continente Online  Compras de Supermer_4cd3d9/span_O que procura_svg-wrapper svg-icon-search")): Object: 'Object Repository/Page_Continente Online  Compras de Supermer_4cd3d9/span_O que procura_svg-wrapper svg-icon-search' is clicked on

2023-10-09 17:27:06 - [MESSAGE][PASSED] - Object: 'Object Repository/Page_Continente Online  Compras de Supermer_4cd3d9/span_O que procura_svg-wrapper svg-icon-search' is clicked on

2023-10-09 17:27:06 - [MESSAGE][PASSED] - Call Test Case 'Test Cases/Search Product' successfully

2023-10-09 17:27:06 - [TEST_STEP][PASSED] - click(findTestObject("Page_Resultados de pesquisa para o termo qu_4d046e/span_Carrinho_2")): Object: 'Object Repository/Page_Resultados de pesquisa para o termo qu_4d046e/span_Carrinho_2' is clicked on

2023-10-09 17:27:10 - [MESSAGE][PASSED] - Object: 'Object Repository/Page_Resultados de pesquisa para o termo qu_4d046e/span_Carrinho_2' is clicked on

2023-10-09 17:27:10 - [TEST_STEP][PASSED] - click(findTestObject("Page_Resultados de pesquisa para o termo qu_4d046e/button_Quantidade no carrinho_increase-quan_d2e8f5")): Object: 'Object Repository/Page_Resultados de pesquisa para o termo qu_4d046e/button_Quantidade no carrinho_increase-quan_d2e8f5' is clicked on

2023-10-09 17:27:12 - [MESSAGE][PASSED] - Object: 'Object Repository/Page_Resultados de pesquisa para o termo qu_4d046e/button_Quantidade no carrinho_increase-quan_d2e8f5' is clicked on]]></system-out>
         <system-err><![CDATA[]]></system-err>
      </testcase>
      <testcase name="Test Cases/Add 1 Item to Cart" time="42.777" classname="Test Cases/Add 1 Item to Cart" status="PASSED">
         <system-out><![CDATA[2023-10-09 17:27:12 - [TEST_CASE][PASSED] - Test Cases/Add 1 Item to Cart: Test Cases/Add 1 Item to Cart

2023-10-09 17:27:12 - [TEST_STEP][PASSED] - callTestCase(findTestCase("Open Continente"), [:], STOP_ON_FAILURE): Call Test Case 'Test Cases/Open Continente' successfully

2023-10-09 17:27:12 - [TEST_CASE][PASSED] - Test Cases/Open Continente: Test Cases/Open Continente

2023-10-09 17:27:12 - [TEST_STEP][PASSED] - openBrowser(""): Browser is opened with url: ''

2023-10-09 17:27:12 - [MESSAGE][WARNING] - A browser is already opened. Closing browser and opening a new one

2023-10-09 17:27:14 - [MESSAGE][INFO] - Starting 'Chrome' driver

2023-10-09 17:27:14 - [MESSAGE][INFO] - Action delay is set to 0 milliseconds

2023-10-09 17:27:17 - [MESSAGE][PASSED] - Browser is opened with url: ''

2023-10-09 17:27:17 - [TEST_STEP][PASSED] - navigateToUrl("https://www.continente.pt/"): Navigate to 'https://www.continente.pt/' successfully

2023-10-09 17:27:22 - [MESSAGE][PASSED] - Navigate to 'https://www.continente.pt/' successfully

2023-10-09 17:27:22 - [TEST_STEP][PASSED] - click(findTestObject("Object Repository/Page_Continente Online  Compras de Supermer_4cd3d9/button_Permitir todos")): Object: 'Object Repository/Page_Continente Online  Compras de Supermer_4cd3d9/button_Permitir todos' is clicked on

2023-10-09 17:27:23 - [MESSAGE][PASSED] - Object: 'Object Repository/Page_Continente Online  Compras de Supermer_4cd3d9/button_Permitir todos' is clicked on

2023-10-09 17:27:23 - [MESSAGE][PASSED] - Call Test Case 'Test Cases/Open Continente' successfully

2023-10-09 17:27:23 - [TEST_STEP][PASSED] - callTestCase(findTestCase("Search Product"), [:], STOP_ON_FAILURE): Call Test Case 'Test Cases/Search Product' successfully

2023-10-09 17:27:23 - [TEST_CASE][PASSED] - Test Cases/Search Product: Test Cases/Search Product

2023-10-09 17:27:24 - [TEST_STEP][PASSED] - callTestCase(findTestCase("Open Continente"), [:], STOP_ON_FAILURE): Call Test Case 'Test Cases/Open Continente' successfully

2023-10-09 17:27:24 - [TEST_CASE][PASSED] - Test Cases/Open Continente: Test Cases/Open Continente

2023-10-09 17:27:24 - [TEST_STEP][PASSED] - openBrowser(""): Browser is opened with url: ''

2023-10-09 17:27:24 - [MESSAGE][WARNING] - A browser is already opened. Closing browser and opening a new one

2023-10-09 17:27:28 - [MESSAGE][INFO] - Starting 'Chrome' driver

2023-10-09 17:27:28 - [MESSAGE][INFO] - Action delay is set to 0 milliseconds

2023-10-09 17:27:31 - [MESSAGE][PASSED] - Browser is opened with url: ''

2023-10-09 17:27:31 - [TEST_STEP][PASSED] - navigateToUrl("https://www.continente.pt/"): Navigate to 'https://www.continente.pt/' successfully

2023-10-09 17:27:35 - [MESSAGE][PASSED] - Navigate to 'https://www.continente.pt/' successfully

2023-10-09 17:27:35 - [TEST_STEP][PASSED] - click(findTestObject("Object Repository/Page_Continente Online  Compras de Supermer_4cd3d9/button_Permitir todos")): Object: 'Object Repository/Page_Continente Online  Compras de Supermer_4cd3d9/button_Permitir todos' is clicked on

2023-10-09 17:27:42 - [MESSAGE][PASSED] - Object: 'Object Repository/Page_Continente Online  Compras de Supermer_4cd3d9/button_Permitir todos' is clicked on

2023-10-09 17:27:42 - [MESSAGE][PASSED] - Call Test Case 'Test Cases/Open Continente' successfully

2023-10-09 17:27:42 - [TEST_STEP][PASSED] - click(findTestObject("Object Repository/Page_Continente Online  Compras de Supermer_4cd3d9/svg_EntregaZero_svg-inline icon-search")): Object: 'Object Repository/Page_Continente Online  Compras de Supermer_4cd3d9/svg_EntregaZero_svg-inline icon-search' is clicked on

2023-10-09 17:27:43 - [MESSAGE][PASSED] - Object: 'Object Repository/Page_Continente Online  Compras de Supermer_4cd3d9/svg_EntregaZero_svg-inline icon-search' is clicked on

2023-10-09 17:27:43 - [TEST_STEP][PASSED] - setText(findTestObject("Object Repository/Page_Continente Online  Compras de Supermer_4cd3d9/input_2023 Modelo Continente Hipermercados,_958617"), "queijo"): Text 'queijo' is set on object 'Object Repository/Page_Continente Online  Compras de Supermer_4cd3d9/input_2023 Modelo Continente Hipermercados,_958617'

2023-10-09 17:27:45 - [MESSAGE][PASSED] - Text 'queijo' is set on object 'Object Repository/Page_Continente Online  Compras de Supermer_4cd3d9/input_2023 Modelo Continente Hipermercados,_958617'

2023-10-09 17:27:45 - [TEST_STEP][PASSED] - click(findTestObject("Object Repository/Page_Continente Online  Compras de Supermer_4cd3d9/span_O que procura_svg-wrapper svg-icon-search")): Object: 'Object Repository/Page_Continente Online  Compras de Supermer_4cd3d9/span_O que procura_svg-wrapper svg-icon-search' is clicked on

2023-10-09 17:27:53 - [MESSAGE][PASSED] - Object: 'Object Repository/Page_Continente Online  Compras de Supermer_4cd3d9/span_O que procura_svg-wrapper svg-icon-search' is clicked on

2023-10-09 17:27:53 - [MESSAGE][PASSED] - Call Test Case 'Test Cases/Search Product' successfully

2023-10-09 17:27:53 - [TEST_STEP][PASSED] - click(findTestObject("Page_Resultados de pesquisa para o termo qu_4d046e/span_Carrinho")): Object: 'Object Repository/Page_Resultados de pesquisa para o termo qu_4d046e/span_Carrinho' is clicked on

2023-10-09 17:27:55 - [MESSAGE][PASSED] - Object: 'Object Repository/Page_Resultados de pesquisa para o termo qu_4d046e/span_Carrinho' is clicked on]]></system-out>
         <system-err><![CDATA[]]></system-err>
      </testcase>
      <system-out><![CDATA[2023-10-09 17:22:26 - [TEST_SUITE][PASSED] - Continente: Test Cases/Add 1 Item to Cart]]></system-out>
      <system-err><![CDATA[]]></system-err>
   </testsuite>
</testsuites>
