<?xml version="1.0" encoding="UTF-8"?>
<testsuites name="Continente" time="146.776" tests="5" failures="0" errors="0">
   <testsuite name="Continente" tests="5" failures="0" errors="0" time="146.776" skipped="0" timestamp="2023-10-16 16:25:27" hostname="xavier.a.santos - MININT-CAEUVD4.noesis.pt" id="Test Suites/Continente">
      <properties>
         <property name="deviceName" value=""/>
         <property name="devicePlatform" value=""/>
         <property name="logFolder" value="C:\\Users\\xavier.a.santos\\git\\KatalonContinente\\Reports\\20231016_162521\\Continente\\20231016_162521"/>
         <property name="logFiles" value="C:\\Users\\xavier.a.santos\\git\\KatalonContinente\\Reports\\20231016_162521\\Continente\\20231016_162521\\execution0.log"/>
         <property name="attachments" value=""/>
         <property name="hostName" value="xavier.a.santos - MININT-CAEUVD4.noesis.pt"/>
         <property name="os" value="Windows 11 64bit"/>
         <property name="katalonVersion" value="9.0.0.beta.212"/>
         <property name="browser" value="Chrome 118.0.0.0"/>
         <property name="hostAddress" value="192.168.1.133"/>
         <property name="sessionId" value="1636d87c79e869eeeeb91753923d1a70"/>
         <property name="seleniumVersion" value="3.141.59"/>
         <property name="proxyInformation" value="ProxyInformation { proxyOption=NO_PROXY, proxyServerType=HTTP, username=, password=********, proxyServerAddress=, proxyServerPort=0, executionList=&quot;&quot;, isApplyToDesiredCapabilities=true }"/>
         <property name="platform" value="Windows 11"/>
      </properties>
      <testcase name="Test Cases/Open Continente" time="7.119" classname="Test Cases/Open Continente" status="PASSED">
         <system-out><![CDATA[2023-10-16 16:25:27 - [TEST_CASE][PASSED] - Test Cases/Open Continente: Test Cases/Open Continente

2023-10-16 16:25:27 - [TEST_STEP][PASSED] - openBrowser(""): Browser is opened with url: ''

2023-10-16 16:25:27 - [MESSAGE][INFO] - Starting 'Chrome' driver

2023-10-16 16:25:28 - [MESSAGE][INFO] - Action delay is set to 0 milliseconds

2023-10-16 16:25:30 - [MESSAGE][PASSED] - Browser is opened with url: ''

2023-10-16 16:25:30 - [TEST_STEP][PASSED] - maximizeWindow(): Current window maximized

2023-10-16 16:25:31 - [MESSAGE][PASSED] - Current window maximized

2023-10-16 16:25:31 - [TEST_STEP][PASSED] - navigateToUrl("www.continente.pt"): Navigate to 'http://www.continente.pt' successfully

2023-10-16 16:25:33 - [MESSAGE][PASSED] - Navigate to 'http://www.continente.pt' successfully

2023-10-16 16:25:33 - [TEST_STEP][PASSED] - click(findTestObject("Page_Continente_Online/button_Permitir todos")): Object: 'Object Repository/Page_Continente_Online/button_Permitir todos' is clicked on

2023-10-16 16:25:34 - [MESSAGE][PASSED] - Object: 'Object Repository/Page_Continente_Online/button_Permitir todos' is clicked on]]></system-out>
         <system-err><![CDATA[]]></system-err>
      </testcase>
      <testcase name="Test Cases/Search Product" time="16.935" classname="Test Cases/Search Product" status="PASSED">
         <system-out><![CDATA[2023-10-16 16:25:34 - [TEST_CASE][PASSED] - Test Cases/Search Product: Test Cases/Search Product

2023-10-16 16:25:34 - [TEST_STEP][PASSED] - callTestCase(findTestCase("Open Continente"), [:], STOP_ON_FAILURE): Call Test Case 'Test Cases/Open Continente' successfully

2023-10-16 16:25:35 - [TEST_CASE][PASSED] - Test Cases/Open Continente: Test Cases/Open Continente

2023-10-16 16:25:35 - [TEST_STEP][PASSED] - openBrowser(""): Browser is opened with url: ''

2023-10-16 16:25:35 - [MESSAGE][WARNING] - A browser is already opened. Closing browser and opening a new one

2023-10-16 16:25:37 - [MESSAGE][INFO] - Starting 'Chrome' driver

2023-10-16 16:25:37 - [MESSAGE][INFO] - Action delay is set to 0 milliseconds

2023-10-16 16:25:38 - [MESSAGE][PASSED] - Browser is opened with url: ''

2023-10-16 16:25:38 - [TEST_STEP][PASSED] - maximizeWindow(): Current window maximized

2023-10-16 16:25:38 - [MESSAGE][PASSED] - Current window maximized

2023-10-16 16:25:38 - [TEST_STEP][PASSED] - navigateToUrl("www.continente.pt"): Navigate to 'http://www.continente.pt' successfully

2023-10-16 16:25:41 - [MESSAGE][PASSED] - Navigate to 'http://www.continente.pt' successfully

2023-10-16 16:25:41 - [TEST_STEP][PASSED] - click(findTestObject("Page_Continente_Online/button_Permitir todos")): Object: 'Object Repository/Page_Continente_Online/button_Permitir todos' is clicked on

2023-10-16 16:25:42 - [MESSAGE][PASSED] - Object: 'Object Repository/Page_Continente_Online/button_Permitir todos' is clicked on

2023-10-16 16:25:42 - [MESSAGE][PASSED] - Call Test Case 'Test Cases/Open Continente' successfully

2023-10-16 16:25:42 - [TEST_STEP][PASSED] - setText(findTestObject("Page_Continente_Online/input_search_text"), "queijo"): Text 'queijo' is set on object 'Object Repository/Page_Continente_Online/input_search_text'

2023-10-16 16:25:47 - [MESSAGE][PASSED] - Text 'queijo' is set on object 'Object Repository/Page_Continente_Online/input_search_text'

2023-10-16 16:25:47 - [TEST_STEP][PASSED] - click(findTestObject("Page_Continente_Online/span_search_item")): Object: 'Object Repository/Page_Continente_Online/span_search_item' is clicked on

2023-10-16 16:25:51 - [MESSAGE][PASSED] - Object: 'Object Repository/Page_Continente_Online/span_search_item' is clicked on]]></system-out>
         <system-err><![CDATA[]]></system-err>
      </testcase>
      <testcase name="Test Cases/Add 1 Item to Cart" time="30.802" classname="Test Cases/Add 1 Item to Cart" status="PASSED">
         <system-out><![CDATA[2023-10-16 16:25:51 - [TEST_CASE][PASSED] - Test Cases/Add 1 Item to Cart: Test Cases/Add 1 Item to Cart

2023-10-16 16:25:51 - [TEST_STEP][PASSED] - callTestCase(findTestCase("Open Continente"), [:], STOP_ON_FAILURE): Call Test Case 'Test Cases/Open Continente' successfully

2023-10-16 16:25:51 - [TEST_CASE][PASSED] - Test Cases/Open Continente: Test Cases/Open Continente

2023-10-16 16:25:51 - [TEST_STEP][PASSED] - openBrowser(""): Browser is opened with url: ''

2023-10-16 16:25:51 - [MESSAGE][WARNING] - A browser is already opened. Closing browser and opening a new one

2023-10-16 16:25:52 - [MESSAGE][INFO] - Starting 'Chrome' driver

2023-10-16 16:25:52 - [MESSAGE][INFO] - Action delay is set to 0 milliseconds

2023-10-16 16:25:54 - [MESSAGE][PASSED] - Browser is opened with url: ''

2023-10-16 16:25:54 - [TEST_STEP][PASSED] - maximizeWindow(): Current window maximized

2023-10-16 16:25:54 - [MESSAGE][PASSED] - Current window maximized

2023-10-16 16:25:54 - [TEST_STEP][PASSED] - navigateToUrl("www.continente.pt"): Navigate to 'http://www.continente.pt' successfully

2023-10-16 16:25:59 - [MESSAGE][PASSED] - Navigate to 'http://www.continente.pt' successfully

2023-10-16 16:25:59 - [TEST_STEP][PASSED] - click(findTestObject("Page_Continente_Online/button_Permitir todos")): Object: 'Object Repository/Page_Continente_Online/button_Permitir todos' is clicked on

2023-10-16 16:26:00 - [MESSAGE][PASSED] - Object: 'Object Repository/Page_Continente_Online/button_Permitir todos' is clicked on

2023-10-16 16:26:00 - [MESSAGE][PASSED] - Call Test Case 'Test Cases/Open Continente' successfully

2023-10-16 16:26:00 - [TEST_STEP][PASSED] - callTestCase(findTestCase("Search Product"), [:], STOP_ON_FAILURE): Call Test Case 'Test Cases/Search Product' successfully

2023-10-16 16:26:00 - [TEST_CASE][PASSED] - Test Cases/Search Product: Test Cases/Search Product

2023-10-16 16:26:00 - [TEST_STEP][PASSED] - callTestCase(findTestCase("Open Continente"), [:], STOP_ON_FAILURE): Call Test Case 'Test Cases/Open Continente' successfully

2023-10-16 16:26:00 - [TEST_CASE][PASSED] - Test Cases/Open Continente: Test Cases/Open Continente

2023-10-16 16:26:00 - [TEST_STEP][PASSED] - openBrowser(""): Browser is opened with url: ''

2023-10-16 16:26:00 - [MESSAGE][WARNING] - A browser is already opened. Closing browser and opening a new one

2023-10-16 16:26:02 - [MESSAGE][INFO] - Starting 'Chrome' driver

2023-10-16 16:26:02 - [MESSAGE][INFO] - Action delay is set to 0 milliseconds

2023-10-16 16:26:04 - [MESSAGE][PASSED] - Browser is opened with url: ''

2023-10-16 16:26:04 - [TEST_STEP][PASSED] - maximizeWindow(): Current window maximized

2023-10-16 16:26:04 - [MESSAGE][PASSED] - Current window maximized

2023-10-16 16:26:04 - [TEST_STEP][PASSED] - navigateToUrl("www.continente.pt"): Navigate to 'http://www.continente.pt' successfully

2023-10-16 16:26:09 - [MESSAGE][PASSED] - Navigate to 'http://www.continente.pt' successfully

2023-10-16 16:26:09 - [TEST_STEP][PASSED] - click(findTestObject("Page_Continente_Online/button_Permitir todos")): Object: 'Object Repository/Page_Continente_Online/button_Permitir todos' is clicked on

2023-10-16 16:26:09 - [MESSAGE][PASSED] - Object: 'Object Repository/Page_Continente_Online/button_Permitir todos' is clicked on

2023-10-16 16:26:09 - [MESSAGE][PASSED] - Call Test Case 'Test Cases/Open Continente' successfully

2023-10-16 16:26:09 - [TEST_STEP][PASSED] - setText(findTestObject("Page_Continente_Online/input_search_text"), "queijo"): Text 'queijo' is set on object 'Object Repository/Page_Continente_Online/input_search_text'

2023-10-16 16:26:14 - [MESSAGE][PASSED] - Text 'queijo' is set on object 'Object Repository/Page_Continente_Online/input_search_text'

2023-10-16 16:26:14 - [TEST_STEP][PASSED] - click(findTestObject("Page_Continente_Online/span_search_item")): Object: 'Object Repository/Page_Continente_Online/span_search_item' is clicked on

2023-10-16 16:26:20 - [MESSAGE][PASSED] - Object: 'Object Repository/Page_Continente_Online/span_search_item' is clicked on

2023-10-16 16:26:20 - [MESSAGE][PASSED] - Call Test Case 'Test Cases/Search Product' successfully

2023-10-16 16:26:20 - [TEST_STEP][PASSED] - click(findTestObject("Page_Resultados_de_pesquisa/span_Carrinho")): Object: 'Object Repository/Page_Resultados_de_pesquisa/span_Carrinho' is clicked on

2023-10-16 16:26:22 - [MESSAGE][PASSED] - Object: 'Object Repository/Page_Resultados_de_pesquisa/span_Carrinho' is clicked on]]></system-out>
         <system-err><![CDATA[]]></system-err>
      </testcase>
      <testcase name="Test Cases/Add 2 Items to Cart" time="28.944" classname="Test Cases/Add 2 Items to Cart" status="PASSED">
         <system-out><![CDATA[2023-10-16 16:26:22 - [TEST_CASE][PASSED] - Test Cases/Add 2 Items to Cart: Test Cases/Add 2 Items to Cart

2023-10-16 16:26:22 - [TEST_STEP][PASSED] - callTestCase(findTestCase("Open Continente"), [:], STOP_ON_FAILURE): Call Test Case 'Test Cases/Open Continente' successfully

2023-10-16 16:26:22 - [TEST_CASE][PASSED] - Test Cases/Open Continente: Test Cases/Open Continente

2023-10-16 16:26:22 - [TEST_STEP][PASSED] - openBrowser(""): Browser is opened with url: ''

2023-10-16 16:26:22 - [MESSAGE][WARNING] - A browser is already opened. Closing browser and opening a new one

2023-10-16 16:26:23 - [MESSAGE][INFO] - Starting 'Chrome' driver

2023-10-16 16:26:23 - [MESSAGE][INFO] - Action delay is set to 0 milliseconds

2023-10-16 16:26:24 - [MESSAGE][PASSED] - Browser is opened with url: ''

2023-10-16 16:26:24 - [TEST_STEP][PASSED] - maximizeWindow(): Current window maximized

2023-10-16 16:26:24 - [MESSAGE][PASSED] - Current window maximized

2023-10-16 16:26:24 - [TEST_STEP][PASSED] - navigateToUrl("www.continente.pt"): Navigate to 'http://www.continente.pt' successfully

2023-10-16 16:26:27 - [MESSAGE][PASSED] - Navigate to 'http://www.continente.pt' successfully

2023-10-16 16:26:27 - [TEST_STEP][PASSED] - click(findTestObject("Page_Continente_Online/button_Permitir todos")): Object: 'Object Repository/Page_Continente_Online/button_Permitir todos' is clicked on

2023-10-16 16:26:28 - [MESSAGE][PASSED] - Object: 'Object Repository/Page_Continente_Online/button_Permitir todos' is clicked on

2023-10-16 16:26:28 - [MESSAGE][PASSED] - Call Test Case 'Test Cases/Open Continente' successfully

2023-10-16 16:26:28 - [TEST_STEP][PASSED] - callTestCase(findTestCase("Add 1 Item to Cart"), [:], STOP_ON_FAILURE): Call Test Case 'Test Cases/Add 1 Item to Cart' successfully

2023-10-16 16:26:28 - [TEST_CASE][PASSED] - Test Cases/Add 1 Item to Cart: Test Cases/Add 1 Item to Cart

2023-10-16 16:26:28 - [TEST_STEP][PASSED] - callTestCase(findTestCase("Open Continente"), [:], STOP_ON_FAILURE): Call Test Case 'Test Cases/Open Continente' successfully

2023-10-16 16:26:28 - [TEST_CASE][PASSED] - Test Cases/Open Continente: Test Cases/Open Continente

2023-10-16 16:26:28 - [TEST_STEP][PASSED] - openBrowser(""): Browser is opened with url: ''

2023-10-16 16:26:28 - [MESSAGE][WARNING] - A browser is already opened. Closing browser and opening a new one

2023-10-16 16:26:29 - [MESSAGE][INFO] - Starting 'Chrome' driver

2023-10-16 16:26:29 - [MESSAGE][INFO] - Action delay is set to 0 milliseconds

2023-10-16 16:26:30 - [MESSAGE][PASSED] - Browser is opened with url: ''

2023-10-16 16:26:30 - [TEST_STEP][PASSED] - maximizeWindow(): Current window maximized

2023-10-16 16:26:30 - [MESSAGE][PASSED] - Current window maximized

2023-10-16 16:26:30 - [TEST_STEP][PASSED] - navigateToUrl("www.continente.pt"): Navigate to 'http://www.continente.pt' successfully

2023-10-16 16:26:33 - [MESSAGE][PASSED] - Navigate to 'http://www.continente.pt' successfully

2023-10-16 16:26:33 - [TEST_STEP][PASSED] - click(findTestObject("Page_Continente_Online/button_Permitir todos")): Object: 'Object Repository/Page_Continente_Online/button_Permitir todos' is clicked on

2023-10-16 16:26:34 - [MESSAGE][PASSED] - Object: 'Object Repository/Page_Continente_Online/button_Permitir todos' is clicked on

2023-10-16 16:26:34 - [MESSAGE][PASSED] - Call Test Case 'Test Cases/Open Continente' successfully

2023-10-16 16:26:34 - [TEST_STEP][PASSED] - callTestCase(findTestCase("Search Product"), [:], STOP_ON_FAILURE): Call Test Case 'Test Cases/Search Product' successfully

2023-10-16 16:26:34 - [TEST_CASE][PASSED] - Test Cases/Search Product: Test Cases/Search Product

2023-10-16 16:26:34 - [TEST_STEP][PASSED] - callTestCase(findTestCase("Open Continente"), [:], STOP_ON_FAILURE): Call Test Case 'Test Cases/Open Continente' successfully

2023-10-16 16:26:34 - [TEST_CASE][PASSED] - Test Cases/Open Continente: Test Cases/Open Continente

2023-10-16 16:26:34 - [TEST_STEP][PASSED] - openBrowser(""): Browser is opened with url: ''

2023-10-16 16:26:34 - [MESSAGE][WARNING] - A browser is already opened. Closing browser and opening a new one

2023-10-16 16:26:34 - [MESSAGE][INFO] - Starting 'Chrome' driver

2023-10-16 16:26:34 - [MESSAGE][INFO] - Action delay is set to 0 milliseconds

2023-10-16 16:26:35 - [MESSAGE][PASSED] - Browser is opened with url: ''

2023-10-16 16:26:35 - [TEST_STEP][PASSED] - maximizeWindow(): Current window maximized

2023-10-16 16:26:36 - [MESSAGE][PASSED] - Current window maximized

2023-10-16 16:26:36 - [TEST_STEP][PASSED] - navigateToUrl("www.continente.pt"): Navigate to 'http://www.continente.pt' successfully

2023-10-16 16:26:38 - [MESSAGE][PASSED] - Navigate to 'http://www.continente.pt' successfully

2023-10-16 16:26:38 - [TEST_STEP][PASSED] - click(findTestObject("Page_Continente_Online/button_Permitir todos")): Object: 'Object Repository/Page_Continente_Online/button_Permitir todos' is clicked on

2023-10-16 16:26:39 - [MESSAGE][PASSED] - Object: 'Object Repository/Page_Continente_Online/button_Permitir todos' is clicked on

2023-10-16 16:26:39 - [MESSAGE][PASSED] - Call Test Case 'Test Cases/Open Continente' successfully

2023-10-16 16:26:39 - [TEST_STEP][PASSED] - setText(findTestObject("Page_Continente_Online/input_search_text"), "queijo"): Text 'queijo' is set on object 'Object Repository/Page_Continente_Online/input_search_text'

2023-10-16 16:26:42 - [MESSAGE][PASSED] - Text 'queijo' is set on object 'Object Repository/Page_Continente_Online/input_search_text'

2023-10-16 16:26:42 - [TEST_STEP][PASSED] - click(findTestObject("Page_Continente_Online/span_search_item")): Object: 'Object Repository/Page_Continente_Online/span_search_item' is clicked on

2023-10-16 16:26:46 - [MESSAGE][PASSED] - Object: 'Object Repository/Page_Continente_Online/span_search_item' is clicked on

2023-10-16 16:26:46 - [MESSAGE][PASSED] - Call Test Case 'Test Cases/Search Product' successfully

2023-10-16 16:26:46 - [TEST_STEP][PASSED] - click(findTestObject("Page_Resultados_de_pesquisa/span_Carrinho")): Object: 'Object Repository/Page_Resultados_de_pesquisa/span_Carrinho' is clicked on

2023-10-16 16:26:49 - [MESSAGE][PASSED] - Object: 'Object Repository/Page_Resultados_de_pesquisa/span_Carrinho' is clicked on

2023-10-16 16:26:49 - [MESSAGE][PASSED] - Call Test Case 'Test Cases/Add 1 Item to Cart' successfully

2023-10-16 16:26:49 - [TEST_STEP][PASSED] - click(findTestObject("Page_Resultados_de_pesquisa/span_Carrinho_2")): Object: 'Object Repository/Page_Resultados_de_pesquisa/span_Carrinho_2' is clicked on

2023-10-16 16:26:50 - [MESSAGE][PASSED] - Object: 'Object Repository/Page_Resultados_de_pesquisa/span_Carrinho_2' is clicked on

2023-10-16 16:26:50 - [TEST_STEP][PASSED] - click(findTestObject("Page_Resultados_de_pesquisa/button_aumentar_quantidade_produto")): Object: 'Object Repository/Page_Resultados_de_pesquisa/button_aumentar_quantidade_produto' is clicked on

2023-10-16 16:26:51 - [MESSAGE][PASSED] - Object: 'Object Repository/Page_Resultados_de_pesquisa/button_aumentar_quantidade_produto' is clicked on]]></system-out>
         <system-err><![CDATA[]]></system-err>
      </testcase>
      <testcase name="Test Cases/Show Cart" time="62.635" classname="Test Cases/Show Cart" status="PASSED">
         <system-out><![CDATA[2023-10-16 16:26:51 - [TEST_CASE][PASSED] - Test Cases/Show Cart: Test Cases/Show Cart

2023-10-16 16:26:51 - [TEST_STEP][PASSED] - callTestCase(findTestCase("Open Google"), [:], STOP_ON_FAILURE): Call Test Case 'Test Cases/Open Google' successfully

2023-10-16 16:26:51 - [TEST_CASE][PASSED] - Test Cases/Open Google: Test Cases/Open Google

2023-10-16 16:26:51 - [TEST_STEP][PASSED] - openBrowser(""): Browser is opened with url: ''

2023-10-16 16:26:51 - [MESSAGE][WARNING] - A browser is already opened. Closing browser and opening a new one

2023-10-16 16:26:51 - [MESSAGE][INFO] - Starting 'Chrome' driver

2023-10-16 16:26:51 - [MESSAGE][INFO] - Action delay is set to 0 milliseconds

2023-10-16 16:26:52 - [MESSAGE][PASSED] - Browser is opened with url: ''

2023-10-16 16:26:52 - [TEST_STEP][PASSED] - navigateToUrl("www.google.pt"): Navigate to 'http://www.google.pt' successfully

2023-10-16 16:26:54 - [MESSAGE][PASSED] - Navigate to 'http://www.google.pt' successfully

2023-10-16 16:26:54 - [MESSAGE][PASSED] - Call Test Case 'Test Cases/Open Google' successfully

2023-10-16 16:26:54 - [TEST_STEP][PASSED] - callTestCase(findTestCase("Search Product"), [:], STOP_ON_FAILURE): Call Test Case 'Test Cases/Search Product' successfully

2023-10-16 16:26:54 - [TEST_CASE][PASSED] - Test Cases/Search Product: Test Cases/Search Product

2023-10-16 16:26:54 - [TEST_STEP][PASSED] - callTestCase(findTestCase("Open Continente"), [:], STOP_ON_FAILURE): Call Test Case 'Test Cases/Open Continente' successfully

2023-10-16 16:26:54 - [TEST_CASE][PASSED] - Test Cases/Open Continente: Test Cases/Open Continente

2023-10-16 16:26:54 - [TEST_STEP][PASSED] - openBrowser(""): Browser is opened with url: ''

2023-10-16 16:26:54 - [MESSAGE][WARNING] - A browser is already opened. Closing browser and opening a new one

2023-10-16 16:26:54 - [MESSAGE][INFO] - Starting 'Chrome' driver

2023-10-16 16:26:54 - [MESSAGE][INFO] - Action delay is set to 0 milliseconds

2023-10-16 16:26:55 - [MESSAGE][PASSED] - Browser is opened with url: ''

2023-10-16 16:26:55 - [TEST_STEP][PASSED] - maximizeWindow(): Current window maximized

2023-10-16 16:26:56 - [MESSAGE][PASSED] - Current window maximized

2023-10-16 16:26:56 - [TEST_STEP][PASSED] - navigateToUrl("www.continente.pt"): Navigate to 'http://www.continente.pt' successfully

2023-10-16 16:26:58 - [MESSAGE][PASSED] - Navigate to 'http://www.continente.pt' successfully

2023-10-16 16:26:58 - [TEST_STEP][PASSED] - click(findTestObject("Page_Continente_Online/button_Permitir todos")): Object: 'Object Repository/Page_Continente_Online/button_Permitir todos' is clicked on

2023-10-16 16:27:02 - [MESSAGE][PASSED] - Object: 'Object Repository/Page_Continente_Online/button_Permitir todos' is clicked on

2023-10-16 16:27:02 - [MESSAGE][PASSED] - Call Test Case 'Test Cases/Open Continente' successfully

2023-10-16 16:27:02 - [TEST_STEP][PASSED] - setText(findTestObject("Page_Continente_Online/input_search_text"), "queijo"): Text 'queijo' is set on object 'Object Repository/Page_Continente_Online/input_search_text'

2023-10-16 16:27:03 - [MESSAGE][PASSED] - Text 'queijo' is set on object 'Object Repository/Page_Continente_Online/input_search_text'

2023-10-16 16:27:03 - [TEST_STEP][PASSED] - click(findTestObject("Page_Continente_Online/span_search_item")): Object: 'Object Repository/Page_Continente_Online/span_search_item' is clicked on

2023-10-16 16:27:06 - [MESSAGE][PASSED] - Object: 'Object Repository/Page_Continente_Online/span_search_item' is clicked on

2023-10-16 16:27:06 - [MESSAGE][PASSED] - Call Test Case 'Test Cases/Search Product' successfully

2023-10-16 16:27:06 - [TEST_STEP][PASSED] - callTestCase(findTestCase("Add 1 Item to Cart"), [:], STOP_ON_FAILURE): Call Test Case 'Test Cases/Add 1 Item to Cart' successfully

2023-10-16 16:27:06 - [TEST_CASE][PASSED] - Test Cases/Add 1 Item to Cart: Test Cases/Add 1 Item to Cart

2023-10-16 16:27:06 - [TEST_STEP][PASSED] - callTestCase(findTestCase("Open Continente"), [:], STOP_ON_FAILURE): Call Test Case 'Test Cases/Open Continente' successfully

2023-10-16 16:27:06 - [TEST_CASE][PASSED] - Test Cases/Open Continente: Test Cases/Open Continente

2023-10-16 16:27:06 - [TEST_STEP][PASSED] - openBrowser(""): Browser is opened with url: ''

2023-10-16 16:27:06 - [MESSAGE][WARNING] - A browser is already opened. Closing browser and opening a new one

2023-10-16 16:27:07 - [MESSAGE][INFO] - Starting 'Chrome' driver

2023-10-16 16:27:07 - [MESSAGE][INFO] - Action delay is set to 0 milliseconds

2023-10-16 16:27:08 - [MESSAGE][PASSED] - Browser is opened with url: ''

2023-10-16 16:27:08 - [TEST_STEP][PASSED] - maximizeWindow(): Current window maximized

2023-10-16 16:27:08 - [MESSAGE][PASSED] - Current window maximized

2023-10-16 16:27:08 - [TEST_STEP][PASSED] - navigateToUrl("www.continente.pt"): Navigate to 'http://www.continente.pt' successfully

2023-10-16 16:27:11 - [MESSAGE][PASSED] - Navigate to 'http://www.continente.pt' successfully

2023-10-16 16:27:11 - [TEST_STEP][PASSED] - click(findTestObject("Page_Continente_Online/button_Permitir todos")): Object: 'Object Repository/Page_Continente_Online/button_Permitir todos' is clicked on

2023-10-16 16:27:11 - [MESSAGE][PASSED] - Object: 'Object Repository/Page_Continente_Online/button_Permitir todos' is clicked on

2023-10-16 16:27:11 - [MESSAGE][PASSED] - Call Test Case 'Test Cases/Open Continente' successfully

2023-10-16 16:27:11 - [TEST_STEP][PASSED] - callTestCase(findTestCase("Search Product"), [:], STOP_ON_FAILURE): Call Test Case 'Test Cases/Search Product' successfully

2023-10-16 16:27:11 - [TEST_CASE][PASSED] - Test Cases/Search Product: Test Cases/Search Product

2023-10-16 16:27:11 - [TEST_STEP][PASSED] - callTestCase(findTestCase("Open Continente"), [:], STOP_ON_FAILURE): Call Test Case 'Test Cases/Open Continente' successfully

2023-10-16 16:27:11 - [TEST_CASE][PASSED] - Test Cases/Open Continente: Test Cases/Open Continente

2023-10-16 16:27:11 - [TEST_STEP][PASSED] - openBrowser(""): Browser is opened with url: ''

2023-10-16 16:27:11 - [MESSAGE][WARNING] - A browser is already opened. Closing browser and opening a new one

2023-10-16 16:27:12 - [MESSAGE][INFO] - Starting 'Chrome' driver

2023-10-16 16:27:12 - [MESSAGE][INFO] - Action delay is set to 0 milliseconds

2023-10-16 16:27:13 - [MESSAGE][PASSED] - Browser is opened with url: ''

2023-10-16 16:27:13 - [TEST_STEP][PASSED] - maximizeWindow(): Current window maximized

2023-10-16 16:27:13 - [MESSAGE][PASSED] - Current window maximized

2023-10-16 16:27:13 - [TEST_STEP][PASSED] - navigateToUrl("www.continente.pt"): Navigate to 'http://www.continente.pt' successfully

2023-10-16 16:27:17 - [MESSAGE][PASSED] - Navigate to 'http://www.continente.pt' successfully

2023-10-16 16:27:17 - [TEST_STEP][PASSED] - click(findTestObject("Page_Continente_Online/button_Permitir todos")): Object: 'Object Repository/Page_Continente_Online/button_Permitir todos' is clicked on

2023-10-16 16:27:18 - [MESSAGE][PASSED] - Object: 'Object Repository/Page_Continente_Online/button_Permitir todos' is clicked on

2023-10-16 16:27:18 - [MESSAGE][PASSED] - Call Test Case 'Test Cases/Open Continente' successfully

2023-10-16 16:27:18 - [TEST_STEP][PASSED] - setText(findTestObject("Page_Continente_Online/input_search_text"), "queijo"): Text 'queijo' is set on object 'Object Repository/Page_Continente_Online/input_search_text'

2023-10-16 16:27:22 - [MESSAGE][PASSED] - Text 'queijo' is set on object 'Object Repository/Page_Continente_Online/input_search_text'

2023-10-16 16:27:22 - [TEST_STEP][PASSED] - click(findTestObject("Page_Continente_Online/span_search_item")): Object: 'Object Repository/Page_Continente_Online/span_search_item' is clicked on

2023-10-16 16:27:24 - [MESSAGE][PASSED] - Object: 'Object Repository/Page_Continente_Online/span_search_item' is clicked on

2023-10-16 16:27:24 - [MESSAGE][PASSED] - Call Test Case 'Test Cases/Search Product' successfully

2023-10-16 16:27:24 - [TEST_STEP][PASSED] - click(findTestObject("Page_Resultados_de_pesquisa/span_Carrinho")): Object: 'Object Repository/Page_Resultados_de_pesquisa/span_Carrinho' is clicked on

2023-10-16 16:27:27 - [MESSAGE][PASSED] - Object: 'Object Repository/Page_Resultados_de_pesquisa/span_Carrinho' is clicked on

2023-10-16 16:27:27 - [MESSAGE][PASSED] - Call Test Case 'Test Cases/Add 1 Item to Cart' successfully

2023-10-16 16:27:27 - [TEST_STEP][PASSED] - callTestCase(findTestCase("Add 2 Items to Cart"), [:], STOP_ON_FAILURE): Call Test Case 'Test Cases/Add 2 Items to Cart' successfully

2023-10-16 16:27:27 - [TEST_CASE][PASSED] - Test Cases/Add 2 Items to Cart: Test Cases/Add 2 Items to Cart

2023-10-16 16:27:27 - [TEST_STEP][PASSED] - callTestCase(findTestCase("Open Continente"), [:], STOP_ON_FAILURE): Call Test Case 'Test Cases/Open Continente' successfully

2023-10-16 16:27:27 - [TEST_CASE][PASSED] - Test Cases/Open Continente: Test Cases/Open Continente

2023-10-16 16:27:27 - [TEST_STEP][PASSED] - openBrowser(""): Browser is opened with url: ''

2023-10-16 16:27:27 - [MESSAGE][WARNING] - A browser is already opened. Closing browser and opening a new one

2023-10-16 16:27:27 - [MESSAGE][INFO] - Starting 'Chrome' driver

2023-10-16 16:27:27 - [MESSAGE][INFO] - Action delay is set to 0 milliseconds

2023-10-16 16:27:28 - [MESSAGE][PASSED] - Browser is opened with url: ''

2023-10-16 16:27:28 - [TEST_STEP][PASSED] - maximizeWindow(): Current window maximized

2023-10-16 16:27:28 - [MESSAGE][PASSED] - Current window maximized

2023-10-16 16:27:28 - [TEST_STEP][PASSED] - navigateToUrl("www.continente.pt"): Navigate to 'http://www.continente.pt' successfully

2023-10-16 16:27:31 - [MESSAGE][PASSED] - Navigate to 'http://www.continente.pt' successfully

2023-10-16 16:27:31 - [TEST_STEP][PASSED] - click(findTestObject("Page_Continente_Online/button_Permitir todos")): Object: 'Object Repository/Page_Continente_Online/button_Permitir todos' is clicked on

2023-10-16 16:27:31 - [MESSAGE][PASSED] - Object: 'Object Repository/Page_Continente_Online/button_Permitir todos' is clicked on

2023-10-16 16:27:31 - [MESSAGE][PASSED] - Call Test Case 'Test Cases/Open Continente' successfully

2023-10-16 16:27:31 - [TEST_STEP][PASSED] - callTestCase(findTestCase("Add 1 Item to Cart"), [:], STOP_ON_FAILURE): Call Test Case 'Test Cases/Add 1 Item to Cart' successfully

2023-10-16 16:27:32 - [TEST_CASE][PASSED] - Test Cases/Add 1 Item to Cart: Test Cases/Add 1 Item to Cart

2023-10-16 16:27:32 - [TEST_STEP][PASSED] - callTestCase(findTestCase("Open Continente"), [:], STOP_ON_FAILURE): Call Test Case 'Test Cases/Open Continente' successfully

2023-10-16 16:27:32 - [TEST_CASE][PASSED] - Test Cases/Open Continente: Test Cases/Open Continente

2023-10-16 16:27:32 - [TEST_STEP][PASSED] - openBrowser(""): Browser is opened with url: ''

2023-10-16 16:27:32 - [MESSAGE][WARNING] - A browser is already opened. Closing browser and opening a new one

2023-10-16 16:27:32 - [MESSAGE][INFO] - Starting 'Chrome' driver

2023-10-16 16:27:32 - [MESSAGE][INFO] - Action delay is set to 0 milliseconds

2023-10-16 16:27:33 - [MESSAGE][PASSED] - Browser is opened with url: ''

2023-10-16 16:27:33 - [TEST_STEP][PASSED] - maximizeWindow(): Current window maximized

2023-10-16 16:27:33 - [MESSAGE][PASSED] - Current window maximized

2023-10-16 16:27:33 - [TEST_STEP][PASSED] - navigateToUrl("www.continente.pt"): Navigate to 'http://www.continente.pt' successfully

2023-10-16 16:27:35 - [MESSAGE][PASSED] - Navigate to 'http://www.continente.pt' successfully

2023-10-16 16:27:35 - [TEST_STEP][PASSED] - click(findTestObject("Page_Continente_Online/button_Permitir todos")): Object: 'Object Repository/Page_Continente_Online/button_Permitir todos' is clicked on

2023-10-16 16:27:36 - [MESSAGE][PASSED] - Object: 'Object Repository/Page_Continente_Online/button_Permitir todos' is clicked on

2023-10-16 16:27:36 - [MESSAGE][PASSED] - Call Test Case 'Test Cases/Open Continente' successfully

2023-10-16 16:27:36 - [TEST_STEP][PASSED] - callTestCase(findTestCase("Search Product"), [:], STOP_ON_FAILURE): Call Test Case 'Test Cases/Search Product' successfully

2023-10-16 16:27:36 - [TEST_CASE][PASSED] - Test Cases/Search Product: Test Cases/Search Product

2023-10-16 16:27:36 - [TEST_STEP][PASSED] - callTestCase(findTestCase("Open Continente"), [:], STOP_ON_FAILURE): Call Test Case 'Test Cases/Open Continente' successfully

2023-10-16 16:27:36 - [TEST_CASE][PASSED] - Test Cases/Open Continente: Test Cases/Open Continente

2023-10-16 16:27:36 - [TEST_STEP][PASSED] - openBrowser(""): Browser is opened with url: ''

2023-10-16 16:27:36 - [MESSAGE][WARNING] - A browser is already opened. Closing browser and opening a new one

2023-10-16 16:27:37 - [MESSAGE][INFO] - Starting 'Chrome' driver

2023-10-16 16:27:37 - [MESSAGE][INFO] - Action delay is set to 0 milliseconds

2023-10-16 16:27:38 - [MESSAGE][PASSED] - Browser is opened with url: ''

2023-10-16 16:27:38 - [TEST_STEP][PASSED] - maximizeWindow(): Current window maximized

2023-10-16 16:27:38 - [MESSAGE][PASSED] - Current window maximized

2023-10-16 16:27:38 - [TEST_STEP][PASSED] - navigateToUrl("www.continente.pt"): Navigate to 'http://www.continente.pt' successfully

2023-10-16 16:27:41 - [MESSAGE][PASSED] - Navigate to 'http://www.continente.pt' successfully

2023-10-16 16:27:41 - [TEST_STEP][PASSED] - click(findTestObject("Page_Continente_Online/button_Permitir todos")): Object: 'Object Repository/Page_Continente_Online/button_Permitir todos' is clicked on

2023-10-16 16:27:43 - [MESSAGE][PASSED] - Object: 'Object Repository/Page_Continente_Online/button_Permitir todos' is clicked on

2023-10-16 16:27:43 - [MESSAGE][PASSED] - Call Test Case 'Test Cases/Open Continente' successfully

2023-10-16 16:27:43 - [TEST_STEP][PASSED] - setText(findTestObject("Page_Continente_Online/input_search_text"), "queijo"): Text 'queijo' is set on object 'Object Repository/Page_Continente_Online/input_search_text'

2023-10-16 16:27:46 - [MESSAGE][PASSED] - Text 'queijo' is set on object 'Object Repository/Page_Continente_Online/input_search_text'

2023-10-16 16:27:46 - [TEST_STEP][PASSED] - click(findTestObject("Page_Continente_Online/span_search_item")): Object: 'Object Repository/Page_Continente_Online/span_search_item' is clicked on

2023-10-16 16:27:48 - [MESSAGE][PASSED] - Object: 'Object Repository/Page_Continente_Online/span_search_item' is clicked on

2023-10-16 16:27:48 - [MESSAGE][PASSED] - Call Test Case 'Test Cases/Search Product' successfully

2023-10-16 16:27:48 - [TEST_STEP][PASSED] - click(findTestObject("Page_Resultados_de_pesquisa/span_Carrinho")): Object: 'Object Repository/Page_Resultados_de_pesquisa/span_Carrinho' is clicked on

2023-10-16 16:27:50 - [MESSAGE][PASSED] - Object: 'Object Repository/Page_Resultados_de_pesquisa/span_Carrinho' is clicked on

2023-10-16 16:27:50 - [MESSAGE][PASSED] - Call Test Case 'Test Cases/Add 1 Item to Cart' successfully

2023-10-16 16:27:50 - [TEST_STEP][PASSED] - click(findTestObject("Page_Resultados_de_pesquisa/span_Carrinho_2")): Object: 'Object Repository/Page_Resultados_de_pesquisa/span_Carrinho_2' is clicked on

2023-10-16 16:27:51 - [MESSAGE][PASSED] - Object: 'Object Repository/Page_Resultados_de_pesquisa/span_Carrinho_2' is clicked on

2023-10-16 16:27:51 - [TEST_STEP][PASSED] - click(findTestObject("Page_Resultados_de_pesquisa/button_aumentar_quantidade_produto")): Object: 'Object Repository/Page_Resultados_de_pesquisa/button_aumentar_quantidade_produto' is clicked on

2023-10-16 16:27:53 - [MESSAGE][PASSED] - Object: 'Object Repository/Page_Resultados_de_pesquisa/button_aumentar_quantidade_produto' is clicked on

2023-10-16 16:27:53 - [MESSAGE][PASSED] - Call Test Case 'Test Cases/Add 2 Items to Cart' successfully

2023-10-16 16:27:53 - [TEST_STEP][PASSED] - click(findTestObject("Page_Resultados_de_pesquisa/span_13,37")): Object: 'Object Repository/Page_Resultados_de_pesquisa/span_13,37' is clicked on

2023-10-16 16:27:53 - [MESSAGE][PASSED] - Object: 'Object Repository/Page_Resultados_de_pesquisa/span_13,37' is clicked on

2023-10-16 16:27:53 - [TEST_STEP][PASSED] - closeBrowser(): Browser is closed

2023-10-16 16:27:53 - [MESSAGE][PASSED] - Browser is closed]]></system-out>
         <system-err><![CDATA[]]></system-err>
      </testcase>
      <system-out><![CDATA[2023-10-16 16:25:27 - [TEST_SUITE][PASSED] - Continente: Test Cases/Show Cart]]></system-out>
      <system-err><![CDATA[]]></system-err>
   </testsuite>
</testsuites>
