<?xml version="1.0" encoding="UTF-8"?>
<testsuites name="Continente" time="17.786" tests="2" failures="0" errors="0">
   <testsuite name="Continente" tests="2" failures="0" errors="0" time="17.786" skipped="0" timestamp="2023-10-13 15:29:44" hostname="xavier.a.santos - MININT-CAEUVD4.noesis.pt" id="Test Suites/Continente">
      <properties>
         <property name="deviceName" value=""/>
         <property name="devicePlatform" value=""/>
         <property name="logFolder" value="C:\\Users\\xavier.a.santos\\git\\KatalonContinente\\Reports\\20231013_152937\\Continente\\20231013_152937"/>
         <property name="logFiles" value="C:\\Users\\xavier.a.santos\\git\\KatalonContinente\\Reports\\20231013_152937\\Continente\\20231013_152937\\execution0.log"/>
         <property name="attachments" value=""/>
         <property name="hostName" value="xavier.a.santos - MININT-CAEUVD4.noesis.pt"/>
         <property name="os" value="Windows 11 64bit"/>
         <property name="katalonVersion" value="9.0.0.beta.212"/>
         <property name="browser" value="Chrome 118.0.0.0"/>
         <property name="hostAddress" value="192.168.1.133"/>
         <property name="sessionId" value="dd539fd073d45b6c2fe3079fc3052cd0"/>
         <property name="seleniumVersion" value="3.141.59"/>
         <property name="proxyInformation" value="ProxyInformation { proxyOption=NO_PROXY, proxyServerType=HTTP, username=, password=********, proxyServerAddress=, proxyServerPort=0, executionList=&quot;&quot;, isApplyToDesiredCapabilities=true }"/>
         <property name="platform" value="Windows 11"/>
      </properties>
      <testcase name="Test Cases/Open Continente" time="5.664" classname="Test Cases/Open Continente" status="PASSED">
         <system-out><![CDATA[2023-10-13 15:29:44 - [TEST_CASE][PASSED] - Test Cases/Open Continente: Test Cases/Open Continente

2023-10-13 15:29:44 - [TEST_STEP][PASSED] - openBrowser(""): Browser is opened with url: ''

2023-10-13 15:29:45 - [MESSAGE][INFO] - Starting 'Chrome' driver

2023-10-13 15:29:45 - [MESSAGE][INFO] - Action delay is set to 0 milliseconds

2023-10-13 15:29:46 - [MESSAGE][PASSED] - Browser is opened with url: ''

2023-10-13 15:29:46 - [TEST_STEP][PASSED] - navigateToUrl("https://www.continente.pt/"): Navigate to 'https://www.continente.pt/' successfully

2023-10-13 15:29:49 - [MESSAGE][PASSED] - Navigate to 'https://www.continente.pt/' successfully

2023-10-13 15:29:49 - [TEST_STEP][PASSED] - click(findTestObject("Object Repository/Page_Continente Online  Compras de Supermer_4cd3d9/button_Permitir todos")): Object: 'Object Repository/Page_Continente Online  Compras de Supermer_4cd3d9/button_Permitir todos' is clicked on

2023-10-13 15:29:50 - [MESSAGE][PASSED] - Object: 'Object Repository/Page_Continente Online  Compras de Supermer_4cd3d9/button_Permitir todos' is clicked on]]></system-out>
         <system-err><![CDATA[]]></system-err>
      </testcase>
      <testcase name="Test Cases/Search Product" time="11.879" classname="Test Cases/Search Product" status="PASSED">
         <system-out><![CDATA[2023-10-13 15:29:50 - [TEST_CASE][PASSED] - Test Cases/Search Product: Test Cases/Search Product

2023-10-13 15:29:50 - [TEST_STEP][PASSED] - callTestCase(findTestCase("Open Continente"), [:], STOP_ON_FAILURE): Call Test Case 'Test Cases/Open Continente' successfully

2023-10-13 15:29:50 - [TEST_CASE][PASSED] - Test Cases/Open Continente: Test Cases/Open Continente

2023-10-13 15:29:50 - [TEST_STEP][PASSED] - openBrowser(""): Browser is opened with url: ''

2023-10-13 15:29:50 - [MESSAGE][WARNING] - A browser is already opened. Closing browser and opening a new one

2023-10-13 15:29:51 - [MESSAGE][INFO] - Starting 'Chrome' driver

2023-10-13 15:29:51 - [MESSAGE][INFO] - Action delay is set to 0 milliseconds

2023-10-13 15:29:52 - [MESSAGE][PASSED] - Browser is opened with url: ''

2023-10-13 15:29:52 - [TEST_STEP][PASSED] - navigateToUrl("https://www.continente.pt/"): Navigate to 'https://www.continente.pt/' successfully

2023-10-13 15:29:53 - [MESSAGE][PASSED] - Navigate to 'https://www.continente.pt/' successfully

2023-10-13 15:29:53 - [TEST_STEP][PASSED] - click(findTestObject("Object Repository/Page_Continente Online  Compras de Supermer_4cd3d9/button_Permitir todos")): Object: 'Object Repository/Page_Continente Online  Compras de Supermer_4cd3d9/button_Permitir todos' is clicked on

2023-10-13 15:29:54 - [MESSAGE][PASSED] - Object: 'Object Repository/Page_Continente Online  Compras de Supermer_4cd3d9/button_Permitir todos' is clicked on

2023-10-13 15:29:54 - [MESSAGE][PASSED] - Call Test Case 'Test Cases/Open Continente' successfully

2023-10-13 15:29:54 - [TEST_STEP][PASSED] - click(findTestObject("Object Repository/Page_Continente Online  Compras de Supermer_4cd3d9/svg_EntregaZero_svg-inline icon-search")): Object: 'Object Repository/Page_Continente Online  Compras de Supermer_4cd3d9/svg_EntregaZero_svg-inline icon-search' is clicked on

2023-10-13 15:29:57 - [MESSAGE][PASSED] - Object: 'Object Repository/Page_Continente Online  Compras de Supermer_4cd3d9/svg_EntregaZero_svg-inline icon-search' is clicked on

2023-10-13 15:29:57 - [TEST_STEP][PASSED] - setText(findTestObject("Object Repository/Page_Continente Online  Compras de Supermer_4cd3d9/input_2023 Modelo Continente Hipermercados,_958617"), "queijo"): Text 'queijo' is set on object 'Object Repository/Page_Continente Online  Compras de Supermer_4cd3d9/input_2023 Modelo Continente Hipermercados,_958617'

2023-10-13 15:29:59 - [MESSAGE][PASSED] - Text 'queijo' is set on object 'Object Repository/Page_Continente Online  Compras de Supermer_4cd3d9/input_2023 Modelo Continente Hipermercados,_958617'

2023-10-13 15:29:59 - [TEST_STEP][PASSED] - click(findTestObject("Object Repository/Page_Continente Online  Compras de Supermer_4cd3d9/span_O que procura_svg-wrapper svg-icon-search")): Object: 'Object Repository/Page_Continente Online  Compras de Supermer_4cd3d9/span_O que procura_svg-wrapper svg-icon-search' is clicked on

2023-10-13 15:30:02 - [MESSAGE][PASSED] - Object: 'Object Repository/Page_Continente Online  Compras de Supermer_4cd3d9/span_O que procura_svg-wrapper svg-icon-search' is clicked on]]></system-out>
         <system-err><![CDATA[]]></system-err>
      </testcase>
      <system-out><![CDATA[2023-10-13 15:29:44 - [TEST_SUITE][PASSED] - Continente: Test Cases/Search Product]]></system-out>
      <system-err><![CDATA[]]></system-err>
   </testsuite>
</testsuites>
