<?xml version="1.0" encoding="UTF-8"?>
<testsuites name="Continente" time="122.15" tests="5" failures="0" errors="0">
   <testsuite name="Continente" tests="5" failures="0" errors="0" time="122.15" skipped="0" timestamp="2023-10-13 15:41:16" hostname="xavier.a.santos - MININT-CAEUVD4.noesis.pt" id="Test Suites/Continente">
      <properties>
         <property name="deviceName" value=""/>
         <property name="devicePlatform" value=""/>
         <property name="logFolder" value="C:\\Users\\xavier.a.santos\\git\\KatalonContinente\\Reports\\20231013_154105\\Continente\\20231013_154105"/>
         <property name="logFiles" value="C:\\Users\\xavier.a.santos\\git\\KatalonContinente\\Reports\\20231013_154105\\Continente\\20231013_154105\\execution0.log"/>
         <property name="attachments" value=""/>
         <property name="hostName" value="xavier.a.santos - MININT-CAEUVD4.noesis.pt"/>
         <property name="os" value="Windows 11 64bit"/>
         <property name="katalonVersion" value="9.0.0.beta.212"/>
         <property name="browser" value="Chrome 118.0.0.0"/>
         <property name="hostAddress" value="192.168.1.133"/>
         <property name="sessionId" value="832e3d6b3c205af2201e40a5ddc11ea4"/>
         <property name="seleniumVersion" value="3.141.59"/>
         <property name="proxyInformation" value="ProxyInformation { proxyOption=NO_PROXY, proxyServerType=HTTP, username=, password=********, proxyServerAddress=, proxyServerPort=0, executionList=&quot;&quot;, isApplyToDesiredCapabilities=true }"/>
         <property name="platform" value="Windows 11"/>
      </properties>
      <testcase name="Test Cases/Open Continente" time="7.778" classname="Test Cases/Open Continente" status="PASSED">
         <system-out><![CDATA[2023-10-13 15:41:17 - [TEST_CASE][PASSED] - Test Cases/Open Continente: Test Cases/Open Continente

2023-10-13 15:41:17 - [TEST_STEP][PASSED] - openBrowser(""): Browser is opened with url: ''

2023-10-13 15:41:17 - [MESSAGE][INFO] - Starting 'Chrome' driver

2023-10-13 15:41:17 - [MESSAGE][INFO] - Action delay is set to 0 milliseconds

2023-10-13 15:41:19 - [MESSAGE][PASSED] - Browser is opened with url: ''

2023-10-13 15:41:19 - [TEST_STEP][PASSED] - navigateToUrl("https://www.continente.pt/"): Navigate to 'https://www.continente.pt/' successfully

2023-10-13 15:41:21 - [MESSAGE][PASSED] - Navigate to 'https://www.continente.pt/' successfully

2023-10-13 15:41:21 - [TEST_STEP][PASSED] - click(findTestObject("Object Repository/Page_Continente Online  Compras de Supermer_4cd3d9/button_Permitir todos")): Object: 'Object Repository/Page_Continente Online  Compras de Supermer_4cd3d9/button_Permitir todos' is clicked on

2023-10-13 15:41:24 - [MESSAGE][PASSED] - Object: 'Object Repository/Page_Continente Online  Compras de Supermer_4cd3d9/button_Permitir todos' is clicked on]]></system-out>
         <system-err><![CDATA[]]></system-err>
      </testcase>
      <testcase name="Test Cases/Search Product" time="16.49" classname="Test Cases/Search Product" status="PASSED">
         <system-out><![CDATA[2023-10-13 15:41:24 - [TEST_CASE][PASSED] - Test Cases/Search Product: Test Cases/Search Product

2023-10-13 15:41:25 - [TEST_STEP][PASSED] - callTestCase(findTestCase("Open Continente"), [:], STOP_ON_FAILURE): Call Test Case 'Test Cases/Open Continente' successfully

2023-10-13 15:41:25 - [TEST_CASE][PASSED] - Test Cases/Open Continente: Test Cases/Open Continente

2023-10-13 15:41:25 - [TEST_STEP][PASSED] - openBrowser(""): Browser is opened with url: ''

2023-10-13 15:41:25 - [MESSAGE][WARNING] - A browser is already opened. Closing browser and opening a new one

2023-10-13 15:41:26 - [MESSAGE][INFO] - Starting 'Chrome' driver

2023-10-13 15:41:26 - [MESSAGE][INFO] - Action delay is set to 0 milliseconds

2023-10-13 15:41:28 - [MESSAGE][PASSED] - Browser is opened with url: ''

2023-10-13 15:41:28 - [TEST_STEP][PASSED] - navigateToUrl("https://www.continente.pt/"): Navigate to 'https://www.continente.pt/' successfully

2023-10-13 15:41:31 - [MESSAGE][PASSED] - Navigate to 'https://www.continente.pt/' successfully

2023-10-13 15:41:31 - [TEST_STEP][PASSED] - click(findTestObject("Object Repository/Page_Continente Online  Compras de Supermer_4cd3d9/button_Permitir todos")): Object: 'Object Repository/Page_Continente Online  Compras de Supermer_4cd3d9/button_Permitir todos' is clicked on

2023-10-13 15:41:32 - [MESSAGE][PASSED] - Object: 'Object Repository/Page_Continente Online  Compras de Supermer_4cd3d9/button_Permitir todos' is clicked on

2023-10-13 15:41:32 - [MESSAGE][PASSED] - Call Test Case 'Test Cases/Open Continente' successfully

2023-10-13 15:41:32 - [TEST_STEP][PASSED] - click(findTestObject("Object Repository/Page_Continente Online  Compras de Supermer_4cd3d9/svg_EntregaZero_svg-inline icon-search")): Object: 'Object Repository/Page_Continente Online  Compras de Supermer_4cd3d9/svg_EntregaZero_svg-inline icon-search' is clicked on

2023-10-13 15:41:36 - [MESSAGE][PASSED] - Object: 'Object Repository/Page_Continente Online  Compras de Supermer_4cd3d9/svg_EntregaZero_svg-inline icon-search' is clicked on

2023-10-13 15:41:36 - [TEST_STEP][PASSED] - setText(findTestObject("Object Repository/Page_Continente Online  Compras de Supermer_4cd3d9/input_2023 Modelo Continente Hipermercados,_958617"), "queijo"): Text 'queijo' is set on object 'Object Repository/Page_Continente Online  Compras de Supermer_4cd3d9/input_2023 Modelo Continente Hipermercados,_958617'

2023-10-13 15:41:37 - [MESSAGE][PASSED] - Text 'queijo' is set on object 'Object Repository/Page_Continente Online  Compras de Supermer_4cd3d9/input_2023 Modelo Continente Hipermercados,_958617'

2023-10-13 15:41:37 - [TEST_STEP][PASSED] - click(findTestObject("Object Repository/Page_Continente Online  Compras de Supermer_4cd3d9/span_O que procura_svg-wrapper svg-icon-search")): Object: 'Object Repository/Page_Continente Online  Compras de Supermer_4cd3d9/span_O que procura_svg-wrapper svg-icon-search' is clicked on

2023-10-13 15:41:41 - [MESSAGE][PASSED] - Object: 'Object Repository/Page_Continente Online  Compras de Supermer_4cd3d9/span_O que procura_svg-wrapper svg-icon-search' is clicked on]]></system-out>
         <system-err><![CDATA[]]></system-err>
      </testcase>
      <testcase name="Test Cases/Add 1 Item to Cart" time="18.691" classname="Test Cases/Add 1 Item to Cart" status="PASSED">
         <system-out><![CDATA[2023-10-13 15:41:41 - [TEST_CASE][PASSED] - Test Cases/Add 1 Item to Cart: Test Cases/Add 1 Item to Cart

2023-10-13 15:41:41 - [TEST_STEP][PASSED] - callTestCase(findTestCase("Open Continente"), [:], STOP_ON_FAILURE): Call Test Case 'Test Cases/Open Continente' successfully

2023-10-13 15:41:41 - [TEST_CASE][PASSED] - Test Cases/Open Continente: Test Cases/Open Continente

2023-10-13 15:41:41 - [TEST_STEP][PASSED] - openBrowser(""): Browser is opened with url: ''

2023-10-13 15:41:41 - [MESSAGE][WARNING] - A browser is already opened. Closing browser and opening a new one

2023-10-13 15:41:42 - [MESSAGE][INFO] - Starting 'Chrome' driver

2023-10-13 15:41:42 - [MESSAGE][INFO] - Action delay is set to 0 milliseconds

2023-10-13 15:41:43 - [MESSAGE][PASSED] - Browser is opened with url: ''

2023-10-13 15:41:43 - [TEST_STEP][PASSED] - navigateToUrl("https://www.continente.pt/"): Navigate to 'https://www.continente.pt/' successfully

2023-10-13 15:41:45 - [MESSAGE][PASSED] - Navigate to 'https://www.continente.pt/' successfully

2023-10-13 15:41:45 - [TEST_STEP][PASSED] - click(findTestObject("Object Repository/Page_Continente Online  Compras de Supermer_4cd3d9/button_Permitir todos")): Object: 'Object Repository/Page_Continente Online  Compras de Supermer_4cd3d9/button_Permitir todos' is clicked on

2023-10-13 15:41:46 - [MESSAGE][PASSED] - Object: 'Object Repository/Page_Continente Online  Compras de Supermer_4cd3d9/button_Permitir todos' is clicked on

2023-10-13 15:41:46 - [MESSAGE][PASSED] - Call Test Case 'Test Cases/Open Continente' successfully

2023-10-13 15:41:46 - [TEST_STEP][PASSED] - callTestCase(findTestCase("Search Product"), [:], STOP_ON_FAILURE): Call Test Case 'Test Cases/Search Product' successfully

2023-10-13 15:41:46 - [TEST_CASE][PASSED] - Test Cases/Search Product: Test Cases/Search Product

2023-10-13 15:41:46 - [TEST_STEP][PASSED] - callTestCase(findTestCase("Open Continente"), [:], STOP_ON_FAILURE): Call Test Case 'Test Cases/Open Continente' successfully

2023-10-13 15:41:46 - [TEST_CASE][PASSED] - Test Cases/Open Continente: Test Cases/Open Continente

2023-10-13 15:41:46 - [TEST_STEP][PASSED] - openBrowser(""): Browser is opened with url: ''

2023-10-13 15:41:46 - [MESSAGE][WARNING] - A browser is already opened. Closing browser and opening a new one

2023-10-13 15:41:47 - [MESSAGE][INFO] - Starting 'Chrome' driver

2023-10-13 15:41:47 - [MESSAGE][INFO] - Action delay is set to 0 milliseconds

2023-10-13 15:41:48 - [MESSAGE][PASSED] - Browser is opened with url: ''

2023-10-13 15:41:48 - [TEST_STEP][PASSED] - navigateToUrl("https://www.continente.pt/"): Navigate to 'https://www.continente.pt/' successfully

2023-10-13 15:41:50 - [MESSAGE][PASSED] - Navigate to 'https://www.continente.pt/' successfully

2023-10-13 15:41:50 - [TEST_STEP][PASSED] - click(findTestObject("Object Repository/Page_Continente Online  Compras de Supermer_4cd3d9/button_Permitir todos")): Object: 'Object Repository/Page_Continente Online  Compras de Supermer_4cd3d9/button_Permitir todos' is clicked on

2023-10-13 15:41:51 - [MESSAGE][PASSED] - Object: 'Object Repository/Page_Continente Online  Compras de Supermer_4cd3d9/button_Permitir todos' is clicked on

2023-10-13 15:41:51 - [MESSAGE][PASSED] - Call Test Case 'Test Cases/Open Continente' successfully

2023-10-13 15:41:51 - [TEST_STEP][PASSED] - click(findTestObject("Object Repository/Page_Continente Online  Compras de Supermer_4cd3d9/svg_EntregaZero_svg-inline icon-search")): Object: 'Object Repository/Page_Continente Online  Compras de Supermer_4cd3d9/svg_EntregaZero_svg-inline icon-search' is clicked on

2023-10-13 15:41:54 - [MESSAGE][PASSED] - Object: 'Object Repository/Page_Continente Online  Compras de Supermer_4cd3d9/svg_EntregaZero_svg-inline icon-search' is clicked on

2023-10-13 15:41:54 - [TEST_STEP][PASSED] - setText(findTestObject("Object Repository/Page_Continente Online  Compras de Supermer_4cd3d9/input_2023 Modelo Continente Hipermercados,_958617"), "queijo"): Text 'queijo' is set on object 'Object Repository/Page_Continente Online  Compras de Supermer_4cd3d9/input_2023 Modelo Continente Hipermercados,_958617'

2023-10-13 15:41:56 - [MESSAGE][PASSED] - Text 'queijo' is set on object 'Object Repository/Page_Continente Online  Compras de Supermer_4cd3d9/input_2023 Modelo Continente Hipermercados,_958617'

2023-10-13 15:41:56 - [TEST_STEP][PASSED] - click(findTestObject("Object Repository/Page_Continente Online  Compras de Supermer_4cd3d9/span_O que procura_svg-wrapper svg-icon-search")): Object: 'Object Repository/Page_Continente Online  Compras de Supermer_4cd3d9/span_O que procura_svg-wrapper svg-icon-search' is clicked on

2023-10-13 15:41:58 - [MESSAGE][PASSED] - Object: 'Object Repository/Page_Continente Online  Compras de Supermer_4cd3d9/span_O que procura_svg-wrapper svg-icon-search' is clicked on

2023-10-13 15:41:58 - [MESSAGE][PASSED] - Call Test Case 'Test Cases/Search Product' successfully

2023-10-13 15:41:58 - [TEST_STEP][PASSED] - click(findTestObject("Page_Resultados de pesquisa para o termo qu_4d046e/span_Carrinho")): Object: 'Object Repository/Page_Resultados de pesquisa para o termo qu_4d046e/span_Carrinho' is clicked on

2023-10-13 15:42:00 - [MESSAGE][PASSED] - Object: 'Object Repository/Page_Resultados de pesquisa para o termo qu_4d046e/span_Carrinho' is clicked on]]></system-out>
         <system-err><![CDATA[]]></system-err>
      </testcase>
      <testcase name="Test Cases/Add 2 Items to Cart" time="19.627" classname="Test Cases/Add 2 Items to Cart" status="PASSED">
         <system-out><![CDATA[2023-10-13 15:42:00 - [TEST_CASE][PASSED] - Test Cases/Add 2 Items to Cart: Test Cases/Add 2 Items to Cart

2023-10-13 15:42:00 - [TEST_STEP][PASSED] - callTestCase(findTestCase("Open Continente"), [:], STOP_ON_FAILURE): Call Test Case 'Test Cases/Open Continente' successfully

2023-10-13 15:42:00 - [TEST_CASE][PASSED] - Test Cases/Open Continente: Test Cases/Open Continente

2023-10-13 15:42:00 - [TEST_STEP][PASSED] - openBrowser(""): Browser is opened with url: ''

2023-10-13 15:42:00 - [MESSAGE][WARNING] - A browser is already opened. Closing browser and opening a new one

2023-10-13 15:42:00 - [MESSAGE][INFO] - Starting 'Chrome' driver

2023-10-13 15:42:00 - [MESSAGE][INFO] - Action delay is set to 0 milliseconds

2023-10-13 15:42:01 - [MESSAGE][PASSED] - Browser is opened with url: ''

2023-10-13 15:42:01 - [TEST_STEP][PASSED] - navigateToUrl("https://www.continente.pt/"): Navigate to 'https://www.continente.pt/' successfully

2023-10-13 15:42:03 - [MESSAGE][PASSED] - Navigate to 'https://www.continente.pt/' successfully

2023-10-13 15:42:03 - [TEST_STEP][PASSED] - click(findTestObject("Object Repository/Page_Continente Online  Compras de Supermer_4cd3d9/button_Permitir todos")): Object: 'Object Repository/Page_Continente Online  Compras de Supermer_4cd3d9/button_Permitir todos' is clicked on

2023-10-13 15:42:04 - [MESSAGE][PASSED] - Object: 'Object Repository/Page_Continente Online  Compras de Supermer_4cd3d9/button_Permitir todos' is clicked on

2023-10-13 15:42:04 - [MESSAGE][PASSED] - Call Test Case 'Test Cases/Open Continente' successfully

2023-10-13 15:42:04 - [TEST_STEP][PASSED] - callTestCase(findTestCase("Search Product"), [:], STOP_ON_FAILURE): Call Test Case 'Test Cases/Search Product' successfully

2023-10-13 15:42:04 - [TEST_CASE][PASSED] - Test Cases/Search Product: Test Cases/Search Product

2023-10-13 15:42:04 - [TEST_STEP][PASSED] - callTestCase(findTestCase("Open Continente"), [:], STOP_ON_FAILURE): Call Test Case 'Test Cases/Open Continente' successfully

2023-10-13 15:42:04 - [TEST_CASE][PASSED] - Test Cases/Open Continente: Test Cases/Open Continente

2023-10-13 15:42:04 - [TEST_STEP][PASSED] - openBrowser(""): Browser is opened with url: ''

2023-10-13 15:42:04 - [MESSAGE][WARNING] - A browser is already opened. Closing browser and opening a new one

2023-10-13 15:42:05 - [MESSAGE][INFO] - Starting 'Chrome' driver

2023-10-13 15:42:05 - [MESSAGE][INFO] - Action delay is set to 0 milliseconds

2023-10-13 15:42:06 - [MESSAGE][PASSED] - Browser is opened with url: ''

2023-10-13 15:42:06 - [TEST_STEP][PASSED] - navigateToUrl("https://www.continente.pt/"): Navigate to 'https://www.continente.pt/' successfully

2023-10-13 15:42:08 - [MESSAGE][PASSED] - Navigate to 'https://www.continente.pt/' successfully

2023-10-13 15:42:08 - [TEST_STEP][PASSED] - click(findTestObject("Object Repository/Page_Continente Online  Compras de Supermer_4cd3d9/button_Permitir todos")): Object: 'Object Repository/Page_Continente Online  Compras de Supermer_4cd3d9/button_Permitir todos' is clicked on

2023-10-13 15:42:11 - [MESSAGE][PASSED] - Object: 'Object Repository/Page_Continente Online  Compras de Supermer_4cd3d9/button_Permitir todos' is clicked on

2023-10-13 15:42:11 - [MESSAGE][PASSED] - Call Test Case 'Test Cases/Open Continente' successfully

2023-10-13 15:42:11 - [TEST_STEP][PASSED] - click(findTestObject("Object Repository/Page_Continente Online  Compras de Supermer_4cd3d9/svg_EntregaZero_svg-inline icon-search")): Object: 'Object Repository/Page_Continente Online  Compras de Supermer_4cd3d9/svg_EntregaZero_svg-inline icon-search' is clicked on

2023-10-13 15:42:13 - [MESSAGE][PASSED] - Object: 'Object Repository/Page_Continente Online  Compras de Supermer_4cd3d9/svg_EntregaZero_svg-inline icon-search' is clicked on

2023-10-13 15:42:13 - [TEST_STEP][PASSED] - setText(findTestObject("Object Repository/Page_Continente Online  Compras de Supermer_4cd3d9/input_2023 Modelo Continente Hipermercados,_958617"), "queijo"): Text 'queijo' is set on object 'Object Repository/Page_Continente Online  Compras de Supermer_4cd3d9/input_2023 Modelo Continente Hipermercados,_958617'

2023-10-13 15:42:14 - [MESSAGE][PASSED] - Text 'queijo' is set on object 'Object Repository/Page_Continente Online  Compras de Supermer_4cd3d9/input_2023 Modelo Continente Hipermercados,_958617'

2023-10-13 15:42:14 - [TEST_STEP][PASSED] - click(findTestObject("Object Repository/Page_Continente Online  Compras de Supermer_4cd3d9/span_O que procura_svg-wrapper svg-icon-search")): Object: 'Object Repository/Page_Continente Online  Compras de Supermer_4cd3d9/span_O que procura_svg-wrapper svg-icon-search' is clicked on

2023-10-13 15:42:16 - [MESSAGE][PASSED] - Object: 'Object Repository/Page_Continente Online  Compras de Supermer_4cd3d9/span_O que procura_svg-wrapper svg-icon-search' is clicked on

2023-10-13 15:42:16 - [MESSAGE][PASSED] - Call Test Case 'Test Cases/Search Product' successfully

2023-10-13 15:42:16 - [TEST_STEP][PASSED] - click(findTestObject("Page_Resultados de pesquisa para o termo qu_4d046e/span_Carrinho_2")): Object: 'Object Repository/Page_Resultados de pesquisa para o termo qu_4d046e/span_Carrinho_2' is clicked on

2023-10-13 15:42:18 - [MESSAGE][PASSED] - Object: 'Object Repository/Page_Resultados de pesquisa para o termo qu_4d046e/span_Carrinho_2' is clicked on

2023-10-13 15:42:18 - [TEST_STEP][PASSED] - click(findTestObject("Page_Resultados de pesquisa para o termo qu_4d046e/button_aumentar_quantidade_produto")): Object: 'Object Repository/Page_Resultados de pesquisa para o termo qu_4d046e/button_aumentar_quantidade_produto' is clicked on

2023-10-13 15:42:19 - [MESSAGE][PASSED] - Object: 'Object Repository/Page_Resultados de pesquisa para o termo qu_4d046e/button_aumentar_quantidade_produto' is clicked on]]></system-out>
         <system-err><![CDATA[]]></system-err>
      </testcase>
      <testcase name="Test Cases/Show Cart" time="59.279" classname="Test Cases/Show Cart" status="PASSED">
         <system-out><![CDATA[2023-10-13 15:42:19 - [TEST_CASE][PASSED] - Test Cases/Show Cart: Test Cases/Show Cart

2023-10-13 15:42:19 - [TEST_STEP][PASSED] - callTestCase(findTestCase("Open Continente"), [:], STOP_ON_FAILURE): Call Test Case 'Test Cases/Open Continente' successfully

2023-10-13 15:42:19 - [TEST_CASE][PASSED] - Test Cases/Open Continente: Test Cases/Open Continente

2023-10-13 15:42:19 - [TEST_STEP][PASSED] - openBrowser(""): Browser is opened with url: ''

2023-10-13 15:42:19 - [MESSAGE][WARNING] - A browser is already opened. Closing browser and opening a new one

2023-10-13 15:42:20 - [MESSAGE][INFO] - Starting 'Chrome' driver

2023-10-13 15:42:20 - [MESSAGE][INFO] - Action delay is set to 0 milliseconds

2023-10-13 15:42:21 - [MESSAGE][PASSED] - Browser is opened with url: ''

2023-10-13 15:42:21 - [TEST_STEP][PASSED] - navigateToUrl("https://www.continente.pt/"): Navigate to 'https://www.continente.pt/' successfully

2023-10-13 15:42:23 - [MESSAGE][PASSED] - Navigate to 'https://www.continente.pt/' successfully

2023-10-13 15:42:23 - [TEST_STEP][PASSED] - click(findTestObject("Object Repository/Page_Continente Online  Compras de Supermer_4cd3d9/button_Permitir todos")): Object: 'Object Repository/Page_Continente Online  Compras de Supermer_4cd3d9/button_Permitir todos' is clicked on

2023-10-13 15:42:24 - [MESSAGE][PASSED] - Object: 'Object Repository/Page_Continente Online  Compras de Supermer_4cd3d9/button_Permitir todos' is clicked on

2023-10-13 15:42:24 - [MESSAGE][PASSED] - Call Test Case 'Test Cases/Open Continente' successfully

2023-10-13 15:42:24 - [TEST_STEP][PASSED] - callTestCase(findTestCase("Search Product"), [:], STOP_ON_FAILURE): Call Test Case 'Test Cases/Search Product' successfully

2023-10-13 15:42:24 - [TEST_CASE][PASSED] - Test Cases/Search Product: Test Cases/Search Product

2023-10-13 15:42:24 - [TEST_STEP][PASSED] - callTestCase(findTestCase("Open Continente"), [:], STOP_ON_FAILURE): Call Test Case 'Test Cases/Open Continente' successfully

2023-10-13 15:42:24 - [TEST_CASE][PASSED] - Test Cases/Open Continente: Test Cases/Open Continente

2023-10-13 15:42:24 - [TEST_STEP][PASSED] - openBrowser(""): Browser is opened with url: ''

2023-10-13 15:42:24 - [MESSAGE][WARNING] - A browser is already opened. Closing browser and opening a new one

2023-10-13 15:42:24 - [MESSAGE][INFO] - Starting 'Chrome' driver

2023-10-13 15:42:24 - [MESSAGE][INFO] - Action delay is set to 0 milliseconds

2023-10-13 15:42:26 - [MESSAGE][PASSED] - Browser is opened with url: ''

2023-10-13 15:42:26 - [TEST_STEP][PASSED] - navigateToUrl("https://www.continente.pt/"): Navigate to 'https://www.continente.pt/' successfully

2023-10-13 15:42:28 - [MESSAGE][PASSED] - Navigate to 'https://www.continente.pt/' successfully

2023-10-13 15:42:28 - [TEST_STEP][PASSED] - click(findTestObject("Object Repository/Page_Continente Online  Compras de Supermer_4cd3d9/button_Permitir todos")): Object: 'Object Repository/Page_Continente Online  Compras de Supermer_4cd3d9/button_Permitir todos' is clicked on

2023-10-13 15:42:28 - [MESSAGE][PASSED] - Object: 'Object Repository/Page_Continente Online  Compras de Supermer_4cd3d9/button_Permitir todos' is clicked on

2023-10-13 15:42:28 - [MESSAGE][PASSED] - Call Test Case 'Test Cases/Open Continente' successfully

2023-10-13 15:42:28 - [TEST_STEP][PASSED] - click(findTestObject("Object Repository/Page_Continente Online  Compras de Supermer_4cd3d9/svg_EntregaZero_svg-inline icon-search")): Object: 'Object Repository/Page_Continente Online  Compras de Supermer_4cd3d9/svg_EntregaZero_svg-inline icon-search' is clicked on

2023-10-13 15:42:32 - [MESSAGE][PASSED] - Object: 'Object Repository/Page_Continente Online  Compras de Supermer_4cd3d9/svg_EntregaZero_svg-inline icon-search' is clicked on

2023-10-13 15:42:32 - [TEST_STEP][PASSED] - setText(findTestObject("Object Repository/Page_Continente Online  Compras de Supermer_4cd3d9/input_2023 Modelo Continente Hipermercados,_958617"), "queijo"): Text 'queijo' is set on object 'Object Repository/Page_Continente Online  Compras de Supermer_4cd3d9/input_2023 Modelo Continente Hipermercados,_958617'

2023-10-13 15:42:33 - [MESSAGE][PASSED] - Text 'queijo' is set on object 'Object Repository/Page_Continente Online  Compras de Supermer_4cd3d9/input_2023 Modelo Continente Hipermercados,_958617'

2023-10-13 15:42:33 - [TEST_STEP][PASSED] - click(findTestObject("Object Repository/Page_Continente Online  Compras de Supermer_4cd3d9/span_O que procura_svg-wrapper svg-icon-search")): Object: 'Object Repository/Page_Continente Online  Compras de Supermer_4cd3d9/span_O que procura_svg-wrapper svg-icon-search' is clicked on

2023-10-13 15:42:36 - [MESSAGE][PASSED] - Object: 'Object Repository/Page_Continente Online  Compras de Supermer_4cd3d9/span_O que procura_svg-wrapper svg-icon-search' is clicked on

2023-10-13 15:42:36 - [MESSAGE][PASSED] - Call Test Case 'Test Cases/Search Product' successfully

2023-10-13 15:42:36 - [TEST_STEP][PASSED] - callTestCase(findTestCase("Add 1 Item to Cart"), [:], STOP_ON_FAILURE): Call Test Case 'Test Cases/Add 1 Item to Cart' successfully

2023-10-13 15:42:36 - [TEST_CASE][PASSED] - Test Cases/Add 1 Item to Cart: Test Cases/Add 1 Item to Cart

2023-10-13 15:42:36 - [TEST_STEP][PASSED] - callTestCase(findTestCase("Open Continente"), [:], STOP_ON_FAILURE): Call Test Case 'Test Cases/Open Continente' successfully

2023-10-13 15:42:36 - [TEST_CASE][PASSED] - Test Cases/Open Continente: Test Cases/Open Continente

2023-10-13 15:42:36 - [TEST_STEP][PASSED] - openBrowser(""): Browser is opened with url: ''

2023-10-13 15:42:36 - [MESSAGE][WARNING] - A browser is already opened. Closing browser and opening a new one

2023-10-13 15:42:36 - [MESSAGE][INFO] - Starting 'Chrome' driver

2023-10-13 15:42:36 - [MESSAGE][INFO] - Action delay is set to 0 milliseconds

2023-10-13 15:42:37 - [MESSAGE][PASSED] - Browser is opened with url: ''

2023-10-13 15:42:37 - [TEST_STEP][PASSED] - navigateToUrl("https://www.continente.pt/"): Navigate to 'https://www.continente.pt/' successfully

2023-10-13 15:42:39 - [MESSAGE][PASSED] - Navigate to 'https://www.continente.pt/' successfully

2023-10-13 15:42:39 - [TEST_STEP][PASSED] - click(findTestObject("Object Repository/Page_Continente Online  Compras de Supermer_4cd3d9/button_Permitir todos")): Object: 'Object Repository/Page_Continente Online  Compras de Supermer_4cd3d9/button_Permitir todos' is clicked on

2023-10-13 15:42:40 - [MESSAGE][PASSED] - Object: 'Object Repository/Page_Continente Online  Compras de Supermer_4cd3d9/button_Permitir todos' is clicked on

2023-10-13 15:42:40 - [MESSAGE][PASSED] - Call Test Case 'Test Cases/Open Continente' successfully

2023-10-13 15:42:40 - [TEST_STEP][PASSED] - callTestCase(findTestCase("Search Product"), [:], STOP_ON_FAILURE): Call Test Case 'Test Cases/Search Product' successfully

2023-10-13 15:42:40 - [TEST_CASE][PASSED] - Test Cases/Search Product: Test Cases/Search Product

2023-10-13 15:42:40 - [TEST_STEP][PASSED] - callTestCase(findTestCase("Open Continente"), [:], STOP_ON_FAILURE): Call Test Case 'Test Cases/Open Continente' successfully

2023-10-13 15:42:40 - [TEST_CASE][PASSED] - Test Cases/Open Continente: Test Cases/Open Continente

2023-10-13 15:42:40 - [TEST_STEP][PASSED] - openBrowser(""): Browser is opened with url: ''

2023-10-13 15:42:40 - [MESSAGE][WARNING] - A browser is already opened. Closing browser and opening a new one

2023-10-13 15:42:41 - [MESSAGE][INFO] - Starting 'Chrome' driver

2023-10-13 15:42:41 - [MESSAGE][INFO] - Action delay is set to 0 milliseconds

2023-10-13 15:42:42 - [MESSAGE][PASSED] - Browser is opened with url: ''

2023-10-13 15:42:42 - [TEST_STEP][PASSED] - navigateToUrl("https://www.continente.pt/"): Navigate to 'https://www.continente.pt/' successfully

2023-10-13 15:42:44 - [MESSAGE][PASSED] - Navigate to 'https://www.continente.pt/' successfully

2023-10-13 15:42:44 - [TEST_STEP][PASSED] - click(findTestObject("Object Repository/Page_Continente Online  Compras de Supermer_4cd3d9/button_Permitir todos")): Object: 'Object Repository/Page_Continente Online  Compras de Supermer_4cd3d9/button_Permitir todos' is clicked on

2023-10-13 15:42:45 - [MESSAGE][PASSED] - Object: 'Object Repository/Page_Continente Online  Compras de Supermer_4cd3d9/button_Permitir todos' is clicked on

2023-10-13 15:42:45 - [MESSAGE][PASSED] - Call Test Case 'Test Cases/Open Continente' successfully

2023-10-13 15:42:45 - [TEST_STEP][PASSED] - click(findTestObject("Object Repository/Page_Continente Online  Compras de Supermer_4cd3d9/svg_EntregaZero_svg-inline icon-search")): Object: 'Object Repository/Page_Continente Online  Compras de Supermer_4cd3d9/svg_EntregaZero_svg-inline icon-search' is clicked on

2023-10-13 15:42:48 - [MESSAGE][PASSED] - Object: 'Object Repository/Page_Continente Online  Compras de Supermer_4cd3d9/svg_EntregaZero_svg-inline icon-search' is clicked on

2023-10-13 15:42:48 - [TEST_STEP][PASSED] - setText(findTestObject("Object Repository/Page_Continente Online  Compras de Supermer_4cd3d9/input_2023 Modelo Continente Hipermercados,_958617"), "queijo"): Text 'queijo' is set on object 'Object Repository/Page_Continente Online  Compras de Supermer_4cd3d9/input_2023 Modelo Continente Hipermercados,_958617'

2023-10-13 15:42:49 - [MESSAGE][PASSED] - Text 'queijo' is set on object 'Object Repository/Page_Continente Online  Compras de Supermer_4cd3d9/input_2023 Modelo Continente Hipermercados,_958617'

2023-10-13 15:42:49 - [TEST_STEP][PASSED] - click(findTestObject("Object Repository/Page_Continente Online  Compras de Supermer_4cd3d9/span_O que procura_svg-wrapper svg-icon-search")): Object: 'Object Repository/Page_Continente Online  Compras de Supermer_4cd3d9/span_O que procura_svg-wrapper svg-icon-search' is clicked on

2023-10-13 15:42:54 - [MESSAGE][PASSED] - Object: 'Object Repository/Page_Continente Online  Compras de Supermer_4cd3d9/span_O que procura_svg-wrapper svg-icon-search' is clicked on

2023-10-13 15:42:54 - [MESSAGE][PASSED] - Call Test Case 'Test Cases/Search Product' successfully

2023-10-13 15:42:54 - [TEST_STEP][PASSED] - click(findTestObject("Page_Resultados de pesquisa para o termo qu_4d046e/span_Carrinho")): Object: 'Object Repository/Page_Resultados de pesquisa para o termo qu_4d046e/span_Carrinho' is clicked on

2023-10-13 15:42:56 - [MESSAGE][PASSED] - Object: 'Object Repository/Page_Resultados de pesquisa para o termo qu_4d046e/span_Carrinho' is clicked on

2023-10-13 15:42:56 - [MESSAGE][PASSED] - Call Test Case 'Test Cases/Add 1 Item to Cart' successfully

2023-10-13 15:42:56 - [TEST_STEP][PASSED] - callTestCase(findTestCase("Add 2 Items to Cart"), [:], STOP_ON_FAILURE): Call Test Case 'Test Cases/Add 2 Items to Cart' successfully

2023-10-13 15:42:56 - [TEST_CASE][PASSED] - Test Cases/Add 2 Items to Cart: Test Cases/Add 2 Items to Cart

2023-10-13 15:42:56 - [TEST_STEP][PASSED] - callTestCase(findTestCase("Open Continente"), [:], STOP_ON_FAILURE): Call Test Case 'Test Cases/Open Continente' successfully

2023-10-13 15:42:56 - [TEST_CASE][PASSED] - Test Cases/Open Continente: Test Cases/Open Continente

2023-10-13 15:42:56 - [TEST_STEP][PASSED] - openBrowser(""): Browser is opened with url: ''

2023-10-13 15:42:56 - [MESSAGE][WARNING] - A browser is already opened. Closing browser and opening a new one

2023-10-13 15:42:56 - [MESSAGE][INFO] - Starting 'Chrome' driver

2023-10-13 15:42:56 - [MESSAGE][INFO] - Action delay is set to 0 milliseconds

2023-10-13 15:42:57 - [MESSAGE][PASSED] - Browser is opened with url: ''

2023-10-13 15:42:57 - [TEST_STEP][PASSED] - navigateToUrl("https://www.continente.pt/"): Navigate to 'https://www.continente.pt/' successfully

2023-10-13 15:43:01 - [MESSAGE][PASSED] - Navigate to 'https://www.continente.pt/' successfully

2023-10-13 15:43:01 - [TEST_STEP][PASSED] - click(findTestObject("Object Repository/Page_Continente Online  Compras de Supermer_4cd3d9/button_Permitir todos")): Object: 'Object Repository/Page_Continente Online  Compras de Supermer_4cd3d9/button_Permitir todos' is clicked on

2023-10-13 15:43:04 - [MESSAGE][PASSED] - Object: 'Object Repository/Page_Continente Online  Compras de Supermer_4cd3d9/button_Permitir todos' is clicked on

2023-10-13 15:43:04 - [MESSAGE][PASSED] - Call Test Case 'Test Cases/Open Continente' successfully

2023-10-13 15:43:04 - [TEST_STEP][PASSED] - callTestCase(findTestCase("Search Product"), [:], STOP_ON_FAILURE): Call Test Case 'Test Cases/Search Product' successfully

2023-10-13 15:43:04 - [TEST_CASE][PASSED] - Test Cases/Search Product: Test Cases/Search Product

2023-10-13 15:43:04 - [TEST_STEP][PASSED] - callTestCase(findTestCase("Open Continente"), [:], STOP_ON_FAILURE): Call Test Case 'Test Cases/Open Continente' successfully

2023-10-13 15:43:04 - [TEST_CASE][PASSED] - Test Cases/Open Continente: Test Cases/Open Continente

2023-10-13 15:43:04 - [TEST_STEP][PASSED] - openBrowser(""): Browser is opened with url: ''

2023-10-13 15:43:04 - [MESSAGE][WARNING] - A browser is already opened. Closing browser and opening a new one

2023-10-13 15:43:04 - [MESSAGE][INFO] - Starting 'Chrome' driver

2023-10-13 15:43:04 - [MESSAGE][INFO] - Action delay is set to 0 milliseconds

2023-10-13 15:43:05 - [MESSAGE][PASSED] - Browser is opened with url: ''

2023-10-13 15:43:05 - [TEST_STEP][PASSED] - navigateToUrl("https://www.continente.pt/"): Navigate to 'https://www.continente.pt/' successfully

2023-10-13 15:43:08 - [MESSAGE][PASSED] - Navigate to 'https://www.continente.pt/' successfully

2023-10-13 15:43:08 - [TEST_STEP][PASSED] - click(findTestObject("Object Repository/Page_Continente Online  Compras de Supermer_4cd3d9/button_Permitir todos")): Object: 'Object Repository/Page_Continente Online  Compras de Supermer_4cd3d9/button_Permitir todos' is clicked on

2023-10-13 15:43:09 - [MESSAGE][PASSED] - Object: 'Object Repository/Page_Continente Online  Compras de Supermer_4cd3d9/button_Permitir todos' is clicked on

2023-10-13 15:43:09 - [MESSAGE][PASSED] - Call Test Case 'Test Cases/Open Continente' successfully

2023-10-13 15:43:09 - [TEST_STEP][PASSED] - click(findTestObject("Object Repository/Page_Continente Online  Compras de Supermer_4cd3d9/svg_EntregaZero_svg-inline icon-search")): Object: 'Object Repository/Page_Continente Online  Compras de Supermer_4cd3d9/svg_EntregaZero_svg-inline icon-search' is clicked on

2023-10-13 15:43:11 - [MESSAGE][PASSED] - Object: 'Object Repository/Page_Continente Online  Compras de Supermer_4cd3d9/svg_EntregaZero_svg-inline icon-search' is clicked on

2023-10-13 15:43:11 - [TEST_STEP][PASSED] - setText(findTestObject("Object Repository/Page_Continente Online  Compras de Supermer_4cd3d9/input_2023 Modelo Continente Hipermercados,_958617"), "queijo"): Text 'queijo' is set on object 'Object Repository/Page_Continente Online  Compras de Supermer_4cd3d9/input_2023 Modelo Continente Hipermercados,_958617'

2023-10-13 15:43:13 - [MESSAGE][PASSED] - Text 'queijo' is set on object 'Object Repository/Page_Continente Online  Compras de Supermer_4cd3d9/input_2023 Modelo Continente Hipermercados,_958617'

2023-10-13 15:43:13 - [TEST_STEP][PASSED] - click(findTestObject("Object Repository/Page_Continente Online  Compras de Supermer_4cd3d9/span_O que procura_svg-wrapper svg-icon-search")): Object: 'Object Repository/Page_Continente Online  Compras de Supermer_4cd3d9/span_O que procura_svg-wrapper svg-icon-search' is clicked on

2023-10-13 15:43:15 - [MESSAGE][PASSED] - Object: 'Object Repository/Page_Continente Online  Compras de Supermer_4cd3d9/span_O que procura_svg-wrapper svg-icon-search' is clicked on

2023-10-13 15:43:15 - [MESSAGE][PASSED] - Call Test Case 'Test Cases/Search Product' successfully

2023-10-13 15:43:15 - [TEST_STEP][PASSED] - click(findTestObject("Page_Resultados de pesquisa para o termo qu_4d046e/span_Carrinho_2")): Object: 'Object Repository/Page_Resultados de pesquisa para o termo qu_4d046e/span_Carrinho_2' is clicked on

2023-10-13 15:43:17 - [MESSAGE][PASSED] - Object: 'Object Repository/Page_Resultados de pesquisa para o termo qu_4d046e/span_Carrinho_2' is clicked on

2023-10-13 15:43:17 - [TEST_STEP][PASSED] - click(findTestObject("Page_Resultados de pesquisa para o termo qu_4d046e/button_aumentar_quantidade_produto")): Object: 'Object Repository/Page_Resultados de pesquisa para o termo qu_4d046e/button_aumentar_quantidade_produto' is clicked on

2023-10-13 15:43:18 - [MESSAGE][PASSED] - Object: 'Object Repository/Page_Resultados de pesquisa para o termo qu_4d046e/button_aumentar_quantidade_produto' is clicked on

2023-10-13 15:43:18 - [MESSAGE][PASSED] - Call Test Case 'Test Cases/Add 2 Items to Cart' successfully

2023-10-13 15:43:18 - [TEST_STEP][PASSED] - click(findTestObject("Page_Resultados de pesquisa para o termo qu_4d046e/span_13,37")): Object: 'Object Repository/Page_Resultados de pesquisa para o termo qu_4d046e/span_13,37' is clicked on

2023-10-13 15:43:18 - [MESSAGE][PASSED] - Object: 'Object Repository/Page_Resultados de pesquisa para o termo qu_4d046e/span_13,37' is clicked on

2023-10-13 15:43:18 - [TEST_STEP][PASSED] - closeBrowser(): Browser is closed

2023-10-13 15:43:19 - [MESSAGE][PASSED] - Browser is closed]]></system-out>
         <system-err><![CDATA[]]></system-err>
      </testcase>
      <system-out><![CDATA[2023-10-13 15:41:16 - [TEST_SUITE][PASSED] - Continente: Test Cases/Show Cart]]></system-out>
      <system-err><![CDATA[]]></system-err>
   </testsuite>
</testsuites>
