<?xml version="1.0" encoding="UTF-8"?>
<testsuites name="Continente" time="168.738" tests="5" failures="0" errors="0">
   <testsuite name="Continente" tests="5" failures="0" errors="0" time="168.738" skipped="0" timestamp="2023-10-16 15:14:44" hostname="xavier.a.santos - MININT-CAEUVD4.noesis.pt" id="Test Suites/Continente">
      <properties>
         <property name="deviceName" value=""/>
         <property name="devicePlatform" value=""/>
         <property name="logFolder" value="C:\\Users\\xavier.a.santos\\git\\KatalonContinente\\Reports\\20231016_151437\\Continente\\20231016_151438"/>
         <property name="logFiles" value="C:\\Users\\xavier.a.santos\\git\\KatalonContinente\\Reports\\20231016_151437\\Continente\\20231016_151438\\execution0.log"/>
         <property name="attachments" value=""/>
         <property name="hostName" value="xavier.a.santos - MININT-CAEUVD4.noesis.pt"/>
         <property name="os" value="Windows 11 64bit"/>
         <property name="katalonVersion" value="9.0.0.beta.212"/>
         <property name="browser" value="Edge Chromium 117"/>
         <property name="hostAddress" value="192.168.1.133"/>
         <property name="sessionId" value="164a2eaf786e95536fc8bf24cadbc842"/>
         <property name="seleniumVersion" value="3.141.59"/>
         <property name="proxyInformation" value="ProxyInformation { proxyOption=NO_PROXY, proxyServerType=HTTP, username=, password=********, proxyServerAddress=, proxyServerPort=0, executionList=&quot;&quot;, isApplyToDesiredCapabilities=true }"/>
         <property name="platform" value="Windows 11"/>
      </properties>
      <testcase name="Test Cases/Open Continente" time="11.734" classname="Test Cases/Open Continente" status="PASSED">
         <system-out><![CDATA[2023-10-16 15:14:44 - [TEST_CASE][PASSED] - Test Cases/Open Continente: Test Cases/Open Continente

2023-10-16 15:14:45 - [TEST_STEP][PASSED] - openBrowser(""): Browser is opened with url: ''

2023-10-16 15:14:45 - [MESSAGE][INFO] - Starting 'Edge Chromium' driver

2023-10-16 15:14:46 - [MESSAGE][INFO] - Action delay is set to 0 milliseconds

2023-10-16 15:14:49 - [MESSAGE][PASSED] - Browser is opened with url: ''

2023-10-16 15:14:49 - [TEST_STEP][PASSED] - maximizeWindow(): Current window maximized

2023-10-16 15:14:49 - [MESSAGE][PASSED] - Current window maximized

2023-10-16 15:14:49 - [TEST_STEP][PASSED] - navigateToUrl("www.continente.pt"): Navigate to 'http://www.continente.pt' successfully

2023-10-16 15:14:52 - [MESSAGE][PASSED] - Navigate to 'http://www.continente.pt' successfully

2023-10-16 15:14:52 - [TEST_STEP][PASSED] - click(findTestObject("Page_Continente_Online/button_Permitir todos")): Object: 'Object Repository/Page_Continente_Online/button_Permitir todos' is clicked on

2023-10-16 15:14:56 - [MESSAGE][PASSED] - Object: 'Object Repository/Page_Continente_Online/button_Permitir todos' is clicked on]]></system-out>
         <system-err><![CDATA[]]></system-err>
      </testcase>
      <testcase name="Test Cases/Search Product" time="23.512" classname="Test Cases/Search Product" status="PASSED">
         <system-out><![CDATA[2023-10-16 15:14:56 - [TEST_CASE][PASSED] - Test Cases/Search Product: Test Cases/Search Product

2023-10-16 15:14:56 - [TEST_STEP][PASSED] - callTestCase(findTestCase("Open Continente"), [:], STOP_ON_FAILURE): Call Test Case 'Test Cases/Open Continente' successfully

2023-10-16 15:14:57 - [TEST_CASE][PASSED] - Test Cases/Open Continente: Test Cases/Open Continente

2023-10-16 15:14:57 - [TEST_STEP][PASSED] - openBrowser(""): Browser is opened with url: ''

2023-10-16 15:14:57 - [MESSAGE][WARNING] - A browser is already opened. Closing browser and opening a new one

2023-10-16 15:14:59 - [MESSAGE][INFO] - Starting 'Edge Chromium' driver

2023-10-16 15:14:59 - [MESSAGE][INFO] - Action delay is set to 0 milliseconds

2023-10-16 15:15:00 - [MESSAGE][PASSED] - Browser is opened with url: ''

2023-10-16 15:15:00 - [TEST_STEP][PASSED] - maximizeWindow(): Current window maximized

2023-10-16 15:15:01 - [MESSAGE][PASSED] - Current window maximized

2023-10-16 15:15:01 - [TEST_STEP][PASSED] - navigateToUrl("www.continente.pt"): Navigate to 'http://www.continente.pt' successfully

2023-10-16 15:15:07 - [MESSAGE][PASSED] - Navigate to 'http://www.continente.pt' successfully

2023-10-16 15:15:07 - [TEST_STEP][PASSED] - click(findTestObject("Page_Continente_Online/button_Permitir todos")): Object: 'Object Repository/Page_Continente_Online/button_Permitir todos' is clicked on

2023-10-16 15:15:08 - [MESSAGE][PASSED] - Object: 'Object Repository/Page_Continente_Online/button_Permitir todos' is clicked on

2023-10-16 15:15:08 - [MESSAGE][PASSED] - Call Test Case 'Test Cases/Open Continente' successfully

2023-10-16 15:15:08 - [TEST_STEP][PASSED] - setText(findTestObject("Page_Continente_Online/input_search_text"), "queijo"): Text 'queijo' is set on object 'Object Repository/Page_Continente_Online/input_search_text'

2023-10-16 15:15:14 - [MESSAGE][PASSED] - Text 'queijo' is set on object 'Object Repository/Page_Continente_Online/input_search_text'

2023-10-16 15:15:14 - [TEST_STEP][PASSED] - click(findTestObject("Page_Continente_Online/span_search_item")): Object: 'Object Repository/Page_Continente_Online/span_search_item' is clicked on

2023-10-16 15:15:20 - [MESSAGE][PASSED] - Object: 'Object Repository/Page_Continente_Online/span_search_item' is clicked on]]></system-out>
         <system-err><![CDATA[]]></system-err>
      </testcase>
      <testcase name="Test Cases/Add 1 Item to Cart" time="25.687" classname="Test Cases/Add 1 Item to Cart" status="PASSED">
         <system-out><![CDATA[2023-10-16 15:15:20 - [TEST_CASE][PASSED] - Test Cases/Add 1 Item to Cart: Test Cases/Add 1 Item to Cart

2023-10-16 15:15:20 - [TEST_STEP][PASSED] - callTestCase(findTestCase("Open Continente"), [:], STOP_ON_FAILURE): Call Test Case 'Test Cases/Open Continente' successfully

2023-10-16 15:15:20 - [TEST_CASE][PASSED] - Test Cases/Open Continente: Test Cases/Open Continente

2023-10-16 15:15:20 - [TEST_STEP][PASSED] - openBrowser(""): Browser is opened with url: ''

2023-10-16 15:15:20 - [MESSAGE][WARNING] - A browser is already opened. Closing browser and opening a new one

2023-10-16 15:15:20 - [MESSAGE][INFO] - Starting 'Edge Chromium' driver

2023-10-16 15:15:21 - [MESSAGE][INFO] - Action delay is set to 0 milliseconds

2023-10-16 15:15:22 - [MESSAGE][PASSED] - Browser is opened with url: ''

2023-10-16 15:15:22 - [TEST_STEP][PASSED] - maximizeWindow(): Current window maximized

2023-10-16 15:15:22 - [MESSAGE][PASSED] - Current window maximized

2023-10-16 15:15:22 - [TEST_STEP][PASSED] - navigateToUrl("www.continente.pt"): Navigate to 'http://www.continente.pt' successfully

2023-10-16 15:15:26 - [MESSAGE][PASSED] - Navigate to 'http://www.continente.pt' successfully

2023-10-16 15:15:26 - [TEST_STEP][PASSED] - click(findTestObject("Page_Continente_Online/button_Permitir todos")): Object: 'Object Repository/Page_Continente_Online/button_Permitir todos' is clicked on

2023-10-16 15:15:26 - [MESSAGE][PASSED] - Object: 'Object Repository/Page_Continente_Online/button_Permitir todos' is clicked on

2023-10-16 15:15:26 - [MESSAGE][PASSED] - Call Test Case 'Test Cases/Open Continente' successfully

2023-10-16 15:15:26 - [TEST_STEP][PASSED] - callTestCase(findTestCase("Search Product"), [:], STOP_ON_FAILURE): Call Test Case 'Test Cases/Search Product' successfully

2023-10-16 15:15:26 - [TEST_CASE][PASSED] - Test Cases/Search Product: Test Cases/Search Product

2023-10-16 15:15:27 - [TEST_STEP][PASSED] - callTestCase(findTestCase("Open Continente"), [:], STOP_ON_FAILURE): Call Test Case 'Test Cases/Open Continente' successfully

2023-10-16 15:15:27 - [TEST_CASE][PASSED] - Test Cases/Open Continente: Test Cases/Open Continente

2023-10-16 15:15:27 - [TEST_STEP][PASSED] - openBrowser(""): Browser is opened with url: ''

2023-10-16 15:15:27 - [MESSAGE][WARNING] - A browser is already opened. Closing browser and opening a new one

2023-10-16 15:15:27 - [MESSAGE][INFO] - Starting 'Edge Chromium' driver

2023-10-16 15:15:27 - [MESSAGE][INFO] - Action delay is set to 0 milliseconds

2023-10-16 15:15:29 - [MESSAGE][PASSED] - Browser is opened with url: ''

2023-10-16 15:15:29 - [TEST_STEP][PASSED] - maximizeWindow(): Current window maximized

2023-10-16 15:15:29 - [MESSAGE][PASSED] - Current window maximized

2023-10-16 15:15:29 - [TEST_STEP][PASSED] - navigateToUrl("www.continente.pt"): Navigate to 'http://www.continente.pt' successfully

2023-10-16 15:15:33 - [MESSAGE][PASSED] - Navigate to 'http://www.continente.pt' successfully

2023-10-16 15:15:33 - [TEST_STEP][PASSED] - click(findTestObject("Page_Continente_Online/button_Permitir todos")): Object: 'Object Repository/Page_Continente_Online/button_Permitir todos' is clicked on

2023-10-16 15:15:34 - [MESSAGE][PASSED] - Object: 'Object Repository/Page_Continente_Online/button_Permitir todos' is clicked on

2023-10-16 15:15:34 - [MESSAGE][PASSED] - Call Test Case 'Test Cases/Open Continente' successfully

2023-10-16 15:15:34 - [TEST_STEP][PASSED] - setText(findTestObject("Page_Continente_Online/input_search_text"), "queijo"): Text 'queijo' is set on object 'Object Repository/Page_Continente_Online/input_search_text'

2023-10-16 15:15:40 - [MESSAGE][PASSED] - Text 'queijo' is set on object 'Object Repository/Page_Continente_Online/input_search_text'

2023-10-16 15:15:40 - [TEST_STEP][PASSED] - click(findTestObject("Page_Continente_Online/span_search_item")): Object: 'Object Repository/Page_Continente_Online/span_search_item' is clicked on

2023-10-16 15:15:43 - [MESSAGE][PASSED] - Object: 'Object Repository/Page_Continente_Online/span_search_item' is clicked on

2023-10-16 15:15:43 - [MESSAGE][PASSED] - Call Test Case 'Test Cases/Search Product' successfully

2023-10-16 15:15:43 - [TEST_STEP][PASSED] - click(findTestObject("Page_Resultados_de_pesquisa/span_Carrinho")): Object: 'Object Repository/Page_Resultados_de_pesquisa/span_Carrinho' is clicked on

2023-10-16 15:15:45 - [MESSAGE][PASSED] - Object: 'Object Repository/Page_Resultados_de_pesquisa/span_Carrinho' is clicked on]]></system-out>
         <system-err><![CDATA[]]></system-err>
      </testcase>
      <testcase name="Test Cases/Add 2 Items to Cart" time="32.279" classname="Test Cases/Add 2 Items to Cart" status="PASSED">
         <system-out><![CDATA[2023-10-16 15:15:45 - [TEST_CASE][PASSED] - Test Cases/Add 2 Items to Cart: Test Cases/Add 2 Items to Cart

2023-10-16 15:15:45 - [TEST_STEP][PASSED] - callTestCase(findTestCase("Open Continente"), [:], STOP_ON_FAILURE): Call Test Case 'Test Cases/Open Continente' successfully

2023-10-16 15:15:45 - [TEST_CASE][PASSED] - Test Cases/Open Continente: Test Cases/Open Continente

2023-10-16 15:15:45 - [TEST_STEP][PASSED] - openBrowser(""): Browser is opened with url: ''

2023-10-16 15:15:45 - [MESSAGE][WARNING] - A browser is already opened. Closing browser and opening a new one

2023-10-16 15:15:46 - [MESSAGE][INFO] - Starting 'Edge Chromium' driver

2023-10-16 15:15:46 - [MESSAGE][INFO] - Action delay is set to 0 milliseconds

2023-10-16 15:15:47 - [MESSAGE][PASSED] - Browser is opened with url: ''

2023-10-16 15:15:47 - [TEST_STEP][PASSED] - maximizeWindow(): Current window maximized

2023-10-16 15:15:48 - [MESSAGE][PASSED] - Current window maximized

2023-10-16 15:15:48 - [TEST_STEP][PASSED] - navigateToUrl("www.continente.pt"): Navigate to 'http://www.continente.pt' successfully

2023-10-16 15:15:50 - [MESSAGE][PASSED] - Navigate to 'http://www.continente.pt' successfully

2023-10-16 15:15:50 - [TEST_STEP][PASSED] - click(findTestObject("Page_Continente_Online/button_Permitir todos")): Object: 'Object Repository/Page_Continente_Online/button_Permitir todos' is clicked on

2023-10-16 15:15:51 - [MESSAGE][PASSED] - Object: 'Object Repository/Page_Continente_Online/button_Permitir todos' is clicked on

2023-10-16 15:15:51 - [MESSAGE][PASSED] - Call Test Case 'Test Cases/Open Continente' successfully

2023-10-16 15:15:51 - [TEST_STEP][PASSED] - callTestCase(findTestCase("Add 1 Item to Cart"), [:], STOP_ON_FAILURE): Call Test Case 'Test Cases/Add 1 Item to Cart' successfully

2023-10-16 15:15:51 - [TEST_CASE][PASSED] - Test Cases/Add 1 Item to Cart: Test Cases/Add 1 Item to Cart

2023-10-16 15:15:51 - [TEST_STEP][PASSED] - callTestCase(findTestCase("Open Continente"), [:], STOP_ON_FAILURE): Call Test Case 'Test Cases/Open Continente' successfully

2023-10-16 15:15:51 - [TEST_CASE][PASSED] - Test Cases/Open Continente: Test Cases/Open Continente

2023-10-16 15:15:51 - [TEST_STEP][PASSED] - openBrowser(""): Browser is opened with url: ''

2023-10-16 15:15:51 - [MESSAGE][WARNING] - A browser is already opened. Closing browser and opening a new one

2023-10-16 15:15:52 - [MESSAGE][INFO] - Starting 'Edge Chromium' driver

2023-10-16 15:15:52 - [MESSAGE][INFO] - Action delay is set to 0 milliseconds

2023-10-16 15:15:53 - [MESSAGE][PASSED] - Browser is opened with url: ''

2023-10-16 15:15:53 - [TEST_STEP][PASSED] - maximizeWindow(): Current window maximized

2023-10-16 15:15:53 - [MESSAGE][PASSED] - Current window maximized

2023-10-16 15:15:53 - [TEST_STEP][PASSED] - navigateToUrl("www.continente.pt"): Navigate to 'http://www.continente.pt' successfully

2023-10-16 15:15:57 - [MESSAGE][PASSED] - Navigate to 'http://www.continente.pt' successfully

2023-10-16 15:15:57 - [TEST_STEP][PASSED] - click(findTestObject("Page_Continente_Online/button_Permitir todos")): Object: 'Object Repository/Page_Continente_Online/button_Permitir todos' is clicked on

2023-10-16 15:15:58 - [MESSAGE][PASSED] - Object: 'Object Repository/Page_Continente_Online/button_Permitir todos' is clicked on

2023-10-16 15:15:58 - [MESSAGE][PASSED] - Call Test Case 'Test Cases/Open Continente' successfully

2023-10-16 15:15:58 - [TEST_STEP][PASSED] - callTestCase(findTestCase("Search Product"), [:], STOP_ON_FAILURE): Call Test Case 'Test Cases/Search Product' successfully

2023-10-16 15:15:58 - [TEST_CASE][PASSED] - Test Cases/Search Product: Test Cases/Search Product

2023-10-16 15:15:58 - [TEST_STEP][PASSED] - callTestCase(findTestCase("Open Continente"), [:], STOP_ON_FAILURE): Call Test Case 'Test Cases/Open Continente' successfully

2023-10-16 15:15:58 - [TEST_CASE][PASSED] - Test Cases/Open Continente: Test Cases/Open Continente

2023-10-16 15:15:58 - [TEST_STEP][PASSED] - openBrowser(""): Browser is opened with url: ''

2023-10-16 15:15:58 - [MESSAGE][WARNING] - A browser is already opened. Closing browser and opening a new one

2023-10-16 15:15:58 - [MESSAGE][INFO] - Starting 'Edge Chromium' driver

2023-10-16 15:15:59 - [MESSAGE][INFO] - Action delay is set to 0 milliseconds

2023-10-16 15:16:00 - [MESSAGE][PASSED] - Browser is opened with url: ''

2023-10-16 15:16:00 - [TEST_STEP][PASSED] - maximizeWindow(): Current window maximized

2023-10-16 15:16:00 - [MESSAGE][PASSED] - Current window maximized

2023-10-16 15:16:00 - [TEST_STEP][PASSED] - navigateToUrl("www.continente.pt"): Navigate to 'http://www.continente.pt' successfully

2023-10-16 15:16:03 - [MESSAGE][PASSED] - Navigate to 'http://www.continente.pt' successfully

2023-10-16 15:16:03 - [TEST_STEP][PASSED] - click(findTestObject("Page_Continente_Online/button_Permitir todos")): Object: 'Object Repository/Page_Continente_Online/button_Permitir todos' is clicked on

2023-10-16 15:16:04 - [MESSAGE][PASSED] - Object: 'Object Repository/Page_Continente_Online/button_Permitir todos' is clicked on

2023-10-16 15:16:04 - [MESSAGE][PASSED] - Call Test Case 'Test Cases/Open Continente' successfully

2023-10-16 15:16:04 - [TEST_STEP][PASSED] - setText(findTestObject("Page_Continente_Online/input_search_text"), "queijo"): Text 'queijo' is set on object 'Object Repository/Page_Continente_Online/input_search_text'

2023-10-16 15:16:09 - [MESSAGE][PASSED] - Text 'queijo' is set on object 'Object Repository/Page_Continente_Online/input_search_text'

2023-10-16 15:16:09 - [TEST_STEP][PASSED] - click(findTestObject("Page_Continente_Online/span_search_item")): Object: 'Object Repository/Page_Continente_Online/span_search_item' is clicked on

2023-10-16 15:16:13 - [MESSAGE][PASSED] - Object: 'Object Repository/Page_Continente_Online/span_search_item' is clicked on

2023-10-16 15:16:13 - [MESSAGE][PASSED] - Call Test Case 'Test Cases/Search Product' successfully

2023-10-16 15:16:13 - [TEST_STEP][PASSED] - click(findTestObject("Page_Resultados_de_pesquisa/span_Carrinho")): Object: 'Object Repository/Page_Resultados_de_pesquisa/span_Carrinho' is clicked on

2023-10-16 15:16:15 - [MESSAGE][PASSED] - Object: 'Object Repository/Page_Resultados_de_pesquisa/span_Carrinho' is clicked on

2023-10-16 15:16:15 - [MESSAGE][PASSED] - Call Test Case 'Test Cases/Add 1 Item to Cart' successfully

2023-10-16 15:16:15 - [TEST_STEP][PASSED] - click(findTestObject("Page_Resultados_de_pesquisa/span_Carrinho_2")): Object: 'Object Repository/Page_Resultados_de_pesquisa/span_Carrinho_2' is clicked on

2023-10-16 15:16:17 - [MESSAGE][PASSED] - Object: 'Object Repository/Page_Resultados_de_pesquisa/span_Carrinho_2' is clicked on

2023-10-16 15:16:17 - [TEST_STEP][PASSED] - click(findTestObject("Page_Resultados_de_pesquisa/button_aumentar_quantidade_produto")): Object: 'Object Repository/Page_Resultados_de_pesquisa/button_aumentar_quantidade_produto' is clicked on

2023-10-16 15:16:18 - [MESSAGE][PASSED] - Object: 'Object Repository/Page_Resultados_de_pesquisa/button_aumentar_quantidade_produto' is clicked on]]></system-out>
         <system-err><![CDATA[]]></system-err>
      </testcase>
      <testcase name="Test Cases/Show Cart" time="75.061" classname="Test Cases/Show Cart" status="PASSED">
         <system-out><![CDATA[2023-10-16 15:16:18 - [TEST_CASE][PASSED] - Test Cases/Show Cart: Test Cases/Show Cart

2023-10-16 15:16:18 - [TEST_STEP][PASSED] - callTestCase(findTestCase("Open Google"), [:], STOP_ON_FAILURE): Call Test Case 'Test Cases/Open Google' successfully

2023-10-16 15:16:18 - [TEST_CASE][PASSED] - Test Cases/Open Google: Test Cases/Open Google

2023-10-16 15:16:18 - [TEST_STEP][PASSED] - openBrowser(""): Browser is opened with url: ''

2023-10-16 15:16:18 - [MESSAGE][WARNING] - A browser is already opened. Closing browser and opening a new one

2023-10-16 15:16:18 - [MESSAGE][INFO] - Starting 'Edge Chromium' driver

2023-10-16 15:16:18 - [MESSAGE][INFO] - Action delay is set to 0 milliseconds

2023-10-16 15:16:20 - [MESSAGE][PASSED] - Browser is opened with url: ''

2023-10-16 15:16:20 - [TEST_STEP][PASSED] - navigateToUrl("www.google.pt"): Navigate to 'http://www.google.pt' successfully

2023-10-16 15:16:22 - [MESSAGE][PASSED] - Navigate to 'http://www.google.pt' successfully

2023-10-16 15:16:22 - [MESSAGE][PASSED] - Call Test Case 'Test Cases/Open Google' successfully

2023-10-16 15:16:22 - [TEST_STEP][PASSED] - callTestCase(findTestCase("Search Product"), [:], STOP_ON_FAILURE): Call Test Case 'Test Cases/Search Product' successfully

2023-10-16 15:16:22 - [TEST_CASE][PASSED] - Test Cases/Search Product: Test Cases/Search Product

2023-10-16 15:16:22 - [TEST_STEP][PASSED] - callTestCase(findTestCase("Open Continente"), [:], STOP_ON_FAILURE): Call Test Case 'Test Cases/Open Continente' successfully

2023-10-16 15:16:22 - [TEST_CASE][PASSED] - Test Cases/Open Continente: Test Cases/Open Continente

2023-10-16 15:16:22 - [TEST_STEP][PASSED] - openBrowser(""): Browser is opened with url: ''

2023-10-16 15:16:22 - [MESSAGE][WARNING] - A browser is already opened. Closing browser and opening a new one

2023-10-16 15:16:23 - [MESSAGE][INFO] - Starting 'Edge Chromium' driver

2023-10-16 15:16:23 - [MESSAGE][INFO] - Action delay is set to 0 milliseconds

2023-10-16 15:16:24 - [MESSAGE][PASSED] - Browser is opened with url: ''

2023-10-16 15:16:24 - [TEST_STEP][PASSED] - maximizeWindow(): Current window maximized

2023-10-16 15:16:24 - [MESSAGE][PASSED] - Current window maximized

2023-10-16 15:16:24 - [TEST_STEP][PASSED] - navigateToUrl("www.continente.pt"): Navigate to 'http://www.continente.pt' successfully

2023-10-16 15:16:27 - [MESSAGE][PASSED] - Navigate to 'http://www.continente.pt' successfully

2023-10-16 15:16:27 - [TEST_STEP][PASSED] - click(findTestObject("Page_Continente_Online/button_Permitir todos")): Object: 'Object Repository/Page_Continente_Online/button_Permitir todos' is clicked on

2023-10-16 15:16:28 - [MESSAGE][PASSED] - Object: 'Object Repository/Page_Continente_Online/button_Permitir todos' is clicked on

2023-10-16 15:16:28 - [MESSAGE][PASSED] - Call Test Case 'Test Cases/Open Continente' successfully

2023-10-16 15:16:28 - [TEST_STEP][PASSED] - setText(findTestObject("Page_Continente_Online/input_search_text"), "queijo"): Text 'queijo' is set on object 'Object Repository/Page_Continente_Online/input_search_text'

2023-10-16 15:16:33 - [MESSAGE][PASSED] - Text 'queijo' is set on object 'Object Repository/Page_Continente_Online/input_search_text'

2023-10-16 15:16:33 - [TEST_STEP][PASSED] - click(findTestObject("Page_Continente_Online/span_search_item")): Object: 'Object Repository/Page_Continente_Online/span_search_item' is clicked on

2023-10-16 15:16:36 - [MESSAGE][PASSED] - Object: 'Object Repository/Page_Continente_Online/span_search_item' is clicked on

2023-10-16 15:16:36 - [MESSAGE][PASSED] - Call Test Case 'Test Cases/Search Product' successfully

2023-10-16 15:16:36 - [TEST_STEP][PASSED] - callTestCase(findTestCase("Add 1 Item to Cart"), [:], STOP_ON_FAILURE): Call Test Case 'Test Cases/Add 1 Item to Cart' successfully

2023-10-16 15:16:36 - [TEST_CASE][PASSED] - Test Cases/Add 1 Item to Cart: Test Cases/Add 1 Item to Cart

2023-10-16 15:16:36 - [TEST_STEP][PASSED] - callTestCase(findTestCase("Open Continente"), [:], STOP_ON_FAILURE): Call Test Case 'Test Cases/Open Continente' successfully

2023-10-16 15:16:36 - [TEST_CASE][PASSED] - Test Cases/Open Continente: Test Cases/Open Continente

2023-10-16 15:16:36 - [TEST_STEP][PASSED] - openBrowser(""): Browser is opened with url: ''

2023-10-16 15:16:36 - [MESSAGE][WARNING] - A browser is already opened. Closing browser and opening a new one

2023-10-16 15:16:37 - [MESSAGE][INFO] - Starting 'Edge Chromium' driver

2023-10-16 15:16:37 - [MESSAGE][INFO] - Action delay is set to 0 milliseconds

2023-10-16 15:16:38 - [MESSAGE][PASSED] - Browser is opened with url: ''

2023-10-16 15:16:38 - [TEST_STEP][PASSED] - maximizeWindow(): Current window maximized

2023-10-16 15:16:38 - [MESSAGE][PASSED] - Current window maximized

2023-10-16 15:16:38 - [TEST_STEP][PASSED] - navigateToUrl("www.continente.pt"): Navigate to 'http://www.continente.pt' successfully

2023-10-16 15:16:41 - [MESSAGE][PASSED] - Navigate to 'http://www.continente.pt' successfully

2023-10-16 15:16:41 - [TEST_STEP][PASSED] - click(findTestObject("Page_Continente_Online/button_Permitir todos")): Object: 'Object Repository/Page_Continente_Online/button_Permitir todos' is clicked on

2023-10-16 15:16:42 - [MESSAGE][PASSED] - Object: 'Object Repository/Page_Continente_Online/button_Permitir todos' is clicked on

2023-10-16 15:16:42 - [MESSAGE][PASSED] - Call Test Case 'Test Cases/Open Continente' successfully

2023-10-16 15:16:42 - [TEST_STEP][PASSED] - callTestCase(findTestCase("Search Product"), [:], STOP_ON_FAILURE): Call Test Case 'Test Cases/Search Product' successfully

2023-10-16 15:16:42 - [TEST_CASE][PASSED] - Test Cases/Search Product: Test Cases/Search Product

2023-10-16 15:16:42 - [TEST_STEP][PASSED] - callTestCase(findTestCase("Open Continente"), [:], STOP_ON_FAILURE): Call Test Case 'Test Cases/Open Continente' successfully

2023-10-16 15:16:42 - [TEST_CASE][PASSED] - Test Cases/Open Continente: Test Cases/Open Continente

2023-10-16 15:16:42 - [TEST_STEP][PASSED] - openBrowser(""): Browser is opened with url: ''

2023-10-16 15:16:42 - [MESSAGE][WARNING] - A browser is already opened. Closing browser and opening a new one

2023-10-16 15:16:43 - [MESSAGE][INFO] - Starting 'Edge Chromium' driver

2023-10-16 15:16:43 - [MESSAGE][INFO] - Action delay is set to 0 milliseconds

2023-10-16 15:16:44 - [MESSAGE][PASSED] - Browser is opened with url: ''

2023-10-16 15:16:44 - [TEST_STEP][PASSED] - maximizeWindow(): Current window maximized

2023-10-16 15:16:44 - [MESSAGE][PASSED] - Current window maximized

2023-10-16 15:16:44 - [TEST_STEP][PASSED] - navigateToUrl("www.continente.pt"): Navigate to 'http://www.continente.pt' successfully

2023-10-16 15:16:48 - [MESSAGE][PASSED] - Navigate to 'http://www.continente.pt' successfully

2023-10-16 15:16:48 - [TEST_STEP][PASSED] - click(findTestObject("Page_Continente_Online/button_Permitir todos")): Object: 'Object Repository/Page_Continente_Online/button_Permitir todos' is clicked on

2023-10-16 15:16:49 - [MESSAGE][PASSED] - Object: 'Object Repository/Page_Continente_Online/button_Permitir todos' is clicked on

2023-10-16 15:16:49 - [MESSAGE][PASSED] - Call Test Case 'Test Cases/Open Continente' successfully

2023-10-16 15:16:49 - [TEST_STEP][PASSED] - setText(findTestObject("Page_Continente_Online/input_search_text"), "queijo"): Text 'queijo' is set on object 'Object Repository/Page_Continente_Online/input_search_text'

2023-10-16 15:16:54 - [MESSAGE][PASSED] - Text 'queijo' is set on object 'Object Repository/Page_Continente_Online/input_search_text'

2023-10-16 15:16:54 - [TEST_STEP][PASSED] - click(findTestObject("Page_Continente_Online/span_search_item")): Object: 'Object Repository/Page_Continente_Online/span_search_item' is clicked on

2023-10-16 15:16:57 - [MESSAGE][PASSED] - Object: 'Object Repository/Page_Continente_Online/span_search_item' is clicked on

2023-10-16 15:16:57 - [MESSAGE][PASSED] - Call Test Case 'Test Cases/Search Product' successfully

2023-10-16 15:16:57 - [TEST_STEP][PASSED] - click(findTestObject("Page_Resultados_de_pesquisa/span_Carrinho")): Object: 'Object Repository/Page_Resultados_de_pesquisa/span_Carrinho' is clicked on

2023-10-16 15:16:59 - [MESSAGE][PASSED] - Object: 'Object Repository/Page_Resultados_de_pesquisa/span_Carrinho' is clicked on

2023-10-16 15:16:59 - [MESSAGE][PASSED] - Call Test Case 'Test Cases/Add 1 Item to Cart' successfully

2023-10-16 15:16:59 - [TEST_STEP][PASSED] - callTestCase(findTestCase("Add 2 Items to Cart"), [:], STOP_ON_FAILURE): Call Test Case 'Test Cases/Add 2 Items to Cart' successfully

2023-10-16 15:17:00 - [TEST_CASE][PASSED] - Test Cases/Add 2 Items to Cart: Test Cases/Add 2 Items to Cart

2023-10-16 15:17:00 - [TEST_STEP][PASSED] - callTestCase(findTestCase("Open Continente"), [:], STOP_ON_FAILURE): Call Test Case 'Test Cases/Open Continente' successfully

2023-10-16 15:17:00 - [TEST_CASE][PASSED] - Test Cases/Open Continente: Test Cases/Open Continente

2023-10-16 15:17:00 - [TEST_STEP][PASSED] - openBrowser(""): Browser is opened with url: ''

2023-10-16 15:17:00 - [MESSAGE][WARNING] - A browser is already opened. Closing browser and opening a new one

2023-10-16 15:17:00 - [MESSAGE][INFO] - Starting 'Edge Chromium' driver

2023-10-16 15:17:01 - [MESSAGE][INFO] - Action delay is set to 0 milliseconds

2023-10-16 15:17:02 - [MESSAGE][PASSED] - Browser is opened with url: ''

2023-10-16 15:17:02 - [TEST_STEP][PASSED] - maximizeWindow(): Current window maximized

2023-10-16 15:17:02 - [MESSAGE][PASSED] - Current window maximized

2023-10-16 15:17:02 - [TEST_STEP][PASSED] - navigateToUrl("www.continente.pt"): Navigate to 'http://www.continente.pt' successfully

2023-10-16 15:17:04 - [MESSAGE][PASSED] - Navigate to 'http://www.continente.pt' successfully

2023-10-16 15:17:04 - [TEST_STEP][PASSED] - click(findTestObject("Page_Continente_Online/button_Permitir todos")): Object: 'Object Repository/Page_Continente_Online/button_Permitir todos' is clicked on

2023-10-16 15:17:05 - [MESSAGE][PASSED] - Object: 'Object Repository/Page_Continente_Online/button_Permitir todos' is clicked on

2023-10-16 15:17:05 - [MESSAGE][PASSED] - Call Test Case 'Test Cases/Open Continente' successfully

2023-10-16 15:17:05 - [TEST_STEP][PASSED] - callTestCase(findTestCase("Add 1 Item to Cart"), [:], STOP_ON_FAILURE): Call Test Case 'Test Cases/Add 1 Item to Cart' successfully

2023-10-16 15:17:05 - [TEST_CASE][PASSED] - Test Cases/Add 1 Item to Cart: Test Cases/Add 1 Item to Cart

2023-10-16 15:17:05 - [TEST_STEP][PASSED] - callTestCase(findTestCase("Open Continente"), [:], STOP_ON_FAILURE): Call Test Case 'Test Cases/Open Continente' successfully

2023-10-16 15:17:05 - [TEST_CASE][PASSED] - Test Cases/Open Continente: Test Cases/Open Continente

2023-10-16 15:17:05 - [TEST_STEP][PASSED] - openBrowser(""): Browser is opened with url: ''

2023-10-16 15:17:05 - [MESSAGE][WARNING] - A browser is already opened. Closing browser and opening a new one

2023-10-16 15:17:06 - [MESSAGE][INFO] - Starting 'Edge Chromium' driver

2023-10-16 15:17:06 - [MESSAGE][INFO] - Action delay is set to 0 milliseconds

2023-10-16 15:17:07 - [MESSAGE][PASSED] - Browser is opened with url: ''

2023-10-16 15:17:07 - [TEST_STEP][PASSED] - maximizeWindow(): Current window maximized

2023-10-16 15:17:07 - [MESSAGE][PASSED] - Current window maximized

2023-10-16 15:17:07 - [TEST_STEP][PASSED] - navigateToUrl("www.continente.pt"): Navigate to 'http://www.continente.pt' successfully

2023-10-16 15:17:13 - [MESSAGE][PASSED] - Navigate to 'http://www.continente.pt' successfully

2023-10-16 15:17:13 - [TEST_STEP][PASSED] - click(findTestObject("Page_Continente_Online/button_Permitir todos")): Object: 'Object Repository/Page_Continente_Online/button_Permitir todos' is clicked on

2023-10-16 15:17:14 - [MESSAGE][PASSED] - Object: 'Object Repository/Page_Continente_Online/button_Permitir todos' is clicked on

2023-10-16 15:17:14 - [MESSAGE][PASSED] - Call Test Case 'Test Cases/Open Continente' successfully

2023-10-16 15:17:14 - [TEST_STEP][PASSED] - callTestCase(findTestCase("Search Product"), [:], STOP_ON_FAILURE): Call Test Case 'Test Cases/Search Product' successfully

2023-10-16 15:17:14 - [TEST_CASE][PASSED] - Test Cases/Search Product: Test Cases/Search Product

2023-10-16 15:17:14 - [TEST_STEP][PASSED] - callTestCase(findTestCase("Open Continente"), [:], STOP_ON_FAILURE): Call Test Case 'Test Cases/Open Continente' successfully

2023-10-16 15:17:14 - [TEST_CASE][PASSED] - Test Cases/Open Continente: Test Cases/Open Continente

2023-10-16 15:17:14 - [TEST_STEP][PASSED] - openBrowser(""): Browser is opened with url: ''

2023-10-16 15:17:14 - [MESSAGE][WARNING] - A browser is already opened. Closing browser and opening a new one

2023-10-16 15:17:14 - [MESSAGE][INFO] - Starting 'Edge Chromium' driver

2023-10-16 15:17:15 - [MESSAGE][INFO] - Action delay is set to 0 milliseconds

2023-10-16 15:17:16 - [MESSAGE][PASSED] - Browser is opened with url: ''

2023-10-16 15:17:16 - [TEST_STEP][PASSED] - maximizeWindow(): Current window maximized

2023-10-16 15:17:16 - [MESSAGE][PASSED] - Current window maximized

2023-10-16 15:17:16 - [TEST_STEP][PASSED] - navigateToUrl("www.continente.pt"): Navigate to 'http://www.continente.pt' successfully

2023-10-16 15:17:18 - [MESSAGE][PASSED] - Navigate to 'http://www.continente.pt' successfully

2023-10-16 15:17:18 - [TEST_STEP][PASSED] - click(findTestObject("Page_Continente_Online/button_Permitir todos")): Object: 'Object Repository/Page_Continente_Online/button_Permitir todos' is clicked on

2023-10-16 15:17:22 - [MESSAGE][PASSED] - Object: 'Object Repository/Page_Continente_Online/button_Permitir todos' is clicked on

2023-10-16 15:17:22 - [MESSAGE][PASSED] - Call Test Case 'Test Cases/Open Continente' successfully

2023-10-16 15:17:22 - [TEST_STEP][PASSED] - setText(findTestObject("Page_Continente_Online/input_search_text"), "queijo"): Text 'queijo' is set on object 'Object Repository/Page_Continente_Online/input_search_text'

2023-10-16 15:17:24 - [MESSAGE][PASSED] - Text 'queijo' is set on object 'Object Repository/Page_Continente_Online/input_search_text'

2023-10-16 15:17:24 - [TEST_STEP][PASSED] - click(findTestObject("Page_Continente_Online/span_search_item")): Object: 'Object Repository/Page_Continente_Online/span_search_item' is clicked on

2023-10-16 15:17:27 - [MESSAGE][PASSED] - Object: 'Object Repository/Page_Continente_Online/span_search_item' is clicked on

2023-10-16 15:17:27 - [MESSAGE][PASSED] - Call Test Case 'Test Cases/Search Product' successfully

2023-10-16 15:17:27 - [TEST_STEP][PASSED] - click(findTestObject("Page_Resultados_de_pesquisa/span_Carrinho")): Object: 'Object Repository/Page_Resultados_de_pesquisa/span_Carrinho' is clicked on

2023-10-16 15:17:30 - [MESSAGE][PASSED] - Object: 'Object Repository/Page_Resultados_de_pesquisa/span_Carrinho' is clicked on

2023-10-16 15:17:30 - [MESSAGE][PASSED] - Call Test Case 'Test Cases/Add 1 Item to Cart' successfully

2023-10-16 15:17:30 - [TEST_STEP][PASSED] - click(findTestObject("Page_Resultados_de_pesquisa/span_Carrinho_2")): Object: 'Object Repository/Page_Resultados_de_pesquisa/span_Carrinho_2' is clicked on

2023-10-16 15:17:31 - [MESSAGE][PASSED] - Object: 'Object Repository/Page_Resultados_de_pesquisa/span_Carrinho_2' is clicked on

2023-10-16 15:17:31 - [TEST_STEP][PASSED] - click(findTestObject("Page_Resultados_de_pesquisa/button_aumentar_quantidade_produto")): Object: 'Object Repository/Page_Resultados_de_pesquisa/button_aumentar_quantidade_produto' is clicked on

2023-10-16 15:17:32 - [MESSAGE][PASSED] - Object: 'Object Repository/Page_Resultados_de_pesquisa/button_aumentar_quantidade_produto' is clicked on

2023-10-16 15:17:32 - [MESSAGE][PASSED] - Call Test Case 'Test Cases/Add 2 Items to Cart' successfully

2023-10-16 15:17:32 - [TEST_STEP][PASSED] - click(findTestObject("Page_Resultados_de_pesquisa/span_13,37")): Object: 'Object Repository/Page_Resultados_de_pesquisa/span_13,37' is clicked on

2023-10-16 15:17:32 - [MESSAGE][PASSED] - Object: 'Object Repository/Page_Resultados_de_pesquisa/span_13,37' is clicked on

2023-10-16 15:17:32 - [TEST_STEP][PASSED] - closeBrowser(): Browser is closed

2023-10-16 15:17:33 - [MESSAGE][PASSED] - Browser is closed]]></system-out>
         <system-err><![CDATA[]]></system-err>
      </testcase>
      <system-out><![CDATA[2023-10-16 15:14:44 - [TEST_SUITE][PASSED] - Continente: Test Cases/Show Cart]]></system-out>
      <system-err><![CDATA[]]></system-err>
   </testsuite>
</testsuites>
