<?xml version="1.0" encoding="UTF-8"?>
<testsuites name="Continente" time="0.346" tests="5" failures="0" errors="5">
   <testsuite name="Continente" tests="5" failures="0" errors="5" time="0.346" skipped="0" timestamp="2023-10-13 16:23:16" hostname="xavier.a.santos - MININT-CAEUVD4.noesis.pt" id="Test Suites/Continente">
      <properties>
         <property name="deviceName" value=""/>
         <property name="devicePlatform" value=""/>
         <property name="logFolder" value="C:\\Users\\xavier.a.santos\\git\\KatalonContinente\\Reports\\20231013_162311\\Continente\\20231013_162311"/>
         <property name="logFiles" value="C:\\Users\\xavier.a.santos\\git\\KatalonContinente\\Reports\\20231013_162311\\Continente\\20231013_162311\\execution0.log"/>
         <property name="attachments" value=""/>
         <property name="hostName" value="xavier.a.santos - MININT-CAEUVD4.noesis.pt"/>
         <property name="hostAddress" value="192.168.1.133"/>
         <property name="os" value="Windows 11 64bit"/>
         <property name="katalonVersion" value="9.0.0.beta.212"/>
      </properties>
      <testcase name="Test Cases/Open Continente" time="0.034" classname="Test Cases/Open Continente" status="ERROR">
         <error type="ERROR" message="Test Cases/Open Continente has ERROR(s).&#xa;Reason:&#xa;java.io.FileNotFoundException: File '' does not exist"/>
         <system-out><![CDATA[2023-10-13 16:23:16 - [TEST_CASE][ERROR] - Test Cases/Open Continente: Test Cases/Open Continente has ERROR(s).
Reason:
java.io.FileNotFoundException: File '' does not exist]]></system-out>
         <system-err><![CDATA[2023-10-13 16:23:16 - [TEST_CASE][ERROR] - Test Cases/Open Continente: Test Cases/Open Continente has ERROR(s).
Reason:
java.io.FileNotFoundException: File '' does not exist]]></system-err>
      </testcase>
      <testcase name="Test Cases/Search Product" time="0.005" classname="Test Cases/Search Product" status="ERROR">
         <error type="ERROR" message="Test Cases/Search Product has ERROR(s).&#xa;Reason:&#xa;java.io.FileNotFoundException: File '' does not exist"/>
         <system-out><![CDATA[2023-10-13 16:23:17 - [TEST_CASE][ERROR] - Test Cases/Search Product: Test Cases/Search Product has ERROR(s).
Reason:
java.io.FileNotFoundException: File '' does not exist]]></system-out>
         <system-err><![CDATA[2023-10-13 16:23:17 - [TEST_CASE][ERROR] - Test Cases/Search Product: Test Cases/Search Product has ERROR(s).
Reason:
java.io.FileNotFoundException: File '' does not exist]]></system-err>
      </testcase>
      <testcase name="Test Cases/Add 1 Item to Cart" time="0.007" classname="Test Cases/Add 1 Item to Cart" status="ERROR">
         <error type="ERROR" message="Test Cases/Add 1 Item to Cart has ERROR(s).&#xa;Reason:&#xa;java.io.FileNotFoundException: File '' does not exist"/>
         <system-out><![CDATA[2023-10-13 16:23:17 - [TEST_CASE][ERROR] - Test Cases/Add 1 Item to Cart: Test Cases/Add 1 Item to Cart has ERROR(s).
Reason:
java.io.FileNotFoundException: File '' does not exist]]></system-out>
         <system-err><![CDATA[2023-10-13 16:23:17 - [TEST_CASE][ERROR] - Test Cases/Add 1 Item to Cart: Test Cases/Add 1 Item to Cart has ERROR(s).
Reason:
java.io.FileNotFoundException: File '' does not exist]]></system-err>
      </testcase>
      <testcase name="Test Cases/Add 2 Items to Cart" time="0.006" classname="Test Cases/Add 2 Items to Cart" status="ERROR">
         <error type="ERROR" message="Test Cases/Add 2 Items to Cart has ERROR(s).&#xa;Reason:&#xa;java.io.FileNotFoundException: File '' does not exist"/>
         <system-out><![CDATA[2023-10-13 16:23:17 - [TEST_CASE][ERROR] - Test Cases/Add 2 Items to Cart: Test Cases/Add 2 Items to Cart has ERROR(s).
Reason:
java.io.FileNotFoundException: File '' does not exist]]></system-out>
         <system-err><![CDATA[2023-10-13 16:23:17 - [TEST_CASE][ERROR] - Test Cases/Add 2 Items to Cart: Test Cases/Add 2 Items to Cart has ERROR(s).
Reason:
java.io.FileNotFoundException: File '' does not exist]]></system-err>
      </testcase>
      <testcase name="Test Cases/Show Cart" time="0.005" classname="Test Cases/Show Cart" status="ERROR">
         <error type="ERROR" message="Test Cases/Show Cart has ERROR(s).&#xa;Reason:&#xa;java.io.FileNotFoundException: File '' does not exist"/>
         <system-out><![CDATA[2023-10-13 16:23:17 - [TEST_CASE][ERROR] - Test Cases/Show Cart: Test Cases/Show Cart has ERROR(s).
Reason:
java.io.FileNotFoundException: File '' does not exist]]></system-out>
         <system-err><![CDATA[2023-10-13 16:23:17 - [TEST_CASE][ERROR] - Test Cases/Show Cart: Test Cases/Show Cart has ERROR(s).
Reason:
java.io.FileNotFoundException: File '' does not exist]]></system-err>
      </testcase>
      <system-out><![CDATA[2023-10-13 16:23:16 - [TEST_SUITE][ERROR] - Continente: Test Cases/Open Continente has ERROR(s).
Reason:
java.io.FileNotFoundException: File '' does not exist]]></system-out>
      <system-err><![CDATA[2023-10-13 16:23:16 - [TEST_SUITE][ERROR] - Continente: Test Cases/Open Continente has ERROR(s).
Reason:
java.io.FileNotFoundException: File '' does not exist]]></system-err>
   </testsuite>
</testsuites>
