<?xml version="1.0" encoding="UTF-8"?>
<testsuites name="Continente" time="219.522" tests="5" failures="0" errors="0">
   <testsuite name="Continente" tests="5" failures="0" errors="0" time="219.522" skipped="0" timestamp="2023-10-16 16:36:15" hostname="xavier.a.santos - MININT-CAEUVD4.noesis.pt" id="Test Suites/Continente">
      <properties>
         <property name="deviceName" value=""/>
         <property name="devicePlatform" value=""/>
         <property name="logFolder" value="C:\\Users\\xavier.a.santos\\git\\KatalonContinente\\Reports\\20231016_163600\\Continente\\20231016_163601"/>
         <property name="logFiles" value="C:\\Users\\xavier.a.santos\\git\\KatalonContinente\\Reports\\20231016_163600\\Continente\\20231016_163601\\execution0.log"/>
         <property name="attachments" value=""/>
         <property name="hostName" value="xavier.a.santos - MININT-CAEUVD4.noesis.pt"/>
         <property name="os" value="Windows 11 64bit"/>
         <property name="katalonVersion" value="9.0.0.beta.212"/>
         <property name="browser" value="Chrome 118.0.0.0"/>
         <property name="hostAddress" value="192.168.1.133"/>
         <property name="sessionId" value="ba16497e203c26156e2f300d2e4eee76"/>
         <property name="seleniumVersion" value="3.141.59"/>
         <property name="proxyInformation" value="ProxyInformation { proxyOption=NO_PROXY, proxyServerType=HTTP, username=, password=********, proxyServerAddress=, proxyServerPort=0, executionList=&quot;&quot;, isApplyToDesiredCapabilities=true }"/>
         <property name="platform" value="Windows 11"/>
      </properties>
      <testcase name="Test Cases/Open Continente" time="12.432" classname="Test Cases/Open Continente" status="PASSED">
         <system-out><![CDATA[2023-10-16 16:36:16 - [TEST_CASE][PASSED] - Test Cases/Open Continente: Test Cases/Open Continente

2023-10-16 16:36:17 - [TEST_STEP][PASSED] - openBrowser(""): Browser is opened with url: ''

2023-10-16 16:36:18 - [MESSAGE][INFO] - Starting 'Chrome' driver

2023-10-16 16:36:18 - [MESSAGE][INFO] - Action delay is set to 0 milliseconds

2023-10-16 16:36:22 - [MESSAGE][PASSED] - Browser is opened with url: ''

2023-10-16 16:36:22 - [TEST_STEP][PASSED] - maximizeWindow(): Current window maximized

2023-10-16 16:36:22 - [MESSAGE][PASSED] - Current window maximized

2023-10-16 16:36:22 - [TEST_STEP][PASSED] - navigateToUrl("www.continente.pt"): Navigate to 'http://www.continente.pt' successfully

2023-10-16 16:36:24 - [MESSAGE][PASSED] - Navigate to 'http://www.continente.pt' successfully

2023-10-16 16:36:24 - [TEST_STEP][PASSED] - click(findTestObject("Page_Continente_Online/button_Permitir todos")): Object: 'Object Repository/Page_Continente_Online/button_Permitir todos' is clicked on

2023-10-16 16:36:28 - [MESSAGE][PASSED] - Object: 'Object Repository/Page_Continente_Online/button_Permitir todos' is clicked on]]></system-out>
         <system-err><![CDATA[]]></system-err>
      </testcase>
      <testcase name="Test Cases/Search Product" time="22.523" classname="Test Cases/Search Product" status="PASSED">
         <system-out><![CDATA[2023-10-16 16:36:28 - [TEST_CASE][PASSED] - Test Cases/Search Product: Test Cases/Search Product

2023-10-16 16:36:29 - [TEST_STEP][PASSED] - callTestCase(findTestCase("Open Continente"), [:], STOP_ON_FAILURE): Call Test Case 'Test Cases/Open Continente' successfully

2023-10-16 16:36:29 - [TEST_CASE][PASSED] - Test Cases/Open Continente: Test Cases/Open Continente

2023-10-16 16:36:29 - [TEST_STEP][PASSED] - openBrowser(""): Browser is opened with url: ''

2023-10-16 16:36:29 - [MESSAGE][WARNING] - A browser is already opened. Closing browser and opening a new one

2023-10-16 16:36:30 - [MESSAGE][INFO] - Starting 'Chrome' driver

2023-10-16 16:36:30 - [MESSAGE][INFO] - Action delay is set to 0 milliseconds

2023-10-16 16:36:31 - [MESSAGE][PASSED] - Browser is opened with url: ''

2023-10-16 16:36:31 - [TEST_STEP][PASSED] - maximizeWindow(): Current window maximized

2023-10-16 16:36:32 - [MESSAGE][PASSED] - Current window maximized

2023-10-16 16:36:32 - [TEST_STEP][PASSED] - navigateToUrl("www.continente.pt"): Navigate to 'http://www.continente.pt' successfully

2023-10-16 16:36:36 - [MESSAGE][PASSED] - Navigate to 'http://www.continente.pt' successfully

2023-10-16 16:36:36 - [TEST_STEP][PASSED] - click(findTestObject("Page_Continente_Online/button_Permitir todos")): Object: 'Object Repository/Page_Continente_Online/button_Permitir todos' is clicked on

2023-10-16 16:36:42 - [MESSAGE][PASSED] - Object: 'Object Repository/Page_Continente_Online/button_Permitir todos' is clicked on

2023-10-16 16:36:42 - [MESSAGE][PASSED] - Call Test Case 'Test Cases/Open Continente' successfully

2023-10-16 16:36:42 - [TEST_STEP][PASSED] - setText(findTestObject("Page_Continente_Online/input_search_text"), "queijo"): Text 'queijo' is set on object 'Object Repository/Page_Continente_Online/input_search_text'

2023-10-16 16:36:44 - [MESSAGE][PASSED] - Text 'queijo' is set on object 'Object Repository/Page_Continente_Online/input_search_text'

2023-10-16 16:36:44 - [TEST_STEP][PASSED] - click(findTestObject("Page_Continente_Online/span_search_item")): Object: 'Object Repository/Page_Continente_Online/span_search_item' is clicked on

2023-10-16 16:36:51 - [MESSAGE][PASSED] - Object: 'Object Repository/Page_Continente_Online/span_search_item' is clicked on]]></system-out>
         <system-err><![CDATA[]]></system-err>
      </testcase>
      <testcase name="Test Cases/Add 1 Item to Cart" time="35.539" classname="Test Cases/Add 1 Item to Cart" status="PASSED">
         <system-out><![CDATA[2023-10-16 16:36:51 - [TEST_CASE][PASSED] - Test Cases/Add 1 Item to Cart: Test Cases/Add 1 Item to Cart

2023-10-16 16:36:51 - [TEST_STEP][PASSED] - callTestCase(findTestCase("Open Continente"), [:], STOP_ON_FAILURE): Call Test Case 'Test Cases/Open Continente' successfully

2023-10-16 16:36:51 - [TEST_CASE][PASSED] - Test Cases/Open Continente: Test Cases/Open Continente

2023-10-16 16:36:51 - [TEST_STEP][PASSED] - openBrowser(""): Browser is opened with url: ''

2023-10-16 16:36:51 - [MESSAGE][WARNING] - A browser is already opened. Closing browser and opening a new one

2023-10-16 16:36:51 - [MESSAGE][INFO] - Starting 'Chrome' driver

2023-10-16 16:36:51 - [MESSAGE][INFO] - Action delay is set to 0 milliseconds

2023-10-16 16:36:53 - [MESSAGE][PASSED] - Browser is opened with url: ''

2023-10-16 16:36:53 - [TEST_STEP][PASSED] - maximizeWindow(): Current window maximized

2023-10-16 16:36:53 - [MESSAGE][PASSED] - Current window maximized

2023-10-16 16:36:53 - [TEST_STEP][PASSED] - navigateToUrl("www.continente.pt"): Navigate to 'http://www.continente.pt' successfully

2023-10-16 16:36:58 - [MESSAGE][PASSED] - Navigate to 'http://www.continente.pt' successfully

2023-10-16 16:36:58 - [TEST_STEP][PASSED] - click(findTestObject("Page_Continente_Online/button_Permitir todos")): Object: 'Object Repository/Page_Continente_Online/button_Permitir todos' is clicked on

2023-10-16 16:37:04 - [MESSAGE][PASSED] - Object: 'Object Repository/Page_Continente_Online/button_Permitir todos' is clicked on

2023-10-16 16:37:04 - [MESSAGE][PASSED] - Call Test Case 'Test Cases/Open Continente' successfully

2023-10-16 16:37:04 - [TEST_STEP][PASSED] - callTestCase(findTestCase("Search Product"), [:], STOP_ON_FAILURE): Call Test Case 'Test Cases/Search Product' successfully

2023-10-16 16:37:04 - [TEST_CASE][PASSED] - Test Cases/Search Product: Test Cases/Search Product

2023-10-16 16:37:04 - [TEST_STEP][PASSED] - callTestCase(findTestCase("Open Continente"), [:], STOP_ON_FAILURE): Call Test Case 'Test Cases/Open Continente' successfully

2023-10-16 16:37:04 - [TEST_CASE][PASSED] - Test Cases/Open Continente: Test Cases/Open Continente

2023-10-16 16:37:04 - [TEST_STEP][PASSED] - openBrowser(""): Browser is opened with url: ''

2023-10-16 16:37:04 - [MESSAGE][WARNING] - A browser is already opened. Closing browser and opening a new one

2023-10-16 16:37:05 - [MESSAGE][INFO] - Starting 'Chrome' driver

2023-10-16 16:37:05 - [MESSAGE][INFO] - Action delay is set to 0 milliseconds

2023-10-16 16:37:08 - [MESSAGE][PASSED] - Browser is opened with url: ''

2023-10-16 16:37:08 - [TEST_STEP][PASSED] - maximizeWindow(): Current window maximized

2023-10-16 16:37:08 - [MESSAGE][PASSED] - Current window maximized

2023-10-16 16:37:08 - [TEST_STEP][PASSED] - navigateToUrl("www.continente.pt"): Navigate to 'http://www.continente.pt' successfully

2023-10-16 16:37:12 - [MESSAGE][PASSED] - Navigate to 'http://www.continente.pt' successfully

2023-10-16 16:37:12 - [TEST_STEP][PASSED] - click(findTestObject("Page_Continente_Online/button_Permitir todos")): Object: 'Object Repository/Page_Continente_Online/button_Permitir todos' is clicked on

2023-10-16 16:37:15 - [MESSAGE][PASSED] - Object: 'Object Repository/Page_Continente_Online/button_Permitir todos' is clicked on

2023-10-16 16:37:15 - [MESSAGE][PASSED] - Call Test Case 'Test Cases/Open Continente' successfully

2023-10-16 16:37:15 - [TEST_STEP][PASSED] - setText(findTestObject("Page_Continente_Online/input_search_text"), "queijo"): Text 'queijo' is set on object 'Object Repository/Page_Continente_Online/input_search_text'

2023-10-16 16:37:18 - [MESSAGE][PASSED] - Text 'queijo' is set on object 'Object Repository/Page_Continente_Online/input_search_text'

2023-10-16 16:37:18 - [TEST_STEP][PASSED] - click(findTestObject("Page_Continente_Online/span_search_item")): Object: 'Object Repository/Page_Continente_Online/span_search_item' is clicked on

2023-10-16 16:37:24 - [MESSAGE][PASSED] - Object: 'Object Repository/Page_Continente_Online/span_search_item' is clicked on

2023-10-16 16:37:24 - [MESSAGE][PASSED] - Call Test Case 'Test Cases/Search Product' successfully

2023-10-16 16:37:24 - [TEST_STEP][PASSED] - click(findTestObject("Page_Resultados_de_pesquisa/span_Carrinho")): Object: 'Object Repository/Page_Resultados_de_pesquisa/span_Carrinho' is clicked on

2023-10-16 16:37:26 - [MESSAGE][PASSED] - Object: 'Object Repository/Page_Resultados_de_pesquisa/span_Carrinho' is clicked on]]></system-out>
         <system-err><![CDATA[]]></system-err>
      </testcase>
      <testcase name="Test Cases/Add 2 Items to Cart" time="48.961" classname="Test Cases/Add 2 Items to Cart" status="PASSED">
         <system-out><![CDATA[2023-10-16 16:37:26 - [TEST_CASE][PASSED] - Test Cases/Add 2 Items to Cart: Test Cases/Add 2 Items to Cart

2023-10-16 16:37:26 - [TEST_STEP][PASSED] - callTestCase(findTestCase("Open Continente"), [:], STOP_ON_FAILURE): Call Test Case 'Test Cases/Open Continente' successfully

2023-10-16 16:37:26 - [TEST_CASE][PASSED] - Test Cases/Open Continente: Test Cases/Open Continente

2023-10-16 16:37:26 - [TEST_STEP][PASSED] - openBrowser(""): Browser is opened with url: ''

2023-10-16 16:37:27 - [MESSAGE][WARNING] - A browser is already opened. Closing browser and opening a new one

2023-10-16 16:37:27 - [MESSAGE][INFO] - Starting 'Chrome' driver

2023-10-16 16:37:27 - [MESSAGE][INFO] - Action delay is set to 0 milliseconds

2023-10-16 16:37:29 - [MESSAGE][PASSED] - Browser is opened with url: ''

2023-10-16 16:37:29 - [TEST_STEP][PASSED] - maximizeWindow(): Current window maximized

2023-10-16 16:37:30 - [MESSAGE][PASSED] - Current window maximized

2023-10-16 16:37:30 - [TEST_STEP][PASSED] - navigateToUrl("www.continente.pt"): Navigate to 'http://www.continente.pt' successfully

2023-10-16 16:37:34 - [MESSAGE][PASSED] - Navigate to 'http://www.continente.pt' successfully

2023-10-16 16:37:34 - [TEST_STEP][PASSED] - click(findTestObject("Page_Continente_Online/button_Permitir todos")): Object: 'Object Repository/Page_Continente_Online/button_Permitir todos' is clicked on

2023-10-16 16:37:40 - [MESSAGE][PASSED] - Object: 'Object Repository/Page_Continente_Online/button_Permitir todos' is clicked on

2023-10-16 16:37:40 - [MESSAGE][PASSED] - Call Test Case 'Test Cases/Open Continente' successfully

2023-10-16 16:37:40 - [TEST_STEP][PASSED] - callTestCase(findTestCase("Add 1 Item to Cart"), [:], STOP_ON_FAILURE): Call Test Case 'Test Cases/Add 1 Item to Cart' successfully

2023-10-16 16:37:40 - [TEST_CASE][PASSED] - Test Cases/Add 1 Item to Cart: Test Cases/Add 1 Item to Cart

2023-10-16 16:37:40 - [TEST_STEP][PASSED] - callTestCase(findTestCase("Open Continente"), [:], STOP_ON_FAILURE): Call Test Case 'Test Cases/Open Continente' successfully

2023-10-16 16:37:40 - [TEST_CASE][PASSED] - Test Cases/Open Continente: Test Cases/Open Continente

2023-10-16 16:37:40 - [TEST_STEP][PASSED] - openBrowser(""): Browser is opened with url: ''

2023-10-16 16:37:40 - [MESSAGE][WARNING] - A browser is already opened. Closing browser and opening a new one

2023-10-16 16:37:41 - [MESSAGE][INFO] - Starting 'Chrome' driver

2023-10-16 16:37:41 - [MESSAGE][INFO] - Action delay is set to 0 milliseconds

2023-10-16 16:37:42 - [MESSAGE][PASSED] - Browser is opened with url: ''

2023-10-16 16:37:42 - [TEST_STEP][PASSED] - maximizeWindow(): Current window maximized

2023-10-16 16:37:43 - [MESSAGE][PASSED] - Current window maximized

2023-10-16 16:37:43 - [TEST_STEP][PASSED] - navigateToUrl("www.continente.pt"): Navigate to 'http://www.continente.pt' successfully

2023-10-16 16:37:46 - [MESSAGE][PASSED] - Navigate to 'http://www.continente.pt' successfully

2023-10-16 16:37:46 - [TEST_STEP][PASSED] - click(findTestObject("Page_Continente_Online/button_Permitir todos")): Object: 'Object Repository/Page_Continente_Online/button_Permitir todos' is clicked on

2023-10-16 16:37:52 - [MESSAGE][PASSED] - Object: 'Object Repository/Page_Continente_Online/button_Permitir todos' is clicked on

2023-10-16 16:37:52 - [MESSAGE][PASSED] - Call Test Case 'Test Cases/Open Continente' successfully

2023-10-16 16:37:52 - [TEST_STEP][PASSED] - callTestCase(findTestCase("Search Product"), [:], STOP_ON_FAILURE): Call Test Case 'Test Cases/Search Product' successfully

2023-10-16 16:37:52 - [TEST_CASE][PASSED] - Test Cases/Search Product: Test Cases/Search Product

2023-10-16 16:37:52 - [TEST_STEP][PASSED] - callTestCase(findTestCase("Open Continente"), [:], STOP_ON_FAILURE): Call Test Case 'Test Cases/Open Continente' successfully

2023-10-16 16:37:52 - [TEST_CASE][PASSED] - Test Cases/Open Continente: Test Cases/Open Continente

2023-10-16 16:37:52 - [TEST_STEP][PASSED] - openBrowser(""): Browser is opened with url: ''

2023-10-16 16:37:52 - [MESSAGE][WARNING] - A browser is already opened. Closing browser and opening a new one

2023-10-16 16:37:53 - [MESSAGE][INFO] - Starting 'Chrome' driver

2023-10-16 16:37:53 - [MESSAGE][INFO] - Action delay is set to 0 milliseconds

2023-10-16 16:37:55 - [MESSAGE][PASSED] - Browser is opened with url: ''

2023-10-16 16:37:55 - [TEST_STEP][PASSED] - maximizeWindow(): Current window maximized

2023-10-16 16:37:55 - [MESSAGE][PASSED] - Current window maximized

2023-10-16 16:37:55 - [TEST_STEP][PASSED] - navigateToUrl("www.continente.pt"): Navigate to 'http://www.continente.pt' successfully

2023-10-16 16:37:59 - [MESSAGE][PASSED] - Navigate to 'http://www.continente.pt' successfully

2023-10-16 16:37:59 - [TEST_STEP][PASSED] - click(findTestObject("Page_Continente_Online/button_Permitir todos")): Object: 'Object Repository/Page_Continente_Online/button_Permitir todos' is clicked on

2023-10-16 16:38:00 - [MESSAGE][PASSED] - Object: 'Object Repository/Page_Continente_Online/button_Permitir todos' is clicked on

2023-10-16 16:38:00 - [MESSAGE][PASSED] - Call Test Case 'Test Cases/Open Continente' successfully

2023-10-16 16:38:00 - [TEST_STEP][PASSED] - setText(findTestObject("Page_Continente_Online/input_search_text"), "queijo"): Text 'queijo' is set on object 'Object Repository/Page_Continente_Online/input_search_text'

2023-10-16 16:38:05 - [MESSAGE][PASSED] - Text 'queijo' is set on object 'Object Repository/Page_Continente_Online/input_search_text'

2023-10-16 16:38:05 - [TEST_STEP][PASSED] - click(findTestObject("Page_Continente_Online/span_search_item")): Object: 'Object Repository/Page_Continente_Online/span_search_item' is clicked on

2023-10-16 16:38:11 - [MESSAGE][PASSED] - Object: 'Object Repository/Page_Continente_Online/span_search_item' is clicked on

2023-10-16 16:38:11 - [MESSAGE][PASSED] - Call Test Case 'Test Cases/Search Product' successfully

2023-10-16 16:38:11 - [TEST_STEP][PASSED] - click(findTestObject("Page_Resultados_de_pesquisa/span_Carrinho")): Object: 'Object Repository/Page_Resultados_de_pesquisa/span_Carrinho' is clicked on

2023-10-16 16:38:13 - [MESSAGE][PASSED] - Object: 'Object Repository/Page_Resultados_de_pesquisa/span_Carrinho' is clicked on

2023-10-16 16:38:13 - [MESSAGE][PASSED] - Call Test Case 'Test Cases/Add 1 Item to Cart' successfully

2023-10-16 16:38:13 - [TEST_STEP][PASSED] - click(findTestObject("Page_Resultados_de_pesquisa/span_Carrinho_2")): Object: 'Object Repository/Page_Resultados_de_pesquisa/span_Carrinho_2' is clicked on

2023-10-16 16:38:14 - [MESSAGE][PASSED] - Object: 'Object Repository/Page_Resultados_de_pesquisa/span_Carrinho_2' is clicked on

2023-10-16 16:38:14 - [TEST_STEP][PASSED] - click(findTestObject("Page_Resultados_de_pesquisa/button_aumentar_quantidade_produto")): Object: 'Object Repository/Page_Resultados_de_pesquisa/button_aumentar_quantidade_produto' is clicked on

2023-10-16 16:38:15 - [MESSAGE][PASSED] - Object: 'Object Repository/Page_Resultados_de_pesquisa/button_aumentar_quantidade_produto' is clicked on]]></system-out>
         <system-err><![CDATA[]]></system-err>
      </testcase>
      <testcase name="Test Cases/Show Cart" time="99.406" classname="Test Cases/Show Cart" status="PASSED">
         <system-out><![CDATA[2023-10-16 16:38:15 - [TEST_CASE][PASSED] - Test Cases/Show Cart: Test Cases/Show Cart

2023-10-16 16:38:15 - [TEST_STEP][PASSED] - callTestCase(findTestCase("Open Google"), [:], STOP_ON_FAILURE): Call Test Case 'Test Cases/Open Google' successfully

2023-10-16 16:38:15 - [TEST_CASE][PASSED] - Test Cases/Open Google: Test Cases/Open Google

2023-10-16 16:38:15 - [TEST_STEP][PASSED] - openBrowser(""): Browser is opened with url: ''

2023-10-16 16:38:15 - [MESSAGE][WARNING] - A browser is already opened. Closing browser and opening a new one

2023-10-16 16:38:16 - [MESSAGE][INFO] - Starting 'Chrome' driver

2023-10-16 16:38:16 - [MESSAGE][INFO] - Action delay is set to 0 milliseconds

2023-10-16 16:38:18 - [MESSAGE][PASSED] - Browser is opened with url: ''

2023-10-16 16:38:18 - [TEST_STEP][PASSED] - navigateToUrl("www.google.pt"): Navigate to 'http://www.google.pt' successfully

2023-10-16 16:38:20 - [MESSAGE][PASSED] - Navigate to 'http://www.google.pt' successfully

2023-10-16 16:38:20 - [MESSAGE][PASSED] - Call Test Case 'Test Cases/Open Google' successfully

2023-10-16 16:38:20 - [TEST_STEP][PASSED] - callTestCase(findTestCase("Search Product"), [:], STOP_ON_FAILURE): Call Test Case 'Test Cases/Search Product' successfully

2023-10-16 16:38:20 - [TEST_CASE][PASSED] - Test Cases/Search Product: Test Cases/Search Product

2023-10-16 16:38:20 - [TEST_STEP][PASSED] - callTestCase(findTestCase("Open Continente"), [:], STOP_ON_FAILURE): Call Test Case 'Test Cases/Open Continente' successfully

2023-10-16 16:38:20 - [TEST_CASE][PASSED] - Test Cases/Open Continente: Test Cases/Open Continente

2023-10-16 16:38:20 - [TEST_STEP][PASSED] - openBrowser(""): Browser is opened with url: ''

2023-10-16 16:38:20 - [MESSAGE][WARNING] - A browser is already opened. Closing browser and opening a new one

2023-10-16 16:38:21 - [MESSAGE][INFO] - Starting 'Chrome' driver

2023-10-16 16:38:21 - [MESSAGE][INFO] - Action delay is set to 0 milliseconds

2023-10-16 16:38:23 - [MESSAGE][PASSED] - Browser is opened with url: ''

2023-10-16 16:38:23 - [TEST_STEP][PASSED] - maximizeWindow(): Current window maximized

2023-10-16 16:38:23 - [MESSAGE][PASSED] - Current window maximized

2023-10-16 16:38:23 - [TEST_STEP][PASSED] - navigateToUrl("www.continente.pt"): Navigate to 'http://www.continente.pt' successfully

2023-10-16 16:38:27 - [MESSAGE][PASSED] - Navigate to 'http://www.continente.pt' successfully

2023-10-16 16:38:27 - [TEST_STEP][PASSED] - click(findTestObject("Page_Continente_Online/button_Permitir todos")): Object: 'Object Repository/Page_Continente_Online/button_Permitir todos' is clicked on

2023-10-16 16:38:27 - [MESSAGE][PASSED] - Object: 'Object Repository/Page_Continente_Online/button_Permitir todos' is clicked on

2023-10-16 16:38:27 - [MESSAGE][PASSED] - Call Test Case 'Test Cases/Open Continente' successfully

2023-10-16 16:38:27 - [TEST_STEP][PASSED] - setText(findTestObject("Page_Continente_Online/input_search_text"), "queijo"): Text 'queijo' is set on object 'Object Repository/Page_Continente_Online/input_search_text'

2023-10-16 16:38:33 - [MESSAGE][PASSED] - Text 'queijo' is set on object 'Object Repository/Page_Continente_Online/input_search_text'

2023-10-16 16:38:33 - [TEST_STEP][PASSED] - click(findTestObject("Page_Continente_Online/span_search_item")): Object: 'Object Repository/Page_Continente_Online/span_search_item' is clicked on

2023-10-16 16:38:37 - [MESSAGE][PASSED] - Object: 'Object Repository/Page_Continente_Online/span_search_item' is clicked on

2023-10-16 16:38:37 - [MESSAGE][PASSED] - Call Test Case 'Test Cases/Search Product' successfully

2023-10-16 16:38:37 - [TEST_STEP][PASSED] - callTestCase(findTestCase("Add 1 Item to Cart"), [:], STOP_ON_FAILURE): Call Test Case 'Test Cases/Add 1 Item to Cart' successfully

2023-10-16 16:38:37 - [TEST_CASE][PASSED] - Test Cases/Add 1 Item to Cart: Test Cases/Add 1 Item to Cart

2023-10-16 16:38:37 - [TEST_STEP][PASSED] - callTestCase(findTestCase("Open Continente"), [:], STOP_ON_FAILURE): Call Test Case 'Test Cases/Open Continente' successfully

2023-10-16 16:38:37 - [TEST_CASE][PASSED] - Test Cases/Open Continente: Test Cases/Open Continente

2023-10-16 16:38:37 - [TEST_STEP][PASSED] - openBrowser(""): Browser is opened with url: ''

2023-10-16 16:38:37 - [MESSAGE][WARNING] - A browser is already opened. Closing browser and opening a new one

2023-10-16 16:38:38 - [MESSAGE][INFO] - Starting 'Chrome' driver

2023-10-16 16:38:38 - [MESSAGE][INFO] - Action delay is set to 0 milliseconds

2023-10-16 16:38:40 - [MESSAGE][PASSED] - Browser is opened with url: ''

2023-10-16 16:38:40 - [TEST_STEP][PASSED] - maximizeWindow(): Current window maximized

2023-10-16 16:38:40 - [MESSAGE][PASSED] - Current window maximized

2023-10-16 16:38:40 - [TEST_STEP][PASSED] - navigateToUrl("www.continente.pt"): Navigate to 'http://www.continente.pt' successfully

2023-10-16 16:38:44 - [MESSAGE][PASSED] - Navigate to 'http://www.continente.pt' successfully

2023-10-16 16:38:44 - [TEST_STEP][PASSED] - click(findTestObject("Page_Continente_Online/button_Permitir todos")): Object: 'Object Repository/Page_Continente_Online/button_Permitir todos' is clicked on

2023-10-16 16:38:45 - [MESSAGE][PASSED] - Object: 'Object Repository/Page_Continente_Online/button_Permitir todos' is clicked on

2023-10-16 16:38:45 - [MESSAGE][PASSED] - Call Test Case 'Test Cases/Open Continente' successfully

2023-10-16 16:38:45 - [TEST_STEP][PASSED] - callTestCase(findTestCase("Search Product"), [:], STOP_ON_FAILURE): Call Test Case 'Test Cases/Search Product' successfully

2023-10-16 16:38:45 - [TEST_CASE][PASSED] - Test Cases/Search Product: Test Cases/Search Product

2023-10-16 16:38:45 - [TEST_STEP][PASSED] - callTestCase(findTestCase("Open Continente"), [:], STOP_ON_FAILURE): Call Test Case 'Test Cases/Open Continente' successfully

2023-10-16 16:38:45 - [TEST_CASE][PASSED] - Test Cases/Open Continente: Test Cases/Open Continente

2023-10-16 16:38:45 - [TEST_STEP][PASSED] - openBrowser(""): Browser is opened with url: ''

2023-10-16 16:38:45 - [MESSAGE][WARNING] - A browser is already opened. Closing browser and opening a new one

2023-10-16 16:38:46 - [MESSAGE][INFO] - Starting 'Chrome' driver

2023-10-16 16:38:46 - [MESSAGE][INFO] - Action delay is set to 0 milliseconds

2023-10-16 16:38:48 - [MESSAGE][PASSED] - Browser is opened with url: ''

2023-10-16 16:38:48 - [TEST_STEP][PASSED] - maximizeWindow(): Current window maximized

2023-10-16 16:38:48 - [MESSAGE][PASSED] - Current window maximized

2023-10-16 16:38:48 - [TEST_STEP][PASSED] - navigateToUrl("www.continente.pt"): Navigate to 'http://www.continente.pt' successfully

2023-10-16 16:38:52 - [MESSAGE][PASSED] - Navigate to 'http://www.continente.pt' successfully

2023-10-16 16:38:52 - [TEST_STEP][PASSED] - click(findTestObject("Page_Continente_Online/button_Permitir todos")): Object: 'Object Repository/Page_Continente_Online/button_Permitir todos' is clicked on

2023-10-16 16:38:53 - [MESSAGE][PASSED] - Object: 'Object Repository/Page_Continente_Online/button_Permitir todos' is clicked on

2023-10-16 16:38:53 - [MESSAGE][PASSED] - Call Test Case 'Test Cases/Open Continente' successfully

2023-10-16 16:38:53 - [TEST_STEP][PASSED] - setText(findTestObject("Page_Continente_Online/input_search_text"), "queijo"): Text 'queijo' is set on object 'Object Repository/Page_Continente_Online/input_search_text'

2023-10-16 16:38:58 - [MESSAGE][PASSED] - Text 'queijo' is set on object 'Object Repository/Page_Continente_Online/input_search_text'

2023-10-16 16:38:58 - [TEST_STEP][PASSED] - click(findTestObject("Page_Continente_Online/span_search_item")): Object: 'Object Repository/Page_Continente_Online/span_search_item' is clicked on

2023-10-16 16:39:04 - [MESSAGE][PASSED] - Object: 'Object Repository/Page_Continente_Online/span_search_item' is clicked on

2023-10-16 16:39:04 - [MESSAGE][PASSED] - Call Test Case 'Test Cases/Search Product' successfully

2023-10-16 16:39:04 - [TEST_STEP][PASSED] - click(findTestObject("Page_Resultados_de_pesquisa/span_Carrinho")): Object: 'Object Repository/Page_Resultados_de_pesquisa/span_Carrinho' is clicked on

2023-10-16 16:39:06 - [MESSAGE][PASSED] - Object: 'Object Repository/Page_Resultados_de_pesquisa/span_Carrinho' is clicked on

2023-10-16 16:39:06 - [MESSAGE][PASSED] - Call Test Case 'Test Cases/Add 1 Item to Cart' successfully

2023-10-16 16:39:06 - [TEST_STEP][PASSED] - callTestCase(findTestCase("Add 2 Items to Cart"), [:], STOP_ON_FAILURE): Call Test Case 'Test Cases/Add 2 Items to Cart' successfully

2023-10-16 16:39:06 - [TEST_CASE][PASSED] - Test Cases/Add 2 Items to Cart: Test Cases/Add 2 Items to Cart

2023-10-16 16:39:06 - [TEST_STEP][PASSED] - callTestCase(findTestCase("Open Continente"), [:], STOP_ON_FAILURE): Call Test Case 'Test Cases/Open Continente' successfully

2023-10-16 16:39:06 - [TEST_CASE][PASSED] - Test Cases/Open Continente: Test Cases/Open Continente

2023-10-16 16:39:06 - [TEST_STEP][PASSED] - openBrowser(""): Browser is opened with url: ''

2023-10-16 16:39:06 - [MESSAGE][WARNING] - A browser is already opened. Closing browser and opening a new one

2023-10-16 16:39:07 - [MESSAGE][INFO] - Starting 'Chrome' driver

2023-10-16 16:39:07 - [MESSAGE][INFO] - Action delay is set to 0 milliseconds

2023-10-16 16:39:09 - [MESSAGE][PASSED] - Browser is opened with url: ''

2023-10-16 16:39:09 - [TEST_STEP][PASSED] - maximizeWindow(): Current window maximized

2023-10-16 16:39:09 - [MESSAGE][PASSED] - Current window maximized

2023-10-16 16:39:09 - [TEST_STEP][PASSED] - navigateToUrl("www.continente.pt"): Navigate to 'http://www.continente.pt' successfully

2023-10-16 16:39:13 - [MESSAGE][PASSED] - Navigate to 'http://www.continente.pt' successfully

2023-10-16 16:39:13 - [TEST_STEP][PASSED] - click(findTestObject("Page_Continente_Online/button_Permitir todos")): Object: 'Object Repository/Page_Continente_Online/button_Permitir todos' is clicked on

2023-10-16 16:39:19 - [MESSAGE][PASSED] - Object: 'Object Repository/Page_Continente_Online/button_Permitir todos' is clicked on

2023-10-16 16:39:19 - [MESSAGE][PASSED] - Call Test Case 'Test Cases/Open Continente' successfully

2023-10-16 16:39:19 - [TEST_STEP][PASSED] - callTestCase(findTestCase("Add 1 Item to Cart"), [:], STOP_ON_FAILURE): Call Test Case 'Test Cases/Add 1 Item to Cart' successfully

2023-10-16 16:39:19 - [TEST_CASE][PASSED] - Test Cases/Add 1 Item to Cart: Test Cases/Add 1 Item to Cart

2023-10-16 16:39:19 - [TEST_STEP][PASSED] - callTestCase(findTestCase("Open Continente"), [:], STOP_ON_FAILURE): Call Test Case 'Test Cases/Open Continente' successfully

2023-10-16 16:39:19 - [TEST_CASE][PASSED] - Test Cases/Open Continente: Test Cases/Open Continente

2023-10-16 16:39:19 - [TEST_STEP][PASSED] - openBrowser(""): Browser is opened with url: ''

2023-10-16 16:39:19 - [MESSAGE][WARNING] - A browser is already opened. Closing browser and opening a new one

2023-10-16 16:39:20 - [MESSAGE][INFO] - Starting 'Chrome' driver

2023-10-16 16:39:20 - [MESSAGE][INFO] - Action delay is set to 0 milliseconds

2023-10-16 16:39:22 - [MESSAGE][PASSED] - Browser is opened with url: ''

2023-10-16 16:39:22 - [TEST_STEP][PASSED] - maximizeWindow(): Current window maximized

2023-10-16 16:39:22 - [MESSAGE][PASSED] - Current window maximized

2023-10-16 16:39:22 - [TEST_STEP][PASSED] - navigateToUrl("www.continente.pt"): Navigate to 'http://www.continente.pt' successfully

2023-10-16 16:39:26 - [MESSAGE][PASSED] - Navigate to 'http://www.continente.pt' successfully

2023-10-16 16:39:26 - [TEST_STEP][PASSED] - click(findTestObject("Page_Continente_Online/button_Permitir todos")): Object: 'Object Repository/Page_Continente_Online/button_Permitir todos' is clicked on

2023-10-16 16:39:31 - [MESSAGE][PASSED] - Object: 'Object Repository/Page_Continente_Online/button_Permitir todos' is clicked on

2023-10-16 16:39:31 - [MESSAGE][PASSED] - Call Test Case 'Test Cases/Open Continente' successfully

2023-10-16 16:39:31 - [TEST_STEP][PASSED] - callTestCase(findTestCase("Search Product"), [:], STOP_ON_FAILURE): Call Test Case 'Test Cases/Search Product' successfully

2023-10-16 16:39:31 - [TEST_CASE][PASSED] - Test Cases/Search Product: Test Cases/Search Product

2023-10-16 16:39:31 - [TEST_STEP][PASSED] - callTestCase(findTestCase("Open Continente"), [:], STOP_ON_FAILURE): Call Test Case 'Test Cases/Open Continente' successfully

2023-10-16 16:39:31 - [TEST_CASE][PASSED] - Test Cases/Open Continente: Test Cases/Open Continente

2023-10-16 16:39:31 - [TEST_STEP][PASSED] - openBrowser(""): Browser is opened with url: ''

2023-10-16 16:39:31 - [MESSAGE][WARNING] - A browser is already opened. Closing browser and opening a new one

2023-10-16 16:39:31 - [MESSAGE][INFO] - Starting 'Chrome' driver

2023-10-16 16:39:31 - [MESSAGE][INFO] - Action delay is set to 0 milliseconds

2023-10-16 16:39:33 - [MESSAGE][PASSED] - Browser is opened with url: ''

2023-10-16 16:39:33 - [TEST_STEP][PASSED] - maximizeWindow(): Current window maximized

2023-10-16 16:39:33 - [MESSAGE][PASSED] - Current window maximized

2023-10-16 16:39:33 - [TEST_STEP][PASSED] - navigateToUrl("www.continente.pt"): Navigate to 'http://www.continente.pt' successfully

2023-10-16 16:39:37 - [MESSAGE][PASSED] - Navigate to 'http://www.continente.pt' successfully

2023-10-16 16:39:37 - [TEST_STEP][PASSED] - click(findTestObject("Page_Continente_Online/button_Permitir todos")): Object: 'Object Repository/Page_Continente_Online/button_Permitir todos' is clicked on

2023-10-16 16:39:42 - [MESSAGE][PASSED] - Object: 'Object Repository/Page_Continente_Online/button_Permitir todos' is clicked on

2023-10-16 16:39:42 - [MESSAGE][PASSED] - Call Test Case 'Test Cases/Open Continente' successfully

2023-10-16 16:39:42 - [TEST_STEP][PASSED] - setText(findTestObject("Page_Continente_Online/input_search_text"), "queijo"): Text 'queijo' is set on object 'Object Repository/Page_Continente_Online/input_search_text'

2023-10-16 16:39:44 - [MESSAGE][PASSED] - Text 'queijo' is set on object 'Object Repository/Page_Continente_Online/input_search_text'

2023-10-16 16:39:44 - [TEST_STEP][PASSED] - click(findTestObject("Page_Continente_Online/span_search_item")): Object: 'Object Repository/Page_Continente_Online/span_search_item' is clicked on

2023-10-16 16:39:49 - [MESSAGE][PASSED] - Object: 'Object Repository/Page_Continente_Online/span_search_item' is clicked on

2023-10-16 16:39:49 - [MESSAGE][PASSED] - Call Test Case 'Test Cases/Search Product' successfully

2023-10-16 16:39:49 - [TEST_STEP][PASSED] - click(findTestObject("Page_Resultados_de_pesquisa/span_Carrinho")): Object: 'Object Repository/Page_Resultados_de_pesquisa/span_Carrinho' is clicked on

2023-10-16 16:39:51 - [MESSAGE][PASSED] - Object: 'Object Repository/Page_Resultados_de_pesquisa/span_Carrinho' is clicked on

2023-10-16 16:39:51 - [MESSAGE][PASSED] - Call Test Case 'Test Cases/Add 1 Item to Cart' successfully

2023-10-16 16:39:51 - [TEST_STEP][PASSED] - click(findTestObject("Page_Resultados_de_pesquisa/span_Carrinho_2")): Object: 'Object Repository/Page_Resultados_de_pesquisa/span_Carrinho_2' is clicked on

2023-10-16 16:39:53 - [MESSAGE][PASSED] - Object: 'Object Repository/Page_Resultados_de_pesquisa/span_Carrinho_2' is clicked on

2023-10-16 16:39:53 - [TEST_STEP][PASSED] - click(findTestObject("Page_Resultados_de_pesquisa/button_aumentar_quantidade_produto")): Object: 'Object Repository/Page_Resultados_de_pesquisa/button_aumentar_quantidade_produto' is clicked on

2023-10-16 16:39:54 - [MESSAGE][PASSED] - Object: 'Object Repository/Page_Resultados_de_pesquisa/button_aumentar_quantidade_produto' is clicked on

2023-10-16 16:39:54 - [MESSAGE][PASSED] - Call Test Case 'Test Cases/Add 2 Items to Cart' successfully

2023-10-16 16:39:54 - [TEST_STEP][PASSED] - click(findTestObject("Page_Resultados_de_pesquisa/span_13,37")): Object: 'Object Repository/Page_Resultados_de_pesquisa/span_13,37' is clicked on

2023-10-16 16:39:54 - [MESSAGE][PASSED] - Object: 'Object Repository/Page_Resultados_de_pesquisa/span_13,37' is clicked on

2023-10-16 16:39:54 - [TEST_STEP][PASSED] - closeBrowser(): Browser is closed

2023-10-16 16:39:54 - [MESSAGE][PASSED] - Browser is closed]]></system-out>
         <system-err><![CDATA[]]></system-err>
      </testcase>
      <system-out><![CDATA[2023-10-16 16:36:15 - [TEST_SUITE][PASSED] - Continente: Test Cases/Show Cart]]></system-out>
      <system-err><![CDATA[]]></system-err>
   </testsuite>
</testsuites>
