<?xml version="1.0" encoding="UTF-8"?>
<testsuites name="Continente" time="129.885" tests="5" failures="0" errors="0">
   <testsuite name="Continente" tests="5" failures="0" errors="0" time="129.885" skipped="0" timestamp="2023-10-13 15:38:42" hostname="xavier.a.santos - MININT-CAEUVD4.noesis.pt" id="Test Suites/Continente">
      <properties>
         <property name="deviceName" value=""/>
         <property name="devicePlatform" value=""/>
         <property name="logFolder" value="C:\\Users\\xavier.a.santos\\git\\KatalonContinente\\Reports\\20231013_153835\\Continente\\20231013_153835"/>
         <property name="logFiles" value="C:\\Users\\xavier.a.santos\\git\\KatalonContinente\\Reports\\20231013_153835\\Continente\\20231013_153835\\execution0.log"/>
         <property name="attachments" value=""/>
         <property name="hostName" value="xavier.a.santos - MININT-CAEUVD4.noesis.pt"/>
         <property name="os" value="Windows 11 64bit"/>
         <property name="katalonVersion" value="9.0.0.beta.212"/>
         <property name="browser" value="Chrome 118.0.0.0"/>
         <property name="hostAddress" value="192.168.1.133"/>
         <property name="sessionId" value="7a8f5f896892f4e028b057adef65420f"/>
         <property name="seleniumVersion" value="3.141.59"/>
         <property name="proxyInformation" value="ProxyInformation { proxyOption=NO_PROXY, proxyServerType=HTTP, username=, password=********, proxyServerAddress=, proxyServerPort=0, executionList=&quot;&quot;, isApplyToDesiredCapabilities=true }"/>
         <property name="platform" value="Windows 11"/>
      </properties>
      <testcase name="Test Cases/Open Continente" time="5.804" classname="Test Cases/Open Continente" status="PASSED">
         <system-out><![CDATA[2023-10-13 15:38:42 - [TEST_CASE][PASSED] - Test Cases/Open Continente: Test Cases/Open Continente

2023-10-13 15:38:42 - [TEST_STEP][PASSED] - openBrowser(""): Browser is opened with url: ''

2023-10-13 15:38:42 - [MESSAGE][INFO] - Starting 'Chrome' driver

2023-10-13 15:38:42 - [MESSAGE][INFO] - Action delay is set to 0 milliseconds

2023-10-13 15:38:44 - [MESSAGE][PASSED] - Browser is opened with url: ''

2023-10-13 15:38:44 - [TEST_STEP][PASSED] - navigateToUrl("https://www.continente.pt/"): Navigate to 'https://www.continente.pt/' successfully

2023-10-13 15:38:47 - [MESSAGE][PASSED] - Navigate to 'https://www.continente.pt/' successfully

2023-10-13 15:38:47 - [TEST_STEP][PASSED] - click(findTestObject("Object Repository/Page_Continente Online  Compras de Supermer_4cd3d9/button_Permitir todos")): Object: 'Object Repository/Page_Continente Online  Compras de Supermer_4cd3d9/button_Permitir todos' is clicked on

2023-10-13 15:38:48 - [MESSAGE][PASSED] - Object: 'Object Repository/Page_Continente Online  Compras de Supermer_4cd3d9/button_Permitir todos' is clicked on]]></system-out>
         <system-err><![CDATA[]]></system-err>
      </testcase>
      <testcase name="Test Cases/Search Product" time="24.758" classname="Test Cases/Search Product" status="PASSED">
         <system-out><![CDATA[2023-10-13 15:38:48 - [TEST_CASE][PASSED] - Test Cases/Search Product: Test Cases/Search Product

2023-10-13 15:38:48 - [TEST_STEP][PASSED] - callTestCase(findTestCase("Open Continente"), [:], STOP_ON_FAILURE): Call Test Case 'Test Cases/Open Continente' successfully

2023-10-13 15:38:48 - [TEST_CASE][PASSED] - Test Cases/Open Continente: Test Cases/Open Continente

2023-10-13 15:38:48 - [TEST_STEP][PASSED] - openBrowser(""): Browser is opened with url: ''

2023-10-13 15:38:48 - [MESSAGE][WARNING] - A browser is already opened. Closing browser and opening a new one

2023-10-13 15:38:48 - [MESSAGE][INFO] - Starting 'Chrome' driver

2023-10-13 15:38:48 - [MESSAGE][INFO] - Action delay is set to 0 milliseconds

2023-10-13 15:38:49 - [MESSAGE][PASSED] - Browser is opened with url: ''

2023-10-13 15:38:49 - [TEST_STEP][PASSED] - navigateToUrl("https://www.continente.pt/"): Navigate to 'https://www.continente.pt/' successfully

2023-10-13 15:38:51 - [MESSAGE][PASSED] - Navigate to 'https://www.continente.pt/' successfully

2023-10-13 15:38:51 - [TEST_STEP][PASSED] - click(findTestObject("Object Repository/Page_Continente Online  Compras de Supermer_4cd3d9/button_Permitir todos")): Object: 'Object Repository/Page_Continente Online  Compras de Supermer_4cd3d9/button_Permitir todos' is clicked on

2023-10-13 15:38:52 - [MESSAGE][PASSED] - Object: 'Object Repository/Page_Continente Online  Compras de Supermer_4cd3d9/button_Permitir todos' is clicked on

2023-10-13 15:38:52 - [MESSAGE][PASSED] - Call Test Case 'Test Cases/Open Continente' successfully

2023-10-13 15:38:52 - [TEST_STEP][PASSED] - click(findTestObject("Object Repository/Page_Continente Online  Compras de Supermer_4cd3d9/svg_EntregaZero_svg-inline icon-search")): Object: 'Object Repository/Page_Continente Online  Compras de Supermer_4cd3d9/svg_EntregaZero_svg-inline icon-search' is clicked on

2023-10-13 15:38:55 - [MESSAGE][PASSED] - Object: 'Object Repository/Page_Continente Online  Compras de Supermer_4cd3d9/svg_EntregaZero_svg-inline icon-search' is clicked on

2023-10-13 15:38:55 - [TEST_STEP][PASSED] - setText(findTestObject("Object Repository/Page_Continente Online  Compras de Supermer_4cd3d9/input_2023 Modelo Continente Hipermercados,_958617"), "queijo"): Text 'queijo' is set on object 'Object Repository/Page_Continente Online  Compras de Supermer_4cd3d9/input_2023 Modelo Continente Hipermercados,_958617'

2023-10-13 15:38:57 - [MESSAGE][PASSED] - Text 'queijo' is set on object 'Object Repository/Page_Continente Online  Compras de Supermer_4cd3d9/input_2023 Modelo Continente Hipermercados,_958617'

2023-10-13 15:38:57 - [TEST_STEP][PASSED] - click(findTestObject("Object Repository/Page_Continente Online  Compras de Supermer_4cd3d9/span_O que procura_svg-wrapper svg-icon-search")): Object: 'Object Repository/Page_Continente Online  Compras de Supermer_4cd3d9/span_O que procura_svg-wrapper svg-icon-search' is clicked on

2023-10-13 15:39:12 - [MESSAGE][PASSED] - Object: 'Object Repository/Page_Continente Online  Compras de Supermer_4cd3d9/span_O que procura_svg-wrapper svg-icon-search' is clicked on]]></system-out>
         <system-err><![CDATA[]]></system-err>
      </testcase>
      <testcase name="Test Cases/Add 1 Item to Cart" time="22.134" classname="Test Cases/Add 1 Item to Cart" status="PASSED">
         <system-out><![CDATA[2023-10-13 15:39:12 - [TEST_CASE][PASSED] - Test Cases/Add 1 Item to Cart: Test Cases/Add 1 Item to Cart

2023-10-13 15:39:13 - [TEST_STEP][PASSED] - callTestCase(findTestCase("Open Continente"), [:], STOP_ON_FAILURE): Call Test Case 'Test Cases/Open Continente' successfully

2023-10-13 15:39:13 - [TEST_CASE][PASSED] - Test Cases/Open Continente: Test Cases/Open Continente

2023-10-13 15:39:13 - [TEST_STEP][PASSED] - openBrowser(""): Browser is opened with url: ''

2023-10-13 15:39:13 - [MESSAGE][WARNING] - A browser is already opened. Closing browser and opening a new one

2023-10-13 15:39:13 - [MESSAGE][INFO] - Starting 'Chrome' driver

2023-10-13 15:39:13 - [MESSAGE][INFO] - Action delay is set to 0 milliseconds

2023-10-13 15:39:14 - [MESSAGE][PASSED] - Browser is opened with url: ''

2023-10-13 15:39:14 - [TEST_STEP][PASSED] - navigateToUrl("https://www.continente.pt/"): Navigate to 'https://www.continente.pt/' successfully

2023-10-13 15:39:16 - [MESSAGE][PASSED] - Navigate to 'https://www.continente.pt/' successfully

2023-10-13 15:39:16 - [TEST_STEP][PASSED] - click(findTestObject("Object Repository/Page_Continente Online  Compras de Supermer_4cd3d9/button_Permitir todos")): Object: 'Object Repository/Page_Continente Online  Compras de Supermer_4cd3d9/button_Permitir todos' is clicked on

2023-10-13 15:39:20 - [MESSAGE][PASSED] - Object: 'Object Repository/Page_Continente Online  Compras de Supermer_4cd3d9/button_Permitir todos' is clicked on

2023-10-13 15:39:20 - [MESSAGE][PASSED] - Call Test Case 'Test Cases/Open Continente' successfully

2023-10-13 15:39:20 - [TEST_STEP][PASSED] - callTestCase(findTestCase("Search Product"), [:], STOP_ON_FAILURE): Call Test Case 'Test Cases/Search Product' successfully

2023-10-13 15:39:20 - [TEST_CASE][PASSED] - Test Cases/Search Product: Test Cases/Search Product

2023-10-13 15:39:20 - [TEST_STEP][PASSED] - callTestCase(findTestCase("Open Continente"), [:], STOP_ON_FAILURE): Call Test Case 'Test Cases/Open Continente' successfully

2023-10-13 15:39:20 - [TEST_CASE][PASSED] - Test Cases/Open Continente: Test Cases/Open Continente

2023-10-13 15:39:20 - [TEST_STEP][PASSED] - openBrowser(""): Browser is opened with url: ''

2023-10-13 15:39:20 - [MESSAGE][WARNING] - A browser is already opened. Closing browser and opening a new one

2023-10-13 15:39:20 - [MESSAGE][INFO] - Starting 'Chrome' driver

2023-10-13 15:39:20 - [MESSAGE][INFO] - Action delay is set to 0 milliseconds

2023-10-13 15:39:21 - [MESSAGE][PASSED] - Browser is opened with url: ''

2023-10-13 15:39:21 - [TEST_STEP][PASSED] - navigateToUrl("https://www.continente.pt/"): Navigate to 'https://www.continente.pt/' successfully

2023-10-13 15:39:24 - [MESSAGE][PASSED] - Navigate to 'https://www.continente.pt/' successfully

2023-10-13 15:39:24 - [TEST_STEP][PASSED] - click(findTestObject("Object Repository/Page_Continente Online  Compras de Supermer_4cd3d9/button_Permitir todos")): Object: 'Object Repository/Page_Continente Online  Compras de Supermer_4cd3d9/button_Permitir todos' is clicked on

2023-10-13 15:39:27 - [MESSAGE][PASSED] - Object: 'Object Repository/Page_Continente Online  Compras de Supermer_4cd3d9/button_Permitir todos' is clicked on

2023-10-13 15:39:27 - [MESSAGE][PASSED] - Call Test Case 'Test Cases/Open Continente' successfully

2023-10-13 15:39:27 - [TEST_STEP][PASSED] - click(findTestObject("Object Repository/Page_Continente Online  Compras de Supermer_4cd3d9/svg_EntregaZero_svg-inline icon-search")): Object: 'Object Repository/Page_Continente Online  Compras de Supermer_4cd3d9/svg_EntregaZero_svg-inline icon-search' is clicked on

2023-10-13 15:39:29 - [MESSAGE][PASSED] - Object: 'Object Repository/Page_Continente Online  Compras de Supermer_4cd3d9/svg_EntregaZero_svg-inline icon-search' is clicked on

2023-10-13 15:39:29 - [TEST_STEP][PASSED] - setText(findTestObject("Object Repository/Page_Continente Online  Compras de Supermer_4cd3d9/input_2023 Modelo Continente Hipermercados,_958617"), "queijo"): Text 'queijo' is set on object 'Object Repository/Page_Continente Online  Compras de Supermer_4cd3d9/input_2023 Modelo Continente Hipermercados,_958617'

2023-10-13 15:39:30 - [MESSAGE][PASSED] - Text 'queijo' is set on object 'Object Repository/Page_Continente Online  Compras de Supermer_4cd3d9/input_2023 Modelo Continente Hipermercados,_958617'

2023-10-13 15:39:30 - [TEST_STEP][PASSED] - click(findTestObject("Object Repository/Page_Continente Online  Compras de Supermer_4cd3d9/span_O que procura_svg-wrapper svg-icon-search")): Object: 'Object Repository/Page_Continente Online  Compras de Supermer_4cd3d9/span_O que procura_svg-wrapper svg-icon-search' is clicked on

2023-10-13 15:39:32 - [MESSAGE][PASSED] - Object: 'Object Repository/Page_Continente Online  Compras de Supermer_4cd3d9/span_O que procura_svg-wrapper svg-icon-search' is clicked on

2023-10-13 15:39:32 - [MESSAGE][PASSED] - Call Test Case 'Test Cases/Search Product' successfully

2023-10-13 15:39:32 - [TEST_STEP][PASSED] - click(findTestObject("Page_Resultados de pesquisa para o termo qu_4d046e/span_Carrinho")): Object: 'Object Repository/Page_Resultados de pesquisa para o termo qu_4d046e/span_Carrinho' is clicked on

2023-10-13 15:39:34 - [MESSAGE][PASSED] - Object: 'Object Repository/Page_Resultados de pesquisa para o termo qu_4d046e/span_Carrinho' is clicked on]]></system-out>
         <system-err><![CDATA[]]></system-err>
      </testcase>
      <testcase name="Test Cases/Add 2 Items to Cart" time="18.712" classname="Test Cases/Add 2 Items to Cart" status="PASSED">
         <system-out><![CDATA[2023-10-13 15:39:34 - [TEST_CASE][PASSED] - Test Cases/Add 2 Items to Cart: Test Cases/Add 2 Items to Cart

2023-10-13 15:39:35 - [TEST_STEP][PASSED] - callTestCase(findTestCase("Open Continente"), [:], STOP_ON_FAILURE): Call Test Case 'Test Cases/Open Continente' successfully

2023-10-13 15:39:35 - [TEST_CASE][PASSED] - Test Cases/Open Continente: Test Cases/Open Continente

2023-10-13 15:39:35 - [TEST_STEP][PASSED] - openBrowser(""): Browser is opened with url: ''

2023-10-13 15:39:35 - [MESSAGE][WARNING] - A browser is already opened. Closing browser and opening a new one

2023-10-13 15:39:35 - [MESSAGE][INFO] - Starting 'Chrome' driver

2023-10-13 15:39:35 - [MESSAGE][INFO] - Action delay is set to 0 milliseconds

2023-10-13 15:39:36 - [MESSAGE][PASSED] - Browser is opened with url: ''

2023-10-13 15:39:36 - [TEST_STEP][PASSED] - navigateToUrl("https://www.continente.pt/"): Navigate to 'https://www.continente.pt/' successfully

2023-10-13 15:39:38 - [MESSAGE][PASSED] - Navigate to 'https://www.continente.pt/' successfully

2023-10-13 15:39:38 - [TEST_STEP][PASSED] - click(findTestObject("Object Repository/Page_Continente Online  Compras de Supermer_4cd3d9/button_Permitir todos")): Object: 'Object Repository/Page_Continente Online  Compras de Supermer_4cd3d9/button_Permitir todos' is clicked on

2023-10-13 15:39:38 - [MESSAGE][PASSED] - Object: 'Object Repository/Page_Continente Online  Compras de Supermer_4cd3d9/button_Permitir todos' is clicked on

2023-10-13 15:39:38 - [MESSAGE][PASSED] - Call Test Case 'Test Cases/Open Continente' successfully

2023-10-13 15:39:38 - [TEST_STEP][PASSED] - callTestCase(findTestCase("Search Product"), [:], STOP_ON_FAILURE): Call Test Case 'Test Cases/Search Product' successfully

2023-10-13 15:39:39 - [TEST_CASE][PASSED] - Test Cases/Search Product: Test Cases/Search Product

2023-10-13 15:39:39 - [TEST_STEP][PASSED] - callTestCase(findTestCase("Open Continente"), [:], STOP_ON_FAILURE): Call Test Case 'Test Cases/Open Continente' successfully

2023-10-13 15:39:39 - [TEST_CASE][PASSED] - Test Cases/Open Continente: Test Cases/Open Continente

2023-10-13 15:39:39 - [TEST_STEP][PASSED] - openBrowser(""): Browser is opened with url: ''

2023-10-13 15:39:39 - [MESSAGE][WARNING] - A browser is already opened. Closing browser and opening a new one

2023-10-13 15:39:39 - [MESSAGE][INFO] - Starting 'Chrome' driver

2023-10-13 15:39:39 - [MESSAGE][INFO] - Action delay is set to 0 milliseconds

2023-10-13 15:39:40 - [MESSAGE][PASSED] - Browser is opened with url: ''

2023-10-13 15:39:40 - [TEST_STEP][PASSED] - navigateToUrl("https://www.continente.pt/"): Navigate to 'https://www.continente.pt/' successfully

2023-10-13 15:39:42 - [MESSAGE][PASSED] - Navigate to 'https://www.continente.pt/' successfully

2023-10-13 15:39:42 - [TEST_STEP][PASSED] - click(findTestObject("Object Repository/Page_Continente Online  Compras de Supermer_4cd3d9/button_Permitir todos")): Object: 'Object Repository/Page_Continente Online  Compras de Supermer_4cd3d9/button_Permitir todos' is clicked on

2023-10-13 15:39:42 - [MESSAGE][PASSED] - Object: 'Object Repository/Page_Continente Online  Compras de Supermer_4cd3d9/button_Permitir todos' is clicked on

2023-10-13 15:39:42 - [MESSAGE][PASSED] - Call Test Case 'Test Cases/Open Continente' successfully

2023-10-13 15:39:42 - [TEST_STEP][PASSED] - click(findTestObject("Object Repository/Page_Continente Online  Compras de Supermer_4cd3d9/svg_EntregaZero_svg-inline icon-search")): Object: 'Object Repository/Page_Continente Online  Compras de Supermer_4cd3d9/svg_EntregaZero_svg-inline icon-search' is clicked on

2023-10-13 15:39:46 - [MESSAGE][PASSED] - Object: 'Object Repository/Page_Continente Online  Compras de Supermer_4cd3d9/svg_EntregaZero_svg-inline icon-search' is clicked on

2023-10-13 15:39:46 - [TEST_STEP][PASSED] - setText(findTestObject("Object Repository/Page_Continente Online  Compras de Supermer_4cd3d9/input_2023 Modelo Continente Hipermercados,_958617"), "queijo"): Text 'queijo' is set on object 'Object Repository/Page_Continente Online  Compras de Supermer_4cd3d9/input_2023 Modelo Continente Hipermercados,_958617'

2023-10-13 15:39:47 - [MESSAGE][PASSED] - Text 'queijo' is set on object 'Object Repository/Page_Continente Online  Compras de Supermer_4cd3d9/input_2023 Modelo Continente Hipermercados,_958617'

2023-10-13 15:39:47 - [TEST_STEP][PASSED] - click(findTestObject("Object Repository/Page_Continente Online  Compras de Supermer_4cd3d9/span_O que procura_svg-wrapper svg-icon-search")): Object: 'Object Repository/Page_Continente Online  Compras de Supermer_4cd3d9/span_O que procura_svg-wrapper svg-icon-search' is clicked on

2023-10-13 15:39:50 - [MESSAGE][PASSED] - Object: 'Object Repository/Page_Continente Online  Compras de Supermer_4cd3d9/span_O que procura_svg-wrapper svg-icon-search' is clicked on

2023-10-13 15:39:50 - [MESSAGE][PASSED] - Call Test Case 'Test Cases/Search Product' successfully

2023-10-13 15:39:50 - [TEST_STEP][PASSED] - click(findTestObject("Page_Resultados de pesquisa para o termo qu_4d046e/span_Carrinho_2")): Object: 'Object Repository/Page_Resultados de pesquisa para o termo qu_4d046e/span_Carrinho_2' is clicked on

2023-10-13 15:39:52 - [MESSAGE][PASSED] - Object: 'Object Repository/Page_Resultados de pesquisa para o termo qu_4d046e/span_Carrinho_2' is clicked on

2023-10-13 15:39:52 - [TEST_STEP][PASSED] - click(findTestObject("Page_Resultados de pesquisa para o termo qu_4d046e/button_aumentar_quantidade_produto")): Object: 'Object Repository/Page_Resultados de pesquisa para o termo qu_4d046e/button_aumentar_quantidade_produto' is clicked on

2023-10-13 15:39:53 - [MESSAGE][PASSED] - Object: 'Object Repository/Page_Resultados de pesquisa para o termo qu_4d046e/button_aumentar_quantidade_produto' is clicked on]]></system-out>
         <system-err><![CDATA[]]></system-err>
      </testcase>
      <testcase name="Test Cases/Show Cart" time="58.213" classname="Test Cases/Show Cart" status="PASSED">
         <system-out><![CDATA[2023-10-13 15:39:53 - [TEST_CASE][PASSED] - Test Cases/Show Cart: Test Cases/Show Cart

2023-10-13 15:39:53 - [TEST_STEP][PASSED] - callTestCase(findTestCase("Open Continente"), [:], STOP_ON_FAILURE): Call Test Case 'Test Cases/Open Continente' successfully

2023-10-13 15:39:53 - [TEST_CASE][PASSED] - Test Cases/Open Continente: Test Cases/Open Continente

2023-10-13 15:39:53 - [TEST_STEP][PASSED] - openBrowser(""): Browser is opened with url: ''

2023-10-13 15:39:53 - [MESSAGE][WARNING] - A browser is already opened. Closing browser and opening a new one

2023-10-13 15:39:54 - [MESSAGE][INFO] - Starting 'Chrome' driver

2023-10-13 15:39:54 - [MESSAGE][INFO] - Action delay is set to 0 milliseconds

2023-10-13 15:39:55 - [MESSAGE][PASSED] - Browser is opened with url: ''

2023-10-13 15:39:55 - [TEST_STEP][PASSED] - navigateToUrl("https://www.continente.pt/"): Navigate to 'https://www.continente.pt/' successfully

2023-10-13 15:39:57 - [MESSAGE][PASSED] - Navigate to 'https://www.continente.pt/' successfully

2023-10-13 15:39:57 - [TEST_STEP][PASSED] - click(findTestObject("Object Repository/Page_Continente Online  Compras de Supermer_4cd3d9/button_Permitir todos")): Object: 'Object Repository/Page_Continente Online  Compras de Supermer_4cd3d9/button_Permitir todos' is clicked on

2023-10-13 15:40:00 - [MESSAGE][PASSED] - Object: 'Object Repository/Page_Continente Online  Compras de Supermer_4cd3d9/button_Permitir todos' is clicked on

2023-10-13 15:40:00 - [MESSAGE][PASSED] - Call Test Case 'Test Cases/Open Continente' successfully

2023-10-13 15:40:00 - [TEST_STEP][PASSED] - callTestCase(findTestCase("Search Product"), [:], STOP_ON_FAILURE): Call Test Case 'Test Cases/Search Product' successfully

2023-10-13 15:40:00 - [TEST_CASE][PASSED] - Test Cases/Search Product: Test Cases/Search Product

2023-10-13 15:40:00 - [TEST_STEP][PASSED] - callTestCase(findTestCase("Open Continente"), [:], STOP_ON_FAILURE): Call Test Case 'Test Cases/Open Continente' successfully

2023-10-13 15:40:00 - [TEST_CASE][PASSED] - Test Cases/Open Continente: Test Cases/Open Continente

2023-10-13 15:40:00 - [TEST_STEP][PASSED] - openBrowser(""): Browser is opened with url: ''

2023-10-13 15:40:00 - [MESSAGE][WARNING] - A browser is already opened. Closing browser and opening a new one

2023-10-13 15:40:00 - [MESSAGE][INFO] - Starting 'Chrome' driver

2023-10-13 15:40:00 - [MESSAGE][INFO] - Action delay is set to 0 milliseconds

2023-10-13 15:40:01 - [MESSAGE][PASSED] - Browser is opened with url: ''

2023-10-13 15:40:01 - [TEST_STEP][PASSED] - navigateToUrl("https://www.continente.pt/"): Navigate to 'https://www.continente.pt/' successfully

2023-10-13 15:40:03 - [MESSAGE][PASSED] - Navigate to 'https://www.continente.pt/' successfully

2023-10-13 15:40:03 - [TEST_STEP][PASSED] - click(findTestObject("Object Repository/Page_Continente Online  Compras de Supermer_4cd3d9/button_Permitir todos")): Object: 'Object Repository/Page_Continente Online  Compras de Supermer_4cd3d9/button_Permitir todos' is clicked on

2023-10-13 15:40:04 - [MESSAGE][PASSED] - Object: 'Object Repository/Page_Continente Online  Compras de Supermer_4cd3d9/button_Permitir todos' is clicked on

2023-10-13 15:40:04 - [MESSAGE][PASSED] - Call Test Case 'Test Cases/Open Continente' successfully

2023-10-13 15:40:04 - [TEST_STEP][PASSED] - click(findTestObject("Object Repository/Page_Continente Online  Compras de Supermer_4cd3d9/svg_EntregaZero_svg-inline icon-search")): Object: 'Object Repository/Page_Continente Online  Compras de Supermer_4cd3d9/svg_EntregaZero_svg-inline icon-search' is clicked on

2023-10-13 15:40:07 - [MESSAGE][PASSED] - Object: 'Object Repository/Page_Continente Online  Compras de Supermer_4cd3d9/svg_EntregaZero_svg-inline icon-search' is clicked on

2023-10-13 15:40:07 - [TEST_STEP][PASSED] - setText(findTestObject("Object Repository/Page_Continente Online  Compras de Supermer_4cd3d9/input_2023 Modelo Continente Hipermercados,_958617"), "queijo"): Text 'queijo' is set on object 'Object Repository/Page_Continente Online  Compras de Supermer_4cd3d9/input_2023 Modelo Continente Hipermercados,_958617'

2023-10-13 15:40:08 - [MESSAGE][PASSED] - Text 'queijo' is set on object 'Object Repository/Page_Continente Online  Compras de Supermer_4cd3d9/input_2023 Modelo Continente Hipermercados,_958617'

2023-10-13 15:40:08 - [TEST_STEP][PASSED] - click(findTestObject("Object Repository/Page_Continente Online  Compras de Supermer_4cd3d9/span_O que procura_svg-wrapper svg-icon-search")): Object: 'Object Repository/Page_Continente Online  Compras de Supermer_4cd3d9/span_O que procura_svg-wrapper svg-icon-search' is clicked on

2023-10-13 15:40:11 - [MESSAGE][PASSED] - Object: 'Object Repository/Page_Continente Online  Compras de Supermer_4cd3d9/span_O que procura_svg-wrapper svg-icon-search' is clicked on

2023-10-13 15:40:11 - [MESSAGE][PASSED] - Call Test Case 'Test Cases/Search Product' successfully

2023-10-13 15:40:11 - [TEST_STEP][PASSED] - callTestCase(findTestCase("Add 1 Item to Cart"), [:], STOP_ON_FAILURE): Call Test Case 'Test Cases/Add 1 Item to Cart' successfully

2023-10-13 15:40:11 - [TEST_CASE][PASSED] - Test Cases/Add 1 Item to Cart: Test Cases/Add 1 Item to Cart

2023-10-13 15:40:11 - [TEST_STEP][PASSED] - callTestCase(findTestCase("Open Continente"), [:], STOP_ON_FAILURE): Call Test Case 'Test Cases/Open Continente' successfully

2023-10-13 15:40:11 - [TEST_CASE][PASSED] - Test Cases/Open Continente: Test Cases/Open Continente

2023-10-13 15:40:11 - [TEST_STEP][PASSED] - openBrowser(""): Browser is opened with url: ''

2023-10-13 15:40:11 - [MESSAGE][WARNING] - A browser is already opened. Closing browser and opening a new one

2023-10-13 15:40:12 - [MESSAGE][INFO] - Starting 'Chrome' driver

2023-10-13 15:40:12 - [MESSAGE][INFO] - Action delay is set to 0 milliseconds

2023-10-13 15:40:13 - [MESSAGE][PASSED] - Browser is opened with url: ''

2023-10-13 15:40:13 - [TEST_STEP][PASSED] - navigateToUrl("https://www.continente.pt/"): Navigate to 'https://www.continente.pt/' successfully

2023-10-13 15:40:15 - [MESSAGE][PASSED] - Navigate to 'https://www.continente.pt/' successfully

2023-10-13 15:40:15 - [TEST_STEP][PASSED] - click(findTestObject("Object Repository/Page_Continente Online  Compras de Supermer_4cd3d9/button_Permitir todos")): Object: 'Object Repository/Page_Continente Online  Compras de Supermer_4cd3d9/button_Permitir todos' is clicked on

2023-10-13 15:40:15 - [MESSAGE][PASSED] - Object: 'Object Repository/Page_Continente Online  Compras de Supermer_4cd3d9/button_Permitir todos' is clicked on

2023-10-13 15:40:15 - [MESSAGE][PASSED] - Call Test Case 'Test Cases/Open Continente' successfully

2023-10-13 15:40:15 - [TEST_STEP][PASSED] - callTestCase(findTestCase("Search Product"), [:], STOP_ON_FAILURE): Call Test Case 'Test Cases/Search Product' successfully

2023-10-13 15:40:15 - [TEST_CASE][PASSED] - Test Cases/Search Product: Test Cases/Search Product

2023-10-13 15:40:15 - [TEST_STEP][PASSED] - callTestCase(findTestCase("Open Continente"), [:], STOP_ON_FAILURE): Call Test Case 'Test Cases/Open Continente' successfully

2023-10-13 15:40:15 - [TEST_CASE][PASSED] - Test Cases/Open Continente: Test Cases/Open Continente

2023-10-13 15:40:15 - [TEST_STEP][PASSED] - openBrowser(""): Browser is opened with url: ''

2023-10-13 15:40:15 - [MESSAGE][WARNING] - A browser is already opened. Closing browser and opening a new one

2023-10-13 15:40:16 - [MESSAGE][INFO] - Starting 'Chrome' driver

2023-10-13 15:40:16 - [MESSAGE][INFO] - Action delay is set to 0 milliseconds

2023-10-13 15:40:17 - [MESSAGE][PASSED] - Browser is opened with url: ''

2023-10-13 15:40:17 - [TEST_STEP][PASSED] - navigateToUrl("https://www.continente.pt/"): Navigate to 'https://www.continente.pt/' successfully

2023-10-13 15:40:19 - [MESSAGE][PASSED] - Navigate to 'https://www.continente.pt/' successfully

2023-10-13 15:40:19 - [TEST_STEP][PASSED] - click(findTestObject("Object Repository/Page_Continente Online  Compras de Supermer_4cd3d9/button_Permitir todos")): Object: 'Object Repository/Page_Continente Online  Compras de Supermer_4cd3d9/button_Permitir todos' is clicked on

2023-10-13 15:40:20 - [MESSAGE][PASSED] - Object: 'Object Repository/Page_Continente Online  Compras de Supermer_4cd3d9/button_Permitir todos' is clicked on

2023-10-13 15:40:20 - [MESSAGE][PASSED] - Call Test Case 'Test Cases/Open Continente' successfully

2023-10-13 15:40:20 - [TEST_STEP][PASSED] - click(findTestObject("Object Repository/Page_Continente Online  Compras de Supermer_4cd3d9/svg_EntregaZero_svg-inline icon-search")): Object: 'Object Repository/Page_Continente Online  Compras de Supermer_4cd3d9/svg_EntregaZero_svg-inline icon-search' is clicked on

2023-10-13 15:40:22 - [MESSAGE][PASSED] - Object: 'Object Repository/Page_Continente Online  Compras de Supermer_4cd3d9/svg_EntregaZero_svg-inline icon-search' is clicked on

2023-10-13 15:40:22 - [TEST_STEP][PASSED] - setText(findTestObject("Object Repository/Page_Continente Online  Compras de Supermer_4cd3d9/input_2023 Modelo Continente Hipermercados,_958617"), "queijo"): Text 'queijo' is set on object 'Object Repository/Page_Continente Online  Compras de Supermer_4cd3d9/input_2023 Modelo Continente Hipermercados,_958617'

2023-10-13 15:40:24 - [MESSAGE][PASSED] - Text 'queijo' is set on object 'Object Repository/Page_Continente Online  Compras de Supermer_4cd3d9/input_2023 Modelo Continente Hipermercados,_958617'

2023-10-13 15:40:24 - [TEST_STEP][PASSED] - click(findTestObject("Object Repository/Page_Continente Online  Compras de Supermer_4cd3d9/span_O que procura_svg-wrapper svg-icon-search")): Object: 'Object Repository/Page_Continente Online  Compras de Supermer_4cd3d9/span_O que procura_svg-wrapper svg-icon-search' is clicked on

2023-10-13 15:40:27 - [MESSAGE][PASSED] - Object: 'Object Repository/Page_Continente Online  Compras de Supermer_4cd3d9/span_O que procura_svg-wrapper svg-icon-search' is clicked on

2023-10-13 15:40:27 - [MESSAGE][PASSED] - Call Test Case 'Test Cases/Search Product' successfully

2023-10-13 15:40:27 - [TEST_STEP][PASSED] - click(findTestObject("Page_Resultados de pesquisa para o termo qu_4d046e/span_Carrinho")): Object: 'Object Repository/Page_Resultados de pesquisa para o termo qu_4d046e/span_Carrinho' is clicked on

2023-10-13 15:40:29 - [MESSAGE][PASSED] - Object: 'Object Repository/Page_Resultados de pesquisa para o termo qu_4d046e/span_Carrinho' is clicked on

2023-10-13 15:40:29 - [MESSAGE][PASSED] - Call Test Case 'Test Cases/Add 1 Item to Cart' successfully

2023-10-13 15:40:29 - [TEST_STEP][PASSED] - callTestCase(findTestCase("Add 2 Items to Cart"), [:], STOP_ON_FAILURE): Call Test Case 'Test Cases/Add 2 Items to Cart' successfully

2023-10-13 15:40:29 - [TEST_CASE][PASSED] - Test Cases/Add 2 Items to Cart: Test Cases/Add 2 Items to Cart

2023-10-13 15:40:29 - [TEST_STEP][PASSED] - callTestCase(findTestCase("Open Continente"), [:], STOP_ON_FAILURE): Call Test Case 'Test Cases/Open Continente' successfully

2023-10-13 15:40:29 - [TEST_CASE][PASSED] - Test Cases/Open Continente: Test Cases/Open Continente

2023-10-13 15:40:29 - [TEST_STEP][PASSED] - openBrowser(""): Browser is opened with url: ''

2023-10-13 15:40:29 - [MESSAGE][WARNING] - A browser is already opened. Closing browser and opening a new one

2023-10-13 15:40:30 - [MESSAGE][INFO] - Starting 'Chrome' driver

2023-10-13 15:40:30 - [MESSAGE][INFO] - Action delay is set to 0 milliseconds

2023-10-13 15:40:31 - [MESSAGE][PASSED] - Browser is opened with url: ''

2023-10-13 15:40:31 - [TEST_STEP][PASSED] - navigateToUrl("https://www.continente.pt/"): Navigate to 'https://www.continente.pt/' successfully

2023-10-13 15:40:34 - [MESSAGE][PASSED] - Navigate to 'https://www.continente.pt/' successfully

2023-10-13 15:40:34 - [TEST_STEP][PASSED] - click(findTestObject("Object Repository/Page_Continente Online  Compras de Supermer_4cd3d9/button_Permitir todos")): Object: 'Object Repository/Page_Continente Online  Compras de Supermer_4cd3d9/button_Permitir todos' is clicked on

2023-10-13 15:40:34 - [MESSAGE][PASSED] - Object: 'Object Repository/Page_Continente Online  Compras de Supermer_4cd3d9/button_Permitir todos' is clicked on

2023-10-13 15:40:34 - [MESSAGE][PASSED] - Call Test Case 'Test Cases/Open Continente' successfully

2023-10-13 15:40:34 - [TEST_STEP][PASSED] - callTestCase(findTestCase("Search Product"), [:], STOP_ON_FAILURE): Call Test Case 'Test Cases/Search Product' successfully

2023-10-13 15:40:34 - [TEST_CASE][PASSED] - Test Cases/Search Product: Test Cases/Search Product

2023-10-13 15:40:35 - [TEST_STEP][PASSED] - callTestCase(findTestCase("Open Continente"), [:], STOP_ON_FAILURE): Call Test Case 'Test Cases/Open Continente' successfully

2023-10-13 15:40:35 - [TEST_CASE][PASSED] - Test Cases/Open Continente: Test Cases/Open Continente

2023-10-13 15:40:35 - [TEST_STEP][PASSED] - openBrowser(""): Browser is opened with url: ''

2023-10-13 15:40:35 - [MESSAGE][WARNING] - A browser is already opened. Closing browser and opening a new one

2023-10-13 15:40:35 - [MESSAGE][INFO] - Starting 'Chrome' driver

2023-10-13 15:40:35 - [MESSAGE][INFO] - Action delay is set to 0 milliseconds

2023-10-13 15:40:36 - [MESSAGE][PASSED] - Browser is opened with url: ''

2023-10-13 15:40:36 - [TEST_STEP][PASSED] - navigateToUrl("https://www.continente.pt/"): Navigate to 'https://www.continente.pt/' successfully

2023-10-13 15:40:38 - [MESSAGE][PASSED] - Navigate to 'https://www.continente.pt/' successfully

2023-10-13 15:40:38 - [TEST_STEP][PASSED] - click(findTestObject("Object Repository/Page_Continente Online  Compras de Supermer_4cd3d9/button_Permitir todos")): Object: 'Object Repository/Page_Continente Online  Compras de Supermer_4cd3d9/button_Permitir todos' is clicked on

2023-10-13 15:40:41 - [MESSAGE][PASSED] - Object: 'Object Repository/Page_Continente Online  Compras de Supermer_4cd3d9/button_Permitir todos' is clicked on

2023-10-13 15:40:41 - [MESSAGE][PASSED] - Call Test Case 'Test Cases/Open Continente' successfully

2023-10-13 15:40:41 - [TEST_STEP][PASSED] - click(findTestObject("Object Repository/Page_Continente Online  Compras de Supermer_4cd3d9/svg_EntregaZero_svg-inline icon-search")): Object: 'Object Repository/Page_Continente Online  Compras de Supermer_4cd3d9/svg_EntregaZero_svg-inline icon-search' is clicked on

2023-10-13 15:40:43 - [MESSAGE][PASSED] - Object: 'Object Repository/Page_Continente Online  Compras de Supermer_4cd3d9/svg_EntregaZero_svg-inline icon-search' is clicked on

2023-10-13 15:40:43 - [TEST_STEP][PASSED] - setText(findTestObject("Object Repository/Page_Continente Online  Compras de Supermer_4cd3d9/input_2023 Modelo Continente Hipermercados,_958617"), "queijo"): Text 'queijo' is set on object 'Object Repository/Page_Continente Online  Compras de Supermer_4cd3d9/input_2023 Modelo Continente Hipermercados,_958617'

2023-10-13 15:40:44 - [MESSAGE][PASSED] - Text 'queijo' is set on object 'Object Repository/Page_Continente Online  Compras de Supermer_4cd3d9/input_2023 Modelo Continente Hipermercados,_958617'

2023-10-13 15:40:44 - [TEST_STEP][PASSED] - click(findTestObject("Object Repository/Page_Continente Online  Compras de Supermer_4cd3d9/span_O que procura_svg-wrapper svg-icon-search")): Object: 'Object Repository/Page_Continente Online  Compras de Supermer_4cd3d9/span_O que procura_svg-wrapper svg-icon-search' is clicked on

2023-10-13 15:40:47 - [MESSAGE][PASSED] - Object: 'Object Repository/Page_Continente Online  Compras de Supermer_4cd3d9/span_O que procura_svg-wrapper svg-icon-search' is clicked on

2023-10-13 15:40:47 - [MESSAGE][PASSED] - Call Test Case 'Test Cases/Search Product' successfully

2023-10-13 15:40:47 - [TEST_STEP][PASSED] - click(findTestObject("Page_Resultados de pesquisa para o termo qu_4d046e/span_Carrinho_2")): Object: 'Object Repository/Page_Resultados de pesquisa para o termo qu_4d046e/span_Carrinho_2' is clicked on

2023-10-13 15:40:49 - [MESSAGE][PASSED] - Object: 'Object Repository/Page_Resultados de pesquisa para o termo qu_4d046e/span_Carrinho_2' is clicked on

2023-10-13 15:40:49 - [TEST_STEP][PASSED] - click(findTestObject("Page_Resultados de pesquisa para o termo qu_4d046e/button_aumentar_quantidade_produto")): Object: 'Object Repository/Page_Resultados de pesquisa para o termo qu_4d046e/button_aumentar_quantidade_produto' is clicked on

2023-10-13 15:40:51 - [MESSAGE][PASSED] - Object: 'Object Repository/Page_Resultados de pesquisa para o termo qu_4d046e/button_aumentar_quantidade_produto' is clicked on

2023-10-13 15:40:51 - [MESSAGE][PASSED] - Call Test Case 'Test Cases/Add 2 Items to Cart' successfully

2023-10-13 15:40:51 - [TEST_STEP][PASSED] - click(findTestObject("Page_Resultados de pesquisa para o termo qu_4d046e/span_13,37")): Object: 'Object Repository/Page_Resultados de pesquisa para o termo qu_4d046e/span_13,37' is clicked on

2023-10-13 15:40:51 - [MESSAGE][PASSED] - Object: 'Object Repository/Page_Resultados de pesquisa para o termo qu_4d046e/span_13,37' is clicked on

2023-10-13 15:40:51 - [TEST_STEP][PASSED] - closeBrowser(): Browser is closed

2023-10-13 15:40:51 - [MESSAGE][PASSED] - Browser is closed]]></system-out>
         <system-err><![CDATA[]]></system-err>
      </testcase>
      <system-out><![CDATA[2023-10-13 15:38:42 - [TEST_SUITE][PASSED] - Continente: Test Cases/Show Cart]]></system-out>
      <system-err><![CDATA[]]></system-err>
   </testsuite>
</testsuites>
