<?xml version="1.0" encoding="UTF-8"?>
<testsuites name="Continente" time="230.444" tests="5" failures="0" errors="0">
   <testsuite name="Continente" tests="5" failures="0" errors="0" time="230.444" skipped="0" timestamp="2023-10-16 16:31:57" hostname="xavier.a.santos - MININT-CAEUVD4.noesis.pt" id="Test Suites/Continente">
      <properties>
         <property name="deviceName" value=""/>
         <property name="devicePlatform" value=""/>
         <property name="logFolder" value="C:\\Users\\xavier.a.santos\\git\\KatalonContinente\\Reports\\20231016_163141\\Continente\\20231016_163144"/>
         <property name="logFiles" value="C:\\Users\\xavier.a.santos\\git\\KatalonContinente\\Reports\\20231016_163141\\Continente\\20231016_163144\\execution0.log"/>
         <property name="attachments" value=""/>
         <property name="hostName" value="xavier.a.santos - MININT-CAEUVD4.noesis.pt"/>
         <property name="os" value="Windows 11 64bit"/>
         <property name="katalonVersion" value="9.0.0.beta.212"/>
         <property name="browser" value="Chrome 118.0.0.0"/>
         <property name="hostAddress" value="192.168.1.133"/>
         <property name="sessionId" value="bb5396bca48f9f57ba4737caab4503c9"/>
         <property name="seleniumVersion" value="3.141.59"/>
         <property name="proxyInformation" value="ProxyInformation { proxyOption=NO_PROXY, proxyServerType=HTTP, username=, password=********, proxyServerAddress=, proxyServerPort=0, executionList=&quot;&quot;, isApplyToDesiredCapabilities=true }"/>
         <property name="platform" value="Windows 11"/>
      </properties>
      <testcase name="Test Cases/Open Continente" time="15.776" classname="Test Cases/Open Continente" status="PASSED">
         <system-out><![CDATA[2023-10-16 16:31:57 - [TEST_CASE][PASSED] - Test Cases/Open Continente: Test Cases/Open Continente

2023-10-16 16:31:58 - [TEST_STEP][PASSED] - openBrowser(""): Browser is opened with url: ''

2023-10-16 16:31:58 - [MESSAGE][INFO] - Starting 'Chrome' driver

2023-10-16 16:31:58 - [MESSAGE][INFO] - Action delay is set to 0 milliseconds

2023-10-16 16:32:02 - [MESSAGE][PASSED] - Browser is opened with url: ''

2023-10-16 16:32:02 - [TEST_STEP][PASSED] - maximizeWindow(): Current window maximized

2023-10-16 16:32:03 - [MESSAGE][PASSED] - Current window maximized

2023-10-16 16:32:03 - [TEST_STEP][PASSED] - navigateToUrl("www.continente.pt"): Navigate to 'http://www.continente.pt' successfully

2023-10-16 16:32:07 - [MESSAGE][PASSED] - Navigate to 'http://www.continente.pt' successfully

2023-10-16 16:32:07 - [TEST_STEP][PASSED] - click(findTestObject("Page_Continente_Online/button_Permitir todos")): Object: 'Object Repository/Page_Continente_Online/button_Permitir todos' is clicked on

2023-10-16 16:32:13 - [MESSAGE][PASSED] - Object: 'Object Repository/Page_Continente_Online/button_Permitir todos' is clicked on]]></system-out>
         <system-err><![CDATA[]]></system-err>
      </testcase>
      <testcase name="Test Cases/Search Product" time="24.279" classname="Test Cases/Search Product" status="PASSED">
         <system-out><![CDATA[2023-10-16 16:32:13 - [TEST_CASE][PASSED] - Test Cases/Search Product: Test Cases/Search Product

2023-10-16 16:32:14 - [TEST_STEP][PASSED] - callTestCase(findTestCase("Open Continente"), [:], STOP_ON_FAILURE): Call Test Case 'Test Cases/Open Continente' successfully

2023-10-16 16:32:14 - [TEST_CASE][PASSED] - Test Cases/Open Continente: Test Cases/Open Continente

2023-10-16 16:32:14 - [TEST_STEP][PASSED] - openBrowser(""): Browser is opened with url: ''

2023-10-16 16:32:15 - [MESSAGE][WARNING] - A browser is already opened. Closing browser and opening a new one

2023-10-16 16:32:16 - [MESSAGE][INFO] - Starting 'Chrome' driver

2023-10-16 16:32:16 - [MESSAGE][INFO] - Action delay is set to 0 milliseconds

2023-10-16 16:32:19 - [MESSAGE][PASSED] - Browser is opened with url: ''

2023-10-16 16:32:19 - [TEST_STEP][PASSED] - maximizeWindow(): Current window maximized

2023-10-16 16:32:19 - [MESSAGE][PASSED] - Current window maximized

2023-10-16 16:32:19 - [TEST_STEP][PASSED] - navigateToUrl("www.continente.pt"): Navigate to 'http://www.continente.pt' successfully

2023-10-16 16:32:22 - [MESSAGE][PASSED] - Navigate to 'http://www.continente.pt' successfully

2023-10-16 16:32:23 - [TEST_STEP][PASSED] - click(findTestObject("Page_Continente_Online/button_Permitir todos")): Object: 'Object Repository/Page_Continente_Online/button_Permitir todos' is clicked on

2023-10-16 16:32:23 - [MESSAGE][PASSED] - Object: 'Object Repository/Page_Continente_Online/button_Permitir todos' is clicked on

2023-10-16 16:32:23 - [MESSAGE][PASSED] - Call Test Case 'Test Cases/Open Continente' successfully

2023-10-16 16:32:23 - [TEST_STEP][PASSED] - setText(findTestObject("Page_Continente_Online/input_search_text"), "queijo"): Text 'queijo' is set on object 'Object Repository/Page_Continente_Online/input_search_text'

2023-10-16 16:32:29 - [MESSAGE][PASSED] - Text 'queijo' is set on object 'Object Repository/Page_Continente_Online/input_search_text'

2023-10-16 16:32:29 - [TEST_STEP][PASSED] - click(findTestObject("Page_Continente_Online/span_search_item")): Object: 'Object Repository/Page_Continente_Online/span_search_item' is clicked on

2023-10-16 16:32:37 - [MESSAGE][PASSED] - Object: 'Object Repository/Page_Continente_Online/span_search_item' is clicked on]]></system-out>
         <system-err><![CDATA[]]></system-err>
      </testcase>
      <testcase name="Test Cases/Add 1 Item to Cart" time="31.043" classname="Test Cases/Add 1 Item to Cart" status="PASSED">
         <system-out><![CDATA[2023-10-16 16:32:37 - [TEST_CASE][PASSED] - Test Cases/Add 1 Item to Cart: Test Cases/Add 1 Item to Cart

2023-10-16 16:32:38 - [TEST_STEP][PASSED] - callTestCase(findTestCase("Open Continente"), [:], STOP_ON_FAILURE): Call Test Case 'Test Cases/Open Continente' successfully

2023-10-16 16:32:38 - [TEST_CASE][PASSED] - Test Cases/Open Continente: Test Cases/Open Continente

2023-10-16 16:32:38 - [TEST_STEP][PASSED] - openBrowser(""): Browser is opened with url: ''

2023-10-16 16:32:38 - [MESSAGE][WARNING] - A browser is already opened. Closing browser and opening a new one

2023-10-16 16:32:39 - [MESSAGE][INFO] - Starting 'Chrome' driver

2023-10-16 16:32:39 - [MESSAGE][INFO] - Action delay is set to 0 milliseconds

2023-10-16 16:32:41 - [MESSAGE][PASSED] - Browser is opened with url: ''

2023-10-16 16:32:41 - [TEST_STEP][PASSED] - maximizeWindow(): Current window maximized

2023-10-16 16:32:41 - [MESSAGE][PASSED] - Current window maximized

2023-10-16 16:32:41 - [TEST_STEP][PASSED] - navigateToUrl("www.continente.pt"): Navigate to 'http://www.continente.pt' successfully

2023-10-16 16:32:45 - [MESSAGE][PASSED] - Navigate to 'http://www.continente.pt' successfully

2023-10-16 16:32:45 - [TEST_STEP][PASSED] - click(findTestObject("Page_Continente_Online/button_Permitir todos")): Object: 'Object Repository/Page_Continente_Online/button_Permitir todos' is clicked on

2023-10-16 16:32:45 - [MESSAGE][PASSED] - Object: 'Object Repository/Page_Continente_Online/button_Permitir todos' is clicked on

2023-10-16 16:32:45 - [MESSAGE][PASSED] - Call Test Case 'Test Cases/Open Continente' successfully

2023-10-16 16:32:45 - [TEST_STEP][PASSED] - callTestCase(findTestCase("Search Product"), [:], STOP_ON_FAILURE): Call Test Case 'Test Cases/Search Product' successfully

2023-10-16 16:32:45 - [TEST_CASE][PASSED] - Test Cases/Search Product: Test Cases/Search Product

2023-10-16 16:32:45 - [TEST_STEP][PASSED] - callTestCase(findTestCase("Open Continente"), [:], STOP_ON_FAILURE): Call Test Case 'Test Cases/Open Continente' successfully

2023-10-16 16:32:45 - [TEST_CASE][PASSED] - Test Cases/Open Continente: Test Cases/Open Continente

2023-10-16 16:32:46 - [TEST_STEP][PASSED] - openBrowser(""): Browser is opened with url: ''

2023-10-16 16:32:46 - [MESSAGE][WARNING] - A browser is already opened. Closing browser and opening a new one

2023-10-16 16:32:46 - [MESSAGE][INFO] - Starting 'Chrome' driver

2023-10-16 16:32:46 - [MESSAGE][INFO] - Action delay is set to 0 milliseconds

2023-10-16 16:32:48 - [MESSAGE][PASSED] - Browser is opened with url: ''

2023-10-16 16:32:48 - [TEST_STEP][PASSED] - maximizeWindow(): Current window maximized

2023-10-16 16:32:49 - [MESSAGE][PASSED] - Current window maximized

2023-10-16 16:32:49 - [TEST_STEP][PASSED] - navigateToUrl("www.continente.pt"): Navigate to 'http://www.continente.pt' successfully

2023-10-16 16:32:53 - [MESSAGE][PASSED] - Navigate to 'http://www.continente.pt' successfully

2023-10-16 16:32:53 - [TEST_STEP][PASSED] - click(findTestObject("Page_Continente_Online/button_Permitir todos")): Object: 'Object Repository/Page_Continente_Online/button_Permitir todos' is clicked on

2023-10-16 16:32:58 - [MESSAGE][PASSED] - Object: 'Object Repository/Page_Continente_Online/button_Permitir todos' is clicked on

2023-10-16 16:32:58 - [MESSAGE][PASSED] - Call Test Case 'Test Cases/Open Continente' successfully

2023-10-16 16:32:58 - [TEST_STEP][PASSED] - setText(findTestObject("Page_Continente_Online/input_search_text"), "queijo"): Text 'queijo' is set on object 'Object Repository/Page_Continente_Online/input_search_text'

2023-10-16 16:33:00 - [MESSAGE][PASSED] - Text 'queijo' is set on object 'Object Repository/Page_Continente_Online/input_search_text'

2023-10-16 16:33:00 - [TEST_STEP][PASSED] - click(findTestObject("Page_Continente_Online/span_search_item")): Object: 'Object Repository/Page_Continente_Online/span_search_item' is clicked on

2023-10-16 16:33:06 - [MESSAGE][PASSED] - Object: 'Object Repository/Page_Continente_Online/span_search_item' is clicked on

2023-10-16 16:33:06 - [MESSAGE][PASSED] - Call Test Case 'Test Cases/Search Product' successfully

2023-10-16 16:33:06 - [TEST_STEP][PASSED] - click(findTestObject("Page_Resultados_de_pesquisa/span_Carrinho")): Object: 'Object Repository/Page_Resultados_de_pesquisa/span_Carrinho' is clicked on

2023-10-16 16:33:08 - [MESSAGE][PASSED] - Object: 'Object Repository/Page_Resultados_de_pesquisa/span_Carrinho' is clicked on]]></system-out>
         <system-err><![CDATA[]]></system-err>
      </testcase>
      <testcase name="Test Cases/Add 2 Items to Cart" time="41.069" classname="Test Cases/Add 2 Items to Cart" status="PASSED">
         <system-out><![CDATA[2023-10-16 16:33:08 - [TEST_CASE][PASSED] - Test Cases/Add 2 Items to Cart: Test Cases/Add 2 Items to Cart

2023-10-16 16:33:09 - [TEST_STEP][PASSED] - callTestCase(findTestCase("Open Continente"), [:], STOP_ON_FAILURE): Call Test Case 'Test Cases/Open Continente' successfully

2023-10-16 16:33:09 - [TEST_CASE][PASSED] - Test Cases/Open Continente: Test Cases/Open Continente

2023-10-16 16:33:09 - [TEST_STEP][PASSED] - openBrowser(""): Browser is opened with url: ''

2023-10-16 16:33:09 - [MESSAGE][WARNING] - A browser is already opened. Closing browser and opening a new one

2023-10-16 16:33:09 - [MESSAGE][INFO] - Starting 'Chrome' driver

2023-10-16 16:33:09 - [MESSAGE][INFO] - Action delay is set to 0 milliseconds

2023-10-16 16:33:11 - [MESSAGE][PASSED] - Browser is opened with url: ''

2023-10-16 16:33:11 - [TEST_STEP][PASSED] - maximizeWindow(): Current window maximized

2023-10-16 16:33:11 - [MESSAGE][PASSED] - Current window maximized

2023-10-16 16:33:11 - [TEST_STEP][PASSED] - navigateToUrl("www.continente.pt"): Navigate to 'http://www.continente.pt' successfully

2023-10-16 16:33:16 - [MESSAGE][PASSED] - Navigate to 'http://www.continente.pt' successfully

2023-10-16 16:33:16 - [TEST_STEP][PASSED] - click(findTestObject("Page_Continente_Online/button_Permitir todos")): Object: 'Object Repository/Page_Continente_Online/button_Permitir todos' is clicked on

2023-10-16 16:33:17 - [MESSAGE][PASSED] - Object: 'Object Repository/Page_Continente_Online/button_Permitir todos' is clicked on

2023-10-16 16:33:17 - [MESSAGE][PASSED] - Call Test Case 'Test Cases/Open Continente' successfully

2023-10-16 16:33:17 - [TEST_STEP][PASSED] - callTestCase(findTestCase("Add 1 Item to Cart"), [:], STOP_ON_FAILURE): Call Test Case 'Test Cases/Add 1 Item to Cart' successfully

2023-10-16 16:33:17 - [TEST_CASE][PASSED] - Test Cases/Add 1 Item to Cart: Test Cases/Add 1 Item to Cart

2023-10-16 16:33:17 - [TEST_STEP][PASSED] - callTestCase(findTestCase("Open Continente"), [:], STOP_ON_FAILURE): Call Test Case 'Test Cases/Open Continente' successfully

2023-10-16 16:33:17 - [TEST_CASE][PASSED] - Test Cases/Open Continente: Test Cases/Open Continente

2023-10-16 16:33:17 - [TEST_STEP][PASSED] - openBrowser(""): Browser is opened with url: ''

2023-10-16 16:33:17 - [MESSAGE][WARNING] - A browser is already opened. Closing browser and opening a new one

2023-10-16 16:33:18 - [MESSAGE][INFO] - Starting 'Chrome' driver

2023-10-16 16:33:18 - [MESSAGE][INFO] - Action delay is set to 0 milliseconds

2023-10-16 16:33:19 - [MESSAGE][PASSED] - Browser is opened with url: ''

2023-10-16 16:33:19 - [TEST_STEP][PASSED] - maximizeWindow(): Current window maximized

2023-10-16 16:33:19 - [MESSAGE][PASSED] - Current window maximized

2023-10-16 16:33:19 - [TEST_STEP][PASSED] - navigateToUrl("www.continente.pt"): Navigate to 'http://www.continente.pt' successfully

2023-10-16 16:33:23 - [MESSAGE][PASSED] - Navigate to 'http://www.continente.pt' successfully

2023-10-16 16:33:23 - [TEST_STEP][PASSED] - click(findTestObject("Page_Continente_Online/button_Permitir todos")): Object: 'Object Repository/Page_Continente_Online/button_Permitir todos' is clicked on

2023-10-16 16:33:25 - [MESSAGE][PASSED] - Object: 'Object Repository/Page_Continente_Online/button_Permitir todos' is clicked on

2023-10-16 16:33:25 - [MESSAGE][PASSED] - Call Test Case 'Test Cases/Open Continente' successfully

2023-10-16 16:33:25 - [TEST_STEP][PASSED] - callTestCase(findTestCase("Search Product"), [:], STOP_ON_FAILURE): Call Test Case 'Test Cases/Search Product' successfully

2023-10-16 16:33:25 - [TEST_CASE][PASSED] - Test Cases/Search Product: Test Cases/Search Product

2023-10-16 16:33:25 - [TEST_STEP][PASSED] - callTestCase(findTestCase("Open Continente"), [:], STOP_ON_FAILURE): Call Test Case 'Test Cases/Open Continente' successfully

2023-10-16 16:33:25 - [TEST_CASE][PASSED] - Test Cases/Open Continente: Test Cases/Open Continente

2023-10-16 16:33:25 - [TEST_STEP][PASSED] - openBrowser(""): Browser is opened with url: ''

2023-10-16 16:33:25 - [MESSAGE][WARNING] - A browser is already opened. Closing browser and opening a new one

2023-10-16 16:33:26 - [MESSAGE][INFO] - Starting 'Chrome' driver

2023-10-16 16:33:26 - [MESSAGE][INFO] - Action delay is set to 0 milliseconds

2023-10-16 16:33:28 - [MESSAGE][PASSED] - Browser is opened with url: ''

2023-10-16 16:33:28 - [TEST_STEP][PASSED] - maximizeWindow(): Current window maximized

2023-10-16 16:33:28 - [MESSAGE][PASSED] - Current window maximized

2023-10-16 16:33:28 - [TEST_STEP][PASSED] - navigateToUrl("www.continente.pt"): Navigate to 'http://www.continente.pt' successfully

2023-10-16 16:33:31 - [MESSAGE][PASSED] - Navigate to 'http://www.continente.pt' successfully

2023-10-16 16:33:31 - [TEST_STEP][PASSED] - click(findTestObject("Page_Continente_Online/button_Permitir todos")): Object: 'Object Repository/Page_Continente_Online/button_Permitir todos' is clicked on

2023-10-16 16:33:32 - [MESSAGE][PASSED] - Object: 'Object Repository/Page_Continente_Online/button_Permitir todos' is clicked on

2023-10-16 16:33:32 - [MESSAGE][PASSED] - Call Test Case 'Test Cases/Open Continente' successfully

2023-10-16 16:33:32 - [TEST_STEP][PASSED] - setText(findTestObject("Page_Continente_Online/input_search_text"), "queijo"): Text 'queijo' is set on object 'Object Repository/Page_Continente_Online/input_search_text'

2023-10-16 16:33:39 - [MESSAGE][PASSED] - Text 'queijo' is set on object 'Object Repository/Page_Continente_Online/input_search_text'

2023-10-16 16:33:39 - [TEST_STEP][PASSED] - click(findTestObject("Page_Continente_Online/span_search_item")): Object: 'Object Repository/Page_Continente_Online/span_search_item' is clicked on

2023-10-16 16:33:45 - [MESSAGE][PASSED] - Object: 'Object Repository/Page_Continente_Online/span_search_item' is clicked on

2023-10-16 16:33:45 - [MESSAGE][PASSED] - Call Test Case 'Test Cases/Search Product' successfully

2023-10-16 16:33:45 - [TEST_STEP][PASSED] - click(findTestObject("Page_Resultados_de_pesquisa/span_Carrinho")): Object: 'Object Repository/Page_Resultados_de_pesquisa/span_Carrinho' is clicked on

2023-10-16 16:33:47 - [MESSAGE][PASSED] - Object: 'Object Repository/Page_Resultados_de_pesquisa/span_Carrinho' is clicked on

2023-10-16 16:33:47 - [MESSAGE][PASSED] - Call Test Case 'Test Cases/Add 1 Item to Cart' successfully

2023-10-16 16:33:47 - [TEST_STEP][PASSED] - click(findTestObject("Page_Resultados_de_pesquisa/span_Carrinho_2")): Object: 'Object Repository/Page_Resultados_de_pesquisa/span_Carrinho_2' is clicked on

2023-10-16 16:33:49 - [MESSAGE][PASSED] - Object: 'Object Repository/Page_Resultados_de_pesquisa/span_Carrinho_2' is clicked on

2023-10-16 16:33:49 - [TEST_STEP][PASSED] - click(findTestObject("Page_Resultados_de_pesquisa/button_aumentar_quantidade_produto")): Object: 'Object Repository/Page_Resultados_de_pesquisa/button_aumentar_quantidade_produto' is clicked on

2023-10-16 16:33:49 - [MESSAGE][PASSED] - Object: 'Object Repository/Page_Resultados_de_pesquisa/button_aumentar_quantidade_produto' is clicked on]]></system-out>
         <system-err><![CDATA[]]></system-err>
      </testcase>
      <testcase name="Test Cases/Show Cart" time="117.687" classname="Test Cases/Show Cart" status="PASSED">
         <system-out><![CDATA[2023-10-16 16:33:49 - [TEST_CASE][PASSED] - Test Cases/Show Cart: Test Cases/Show Cart

2023-10-16 16:33:50 - [TEST_STEP][PASSED] - callTestCase(findTestCase("Open Google"), [:], STOP_ON_FAILURE): Call Test Case 'Test Cases/Open Google' successfully

2023-10-16 16:33:50 - [TEST_CASE][PASSED] - Test Cases/Open Google: Test Cases/Open Google

2023-10-16 16:33:50 - [TEST_STEP][PASSED] - openBrowser(""): Browser is opened with url: ''

2023-10-16 16:33:50 - [MESSAGE][WARNING] - A browser is already opened. Closing browser and opening a new one

2023-10-16 16:33:50 - [MESSAGE][INFO] - Starting 'Chrome' driver

2023-10-16 16:33:50 - [MESSAGE][INFO] - Action delay is set to 0 milliseconds

2023-10-16 16:33:52 - [MESSAGE][PASSED] - Browser is opened with url: ''

2023-10-16 16:33:52 - [TEST_STEP][PASSED] - navigateToUrl("www.google.pt"): Navigate to 'http://www.google.pt' successfully

2023-10-16 16:33:54 - [MESSAGE][PASSED] - Navigate to 'http://www.google.pt' successfully

2023-10-16 16:33:54 - [MESSAGE][PASSED] - Call Test Case 'Test Cases/Open Google' successfully

2023-10-16 16:33:54 - [TEST_STEP][PASSED] - callTestCase(findTestCase("Search Product"), [:], STOP_ON_FAILURE): Call Test Case 'Test Cases/Search Product' successfully

2023-10-16 16:33:54 - [TEST_CASE][PASSED] - Test Cases/Search Product: Test Cases/Search Product

2023-10-16 16:33:54 - [TEST_STEP][PASSED] - callTestCase(findTestCase("Open Continente"), [:], STOP_ON_FAILURE): Call Test Case 'Test Cases/Open Continente' successfully

2023-10-16 16:33:54 - [TEST_CASE][PASSED] - Test Cases/Open Continente: Test Cases/Open Continente

2023-10-16 16:33:54 - [TEST_STEP][PASSED] - openBrowser(""): Browser is opened with url: ''

2023-10-16 16:33:54 - [MESSAGE][WARNING] - A browser is already opened. Closing browser and opening a new one

2023-10-16 16:33:55 - [MESSAGE][INFO] - Starting 'Chrome' driver

2023-10-16 16:33:55 - [MESSAGE][INFO] - Action delay is set to 0 milliseconds

2023-10-16 16:33:56 - [MESSAGE][PASSED] - Browser is opened with url: ''

2023-10-16 16:33:56 - [TEST_STEP][PASSED] - maximizeWindow(): Current window maximized

2023-10-16 16:33:56 - [MESSAGE][PASSED] - Current window maximized

2023-10-16 16:33:56 - [TEST_STEP][PASSED] - navigateToUrl("www.continente.pt"): Navigate to 'http://www.continente.pt' successfully

2023-10-16 16:34:01 - [MESSAGE][PASSED] - Navigate to 'http://www.continente.pt' successfully

2023-10-16 16:34:01 - [TEST_STEP][PASSED] - click(findTestObject("Page_Continente_Online/button_Permitir todos")): Object: 'Object Repository/Page_Continente_Online/button_Permitir todos' is clicked on

2023-10-16 16:34:07 - [MESSAGE][PASSED] - Object: 'Object Repository/Page_Continente_Online/button_Permitir todos' is clicked on

2023-10-16 16:34:07 - [MESSAGE][PASSED] - Call Test Case 'Test Cases/Open Continente' successfully

2023-10-16 16:34:07 - [TEST_STEP][PASSED] - setText(findTestObject("Page_Continente_Online/input_search_text"), "queijo"): Text 'queijo' is set on object 'Object Repository/Page_Continente_Online/input_search_text'

2023-10-16 16:34:09 - [MESSAGE][PASSED] - Text 'queijo' is set on object 'Object Repository/Page_Continente_Online/input_search_text'

2023-10-16 16:34:09 - [TEST_STEP][PASSED] - click(findTestObject("Page_Continente_Online/span_search_item")): Object: 'Object Repository/Page_Continente_Online/span_search_item' is clicked on

2023-10-16 16:34:15 - [MESSAGE][PASSED] - Object: 'Object Repository/Page_Continente_Online/span_search_item' is clicked on

2023-10-16 16:34:15 - [MESSAGE][PASSED] - Call Test Case 'Test Cases/Search Product' successfully

2023-10-16 16:34:15 - [TEST_STEP][PASSED] - callTestCase(findTestCase("Add 1 Item to Cart"), [:], STOP_ON_FAILURE): Call Test Case 'Test Cases/Add 1 Item to Cart' successfully

2023-10-16 16:34:15 - [TEST_CASE][PASSED] - Test Cases/Add 1 Item to Cart: Test Cases/Add 1 Item to Cart

2023-10-16 16:34:15 - [TEST_STEP][PASSED] - callTestCase(findTestCase("Open Continente"), [:], STOP_ON_FAILURE): Call Test Case 'Test Cases/Open Continente' successfully

2023-10-16 16:34:15 - [TEST_CASE][PASSED] - Test Cases/Open Continente: Test Cases/Open Continente

2023-10-16 16:34:15 - [TEST_STEP][PASSED] - openBrowser(""): Browser is opened with url: ''

2023-10-16 16:34:15 - [MESSAGE][WARNING] - A browser is already opened. Closing browser and opening a new one

2023-10-16 16:34:16 - [MESSAGE][INFO] - Starting 'Chrome' driver

2023-10-16 16:34:16 - [MESSAGE][INFO] - Action delay is set to 0 milliseconds

2023-10-16 16:34:18 - [MESSAGE][PASSED] - Browser is opened with url: ''

2023-10-16 16:34:18 - [TEST_STEP][PASSED] - maximizeWindow(): Current window maximized

2023-10-16 16:34:18 - [MESSAGE][PASSED] - Current window maximized

2023-10-16 16:34:18 - [TEST_STEP][PASSED] - navigateToUrl("www.continente.pt"): Navigate to 'http://www.continente.pt' successfully

2023-10-16 16:34:45 - [MESSAGE][PASSED] - Navigate to 'http://www.continente.pt' successfully

2023-10-16 16:34:45 - [TEST_STEP][PASSED] - click(findTestObject("Page_Continente_Online/button_Permitir todos")): Object: 'Object Repository/Page_Continente_Online/button_Permitir todos' is clicked on

2023-10-16 16:34:48 - [MESSAGE][PASSED] - Object: 'Object Repository/Page_Continente_Online/button_Permitir todos' is clicked on

2023-10-16 16:34:48 - [MESSAGE][PASSED] - Call Test Case 'Test Cases/Open Continente' successfully

2023-10-16 16:34:48 - [TEST_STEP][PASSED] - callTestCase(findTestCase("Search Product"), [:], STOP_ON_FAILURE): Call Test Case 'Test Cases/Search Product' successfully

2023-10-16 16:34:48 - [TEST_CASE][PASSED] - Test Cases/Search Product: Test Cases/Search Product

2023-10-16 16:34:48 - [TEST_STEP][PASSED] - callTestCase(findTestCase("Open Continente"), [:], STOP_ON_FAILURE): Call Test Case 'Test Cases/Open Continente' successfully

2023-10-16 16:34:48 - [TEST_CASE][PASSED] - Test Cases/Open Continente: Test Cases/Open Continente

2023-10-16 16:34:48 - [TEST_STEP][PASSED] - openBrowser(""): Browser is opened with url: ''

2023-10-16 16:34:48 - [MESSAGE][WARNING] - A browser is already opened. Closing browser and opening a new one

2023-10-16 16:34:49 - [MESSAGE][INFO] - Starting 'Chrome' driver

2023-10-16 16:34:49 - [MESSAGE][INFO] - Action delay is set to 0 milliseconds

2023-10-16 16:34:50 - [MESSAGE][PASSED] - Browser is opened with url: ''

2023-10-16 16:34:50 - [TEST_STEP][PASSED] - maximizeWindow(): Current window maximized

2023-10-16 16:34:51 - [MESSAGE][PASSED] - Current window maximized

2023-10-16 16:34:51 - [TEST_STEP][PASSED] - navigateToUrl("www.continente.pt"): Navigate to 'http://www.continente.pt' successfully

2023-10-16 16:34:55 - [MESSAGE][PASSED] - Navigate to 'http://www.continente.pt' successfully

2023-10-16 16:34:55 - [TEST_STEP][PASSED] - click(findTestObject("Page_Continente_Online/button_Permitir todos")): Object: 'Object Repository/Page_Continente_Online/button_Permitir todos' is clicked on

2023-10-16 16:34:55 - [MESSAGE][PASSED] - Object: 'Object Repository/Page_Continente_Online/button_Permitir todos' is clicked on

2023-10-16 16:34:55 - [MESSAGE][PASSED] - Call Test Case 'Test Cases/Open Continente' successfully

2023-10-16 16:34:55 - [TEST_STEP][PASSED] - setText(findTestObject("Page_Continente_Online/input_search_text"), "queijo"): Text 'queijo' is set on object 'Object Repository/Page_Continente_Online/input_search_text'

2023-10-16 16:35:02 - [MESSAGE][PASSED] - Text 'queijo' is set on object 'Object Repository/Page_Continente_Online/input_search_text'

2023-10-16 16:35:02 - [TEST_STEP][PASSED] - click(findTestObject("Page_Continente_Online/span_search_item")): Object: 'Object Repository/Page_Continente_Online/span_search_item' is clicked on

2023-10-16 16:35:10 - [MESSAGE][PASSED] - Object: 'Object Repository/Page_Continente_Online/span_search_item' is clicked on

2023-10-16 16:35:10 - [MESSAGE][PASSED] - Call Test Case 'Test Cases/Search Product' successfully

2023-10-16 16:35:10 - [TEST_STEP][PASSED] - click(findTestObject("Page_Resultados_de_pesquisa/span_Carrinho")): Object: 'Object Repository/Page_Resultados_de_pesquisa/span_Carrinho' is clicked on

2023-10-16 16:35:13 - [MESSAGE][PASSED] - Object: 'Object Repository/Page_Resultados_de_pesquisa/span_Carrinho' is clicked on

2023-10-16 16:35:13 - [MESSAGE][PASSED] - Call Test Case 'Test Cases/Add 1 Item to Cart' successfully

2023-10-16 16:35:13 - [TEST_STEP][PASSED] - callTestCase(findTestCase("Add 2 Items to Cart"), [:], STOP_ON_FAILURE): Call Test Case 'Test Cases/Add 2 Items to Cart' successfully

2023-10-16 16:35:13 - [TEST_CASE][PASSED] - Test Cases/Add 2 Items to Cart: Test Cases/Add 2 Items to Cart

2023-10-16 16:35:13 - [TEST_STEP][PASSED] - callTestCase(findTestCase("Open Continente"), [:], STOP_ON_FAILURE): Call Test Case 'Test Cases/Open Continente' successfully

2023-10-16 16:35:13 - [TEST_CASE][PASSED] - Test Cases/Open Continente: Test Cases/Open Continente

2023-10-16 16:35:13 - [TEST_STEP][PASSED] - openBrowser(""): Browser is opened with url: ''

2023-10-16 16:35:13 - [MESSAGE][WARNING] - A browser is already opened. Closing browser and opening a new one

2023-10-16 16:35:14 - [MESSAGE][INFO] - Starting 'Chrome' driver

2023-10-16 16:35:14 - [MESSAGE][INFO] - Action delay is set to 0 milliseconds

2023-10-16 16:35:16 - [MESSAGE][PASSED] - Browser is opened with url: ''

2023-10-16 16:35:16 - [TEST_STEP][PASSED] - maximizeWindow(): Current window maximized

2023-10-16 16:35:16 - [MESSAGE][PASSED] - Current window maximized

2023-10-16 16:35:16 - [TEST_STEP][PASSED] - navigateToUrl("www.continente.pt"): Navigate to 'http://www.continente.pt' successfully

2023-10-16 16:35:19 - [MESSAGE][PASSED] - Navigate to 'http://www.continente.pt' successfully

2023-10-16 16:35:19 - [TEST_STEP][PASSED] - click(findTestObject("Page_Continente_Online/button_Permitir todos")): Object: 'Object Repository/Page_Continente_Online/button_Permitir todos' is clicked on

2023-10-16 16:35:20 - [MESSAGE][PASSED] - Object: 'Object Repository/Page_Continente_Online/button_Permitir todos' is clicked on

2023-10-16 16:35:20 - [MESSAGE][PASSED] - Call Test Case 'Test Cases/Open Continente' successfully

2023-10-16 16:35:20 - [TEST_STEP][PASSED] - callTestCase(findTestCase("Add 1 Item to Cart"), [:], STOP_ON_FAILURE): Call Test Case 'Test Cases/Add 1 Item to Cart' successfully

2023-10-16 16:35:20 - [TEST_CASE][PASSED] - Test Cases/Add 1 Item to Cart: Test Cases/Add 1 Item to Cart

2023-10-16 16:35:20 - [TEST_STEP][PASSED] - callTestCase(findTestCase("Open Continente"), [:], STOP_ON_FAILURE): Call Test Case 'Test Cases/Open Continente' successfully

2023-10-16 16:35:20 - [TEST_CASE][PASSED] - Test Cases/Open Continente: Test Cases/Open Continente

2023-10-16 16:35:20 - [TEST_STEP][PASSED] - openBrowser(""): Browser is opened with url: ''

2023-10-16 16:35:20 - [MESSAGE][WARNING] - A browser is already opened. Closing browser and opening a new one

2023-10-16 16:35:21 - [MESSAGE][INFO] - Starting 'Chrome' driver

2023-10-16 16:35:21 - [MESSAGE][INFO] - Action delay is set to 0 milliseconds

2023-10-16 16:35:22 - [MESSAGE][PASSED] - Browser is opened with url: ''

2023-10-16 16:35:22 - [TEST_STEP][PASSED] - maximizeWindow(): Current window maximized

2023-10-16 16:35:22 - [MESSAGE][PASSED] - Current window maximized

2023-10-16 16:35:22 - [TEST_STEP][PASSED] - navigateToUrl("www.continente.pt"): Navigate to 'http://www.continente.pt' successfully

2023-10-16 16:35:26 - [MESSAGE][PASSED] - Navigate to 'http://www.continente.pt' successfully

2023-10-16 16:35:26 - [TEST_STEP][PASSED] - click(findTestObject("Page_Continente_Online/button_Permitir todos")): Object: 'Object Repository/Page_Continente_Online/button_Permitir todos' is clicked on

2023-10-16 16:35:26 - [MESSAGE][PASSED] - Object: 'Object Repository/Page_Continente_Online/button_Permitir todos' is clicked on

2023-10-16 16:35:26 - [MESSAGE][PASSED] - Call Test Case 'Test Cases/Open Continente' successfully

2023-10-16 16:35:26 - [TEST_STEP][PASSED] - callTestCase(findTestCase("Search Product"), [:], STOP_ON_FAILURE): Call Test Case 'Test Cases/Search Product' successfully

2023-10-16 16:35:27 - [TEST_CASE][PASSED] - Test Cases/Search Product: Test Cases/Search Product

2023-10-16 16:35:27 - [TEST_STEP][PASSED] - callTestCase(findTestCase("Open Continente"), [:], STOP_ON_FAILURE): Call Test Case 'Test Cases/Open Continente' successfully

2023-10-16 16:35:27 - [TEST_CASE][PASSED] - Test Cases/Open Continente: Test Cases/Open Continente

2023-10-16 16:35:27 - [TEST_STEP][PASSED] - openBrowser(""): Browser is opened with url: ''

2023-10-16 16:35:27 - [MESSAGE][WARNING] - A browser is already opened. Closing browser and opening a new one

2023-10-16 16:35:27 - [MESSAGE][INFO] - Starting 'Chrome' driver

2023-10-16 16:35:27 - [MESSAGE][INFO] - Action delay is set to 0 milliseconds

2023-10-16 16:35:29 - [MESSAGE][PASSED] - Browser is opened with url: ''

2023-10-16 16:35:29 - [TEST_STEP][PASSED] - maximizeWindow(): Current window maximized

2023-10-16 16:35:29 - [MESSAGE][PASSED] - Current window maximized

2023-10-16 16:35:29 - [TEST_STEP][PASSED] - navigateToUrl("www.continente.pt"): Navigate to 'http://www.continente.pt' successfully

2023-10-16 16:35:32 - [MESSAGE][PASSED] - Navigate to 'http://www.continente.pt' successfully

2023-10-16 16:35:32 - [TEST_STEP][PASSED] - click(findTestObject("Page_Continente_Online/button_Permitir todos")): Object: 'Object Repository/Page_Continente_Online/button_Permitir todos' is clicked on

2023-10-16 16:35:33 - [MESSAGE][PASSED] - Object: 'Object Repository/Page_Continente_Online/button_Permitir todos' is clicked on

2023-10-16 16:35:33 - [MESSAGE][PASSED] - Call Test Case 'Test Cases/Open Continente' successfully

2023-10-16 16:35:33 - [TEST_STEP][PASSED] - setText(findTestObject("Page_Continente_Online/input_search_text"), "queijo"): Text 'queijo' is set on object 'Object Repository/Page_Continente_Online/input_search_text'

2023-10-16 16:35:38 - [MESSAGE][PASSED] - Text 'queijo' is set on object 'Object Repository/Page_Continente_Online/input_search_text'

2023-10-16 16:35:38 - [TEST_STEP][PASSED] - click(findTestObject("Page_Continente_Online/span_search_item")): Object: 'Object Repository/Page_Continente_Online/span_search_item' is clicked on

2023-10-16 16:35:42 - [MESSAGE][PASSED] - Object: 'Object Repository/Page_Continente_Online/span_search_item' is clicked on

2023-10-16 16:35:42 - [MESSAGE][PASSED] - Call Test Case 'Test Cases/Search Product' successfully

2023-10-16 16:35:42 - [TEST_STEP][PASSED] - click(findTestObject("Page_Resultados_de_pesquisa/span_Carrinho")): Object: 'Object Repository/Page_Resultados_de_pesquisa/span_Carrinho' is clicked on

2023-10-16 16:35:44 - [MESSAGE][PASSED] - Object: 'Object Repository/Page_Resultados_de_pesquisa/span_Carrinho' is clicked on

2023-10-16 16:35:44 - [MESSAGE][PASSED] - Call Test Case 'Test Cases/Add 1 Item to Cart' successfully

2023-10-16 16:35:44 - [TEST_STEP][PASSED] - click(findTestObject("Page_Resultados_de_pesquisa/span_Carrinho_2")): Object: 'Object Repository/Page_Resultados_de_pesquisa/span_Carrinho_2' is clicked on

2023-10-16 16:35:45 - [MESSAGE][PASSED] - Object: 'Object Repository/Page_Resultados_de_pesquisa/span_Carrinho_2' is clicked on

2023-10-16 16:35:45 - [TEST_STEP][PASSED] - click(findTestObject("Page_Resultados_de_pesquisa/button_aumentar_quantidade_produto")): Object: 'Object Repository/Page_Resultados_de_pesquisa/button_aumentar_quantidade_produto' is clicked on

2023-10-16 16:35:46 - [MESSAGE][PASSED] - Object: 'Object Repository/Page_Resultados_de_pesquisa/button_aumentar_quantidade_produto' is clicked on

2023-10-16 16:35:46 - [MESSAGE][PASSED] - Call Test Case 'Test Cases/Add 2 Items to Cart' successfully

2023-10-16 16:35:46 - [TEST_STEP][PASSED] - click(findTestObject("Page_Resultados_de_pesquisa/span_13,37")): Object: 'Object Repository/Page_Resultados_de_pesquisa/span_13,37' is clicked on

2023-10-16 16:35:47 - [MESSAGE][PASSED] - Object: 'Object Repository/Page_Resultados_de_pesquisa/span_13,37' is clicked on

2023-10-16 16:35:47 - [TEST_STEP][PASSED] - closeBrowser(): Browser is closed

2023-10-16 16:35:47 - [MESSAGE][PASSED] - Browser is closed]]></system-out>
         <system-err><![CDATA[]]></system-err>
      </testcase>
      <system-out><![CDATA[2023-10-16 16:31:57 - [TEST_SUITE][PASSED] - Continente: Test Cases/Show Cart]]></system-out>
      <system-err><![CDATA[]]></system-err>
   </testsuite>
</testsuites>
