<?xml version="1.0" encoding="UTF-8"?>
<testsuites name="Continente" time="199.442" tests="5" failures="0" errors="0">
   <testsuite name="Continente" tests="5" failures="0" errors="0" time="199.442" skipped="0" timestamp="2023-10-16 15:34:43" hostname="xavier.a.santos - MININT-CAEUVD4.noesis.pt" id="Test Suites/Continente">
      <properties>
         <property name="deviceName" value=""/>
         <property name="devicePlatform" value=""/>
         <property name="logFolder" value="C:\\Users\\xavier.a.santos\\git\\KatalonContinente\\Reports\\20231016_153428\\Continente\\20231016_153430"/>
         <property name="logFiles" value="C:\\Users\\xavier.a.santos\\git\\KatalonContinente\\Reports\\20231016_153428\\Continente\\20231016_153430\\execution0.log"/>
         <property name="attachments" value=""/>
         <property name="hostName" value="xavier.a.santos - MININT-CAEUVD4.noesis.pt"/>
         <property name="os" value="Windows 11 64bit"/>
         <property name="katalonVersion" value="9.0.0.beta.212"/>
         <property name="browser" value="Edge Chromium 117"/>
         <property name="hostAddress" value="192.168.1.133"/>
         <property name="sessionId" value="a63c7e092e39de055cff56a69ffefab8"/>
         <property name="seleniumVersion" value="3.141.59"/>
         <property name="proxyInformation" value="ProxyInformation { proxyOption=NO_PROXY, proxyServerType=HTTP, username=, password=********, proxyServerAddress=, proxyServerPort=0, executionList=&quot;&quot;, isApplyToDesiredCapabilities=true }"/>
         <property name="platform" value="Windows 11"/>
      </properties>
      <testcase name="Test Cases/Open Continente" time="21.013" classname="Test Cases/Open Continente" status="PASSED">
         <system-out><![CDATA[2023-10-16 15:34:44 - [TEST_CASE][PASSED] - Test Cases/Open Continente: Test Cases/Open Continente

2023-10-16 15:34:44 - [TEST_STEP][PASSED] - openBrowser(""): Browser is opened with url: ''

2023-10-16 15:34:45 - [MESSAGE][INFO] - Starting 'Edge Chromium' driver

2023-10-16 15:34:46 - [MESSAGE][INFO] - Action delay is set to 0 milliseconds

2023-10-16 15:34:52 - [MESSAGE][PASSED] - Browser is opened with url: ''

2023-10-16 15:34:52 - [TEST_STEP][PASSED] - maximizeWindow(): Current window maximized

2023-10-16 15:34:52 - [MESSAGE][PASSED] - Current window maximized

2023-10-16 15:34:52 - [TEST_STEP][PASSED] - navigateToUrl("www.continente.pt"): Navigate to 'http://www.continente.pt' successfully

2023-10-16 15:34:57 - [MESSAGE][PASSED] - Navigate to 'http://www.continente.pt' successfully

2023-10-16 15:34:57 - [TEST_STEP][PASSED] - click(findTestObject("Page_Continente_Online/button_Permitir todos")): Object: 'Object Repository/Page_Continente_Online/button_Permitir todos' is clicked on

2023-10-16 15:35:05 - [MESSAGE][PASSED] - Object: 'Object Repository/Page_Continente_Online/button_Permitir todos' is clicked on]]></system-out>
         <system-err><![CDATA[]]></system-err>
      </testcase>
      <testcase name="Test Cases/Search Product" time="24.915" classname="Test Cases/Search Product" status="PASSED">
         <system-out><![CDATA[2023-10-16 15:35:05 - [TEST_CASE][PASSED] - Test Cases/Search Product: Test Cases/Search Product

2023-10-16 15:35:06 - [TEST_STEP][PASSED] - callTestCase(findTestCase("Open Continente"), [:], STOP_ON_FAILURE): Call Test Case 'Test Cases/Open Continente' successfully

2023-10-16 15:35:06 - [TEST_CASE][PASSED] - Test Cases/Open Continente: Test Cases/Open Continente

2023-10-16 15:35:06 - [TEST_STEP][PASSED] - openBrowser(""): Browser is opened with url: ''

2023-10-16 15:35:06 - [MESSAGE][WARNING] - A browser is already opened. Closing browser and opening a new one

2023-10-16 15:35:07 - [MESSAGE][INFO] - Starting 'Edge Chromium' driver

2023-10-16 15:35:08 - [MESSAGE][INFO] - Action delay is set to 0 milliseconds

2023-10-16 15:35:09 - [MESSAGE][PASSED] - Browser is opened with url: ''

2023-10-16 15:35:09 - [TEST_STEP][PASSED] - maximizeWindow(): Current window maximized

2023-10-16 15:35:09 - [MESSAGE][PASSED] - Current window maximized

2023-10-16 15:35:09 - [TEST_STEP][PASSED] - navigateToUrl("www.continente.pt"): Navigate to 'http://www.continente.pt' successfully

2023-10-16 15:35:13 - [MESSAGE][PASSED] - Navigate to 'http://www.continente.pt' successfully

2023-10-16 15:35:13 - [TEST_STEP][PASSED] - click(findTestObject("Page_Continente_Online/button_Permitir todos")): Object: 'Object Repository/Page_Continente_Online/button_Permitir todos' is clicked on

2023-10-16 15:35:20 - [MESSAGE][PASSED] - Object: 'Object Repository/Page_Continente_Online/button_Permitir todos' is clicked on

2023-10-16 15:35:20 - [MESSAGE][PASSED] - Call Test Case 'Test Cases/Open Continente' successfully

2023-10-16 15:35:20 - [TEST_STEP][PASSED] - setText(findTestObject("Page_Continente_Online/input_search_text"), "queijo"): Text 'queijo' is set on object 'Object Repository/Page_Continente_Online/input_search_text'

2023-10-16 15:35:23 - [MESSAGE][PASSED] - Text 'queijo' is set on object 'Object Repository/Page_Continente_Online/input_search_text'

2023-10-16 15:35:23 - [TEST_STEP][PASSED] - click(findTestObject("Page_Continente_Online/span_search_item")): Object: 'Object Repository/Page_Continente_Online/span_search_item' is clicked on

2023-10-16 15:35:30 - [MESSAGE][PASSED] - Object: 'Object Repository/Page_Continente_Online/span_search_item' is clicked on]]></system-out>
         <system-err><![CDATA[]]></system-err>
      </testcase>
      <testcase name="Test Cases/Add 1 Item to Cart" time="28.922" classname="Test Cases/Add 1 Item to Cart" status="PASSED">
         <system-out><![CDATA[2023-10-16 15:35:30 - [TEST_CASE][PASSED] - Test Cases/Add 1 Item to Cart: Test Cases/Add 1 Item to Cart

2023-10-16 15:35:30 - [TEST_STEP][PASSED] - callTestCase(findTestCase("Open Continente"), [:], STOP_ON_FAILURE): Call Test Case 'Test Cases/Open Continente' successfully

2023-10-16 15:35:30 - [TEST_CASE][PASSED] - Test Cases/Open Continente: Test Cases/Open Continente

2023-10-16 15:35:30 - [TEST_STEP][PASSED] - openBrowser(""): Browser is opened with url: ''

2023-10-16 15:35:30 - [MESSAGE][WARNING] - A browser is already opened. Closing browser and opening a new one

2023-10-16 15:35:31 - [MESSAGE][INFO] - Starting 'Edge Chromium' driver

2023-10-16 15:35:31 - [MESSAGE][INFO] - Action delay is set to 0 milliseconds

2023-10-16 15:35:33 - [MESSAGE][PASSED] - Browser is opened with url: ''

2023-10-16 15:35:33 - [TEST_STEP][PASSED] - maximizeWindow(): Current window maximized

2023-10-16 15:35:33 - [MESSAGE][PASSED] - Current window maximized

2023-10-16 15:35:33 - [TEST_STEP][PASSED] - navigateToUrl("www.continente.pt"): Navigate to 'http://www.continente.pt' successfully

2023-10-16 15:35:37 - [MESSAGE][PASSED] - Navigate to 'http://www.continente.pt' successfully

2023-10-16 15:35:37 - [TEST_STEP][PASSED] - click(findTestObject("Page_Continente_Online/button_Permitir todos")): Object: 'Object Repository/Page_Continente_Online/button_Permitir todos' is clicked on

2023-10-16 15:35:38 - [MESSAGE][PASSED] - Object: 'Object Repository/Page_Continente_Online/button_Permitir todos' is clicked on

2023-10-16 15:35:38 - [MESSAGE][PASSED] - Call Test Case 'Test Cases/Open Continente' successfully

2023-10-16 15:35:38 - [TEST_STEP][PASSED] - callTestCase(findTestCase("Search Product"), [:], STOP_ON_FAILURE): Call Test Case 'Test Cases/Search Product' successfully

2023-10-16 15:35:38 - [TEST_CASE][PASSED] - Test Cases/Search Product: Test Cases/Search Product

2023-10-16 15:35:38 - [TEST_STEP][PASSED] - callTestCase(findTestCase("Open Continente"), [:], STOP_ON_FAILURE): Call Test Case 'Test Cases/Open Continente' successfully

2023-10-16 15:35:38 - [TEST_CASE][PASSED] - Test Cases/Open Continente: Test Cases/Open Continente

2023-10-16 15:35:38 - [TEST_STEP][PASSED] - openBrowser(""): Browser is opened with url: ''

2023-10-16 15:35:38 - [MESSAGE][WARNING] - A browser is already opened. Closing browser and opening a new one

2023-10-16 15:35:39 - [MESSAGE][INFO] - Starting 'Edge Chromium' driver

2023-10-16 15:35:39 - [MESSAGE][INFO] - Action delay is set to 0 milliseconds

2023-10-16 15:35:41 - [MESSAGE][PASSED] - Browser is opened with url: ''

2023-10-16 15:35:41 - [TEST_STEP][PASSED] - maximizeWindow(): Current window maximized

2023-10-16 15:35:41 - [MESSAGE][PASSED] - Current window maximized

2023-10-16 15:35:41 - [TEST_STEP][PASSED] - navigateToUrl("www.continente.pt"): Navigate to 'http://www.continente.pt' successfully

2023-10-16 15:35:44 - [MESSAGE][PASSED] - Navigate to 'http://www.continente.pt' successfully

2023-10-16 15:35:44 - [TEST_STEP][PASSED] - click(findTestObject("Page_Continente_Online/button_Permitir todos")): Object: 'Object Repository/Page_Continente_Online/button_Permitir todos' is clicked on

2023-10-16 15:35:45 - [MESSAGE][PASSED] - Object: 'Object Repository/Page_Continente_Online/button_Permitir todos' is clicked on

2023-10-16 15:35:45 - [MESSAGE][PASSED] - Call Test Case 'Test Cases/Open Continente' successfully

2023-10-16 15:35:45 - [TEST_STEP][PASSED] - setText(findTestObject("Page_Continente_Online/input_search_text"), "queijo"): Text 'queijo' is set on object 'Object Repository/Page_Continente_Online/input_search_text'

2023-10-16 15:35:51 - [MESSAGE][PASSED] - Text 'queijo' is set on object 'Object Repository/Page_Continente_Online/input_search_text'

2023-10-16 15:35:51 - [TEST_STEP][PASSED] - click(findTestObject("Page_Continente_Online/span_search_item")): Object: 'Object Repository/Page_Continente_Online/span_search_item' is clicked on

2023-10-16 15:35:57 - [MESSAGE][PASSED] - Object: 'Object Repository/Page_Continente_Online/span_search_item' is clicked on

2023-10-16 15:35:57 - [MESSAGE][PASSED] - Call Test Case 'Test Cases/Search Product' successfully

2023-10-16 15:35:57 - [TEST_STEP][PASSED] - click(findTestObject("Page_Resultados_de_pesquisa/span_Carrinho")): Object: 'Object Repository/Page_Resultados_de_pesquisa/span_Carrinho' is clicked on

2023-10-16 15:35:59 - [MESSAGE][PASSED] - Object: 'Object Repository/Page_Resultados_de_pesquisa/span_Carrinho' is clicked on]]></system-out>
         <system-err><![CDATA[]]></system-err>
      </testcase>
      <testcase name="Test Cases/Add 2 Items to Cart" time="35.508" classname="Test Cases/Add 2 Items to Cart" status="PASSED">
         <system-out><![CDATA[2023-10-16 15:35:59 - [TEST_CASE][PASSED] - Test Cases/Add 2 Items to Cart: Test Cases/Add 2 Items to Cart

2023-10-16 15:35:59 - [TEST_STEP][PASSED] - callTestCase(findTestCase("Open Continente"), [:], STOP_ON_FAILURE): Call Test Case 'Test Cases/Open Continente' successfully

2023-10-16 15:35:59 - [TEST_CASE][PASSED] - Test Cases/Open Continente: Test Cases/Open Continente

2023-10-16 15:35:59 - [TEST_STEP][PASSED] - openBrowser(""): Browser is opened with url: ''

2023-10-16 15:35:59 - [MESSAGE][WARNING] - A browser is already opened. Closing browser and opening a new one

2023-10-16 15:36:00 - [MESSAGE][INFO] - Starting 'Edge Chromium' driver

2023-10-16 15:36:00 - [MESSAGE][INFO] - Action delay is set to 0 milliseconds

2023-10-16 15:36:02 - [MESSAGE][PASSED] - Browser is opened with url: ''

2023-10-16 15:36:02 - [TEST_STEP][PASSED] - maximizeWindow(): Current window maximized

2023-10-16 15:36:02 - [MESSAGE][PASSED] - Current window maximized

2023-10-16 15:36:02 - [TEST_STEP][PASSED] - navigateToUrl("www.continente.pt"): Navigate to 'http://www.continente.pt' successfully

2023-10-16 15:36:05 - [MESSAGE][PASSED] - Navigate to 'http://www.continente.pt' successfully

2023-10-16 15:36:05 - [TEST_STEP][PASSED] - click(findTestObject("Page_Continente_Online/button_Permitir todos")): Object: 'Object Repository/Page_Continente_Online/button_Permitir todos' is clicked on

2023-10-16 15:36:06 - [MESSAGE][PASSED] - Object: 'Object Repository/Page_Continente_Online/button_Permitir todos' is clicked on

2023-10-16 15:36:06 - [MESSAGE][PASSED] - Call Test Case 'Test Cases/Open Continente' successfully

2023-10-16 15:36:06 - [TEST_STEP][PASSED] - callTestCase(findTestCase("Add 1 Item to Cart"), [:], STOP_ON_FAILURE): Call Test Case 'Test Cases/Add 1 Item to Cart' successfully

2023-10-16 15:36:06 - [TEST_CASE][PASSED] - Test Cases/Add 1 Item to Cart: Test Cases/Add 1 Item to Cart

2023-10-16 15:36:06 - [TEST_STEP][PASSED] - callTestCase(findTestCase("Open Continente"), [:], STOP_ON_FAILURE): Call Test Case 'Test Cases/Open Continente' successfully

2023-10-16 15:36:06 - [TEST_CASE][PASSED] - Test Cases/Open Continente: Test Cases/Open Continente

2023-10-16 15:36:06 - [TEST_STEP][PASSED] - openBrowser(""): Browser is opened with url: ''

2023-10-16 15:36:06 - [MESSAGE][WARNING] - A browser is already opened. Closing browser and opening a new one

2023-10-16 15:36:07 - [MESSAGE][INFO] - Starting 'Edge Chromium' driver

2023-10-16 15:36:07 - [MESSAGE][INFO] - Action delay is set to 0 milliseconds

2023-10-16 15:36:08 - [MESSAGE][PASSED] - Browser is opened with url: ''

2023-10-16 15:36:08 - [TEST_STEP][PASSED] - maximizeWindow(): Current window maximized

2023-10-16 15:36:09 - [MESSAGE][PASSED] - Current window maximized

2023-10-16 15:36:09 - [TEST_STEP][PASSED] - navigateToUrl("www.continente.pt"): Navigate to 'http://www.continente.pt' successfully

2023-10-16 15:36:12 - [MESSAGE][PASSED] - Navigate to 'http://www.continente.pt' successfully

2023-10-16 15:36:12 - [TEST_STEP][PASSED] - click(findTestObject("Page_Continente_Online/button_Permitir todos")): Object: 'Object Repository/Page_Continente_Online/button_Permitir todos' is clicked on

2023-10-16 15:36:12 - [MESSAGE][PASSED] - Object: 'Object Repository/Page_Continente_Online/button_Permitir todos' is clicked on

2023-10-16 15:36:12 - [MESSAGE][PASSED] - Call Test Case 'Test Cases/Open Continente' successfully

2023-10-16 15:36:12 - [TEST_STEP][PASSED] - callTestCase(findTestCase("Search Product"), [:], STOP_ON_FAILURE): Call Test Case 'Test Cases/Search Product' successfully

2023-10-16 15:36:13 - [TEST_CASE][PASSED] - Test Cases/Search Product: Test Cases/Search Product

2023-10-16 15:36:13 - [TEST_STEP][PASSED] - callTestCase(findTestCase("Open Continente"), [:], STOP_ON_FAILURE): Call Test Case 'Test Cases/Open Continente' successfully

2023-10-16 15:36:13 - [TEST_CASE][PASSED] - Test Cases/Open Continente: Test Cases/Open Continente

2023-10-16 15:36:13 - [TEST_STEP][PASSED] - openBrowser(""): Browser is opened with url: ''

2023-10-16 15:36:13 - [MESSAGE][WARNING] - A browser is already opened. Closing browser and opening a new one

2023-10-16 15:36:13 - [MESSAGE][INFO] - Starting 'Edge Chromium' driver

2023-10-16 15:36:13 - [MESSAGE][INFO] - Action delay is set to 0 milliseconds

2023-10-16 15:36:15 - [MESSAGE][PASSED] - Browser is opened with url: ''

2023-10-16 15:36:15 - [TEST_STEP][PASSED] - maximizeWindow(): Current window maximized

2023-10-16 15:36:15 - [MESSAGE][PASSED] - Current window maximized

2023-10-16 15:36:15 - [TEST_STEP][PASSED] - navigateToUrl("www.continente.pt"): Navigate to 'http://www.continente.pt' successfully

2023-10-16 15:36:19 - [MESSAGE][PASSED] - Navigate to 'http://www.continente.pt' successfully

2023-10-16 15:36:19 - [TEST_STEP][PASSED] - click(findTestObject("Page_Continente_Online/button_Permitir todos")): Object: 'Object Repository/Page_Continente_Online/button_Permitir todos' is clicked on

2023-10-16 15:36:19 - [MESSAGE][PASSED] - Object: 'Object Repository/Page_Continente_Online/button_Permitir todos' is clicked on

2023-10-16 15:36:19 - [MESSAGE][PASSED] - Call Test Case 'Test Cases/Open Continente' successfully

2023-10-16 15:36:19 - [TEST_STEP][PASSED] - setText(findTestObject("Page_Continente_Online/input_search_text"), "queijo"): Text 'queijo' is set on object 'Object Repository/Page_Continente_Online/input_search_text'

2023-10-16 15:36:25 - [MESSAGE][PASSED] - Text 'queijo' is set on object 'Object Repository/Page_Continente_Online/input_search_text'

2023-10-16 15:36:25 - [TEST_STEP][PASSED] - click(findTestObject("Page_Continente_Online/span_search_item")): Object: 'Object Repository/Page_Continente_Online/span_search_item' is clicked on

2023-10-16 15:36:29 - [MESSAGE][PASSED] - Object: 'Object Repository/Page_Continente_Online/span_search_item' is clicked on

2023-10-16 15:36:29 - [MESSAGE][PASSED] - Call Test Case 'Test Cases/Search Product' successfully

2023-10-16 15:36:29 - [TEST_STEP][PASSED] - click(findTestObject("Page_Resultados_de_pesquisa/span_Carrinho")): Object: 'Object Repository/Page_Resultados_de_pesquisa/span_Carrinho' is clicked on

2023-10-16 15:36:32 - [MESSAGE][PASSED] - Object: 'Object Repository/Page_Resultados_de_pesquisa/span_Carrinho' is clicked on

2023-10-16 15:36:32 - [MESSAGE][PASSED] - Call Test Case 'Test Cases/Add 1 Item to Cart' successfully

2023-10-16 15:36:32 - [TEST_STEP][PASSED] - click(findTestObject("Page_Resultados_de_pesquisa/span_Carrinho_2")): Object: 'Object Repository/Page_Resultados_de_pesquisa/span_Carrinho_2' is clicked on

2023-10-16 15:36:33 - [MESSAGE][PASSED] - Object: 'Object Repository/Page_Resultados_de_pesquisa/span_Carrinho_2' is clicked on

2023-10-16 15:36:33 - [TEST_STEP][PASSED] - click(findTestObject("Page_Resultados_de_pesquisa/button_aumentar_quantidade_produto")): Object: 'Object Repository/Page_Resultados_de_pesquisa/button_aumentar_quantidade_produto' is clicked on

2023-10-16 15:36:34 - [MESSAGE][PASSED] - Object: 'Object Repository/Page_Resultados_de_pesquisa/button_aumentar_quantidade_produto' is clicked on]]></system-out>
         <system-err><![CDATA[]]></system-err>
      </testcase>
      <testcase name="Test Cases/Show Cart" time="88.559" classname="Test Cases/Show Cart" status="PASSED">
         <system-out><![CDATA[2023-10-16 15:36:34 - [TEST_CASE][PASSED] - Test Cases/Show Cart: Test Cases/Show Cart

2023-10-16 15:36:34 - [TEST_STEP][PASSED] - callTestCase(findTestCase("Open Google"), [:], STOP_ON_FAILURE): Call Test Case 'Test Cases/Open Google' successfully

2023-10-16 15:36:35 - [TEST_CASE][PASSED] - Test Cases/Open Google: Test Cases/Open Google

2023-10-16 15:36:35 - [TEST_STEP][PASSED] - openBrowser(""): Browser is opened with url: ''

2023-10-16 15:36:35 - [MESSAGE][WARNING] - A browser is already opened. Closing browser and opening a new one

2023-10-16 15:36:35 - [MESSAGE][INFO] - Starting 'Edge Chromium' driver

2023-10-16 15:36:35 - [MESSAGE][INFO] - Action delay is set to 0 milliseconds

2023-10-16 15:36:37 - [MESSAGE][PASSED] - Browser is opened with url: ''

2023-10-16 15:36:37 - [TEST_STEP][PASSED] - navigateToUrl("www.google.pt"): Navigate to 'http://www.google.pt' successfully

2023-10-16 15:36:38 - [MESSAGE][PASSED] - Navigate to 'http://www.google.pt' successfully

2023-10-16 15:36:38 - [MESSAGE][PASSED] - Call Test Case 'Test Cases/Open Google' successfully

2023-10-16 15:36:38 - [TEST_STEP][PASSED] - callTestCase(findTestCase("Search Product"), [:], STOP_ON_FAILURE): Call Test Case 'Test Cases/Search Product' successfully

2023-10-16 15:36:38 - [TEST_CASE][PASSED] - Test Cases/Search Product: Test Cases/Search Product

2023-10-16 15:36:38 - [TEST_STEP][PASSED] - callTestCase(findTestCase("Open Continente"), [:], STOP_ON_FAILURE): Call Test Case 'Test Cases/Open Continente' successfully

2023-10-16 15:36:39 - [TEST_CASE][PASSED] - Test Cases/Open Continente: Test Cases/Open Continente

2023-10-16 15:36:39 - [TEST_STEP][PASSED] - openBrowser(""): Browser is opened with url: ''

2023-10-16 15:36:39 - [MESSAGE][WARNING] - A browser is already opened. Closing browser and opening a new one

2023-10-16 15:36:39 - [MESSAGE][INFO] - Starting 'Edge Chromium' driver

2023-10-16 15:36:39 - [MESSAGE][INFO] - Action delay is set to 0 milliseconds

2023-10-16 15:36:41 - [MESSAGE][PASSED] - Browser is opened with url: ''

2023-10-16 15:36:41 - [TEST_STEP][PASSED] - maximizeWindow(): Current window maximized

2023-10-16 15:36:41 - [MESSAGE][PASSED] - Current window maximized

2023-10-16 15:36:41 - [TEST_STEP][PASSED] - navigateToUrl("www.continente.pt"): Navigate to 'http://www.continente.pt' successfully

2023-10-16 15:36:44 - [MESSAGE][PASSED] - Navigate to 'http://www.continente.pt' successfully

2023-10-16 15:36:44 - [TEST_STEP][PASSED] - click(findTestObject("Page_Continente_Online/button_Permitir todos")): Object: 'Object Repository/Page_Continente_Online/button_Permitir todos' is clicked on

2023-10-16 15:36:45 - [MESSAGE][PASSED] - Object: 'Object Repository/Page_Continente_Online/button_Permitir todos' is clicked on

2023-10-16 15:36:45 - [MESSAGE][PASSED] - Call Test Case 'Test Cases/Open Continente' successfully

2023-10-16 15:36:45 - [TEST_STEP][PASSED] - setText(findTestObject("Page_Continente_Online/input_search_text"), "queijo"): Text 'queijo' is set on object 'Object Repository/Page_Continente_Online/input_search_text'

2023-10-16 15:36:51 - [MESSAGE][PASSED] - Text 'queijo' is set on object 'Object Repository/Page_Continente_Online/input_search_text'

2023-10-16 15:36:51 - [TEST_STEP][PASSED] - click(findTestObject("Page_Continente_Online/span_search_item")): Object: 'Object Repository/Page_Continente_Online/span_search_item' is clicked on

2023-10-16 15:36:57 - [MESSAGE][PASSED] - Object: 'Object Repository/Page_Continente_Online/span_search_item' is clicked on

2023-10-16 15:36:57 - [MESSAGE][PASSED] - Call Test Case 'Test Cases/Search Product' successfully

2023-10-16 15:36:57 - [TEST_STEP][PASSED] - callTestCase(findTestCase("Add 1 Item to Cart"), [:], STOP_ON_FAILURE): Call Test Case 'Test Cases/Add 1 Item to Cart' successfully

2023-10-16 15:36:57 - [TEST_CASE][PASSED] - Test Cases/Add 1 Item to Cart: Test Cases/Add 1 Item to Cart

2023-10-16 15:36:57 - [TEST_STEP][PASSED] - callTestCase(findTestCase("Open Continente"), [:], STOP_ON_FAILURE): Call Test Case 'Test Cases/Open Continente' successfully

2023-10-16 15:36:57 - [TEST_CASE][PASSED] - Test Cases/Open Continente: Test Cases/Open Continente

2023-10-16 15:36:57 - [TEST_STEP][PASSED] - openBrowser(""): Browser is opened with url: ''

2023-10-16 15:36:57 - [MESSAGE][WARNING] - A browser is already opened. Closing browser and opening a new one

2023-10-16 15:36:58 - [MESSAGE][INFO] - Starting 'Edge Chromium' driver

2023-10-16 15:36:58 - [MESSAGE][INFO] - Action delay is set to 0 milliseconds

2023-10-16 15:37:00 - [MESSAGE][PASSED] - Browser is opened with url: ''

2023-10-16 15:37:00 - [TEST_STEP][PASSED] - maximizeWindow(): Current window maximized

2023-10-16 15:37:00 - [MESSAGE][PASSED] - Current window maximized

2023-10-16 15:37:00 - [TEST_STEP][PASSED] - navigateToUrl("www.continente.pt"): Navigate to 'http://www.continente.pt' successfully

2023-10-16 15:37:03 - [MESSAGE][PASSED] - Navigate to 'http://www.continente.pt' successfully

2023-10-16 15:37:03 - [TEST_STEP][PASSED] - click(findTestObject("Page_Continente_Online/button_Permitir todos")): Object: 'Object Repository/Page_Continente_Online/button_Permitir todos' is clicked on

2023-10-16 15:37:04 - [MESSAGE][PASSED] - Object: 'Object Repository/Page_Continente_Online/button_Permitir todos' is clicked on

2023-10-16 15:37:04 - [MESSAGE][PASSED] - Call Test Case 'Test Cases/Open Continente' successfully

2023-10-16 15:37:04 - [TEST_STEP][PASSED] - callTestCase(findTestCase("Search Product"), [:], STOP_ON_FAILURE): Call Test Case 'Test Cases/Search Product' successfully

2023-10-16 15:37:04 - [TEST_CASE][PASSED] - Test Cases/Search Product: Test Cases/Search Product

2023-10-16 15:37:04 - [TEST_STEP][PASSED] - callTestCase(findTestCase("Open Continente"), [:], STOP_ON_FAILURE): Call Test Case 'Test Cases/Open Continente' successfully

2023-10-16 15:37:04 - [TEST_CASE][PASSED] - Test Cases/Open Continente: Test Cases/Open Continente

2023-10-16 15:37:04 - [TEST_STEP][PASSED] - openBrowser(""): Browser is opened with url: ''

2023-10-16 15:37:04 - [MESSAGE][WARNING] - A browser is already opened. Closing browser and opening a new one

2023-10-16 15:37:05 - [MESSAGE][INFO] - Starting 'Edge Chromium' driver

2023-10-16 15:37:05 - [MESSAGE][INFO] - Action delay is set to 0 milliseconds

2023-10-16 15:37:07 - [MESSAGE][PASSED] - Browser is opened with url: ''

2023-10-16 15:37:07 - [TEST_STEP][PASSED] - maximizeWindow(): Current window maximized

2023-10-16 15:37:07 - [MESSAGE][PASSED] - Current window maximized

2023-10-16 15:37:07 - [TEST_STEP][PASSED] - navigateToUrl("www.continente.pt"): Navigate to 'http://www.continente.pt' successfully

2023-10-16 15:37:10 - [MESSAGE][PASSED] - Navigate to 'http://www.continente.pt' successfully

2023-10-16 15:37:10 - [TEST_STEP][PASSED] - click(findTestObject("Page_Continente_Online/button_Permitir todos")): Object: 'Object Repository/Page_Continente_Online/button_Permitir todos' is clicked on

2023-10-16 15:37:11 - [MESSAGE][PASSED] - Object: 'Object Repository/Page_Continente_Online/button_Permitir todos' is clicked on

2023-10-16 15:37:11 - [MESSAGE][PASSED] - Call Test Case 'Test Cases/Open Continente' successfully

2023-10-16 15:37:11 - [TEST_STEP][PASSED] - setText(findTestObject("Page_Continente_Online/input_search_text"), "queijo"): Text 'queijo' is set on object 'Object Repository/Page_Continente_Online/input_search_text'

2023-10-16 15:37:16 - [MESSAGE][PASSED] - Text 'queijo' is set on object 'Object Repository/Page_Continente_Online/input_search_text'

2023-10-16 15:37:16 - [TEST_STEP][PASSED] - click(findTestObject("Page_Continente_Online/span_search_item")): Object: 'Object Repository/Page_Continente_Online/span_search_item' is clicked on

2023-10-16 15:37:21 - [MESSAGE][PASSED] - Object: 'Object Repository/Page_Continente_Online/span_search_item' is clicked on

2023-10-16 15:37:21 - [MESSAGE][PASSED] - Call Test Case 'Test Cases/Search Product' successfully

2023-10-16 15:37:21 - [TEST_STEP][PASSED] - click(findTestObject("Page_Resultados_de_pesquisa/span_Carrinho")): Object: 'Object Repository/Page_Resultados_de_pesquisa/span_Carrinho' is clicked on

2023-10-16 15:37:23 - [MESSAGE][PASSED] - Object: 'Object Repository/Page_Resultados_de_pesquisa/span_Carrinho' is clicked on

2023-10-16 15:37:23 - [MESSAGE][PASSED] - Call Test Case 'Test Cases/Add 1 Item to Cart' successfully

2023-10-16 15:37:23 - [TEST_STEP][PASSED] - callTestCase(findTestCase("Add 2 Items to Cart"), [:], STOP_ON_FAILURE): Call Test Case 'Test Cases/Add 2 Items to Cart' successfully

2023-10-16 15:37:23 - [TEST_CASE][PASSED] - Test Cases/Add 2 Items to Cart: Test Cases/Add 2 Items to Cart

2023-10-16 15:37:23 - [TEST_STEP][PASSED] - callTestCase(findTestCase("Open Continente"), [:], STOP_ON_FAILURE): Call Test Case 'Test Cases/Open Continente' successfully

2023-10-16 15:37:23 - [TEST_CASE][PASSED] - Test Cases/Open Continente: Test Cases/Open Continente

2023-10-16 15:37:23 - [TEST_STEP][PASSED] - openBrowser(""): Browser is opened with url: ''

2023-10-16 15:37:23 - [MESSAGE][WARNING] - A browser is already opened. Closing browser and opening a new one

2023-10-16 15:37:24 - [MESSAGE][INFO] - Starting 'Edge Chromium' driver

2023-10-16 15:37:24 - [MESSAGE][INFO] - Action delay is set to 0 milliseconds

2023-10-16 15:37:25 - [MESSAGE][PASSED] - Browser is opened with url: ''

2023-10-16 15:37:25 - [TEST_STEP][PASSED] - maximizeWindow(): Current window maximized

2023-10-16 15:37:26 - [MESSAGE][PASSED] - Current window maximized

2023-10-16 15:37:26 - [TEST_STEP][PASSED] - navigateToUrl("www.continente.pt"): Navigate to 'http://www.continente.pt' successfully

2023-10-16 15:37:28 - [MESSAGE][PASSED] - Navigate to 'http://www.continente.pt' successfully

2023-10-16 15:37:28 - [TEST_STEP][PASSED] - click(findTestObject("Page_Continente_Online/button_Permitir todos")): Object: 'Object Repository/Page_Continente_Online/button_Permitir todos' is clicked on

2023-10-16 15:37:34 - [MESSAGE][PASSED] - Object: 'Object Repository/Page_Continente_Online/button_Permitir todos' is clicked on

2023-10-16 15:37:34 - [MESSAGE][PASSED] - Call Test Case 'Test Cases/Open Continente' successfully

2023-10-16 15:37:34 - [TEST_STEP][PASSED] - callTestCase(findTestCase("Add 1 Item to Cart"), [:], STOP_ON_FAILURE): Call Test Case 'Test Cases/Add 1 Item to Cart' successfully

2023-10-16 15:37:34 - [TEST_CASE][PASSED] - Test Cases/Add 1 Item to Cart: Test Cases/Add 1 Item to Cart

2023-10-16 15:37:34 - [TEST_STEP][PASSED] - callTestCase(findTestCase("Open Continente"), [:], STOP_ON_FAILURE): Call Test Case 'Test Cases/Open Continente' successfully

2023-10-16 15:37:34 - [TEST_CASE][PASSED] - Test Cases/Open Continente: Test Cases/Open Continente

2023-10-16 15:37:34 - [TEST_STEP][PASSED] - openBrowser(""): Browser is opened with url: ''

2023-10-16 15:37:34 - [MESSAGE][WARNING] - A browser is already opened. Closing browser and opening a new one

2023-10-16 15:37:35 - [MESSAGE][INFO] - Starting 'Edge Chromium' driver

2023-10-16 15:37:35 - [MESSAGE][INFO] - Action delay is set to 0 milliseconds

2023-10-16 15:37:36 - [MESSAGE][PASSED] - Browser is opened with url: ''

2023-10-16 15:37:36 - [TEST_STEP][PASSED] - maximizeWindow(): Current window maximized

2023-10-16 15:37:37 - [MESSAGE][PASSED] - Current window maximized

2023-10-16 15:37:37 - [TEST_STEP][PASSED] - navigateToUrl("www.continente.pt"): Navigate to 'http://www.continente.pt' successfully

2023-10-16 15:37:40 - [MESSAGE][PASSED] - Navigate to 'http://www.continente.pt' successfully

2023-10-16 15:37:40 - [TEST_STEP][PASSED] - click(findTestObject("Page_Continente_Online/button_Permitir todos")): Object: 'Object Repository/Page_Continente_Online/button_Permitir todos' is clicked on

2023-10-16 15:37:40 - [MESSAGE][PASSED] - Object: 'Object Repository/Page_Continente_Online/button_Permitir todos' is clicked on

2023-10-16 15:37:40 - [MESSAGE][PASSED] - Call Test Case 'Test Cases/Open Continente' successfully

2023-10-16 15:37:40 - [TEST_STEP][PASSED] - callTestCase(findTestCase("Search Product"), [:], STOP_ON_FAILURE): Call Test Case 'Test Cases/Search Product' successfully

2023-10-16 15:37:40 - [TEST_CASE][PASSED] - Test Cases/Search Product: Test Cases/Search Product

2023-10-16 15:37:40 - [TEST_STEP][PASSED] - callTestCase(findTestCase("Open Continente"), [:], STOP_ON_FAILURE): Call Test Case 'Test Cases/Open Continente' successfully

2023-10-16 15:37:41 - [TEST_CASE][PASSED] - Test Cases/Open Continente: Test Cases/Open Continente

2023-10-16 15:37:41 - [TEST_STEP][PASSED] - openBrowser(""): Browser is opened with url: ''

2023-10-16 15:37:41 - [MESSAGE][WARNING] - A browser is already opened. Closing browser and opening a new one

2023-10-16 15:37:41 - [MESSAGE][INFO] - Starting 'Edge Chromium' driver

2023-10-16 15:37:41 - [MESSAGE][INFO] - Action delay is set to 0 milliseconds

2023-10-16 15:37:43 - [MESSAGE][PASSED] - Browser is opened with url: ''

2023-10-16 15:37:43 - [TEST_STEP][PASSED] - maximizeWindow(): Current window maximized

2023-10-16 15:37:43 - [MESSAGE][PASSED] - Current window maximized

2023-10-16 15:37:43 - [TEST_STEP][PASSED] - navigateToUrl("www.continente.pt"): Navigate to 'http://www.continente.pt' successfully

2023-10-16 15:37:46 - [MESSAGE][PASSED] - Navigate to 'http://www.continente.pt' successfully

2023-10-16 15:37:46 - [TEST_STEP][PASSED] - click(findTestObject("Page_Continente_Online/button_Permitir todos")): Object: 'Object Repository/Page_Continente_Online/button_Permitir todos' is clicked on

2023-10-16 15:37:47 - [MESSAGE][PASSED] - Object: 'Object Repository/Page_Continente_Online/button_Permitir todos' is clicked on

2023-10-16 15:37:47 - [MESSAGE][PASSED] - Call Test Case 'Test Cases/Open Continente' successfully

2023-10-16 15:37:47 - [TEST_STEP][PASSED] - setText(findTestObject("Page_Continente_Online/input_search_text"), "queijo"): Text 'queijo' is set on object 'Object Repository/Page_Continente_Online/input_search_text'

2023-10-16 15:37:52 - [MESSAGE][PASSED] - Text 'queijo' is set on object 'Object Repository/Page_Continente_Online/input_search_text'

2023-10-16 15:37:52 - [TEST_STEP][PASSED] - click(findTestObject("Page_Continente_Online/span_search_item")): Object: 'Object Repository/Page_Continente_Online/span_search_item' is clicked on

2023-10-16 15:37:56 - [MESSAGE][PASSED] - Object: 'Object Repository/Page_Continente_Online/span_search_item' is clicked on

2023-10-16 15:37:56 - [MESSAGE][PASSED] - Call Test Case 'Test Cases/Search Product' successfully

2023-10-16 15:37:56 - [TEST_STEP][PASSED] - click(findTestObject("Page_Resultados_de_pesquisa/span_Carrinho")): Object: 'Object Repository/Page_Resultados_de_pesquisa/span_Carrinho' is clicked on

2023-10-16 15:37:59 - [MESSAGE][PASSED] - Object: 'Object Repository/Page_Resultados_de_pesquisa/span_Carrinho' is clicked on

2023-10-16 15:37:59 - [MESSAGE][PASSED] - Call Test Case 'Test Cases/Add 1 Item to Cart' successfully

2023-10-16 15:37:59 - [TEST_STEP][PASSED] - click(findTestObject("Page_Resultados_de_pesquisa/span_Carrinho_2")): Object: 'Object Repository/Page_Resultados_de_pesquisa/span_Carrinho_2' is clicked on

2023-10-16 15:38:00 - [MESSAGE][PASSED] - Object: 'Object Repository/Page_Resultados_de_pesquisa/span_Carrinho_2' is clicked on

2023-10-16 15:38:00 - [TEST_STEP][PASSED] - click(findTestObject("Page_Resultados_de_pesquisa/button_aumentar_quantidade_produto")): Object: 'Object Repository/Page_Resultados_de_pesquisa/button_aumentar_quantidade_produto' is clicked on

2023-10-16 15:38:02 - [MESSAGE][PASSED] - Object: 'Object Repository/Page_Resultados_de_pesquisa/button_aumentar_quantidade_produto' is clicked on

2023-10-16 15:38:02 - [MESSAGE][PASSED] - Call Test Case 'Test Cases/Add 2 Items to Cart' successfully

2023-10-16 15:38:02 - [TEST_STEP][PASSED] - click(findTestObject("Page_Resultados_de_pesquisa/span_13,37")): Object: 'Object Repository/Page_Resultados_de_pesquisa/span_13,37' is clicked on

2023-10-16 15:38:02 - [MESSAGE][PASSED] - Object: 'Object Repository/Page_Resultados_de_pesquisa/span_13,37' is clicked on

2023-10-16 15:38:02 - [TEST_STEP][PASSED] - closeBrowser(): Browser is closed

2023-10-16 15:38:03 - [MESSAGE][PASSED] - Browser is closed]]></system-out>
         <system-err><![CDATA[]]></system-err>
      </testcase>
      <system-out><![CDATA[2023-10-16 15:34:43 - [TEST_SUITE][PASSED] - Continente: Test Cases/Show Cart]]></system-out>
      <system-err><![CDATA[]]></system-err>
   </testsuite>
</testsuites>
