<?xml version="1.0" encoding="UTF-8"?>
<testsuites name="Continente" time="174.853" tests="5" failures="0" errors="0">
   <testsuite name="Continente" tests="5" failures="0" errors="0" time="174.853" skipped="0" timestamp="2023-10-16 15:43:27" hostname="xavier.a.santos - MININT-CAEUVD4.noesis.pt" id="Test Suites/Continente">
      <properties>
         <property name="deviceName" value=""/>
         <property name="devicePlatform" value=""/>
         <property name="logFolder" value="C:\\Users\\xavier.a.santos\\git\\KatalonContinente\\Reports\\20231016_154319\\Continente\\20231016_154321"/>
         <property name="logFiles" value="C:\\Users\\xavier.a.santos\\git\\KatalonContinente\\Reports\\20231016_154319\\Continente\\20231016_154321\\execution0.log"/>
         <property name="attachments" value=""/>
         <property name="hostName" value="xavier.a.santos - MININT-CAEUVD4.noesis.pt"/>
         <property name="os" value="Windows 11 64bit"/>
         <property name="katalonVersion" value="9.0.0.beta.212"/>
         <property name="browser" value="Edge Chromium 117"/>
         <property name="hostAddress" value="192.168.1.133"/>
         <property name="sessionId" value="cbf05a3648343a16d66d0d58f203a5b6"/>
         <property name="seleniumVersion" value="3.141.59"/>
         <property name="proxyInformation" value="ProxyInformation { proxyOption=NO_PROXY, proxyServerType=HTTP, username=, password=********, proxyServerAddress=, proxyServerPort=0, executionList=&quot;&quot;, isApplyToDesiredCapabilities=true }"/>
         <property name="platform" value="Windows 11"/>
      </properties>
      <testcase name="Test Cases/Open Continente" time="16.966" classname="Test Cases/Open Continente" status="PASSED">
         <system-out><![CDATA[2023-10-16 15:43:27 - [TEST_CASE][PASSED] - Test Cases/Open Continente: Test Cases/Open Continente

2023-10-16 15:43:27 - [TEST_STEP][PASSED] - openBrowser(""): Browser is opened with url: ''

2023-10-16 15:43:28 - [MESSAGE][INFO] - Starting 'Edge Chromium' driver

2023-10-16 15:43:28 - [MESSAGE][INFO] - Action delay is set to 0 milliseconds

2023-10-16 15:43:32 - [MESSAGE][PASSED] - Browser is opened with url: ''

2023-10-16 15:43:32 - [TEST_STEP][PASSED] - maximizeWindow(): Current window maximized

2023-10-16 15:43:32 - [MESSAGE][PASSED] - Current window maximized

2023-10-16 15:43:32 - [TEST_STEP][PASSED] - navigateToUrl("www.continente.pt"): Navigate to 'http://www.continente.pt' successfully

2023-10-16 15:43:39 - [MESSAGE][PASSED] - Navigate to 'http://www.continente.pt' successfully

2023-10-16 15:43:39 - [TEST_STEP][PASSED] - click(findTestObject("Page_Continente_Online/button_Permitir todos")): Object: 'Object Repository/Page_Continente_Online/button_Permitir todos' is clicked on

2023-10-16 15:43:44 - [MESSAGE][PASSED] - Object: 'Object Repository/Page_Continente_Online/button_Permitir todos' is clicked on]]></system-out>
         <system-err><![CDATA[]]></system-err>
      </testcase>
      <testcase name="Test Cases/Search Product" time="19.045" classname="Test Cases/Search Product" status="PASSED">
         <system-out><![CDATA[2023-10-16 15:43:44 - [TEST_CASE][PASSED] - Test Cases/Search Product: Test Cases/Search Product

2023-10-16 15:43:45 - [TEST_STEP][PASSED] - callTestCase(findTestCase("Open Continente"), [:], STOP_ON_FAILURE): Call Test Case 'Test Cases/Open Continente' successfully

2023-10-16 15:43:45 - [TEST_CASE][PASSED] - Test Cases/Open Continente: Test Cases/Open Continente

2023-10-16 15:43:45 - [TEST_STEP][PASSED] - openBrowser(""): Browser is opened with url: ''

2023-10-16 15:43:45 - [MESSAGE][WARNING] - A browser is already opened. Closing browser and opening a new one

2023-10-16 15:43:46 - [MESSAGE][INFO] - Starting 'Edge Chromium' driver

2023-10-16 15:43:46 - [MESSAGE][INFO] - Action delay is set to 0 milliseconds

2023-10-16 15:43:47 - [MESSAGE][PASSED] - Browser is opened with url: ''

2023-10-16 15:43:47 - [TEST_STEP][PASSED] - maximizeWindow(): Current window maximized

2023-10-16 15:43:47 - [MESSAGE][PASSED] - Current window maximized

2023-10-16 15:43:47 - [TEST_STEP][PASSED] - navigateToUrl("www.continente.pt"): Navigate to 'http://www.continente.pt' successfully

2023-10-16 15:43:51 - [MESSAGE][PASSED] - Navigate to 'http://www.continente.pt' successfully

2023-10-16 15:43:51 - [TEST_STEP][PASSED] - click(findTestObject("Page_Continente_Online/button_Permitir todos")): Object: 'Object Repository/Page_Continente_Online/button_Permitir todos' is clicked on

2023-10-16 15:43:52 - [MESSAGE][PASSED] - Object: 'Object Repository/Page_Continente_Online/button_Permitir todos' is clicked on

2023-10-16 15:43:52 - [MESSAGE][PASSED] - Call Test Case 'Test Cases/Open Continente' successfully

2023-10-16 15:43:52 - [TEST_STEP][PASSED] - setText(findTestObject("Page_Continente_Online/input_search_text"), "queijo"): Text 'queijo' is set on object 'Object Repository/Page_Continente_Online/input_search_text'

2023-10-16 15:43:57 - [MESSAGE][PASSED] - Text 'queijo' is set on object 'Object Repository/Page_Continente_Online/input_search_text'

2023-10-16 15:43:57 - [TEST_STEP][PASSED] - click(findTestObject("Page_Continente_Online/span_search_item")): Object: 'Object Repository/Page_Continente_Online/span_search_item' is clicked on

2023-10-16 15:44:03 - [MESSAGE][PASSED] - Object: 'Object Repository/Page_Continente_Online/span_search_item' is clicked on]]></system-out>
         <system-err><![CDATA[]]></system-err>
      </testcase>
      <testcase name="Test Cases/Add 1 Item to Cart" time="23.754" classname="Test Cases/Add 1 Item to Cart" status="PASSED">
         <system-out><![CDATA[2023-10-16 15:44:03 - [TEST_CASE][PASSED] - Test Cases/Add 1 Item to Cart: Test Cases/Add 1 Item to Cart

2023-10-16 15:44:03 - [TEST_STEP][PASSED] - callTestCase(findTestCase("Open Continente"), [:], STOP_ON_FAILURE): Call Test Case 'Test Cases/Open Continente' successfully

2023-10-16 15:44:03 - [TEST_CASE][PASSED] - Test Cases/Open Continente: Test Cases/Open Continente

2023-10-16 15:44:03 - [TEST_STEP][PASSED] - openBrowser(""): Browser is opened with url: ''

2023-10-16 15:44:03 - [MESSAGE][WARNING] - A browser is already opened. Closing browser and opening a new one

2023-10-16 15:44:04 - [MESSAGE][INFO] - Starting 'Edge Chromium' driver

2023-10-16 15:44:04 - [MESSAGE][INFO] - Action delay is set to 0 milliseconds

2023-10-16 15:44:06 - [MESSAGE][PASSED] - Browser is opened with url: ''

2023-10-16 15:44:06 - [TEST_STEP][PASSED] - maximizeWindow(): Current window maximized

2023-10-16 15:44:06 - [MESSAGE][PASSED] - Current window maximized

2023-10-16 15:44:06 - [TEST_STEP][PASSED] - navigateToUrl("www.continente.pt"): Navigate to 'http://www.continente.pt' successfully

2023-10-16 15:44:09 - [MESSAGE][PASSED] - Navigate to 'http://www.continente.pt' successfully

2023-10-16 15:44:09 - [TEST_STEP][PASSED] - click(findTestObject("Page_Continente_Online/button_Permitir todos")): Object: 'Object Repository/Page_Continente_Online/button_Permitir todos' is clicked on

2023-10-16 15:44:10 - [MESSAGE][PASSED] - Object: 'Object Repository/Page_Continente_Online/button_Permitir todos' is clicked on

2023-10-16 15:44:10 - [MESSAGE][PASSED] - Call Test Case 'Test Cases/Open Continente' successfully

2023-10-16 15:44:10 - [TEST_STEP][PASSED] - callTestCase(findTestCase("Search Product"), [:], STOP_ON_FAILURE): Call Test Case 'Test Cases/Search Product' successfully

2023-10-16 15:44:10 - [TEST_CASE][PASSED] - Test Cases/Search Product: Test Cases/Search Product

2023-10-16 15:44:10 - [TEST_STEP][PASSED] - callTestCase(findTestCase("Open Continente"), [:], STOP_ON_FAILURE): Call Test Case 'Test Cases/Open Continente' successfully

2023-10-16 15:44:10 - [TEST_CASE][PASSED] - Test Cases/Open Continente: Test Cases/Open Continente

2023-10-16 15:44:10 - [TEST_STEP][PASSED] - openBrowser(""): Browser is opened with url: ''

2023-10-16 15:44:10 - [MESSAGE][WARNING] - A browser is already opened. Closing browser and opening a new one

2023-10-16 15:44:10 - [MESSAGE][INFO] - Starting 'Edge Chromium' driver

2023-10-16 15:44:11 - [MESSAGE][INFO] - Action delay is set to 0 milliseconds

2023-10-16 15:44:12 - [MESSAGE][PASSED] - Browser is opened with url: ''

2023-10-16 15:44:12 - [TEST_STEP][PASSED] - maximizeWindow(): Current window maximized

2023-10-16 15:44:12 - [MESSAGE][PASSED] - Current window maximized

2023-10-16 15:44:12 - [TEST_STEP][PASSED] - navigateToUrl("www.continente.pt"): Navigate to 'http://www.continente.pt' successfully

2023-10-16 15:44:15 - [MESSAGE][PASSED] - Navigate to 'http://www.continente.pt' successfully

2023-10-16 15:44:15 - [TEST_STEP][PASSED] - click(findTestObject("Page_Continente_Online/button_Permitir todos")): Object: 'Object Repository/Page_Continente_Online/button_Permitir todos' is clicked on

2023-10-16 15:44:16 - [MESSAGE][PASSED] - Object: 'Object Repository/Page_Continente_Online/button_Permitir todos' is clicked on

2023-10-16 15:44:16 - [MESSAGE][PASSED] - Call Test Case 'Test Cases/Open Continente' successfully

2023-10-16 15:44:16 - [TEST_STEP][PASSED] - setText(findTestObject("Page_Continente_Online/input_search_text"), "queijo"): Text 'queijo' is set on object 'Object Repository/Page_Continente_Online/input_search_text'

2023-10-16 15:44:21 - [MESSAGE][PASSED] - Text 'queijo' is set on object 'Object Repository/Page_Continente_Online/input_search_text'

2023-10-16 15:44:21 - [TEST_STEP][PASSED] - click(findTestObject("Page_Continente_Online/span_search_item")): Object: 'Object Repository/Page_Continente_Online/span_search_item' is clicked on

2023-10-16 15:44:24 - [MESSAGE][PASSED] - Object: 'Object Repository/Page_Continente_Online/span_search_item' is clicked on

2023-10-16 15:44:24 - [MESSAGE][PASSED] - Call Test Case 'Test Cases/Search Product' successfully

2023-10-16 15:44:24 - [TEST_STEP][PASSED] - click(findTestObject("Page_Resultados_de_pesquisa/span_Carrinho")): Object: 'Object Repository/Page_Resultados_de_pesquisa/span_Carrinho' is clicked on

2023-10-16 15:44:27 - [MESSAGE][PASSED] - Object: 'Object Repository/Page_Resultados_de_pesquisa/span_Carrinho' is clicked on]]></system-out>
         <system-err><![CDATA[]]></system-err>
      </testcase>
      <testcase name="Test Cases/Add 2 Items to Cart" time="35.124" classname="Test Cases/Add 2 Items to Cart" status="PASSED">
         <system-out><![CDATA[2023-10-16 15:44:27 - [TEST_CASE][PASSED] - Test Cases/Add 2 Items to Cart: Test Cases/Add 2 Items to Cart

2023-10-16 15:44:27 - [TEST_STEP][PASSED] - callTestCase(findTestCase("Open Continente"), [:], STOP_ON_FAILURE): Call Test Case 'Test Cases/Open Continente' successfully

2023-10-16 15:44:27 - [TEST_CASE][PASSED] - Test Cases/Open Continente: Test Cases/Open Continente

2023-10-16 15:44:27 - [TEST_STEP][PASSED] - openBrowser(""): Browser is opened with url: ''

2023-10-16 15:44:27 - [MESSAGE][WARNING] - A browser is already opened. Closing browser and opening a new one

2023-10-16 15:44:27 - [MESSAGE][INFO] - Starting 'Edge Chromium' driver

2023-10-16 15:44:28 - [MESSAGE][INFO] - Action delay is set to 0 milliseconds

2023-10-16 15:44:29 - [MESSAGE][PASSED] - Browser is opened with url: ''

2023-10-16 15:44:29 - [TEST_STEP][PASSED] - maximizeWindow(): Current window maximized

2023-10-16 15:44:29 - [MESSAGE][PASSED] - Current window maximized

2023-10-16 15:44:29 - [TEST_STEP][PASSED] - navigateToUrl("www.continente.pt"): Navigate to 'http://www.continente.pt' successfully

2023-10-16 15:44:32 - [MESSAGE][PASSED] - Navigate to 'http://www.continente.pt' successfully

2023-10-16 15:44:32 - [TEST_STEP][PASSED] - click(findTestObject("Page_Continente_Online/button_Permitir todos")): Object: 'Object Repository/Page_Continente_Online/button_Permitir todos' is clicked on

2023-10-16 15:44:33 - [MESSAGE][PASSED] - Object: 'Object Repository/Page_Continente_Online/button_Permitir todos' is clicked on

2023-10-16 15:44:33 - [MESSAGE][PASSED] - Call Test Case 'Test Cases/Open Continente' successfully

2023-10-16 15:44:33 - [TEST_STEP][PASSED] - callTestCase(findTestCase("Add 1 Item to Cart"), [:], STOP_ON_FAILURE): Call Test Case 'Test Cases/Add 1 Item to Cart' successfully

2023-10-16 15:44:33 - [TEST_CASE][PASSED] - Test Cases/Add 1 Item to Cart: Test Cases/Add 1 Item to Cart

2023-10-16 15:44:33 - [TEST_STEP][PASSED] - callTestCase(findTestCase("Open Continente"), [:], STOP_ON_FAILURE): Call Test Case 'Test Cases/Open Continente' successfully

2023-10-16 15:44:33 - [TEST_CASE][PASSED] - Test Cases/Open Continente: Test Cases/Open Continente

2023-10-16 15:44:33 - [TEST_STEP][PASSED] - openBrowser(""): Browser is opened with url: ''

2023-10-16 15:44:33 - [MESSAGE][WARNING] - A browser is already opened. Closing browser and opening a new one

2023-10-16 15:44:34 - [MESSAGE][INFO] - Starting 'Edge Chromium' driver

2023-10-16 15:44:34 - [MESSAGE][INFO] - Action delay is set to 0 milliseconds

2023-10-16 15:44:35 - [MESSAGE][PASSED] - Browser is opened with url: ''

2023-10-16 15:44:35 - [TEST_STEP][PASSED] - maximizeWindow(): Current window maximized

2023-10-16 15:44:35 - [MESSAGE][PASSED] - Current window maximized

2023-10-16 15:44:35 - [TEST_STEP][PASSED] - navigateToUrl("www.continente.pt"): Navigate to 'http://www.continente.pt' successfully

2023-10-16 15:44:38 - [MESSAGE][PASSED] - Navigate to 'http://www.continente.pt' successfully

2023-10-16 15:44:38 - [TEST_STEP][PASSED] - click(findTestObject("Page_Continente_Online/button_Permitir todos")): Object: 'Object Repository/Page_Continente_Online/button_Permitir todos' is clicked on

2023-10-16 15:44:39 - [MESSAGE][PASSED] - Object: 'Object Repository/Page_Continente_Online/button_Permitir todos' is clicked on

2023-10-16 15:44:39 - [MESSAGE][PASSED] - Call Test Case 'Test Cases/Open Continente' successfully

2023-10-16 15:44:39 - [TEST_STEP][PASSED] - callTestCase(findTestCase("Search Product"), [:], STOP_ON_FAILURE): Call Test Case 'Test Cases/Search Product' successfully

2023-10-16 15:44:39 - [TEST_CASE][PASSED] - Test Cases/Search Product: Test Cases/Search Product

2023-10-16 15:44:39 - [TEST_STEP][PASSED] - callTestCase(findTestCase("Open Continente"), [:], STOP_ON_FAILURE): Call Test Case 'Test Cases/Open Continente' successfully

2023-10-16 15:44:39 - [TEST_CASE][PASSED] - Test Cases/Open Continente: Test Cases/Open Continente

2023-10-16 15:44:39 - [TEST_STEP][PASSED] - openBrowser(""): Browser is opened with url: ''

2023-10-16 15:44:39 - [MESSAGE][WARNING] - A browser is already opened. Closing browser and opening a new one

2023-10-16 15:44:39 - [MESSAGE][INFO] - Starting 'Edge Chromium' driver

2023-10-16 15:44:40 - [MESSAGE][INFO] - Action delay is set to 0 milliseconds

2023-10-16 15:44:41 - [MESSAGE][PASSED] - Browser is opened with url: ''

2023-10-16 15:44:41 - [TEST_STEP][PASSED] - maximizeWindow(): Current window maximized

2023-10-16 15:44:41 - [MESSAGE][PASSED] - Current window maximized

2023-10-16 15:44:41 - [TEST_STEP][PASSED] - navigateToUrl("www.continente.pt"): Navigate to 'http://www.continente.pt' successfully

2023-10-16 15:44:45 - [MESSAGE][PASSED] - Navigate to 'http://www.continente.pt' successfully

2023-10-16 15:44:45 - [TEST_STEP][PASSED] - click(findTestObject("Page_Continente_Online/button_Permitir todos")): Object: 'Object Repository/Page_Continente_Online/button_Permitir todos' is clicked on

2023-10-16 15:44:45 - [MESSAGE][PASSED] - Object: 'Object Repository/Page_Continente_Online/button_Permitir todos' is clicked on

2023-10-16 15:44:45 - [MESSAGE][PASSED] - Call Test Case 'Test Cases/Open Continente' successfully

2023-10-16 15:44:45 - [TEST_STEP][PASSED] - setText(findTestObject("Page_Continente_Online/input_search_text"), "queijo"): Text 'queijo' is set on object 'Object Repository/Page_Continente_Online/input_search_text'

2023-10-16 15:44:50 - [MESSAGE][PASSED] - Text 'queijo' is set on object 'Object Repository/Page_Continente_Online/input_search_text'

2023-10-16 15:44:50 - [TEST_STEP][PASSED] - click(findTestObject("Page_Continente_Online/span_search_item")): Object: 'Object Repository/Page_Continente_Online/span_search_item' is clicked on

2023-10-16 15:44:56 - [MESSAGE][PASSED] - Object: 'Object Repository/Page_Continente_Online/span_search_item' is clicked on

2023-10-16 15:44:56 - [MESSAGE][PASSED] - Call Test Case 'Test Cases/Search Product' successfully

2023-10-16 15:44:56 - [TEST_STEP][PASSED] - click(findTestObject("Page_Resultados_de_pesquisa/span_Carrinho")): Object: 'Object Repository/Page_Resultados_de_pesquisa/span_Carrinho' is clicked on

2023-10-16 15:44:59 - [MESSAGE][PASSED] - Object: 'Object Repository/Page_Resultados_de_pesquisa/span_Carrinho' is clicked on

2023-10-16 15:44:59 - [MESSAGE][PASSED] - Call Test Case 'Test Cases/Add 1 Item to Cart' successfully

2023-10-16 15:44:59 - [TEST_STEP][PASSED] - click(findTestObject("Page_Resultados_de_pesquisa/span_Carrinho_2")): Object: 'Object Repository/Page_Resultados_de_pesquisa/span_Carrinho_2' is clicked on

2023-10-16 15:45:01 - [MESSAGE][PASSED] - Object: 'Object Repository/Page_Resultados_de_pesquisa/span_Carrinho_2' is clicked on

2023-10-16 15:45:01 - [TEST_STEP][PASSED] - click(findTestObject("Page_Resultados_de_pesquisa/button_aumentar_quantidade_produto")): Object: 'Object Repository/Page_Resultados_de_pesquisa/button_aumentar_quantidade_produto' is clicked on

2023-10-16 15:45:02 - [MESSAGE][PASSED] - Object: 'Object Repository/Page_Resultados_de_pesquisa/button_aumentar_quantidade_produto' is clicked on]]></system-out>
         <system-err><![CDATA[]]></system-err>
      </testcase>
      <testcase name="Test Cases/Show Cart" time="79.537" classname="Test Cases/Show Cart" status="PASSED">
         <system-out><![CDATA[2023-10-16 15:45:02 - [TEST_CASE][PASSED] - Test Cases/Show Cart: Test Cases/Show Cart

2023-10-16 15:45:02 - [TEST_STEP][PASSED] - callTestCase(findTestCase("Open Google"), [:], STOP_ON_FAILURE): Call Test Case 'Test Cases/Open Google' successfully

2023-10-16 15:45:02 - [TEST_CASE][PASSED] - Test Cases/Open Google: Test Cases/Open Google

2023-10-16 15:45:02 - [TEST_STEP][PASSED] - openBrowser(""): Browser is opened with url: ''

2023-10-16 15:45:02 - [MESSAGE][WARNING] - A browser is already opened. Closing browser and opening a new one

2023-10-16 15:45:03 - [MESSAGE][INFO] - Starting 'Edge Chromium' driver

2023-10-16 15:45:03 - [MESSAGE][INFO] - Action delay is set to 0 milliseconds

2023-10-16 15:45:04 - [MESSAGE][PASSED] - Browser is opened with url: ''

2023-10-16 15:45:04 - [TEST_STEP][PASSED] - navigateToUrl("www.google.pt"): Navigate to 'http://www.google.pt' successfully

2023-10-16 15:45:06 - [MESSAGE][PASSED] - Navigate to 'http://www.google.pt' successfully

2023-10-16 15:45:06 - [MESSAGE][PASSED] - Call Test Case 'Test Cases/Open Google' successfully

2023-10-16 15:45:06 - [TEST_STEP][PASSED] - callTestCase(findTestCase("Search Product"), [:], STOP_ON_FAILURE): Call Test Case 'Test Cases/Search Product' successfully

2023-10-16 15:45:06 - [TEST_CASE][PASSED] - Test Cases/Search Product: Test Cases/Search Product

2023-10-16 15:45:06 - [TEST_STEP][PASSED] - callTestCase(findTestCase("Open Continente"), [:], STOP_ON_FAILURE): Call Test Case 'Test Cases/Open Continente' successfully

2023-10-16 15:45:06 - [TEST_CASE][PASSED] - Test Cases/Open Continente: Test Cases/Open Continente

2023-10-16 15:45:06 - [TEST_STEP][PASSED] - openBrowser(""): Browser is opened with url: ''

2023-10-16 15:45:06 - [MESSAGE][WARNING] - A browser is already opened. Closing browser and opening a new one

2023-10-16 15:45:06 - [MESSAGE][INFO] - Starting 'Edge Chromium' driver

2023-10-16 15:45:06 - [MESSAGE][INFO] - Action delay is set to 0 milliseconds

2023-10-16 15:45:08 - [MESSAGE][PASSED] - Browser is opened with url: ''

2023-10-16 15:45:08 - [TEST_STEP][PASSED] - maximizeWindow(): Current window maximized

2023-10-16 15:45:08 - [MESSAGE][PASSED] - Current window maximized

2023-10-16 15:45:08 - [TEST_STEP][PASSED] - navigateToUrl("www.continente.pt"): Navigate to 'http://www.continente.pt' successfully

2023-10-16 15:45:11 - [MESSAGE][PASSED] - Navigate to 'http://www.continente.pt' successfully

2023-10-16 15:45:11 - [TEST_STEP][PASSED] - click(findTestObject("Page_Continente_Online/button_Permitir todos")): Object: 'Object Repository/Page_Continente_Online/button_Permitir todos' is clicked on

2023-10-16 15:45:12 - [MESSAGE][PASSED] - Object: 'Object Repository/Page_Continente_Online/button_Permitir todos' is clicked on

2023-10-16 15:45:12 - [MESSAGE][PASSED] - Call Test Case 'Test Cases/Open Continente' successfully

2023-10-16 15:45:12 - [TEST_STEP][PASSED] - setText(findTestObject("Page_Continente_Online/input_search_text"), "queijo"): Text 'queijo' is set on object 'Object Repository/Page_Continente_Online/input_search_text'

2023-10-16 15:45:17 - [MESSAGE][PASSED] - Text 'queijo' is set on object 'Object Repository/Page_Continente_Online/input_search_text'

2023-10-16 15:45:17 - [TEST_STEP][PASSED] - click(findTestObject("Page_Continente_Online/span_search_item")): Object: 'Object Repository/Page_Continente_Online/span_search_item' is clicked on

2023-10-16 15:45:20 - [MESSAGE][PASSED] - Object: 'Object Repository/Page_Continente_Online/span_search_item' is clicked on

2023-10-16 15:45:20 - [MESSAGE][PASSED] - Call Test Case 'Test Cases/Search Product' successfully

2023-10-16 15:45:20 - [TEST_STEP][PASSED] - callTestCase(findTestCase("Add 1 Item to Cart"), [:], STOP_ON_FAILURE): Call Test Case 'Test Cases/Add 1 Item to Cart' successfully

2023-10-16 15:45:20 - [TEST_CASE][PASSED] - Test Cases/Add 1 Item to Cart: Test Cases/Add 1 Item to Cart

2023-10-16 15:45:20 - [TEST_STEP][PASSED] - callTestCase(findTestCase("Open Continente"), [:], STOP_ON_FAILURE): Call Test Case 'Test Cases/Open Continente' successfully

2023-10-16 15:45:21 - [TEST_CASE][PASSED] - Test Cases/Open Continente: Test Cases/Open Continente

2023-10-16 15:45:21 - [TEST_STEP][PASSED] - openBrowser(""): Browser is opened with url: ''

2023-10-16 15:45:21 - [MESSAGE][WARNING] - A browser is already opened. Closing browser and opening a new one

2023-10-16 15:45:21 - [MESSAGE][INFO] - Starting 'Edge Chromium' driver

2023-10-16 15:45:21 - [MESSAGE][INFO] - Action delay is set to 0 milliseconds

2023-10-16 15:45:23 - [MESSAGE][PASSED] - Browser is opened with url: ''

2023-10-16 15:45:23 - [TEST_STEP][PASSED] - maximizeWindow(): Current window maximized

2023-10-16 15:45:23 - [MESSAGE][PASSED] - Current window maximized

2023-10-16 15:45:23 - [TEST_STEP][PASSED] - navigateToUrl("www.continente.pt"): Navigate to 'http://www.continente.pt' successfully

2023-10-16 15:45:26 - [MESSAGE][PASSED] - Navigate to 'http://www.continente.pt' successfully

2023-10-16 15:45:26 - [TEST_STEP][PASSED] - click(findTestObject("Page_Continente_Online/button_Permitir todos")): Object: 'Object Repository/Page_Continente_Online/button_Permitir todos' is clicked on

2023-10-16 15:45:31 - [MESSAGE][PASSED] - Object: 'Object Repository/Page_Continente_Online/button_Permitir todos' is clicked on

2023-10-16 15:45:31 - [MESSAGE][PASSED] - Call Test Case 'Test Cases/Open Continente' successfully

2023-10-16 15:45:31 - [TEST_STEP][PASSED] - callTestCase(findTestCase("Search Product"), [:], STOP_ON_FAILURE): Call Test Case 'Test Cases/Search Product' successfully

2023-10-16 15:45:31 - [TEST_CASE][PASSED] - Test Cases/Search Product: Test Cases/Search Product

2023-10-16 15:45:31 - [TEST_STEP][PASSED] - callTestCase(findTestCase("Open Continente"), [:], STOP_ON_FAILURE): Call Test Case 'Test Cases/Open Continente' successfully

2023-10-16 15:45:31 - [TEST_CASE][PASSED] - Test Cases/Open Continente: Test Cases/Open Continente

2023-10-16 15:45:31 - [TEST_STEP][PASSED] - openBrowser(""): Browser is opened with url: ''

2023-10-16 15:45:31 - [MESSAGE][WARNING] - A browser is already opened. Closing browser and opening a new one

2023-10-16 15:45:32 - [MESSAGE][INFO] - Starting 'Edge Chromium' driver

2023-10-16 15:45:32 - [MESSAGE][INFO] - Action delay is set to 0 milliseconds

2023-10-16 15:45:33 - [MESSAGE][PASSED] - Browser is opened with url: ''

2023-10-16 15:45:33 - [TEST_STEP][PASSED] - maximizeWindow(): Current window maximized

2023-10-16 15:45:34 - [MESSAGE][PASSED] - Current window maximized

2023-10-16 15:45:34 - [TEST_STEP][PASSED] - navigateToUrl("www.continente.pt"): Navigate to 'http://www.continente.pt' successfully

2023-10-16 15:45:36 - [MESSAGE][PASSED] - Navigate to 'http://www.continente.pt' successfully

2023-10-16 15:45:36 - [TEST_STEP][PASSED] - click(findTestObject("Page_Continente_Online/button_Permitir todos")): Object: 'Object Repository/Page_Continente_Online/button_Permitir todos' is clicked on

2023-10-16 15:45:37 - [MESSAGE][PASSED] - Object: 'Object Repository/Page_Continente_Online/button_Permitir todos' is clicked on

2023-10-16 15:45:37 - [MESSAGE][PASSED] - Call Test Case 'Test Cases/Open Continente' successfully

2023-10-16 15:45:37 - [TEST_STEP][PASSED] - setText(findTestObject("Page_Continente_Online/input_search_text"), "queijo"): Text 'queijo' is set on object 'Object Repository/Page_Continente_Online/input_search_text'

2023-10-16 15:45:42 - [MESSAGE][PASSED] - Text 'queijo' is set on object 'Object Repository/Page_Continente_Online/input_search_text'

2023-10-16 15:45:42 - [TEST_STEP][PASSED] - click(findTestObject("Page_Continente_Online/span_search_item")): Object: 'Object Repository/Page_Continente_Online/span_search_item' is clicked on

2023-10-16 15:45:46 - [MESSAGE][PASSED] - Object: 'Object Repository/Page_Continente_Online/span_search_item' is clicked on

2023-10-16 15:45:46 - [MESSAGE][PASSED] - Call Test Case 'Test Cases/Search Product' successfully

2023-10-16 15:45:46 - [TEST_STEP][PASSED] - click(findTestObject("Page_Resultados_de_pesquisa/span_Carrinho")): Object: 'Object Repository/Page_Resultados_de_pesquisa/span_Carrinho' is clicked on

2023-10-16 15:45:48 - [MESSAGE][PASSED] - Object: 'Object Repository/Page_Resultados_de_pesquisa/span_Carrinho' is clicked on

2023-10-16 15:45:48 - [MESSAGE][PASSED] - Call Test Case 'Test Cases/Add 1 Item to Cart' successfully

2023-10-16 15:45:48 - [TEST_STEP][PASSED] - callTestCase(findTestCase("Add 2 Items to Cart"), [:], STOP_ON_FAILURE): Call Test Case 'Test Cases/Add 2 Items to Cart' successfully

2023-10-16 15:45:48 - [TEST_CASE][PASSED] - Test Cases/Add 2 Items to Cart: Test Cases/Add 2 Items to Cart

2023-10-16 15:45:48 - [TEST_STEP][PASSED] - callTestCase(findTestCase("Open Continente"), [:], STOP_ON_FAILURE): Call Test Case 'Test Cases/Open Continente' successfully

2023-10-16 15:45:49 - [TEST_CASE][PASSED] - Test Cases/Open Continente: Test Cases/Open Continente

2023-10-16 15:45:49 - [TEST_STEP][PASSED] - openBrowser(""): Browser is opened with url: ''

2023-10-16 15:45:49 - [MESSAGE][WARNING] - A browser is already opened. Closing browser and opening a new one

2023-10-16 15:45:49 - [MESSAGE][INFO] - Starting 'Edge Chromium' driver

2023-10-16 15:45:49 - [MESSAGE][INFO] - Action delay is set to 0 milliseconds

2023-10-16 15:45:51 - [MESSAGE][PASSED] - Browser is opened with url: ''

2023-10-16 15:45:51 - [TEST_STEP][PASSED] - maximizeWindow(): Current window maximized

2023-10-16 15:45:51 - [MESSAGE][PASSED] - Current window maximized

2023-10-16 15:45:51 - [TEST_STEP][PASSED] - navigateToUrl("www.continente.pt"): Navigate to 'http://www.continente.pt' successfully

2023-10-16 15:45:56 - [MESSAGE][PASSED] - Navigate to 'http://www.continente.pt' successfully

2023-10-16 15:45:56 - [TEST_STEP][PASSED] - click(findTestObject("Page_Continente_Online/button_Permitir todos")): Object: 'Object Repository/Page_Continente_Online/button_Permitir todos' is clicked on

2023-10-16 15:45:57 - [MESSAGE][PASSED] - Object: 'Object Repository/Page_Continente_Online/button_Permitir todos' is clicked on

2023-10-16 15:45:57 - [MESSAGE][PASSED] - Call Test Case 'Test Cases/Open Continente' successfully

2023-10-16 15:45:57 - [TEST_STEP][PASSED] - callTestCase(findTestCase("Add 1 Item to Cart"), [:], STOP_ON_FAILURE): Call Test Case 'Test Cases/Add 1 Item to Cart' successfully

2023-10-16 15:45:57 - [TEST_CASE][PASSED] - Test Cases/Add 1 Item to Cart: Test Cases/Add 1 Item to Cart

2023-10-16 15:45:57 - [TEST_STEP][PASSED] - callTestCase(findTestCase("Open Continente"), [:], STOP_ON_FAILURE): Call Test Case 'Test Cases/Open Continente' successfully

2023-10-16 15:45:57 - [TEST_CASE][PASSED] - Test Cases/Open Continente: Test Cases/Open Continente

2023-10-16 15:45:57 - [TEST_STEP][PASSED] - openBrowser(""): Browser is opened with url: ''

2023-10-16 15:45:57 - [MESSAGE][WARNING] - A browser is already opened. Closing browser and opening a new one

2023-10-16 15:45:57 - [MESSAGE][INFO] - Starting 'Edge Chromium' driver

2023-10-16 15:45:58 - [MESSAGE][INFO] - Action delay is set to 0 milliseconds

2023-10-16 15:45:59 - [MESSAGE][PASSED] - Browser is opened with url: ''

2023-10-16 15:45:59 - [TEST_STEP][PASSED] - maximizeWindow(): Current window maximized

2023-10-16 15:45:59 - [MESSAGE][PASSED] - Current window maximized

2023-10-16 15:45:59 - [TEST_STEP][PASSED] - navigateToUrl("www.continente.pt"): Navigate to 'http://www.continente.pt' successfully

2023-10-16 15:46:02 - [MESSAGE][PASSED] - Navigate to 'http://www.continente.pt' successfully

2023-10-16 15:46:02 - [TEST_STEP][PASSED] - click(findTestObject("Page_Continente_Online/button_Permitir todos")): Object: 'Object Repository/Page_Continente_Online/button_Permitir todos' is clicked on

2023-10-16 15:46:03 - [MESSAGE][PASSED] - Object: 'Object Repository/Page_Continente_Online/button_Permitir todos' is clicked on

2023-10-16 15:46:03 - [MESSAGE][PASSED] - Call Test Case 'Test Cases/Open Continente' successfully

2023-10-16 15:46:03 - [TEST_STEP][PASSED] - callTestCase(findTestCase("Search Product"), [:], STOP_ON_FAILURE): Call Test Case 'Test Cases/Search Product' successfully

2023-10-16 15:46:03 - [TEST_CASE][PASSED] - Test Cases/Search Product: Test Cases/Search Product

2023-10-16 15:46:03 - [TEST_STEP][PASSED] - callTestCase(findTestCase("Open Continente"), [:], STOP_ON_FAILURE): Call Test Case 'Test Cases/Open Continente' successfully

2023-10-16 15:46:03 - [TEST_CASE][PASSED] - Test Cases/Open Continente: Test Cases/Open Continente

2023-10-16 15:46:03 - [TEST_STEP][PASSED] - openBrowser(""): Browser is opened with url: ''

2023-10-16 15:46:03 - [MESSAGE][WARNING] - A browser is already opened. Closing browser and opening a new one

2023-10-16 15:46:03 - [MESSAGE][INFO] - Starting 'Edge Chromium' driver

2023-10-16 15:46:04 - [MESSAGE][INFO] - Action delay is set to 0 milliseconds

2023-10-16 15:46:05 - [MESSAGE][PASSED] - Browser is opened with url: ''

2023-10-16 15:46:05 - [TEST_STEP][PASSED] - maximizeWindow(): Current window maximized

2023-10-16 15:46:05 - [MESSAGE][PASSED] - Current window maximized

2023-10-16 15:46:05 - [TEST_STEP][PASSED] - navigateToUrl("www.continente.pt"): Navigate to 'http://www.continente.pt' successfully

2023-10-16 15:46:08 - [MESSAGE][PASSED] - Navigate to 'http://www.continente.pt' successfully

2023-10-16 15:46:08 - [TEST_STEP][PASSED] - click(findTestObject("Page_Continente_Online/button_Permitir todos")): Object: 'Object Repository/Page_Continente_Online/button_Permitir todos' is clicked on

2023-10-16 15:46:09 - [MESSAGE][PASSED] - Object: 'Object Repository/Page_Continente_Online/button_Permitir todos' is clicked on

2023-10-16 15:46:09 - [MESSAGE][PASSED] - Call Test Case 'Test Cases/Open Continente' successfully

2023-10-16 15:46:09 - [TEST_STEP][PASSED] - setText(findTestObject("Page_Continente_Online/input_search_text"), "queijo"): Text 'queijo' is set on object 'Object Repository/Page_Continente_Online/input_search_text'

2023-10-16 15:46:13 - [MESSAGE][PASSED] - Text 'queijo' is set on object 'Object Repository/Page_Continente_Online/input_search_text'

2023-10-16 15:46:13 - [TEST_STEP][PASSED] - click(findTestObject("Page_Continente_Online/span_search_item")): Object: 'Object Repository/Page_Continente_Online/span_search_item' is clicked on

2023-10-16 15:46:16 - [MESSAGE][PASSED] - Object: 'Object Repository/Page_Continente_Online/span_search_item' is clicked on

2023-10-16 15:46:16 - [MESSAGE][PASSED] - Call Test Case 'Test Cases/Search Product' successfully

2023-10-16 15:46:16 - [TEST_STEP][PASSED] - click(findTestObject("Page_Resultados_de_pesquisa/span_Carrinho")): Object: 'Object Repository/Page_Resultados_de_pesquisa/span_Carrinho' is clicked on

2023-10-16 15:46:19 - [MESSAGE][PASSED] - Object: 'Object Repository/Page_Resultados_de_pesquisa/span_Carrinho' is clicked on

2023-10-16 15:46:19 - [MESSAGE][PASSED] - Call Test Case 'Test Cases/Add 1 Item to Cart' successfully

2023-10-16 15:46:19 - [TEST_STEP][PASSED] - click(findTestObject("Page_Resultados_de_pesquisa/span_Carrinho_2")): Object: 'Object Repository/Page_Resultados_de_pesquisa/span_Carrinho_2' is clicked on

2023-10-16 15:46:20 - [MESSAGE][PASSED] - Object: 'Object Repository/Page_Resultados_de_pesquisa/span_Carrinho_2' is clicked on

2023-10-16 15:46:20 - [TEST_STEP][PASSED] - click(findTestObject("Page_Resultados_de_pesquisa/button_aumentar_quantidade_produto")): Object: 'Object Repository/Page_Resultados_de_pesquisa/button_aumentar_quantidade_produto' is clicked on

2023-10-16 15:46:21 - [MESSAGE][PASSED] - Object: 'Object Repository/Page_Resultados_de_pesquisa/button_aumentar_quantidade_produto' is clicked on

2023-10-16 15:46:21 - [MESSAGE][PASSED] - Call Test Case 'Test Cases/Add 2 Items to Cart' successfully

2023-10-16 15:46:21 - [TEST_STEP][PASSED] - click(findTestObject("Page_Resultados_de_pesquisa/span_13,37")): Object: 'Object Repository/Page_Resultados_de_pesquisa/span_13,37' is clicked on

2023-10-16 15:46:21 - [MESSAGE][PASSED] - Object: 'Object Repository/Page_Resultados_de_pesquisa/span_13,37' is clicked on

2023-10-16 15:46:21 - [TEST_STEP][PASSED] - closeBrowser(): Browser is closed

2023-10-16 15:46:22 - [MESSAGE][PASSED] - Browser is closed]]></system-out>
         <system-err><![CDATA[]]></system-err>
      </testcase>
      <system-out><![CDATA[2023-10-16 15:43:27 - [TEST_SUITE][PASSED] - Continente: Test Cases/Show Cart]]></system-out>
      <system-err><![CDATA[]]></system-err>
   </testsuite>
</testsuites>
