<?xml version="1.0" encoding="UTF-8"?>
<testsuites name="Continente" time="151.862" tests="5" failures="0" errors="0">
   <testsuite name="Continente" tests="5" failures="0" errors="0" time="151.862" skipped="0" timestamp="2023-10-16 15:49:08" hostname="xavier.a.santos - MININT-CAEUVD4.noesis.pt" id="Test Suites/Continente">
      <properties>
         <property name="deviceName" value=""/>
         <property name="devicePlatform" value=""/>
         <property name="logFolder" value="C:\\Users\\xavier.a.santos\\git\\KatalonContinente\\Reports\\20231016_154829\\Continente\\20231016_154901"/>
         <property name="logFiles" value="C:\\Users\\xavier.a.santos\\git\\KatalonContinente\\Reports\\20231016_154829\\Continente\\20231016_154901\\execution0.log"/>
         <property name="attachments" value=""/>
         <property name="hostName" value="xavier.a.santos - MININT-CAEUVD4.noesis.pt"/>
         <property name="os" value="Windows 11 64bit"/>
         <property name="katalonVersion" value="9.0.0.beta.212"/>
         <property name="browser" value="Edge Chromium 117"/>
         <property name="hostAddress" value="192.168.1.133"/>
         <property name="sessionId" value="0237e0e0f38f545b6f2afe3547ed5dc8"/>
         <property name="seleniumVersion" value="3.141.59"/>
         <property name="proxyInformation" value="ProxyInformation { proxyOption=NO_PROXY, proxyServerType=HTTP, username=, password=********, proxyServerAddress=, proxyServerPort=0, executionList=&quot;&quot;, isApplyToDesiredCapabilities=true }"/>
         <property name="platform" value="Windows 11"/>
      </properties>
      <testcase name="Test Cases/Open Continente" time="12.126" classname="Test Cases/Open Continente" status="PASSED">
         <system-out><![CDATA[2023-10-16 15:49:08 - [TEST_CASE][PASSED] - Test Cases/Open Continente: Test Cases/Open Continente

2023-10-16 15:49:08 - [TEST_STEP][PASSED] - openBrowser(""): Browser is opened with url: ''

2023-10-16 15:49:09 - [MESSAGE][INFO] - Starting 'Edge Chromium' driver

2023-10-16 15:49:09 - [MESSAGE][INFO] - Action delay is set to 0 milliseconds

2023-10-16 15:49:12 - [MESSAGE][PASSED] - Browser is opened with url: ''

2023-10-16 15:49:12 - [TEST_STEP][PASSED] - maximizeWindow(): Current window maximized

2023-10-16 15:49:12 - [MESSAGE][PASSED] - Current window maximized

2023-10-16 15:49:12 - [TEST_STEP][PASSED] - navigateToUrl("www.continente.pt"): Navigate to 'http://www.continente.pt' successfully

2023-10-16 15:49:15 - [MESSAGE][PASSED] - Navigate to 'http://www.continente.pt' successfully

2023-10-16 15:49:15 - [TEST_STEP][PASSED] - click(findTestObject("Page_Continente_Online/button_Permitir todos")): Object: 'Object Repository/Page_Continente_Online/button_Permitir todos' is clicked on

2023-10-16 15:49:20 - [MESSAGE][PASSED] - Object: 'Object Repository/Page_Continente_Online/button_Permitir todos' is clicked on]]></system-out>
         <system-err><![CDATA[]]></system-err>
      </testcase>
      <testcase name="Test Cases/Search Product" time="15.032" classname="Test Cases/Search Product" status="PASSED">
         <system-out><![CDATA[2023-10-16 15:49:20 - [TEST_CASE][PASSED] - Test Cases/Search Product: Test Cases/Search Product

2023-10-16 15:49:20 - [TEST_STEP][PASSED] - callTestCase(findTestCase("Open Continente"), [:], STOP_ON_FAILURE): Call Test Case 'Test Cases/Open Continente' successfully

2023-10-16 15:49:21 - [TEST_CASE][PASSED] - Test Cases/Open Continente: Test Cases/Open Continente

2023-10-16 15:49:21 - [TEST_STEP][PASSED] - openBrowser(""): Browser is opened with url: ''

2023-10-16 15:49:21 - [MESSAGE][WARNING] - A browser is already opened. Closing browser and opening a new one

2023-10-16 15:49:21 - [MESSAGE][INFO] - Starting 'Edge Chromium' driver

2023-10-16 15:49:22 - [MESSAGE][INFO] - Action delay is set to 0 milliseconds

2023-10-16 15:49:23 - [MESSAGE][PASSED] - Browser is opened with url: ''

2023-10-16 15:49:23 - [TEST_STEP][PASSED] - maximizeWindow(): Current window maximized

2023-10-16 15:49:23 - [MESSAGE][PASSED] - Current window maximized

2023-10-16 15:49:23 - [TEST_STEP][PASSED] - navigateToUrl("www.continente.pt"): Navigate to 'http://www.continente.pt' successfully

2023-10-16 15:49:27 - [MESSAGE][PASSED] - Navigate to 'http://www.continente.pt' successfully

2023-10-16 15:49:27 - [TEST_STEP][PASSED] - click(findTestObject("Page_Continente_Online/button_Permitir todos")): Object: 'Object Repository/Page_Continente_Online/button_Permitir todos' is clicked on

2023-10-16 15:49:27 - [MESSAGE][PASSED] - Object: 'Object Repository/Page_Continente_Online/button_Permitir todos' is clicked on

2023-10-16 15:49:27 - [MESSAGE][PASSED] - Call Test Case 'Test Cases/Open Continente' successfully

2023-10-16 15:49:27 - [TEST_STEP][PASSED] - setText(findTestObject("Page_Continente_Online/input_search_text"), "queijo"): Text 'queijo' is set on object 'Object Repository/Page_Continente_Online/input_search_text'

2023-10-16 15:49:32 - [MESSAGE][PASSED] - Text 'queijo' is set on object 'Object Repository/Page_Continente_Online/input_search_text'

2023-10-16 15:49:32 - [TEST_STEP][PASSED] - click(findTestObject("Page_Continente_Online/span_search_item")): Object: 'Object Repository/Page_Continente_Online/span_search_item' is clicked on

2023-10-16 15:49:35 - [MESSAGE][PASSED] - Object: 'Object Repository/Page_Continente_Online/span_search_item' is clicked on]]></system-out>
         <system-err><![CDATA[]]></system-err>
      </testcase>
      <testcase name="Test Cases/Add 1 Item to Cart" time="22.305" classname="Test Cases/Add 1 Item to Cart" status="PASSED">
         <system-out><![CDATA[2023-10-16 15:49:35 - [TEST_CASE][PASSED] - Test Cases/Add 1 Item to Cart: Test Cases/Add 1 Item to Cart

2023-10-16 15:49:35 - [TEST_STEP][PASSED] - callTestCase(findTestCase("Open Continente"), [:], STOP_ON_FAILURE): Call Test Case 'Test Cases/Open Continente' successfully

2023-10-16 15:49:35 - [TEST_CASE][PASSED] - Test Cases/Open Continente: Test Cases/Open Continente

2023-10-16 15:49:35 - [TEST_STEP][PASSED] - openBrowser(""): Browser is opened with url: ''

2023-10-16 15:49:35 - [MESSAGE][WARNING] - A browser is already opened. Closing browser and opening a new one

2023-10-16 15:49:36 - [MESSAGE][INFO] - Starting 'Edge Chromium' driver

2023-10-16 15:49:36 - [MESSAGE][INFO] - Action delay is set to 0 milliseconds

2023-10-16 15:49:37 - [MESSAGE][PASSED] - Browser is opened with url: ''

2023-10-16 15:49:37 - [TEST_STEP][PASSED] - maximizeWindow(): Current window maximized

2023-10-16 15:49:37 - [MESSAGE][PASSED] - Current window maximized

2023-10-16 15:49:37 - [TEST_STEP][PASSED] - navigateToUrl("www.continente.pt"): Navigate to 'http://www.continente.pt' successfully

2023-10-16 15:49:40 - [MESSAGE][PASSED] - Navigate to 'http://www.continente.pt' successfully

2023-10-16 15:49:40 - [TEST_STEP][PASSED] - click(findTestObject("Page_Continente_Online/button_Permitir todos")): Object: 'Object Repository/Page_Continente_Online/button_Permitir todos' is clicked on

2023-10-16 15:49:41 - [MESSAGE][PASSED] - Object: 'Object Repository/Page_Continente_Online/button_Permitir todos' is clicked on

2023-10-16 15:49:41 - [MESSAGE][PASSED] - Call Test Case 'Test Cases/Open Continente' successfully

2023-10-16 15:49:41 - [TEST_STEP][PASSED] - callTestCase(findTestCase("Search Product"), [:], STOP_ON_FAILURE): Call Test Case 'Test Cases/Search Product' successfully

2023-10-16 15:49:41 - [TEST_CASE][PASSED] - Test Cases/Search Product: Test Cases/Search Product

2023-10-16 15:49:41 - [TEST_STEP][PASSED] - callTestCase(findTestCase("Open Continente"), [:], STOP_ON_FAILURE): Call Test Case 'Test Cases/Open Continente' successfully

2023-10-16 15:49:41 - [TEST_CASE][PASSED] - Test Cases/Open Continente: Test Cases/Open Continente

2023-10-16 15:49:41 - [TEST_STEP][PASSED] - openBrowser(""): Browser is opened with url: ''

2023-10-16 15:49:41 - [MESSAGE][WARNING] - A browser is already opened. Closing browser and opening a new one

2023-10-16 15:49:42 - [MESSAGE][INFO] - Starting 'Edge Chromium' driver

2023-10-16 15:49:42 - [MESSAGE][INFO] - Action delay is set to 0 milliseconds

2023-10-16 15:49:43 - [MESSAGE][PASSED] - Browser is opened with url: ''

2023-10-16 15:49:43 - [TEST_STEP][PASSED] - maximizeWindow(): Current window maximized

2023-10-16 15:49:43 - [MESSAGE][PASSED] - Current window maximized

2023-10-16 15:49:43 - [TEST_STEP][PASSED] - navigateToUrl("www.continente.pt"): Navigate to 'http://www.continente.pt' successfully

2023-10-16 15:49:46 - [MESSAGE][PASSED] - Navigate to 'http://www.continente.pt' successfully

2023-10-16 15:49:46 - [TEST_STEP][PASSED] - click(findTestObject("Page_Continente_Online/button_Permitir todos")): Object: 'Object Repository/Page_Continente_Online/button_Permitir todos' is clicked on

2023-10-16 15:49:46 - [MESSAGE][PASSED] - Object: 'Object Repository/Page_Continente_Online/button_Permitir todos' is clicked on

2023-10-16 15:49:46 - [MESSAGE][PASSED] - Call Test Case 'Test Cases/Open Continente' successfully

2023-10-16 15:49:46 - [TEST_STEP][PASSED] - setText(findTestObject("Page_Continente_Online/input_search_text"), "queijo"): Text 'queijo' is set on object 'Object Repository/Page_Continente_Online/input_search_text'

2023-10-16 15:49:52 - [MESSAGE][PASSED] - Text 'queijo' is set on object 'Object Repository/Page_Continente_Online/input_search_text'

2023-10-16 15:49:52 - [TEST_STEP][PASSED] - click(findTestObject("Page_Continente_Online/span_search_item")): Object: 'Object Repository/Page_Continente_Online/span_search_item' is clicked on

2023-10-16 15:49:55 - [MESSAGE][PASSED] - Object: 'Object Repository/Page_Continente_Online/span_search_item' is clicked on

2023-10-16 15:49:55 - [MESSAGE][PASSED] - Call Test Case 'Test Cases/Search Product' successfully

2023-10-16 15:49:55 - [TEST_STEP][PASSED] - click(findTestObject("Page_Resultados_de_pesquisa/span_Carrinho")): Object: 'Object Repository/Page_Resultados_de_pesquisa/span_Carrinho' is clicked on

2023-10-16 15:49:57 - [MESSAGE][PASSED] - Object: 'Object Repository/Page_Resultados_de_pesquisa/span_Carrinho' is clicked on]]></system-out>
         <system-err><![CDATA[]]></system-err>
      </testcase>
      <testcase name="Test Cases/Add 2 Items to Cart" time="33.024" classname="Test Cases/Add 2 Items to Cart" status="PASSED">
         <system-out><![CDATA[2023-10-16 15:49:57 - [TEST_CASE][PASSED] - Test Cases/Add 2 Items to Cart: Test Cases/Add 2 Items to Cart

2023-10-16 15:49:57 - [TEST_STEP][PASSED] - callTestCase(findTestCase("Open Continente"), [:], STOP_ON_FAILURE): Call Test Case 'Test Cases/Open Continente' successfully

2023-10-16 15:49:58 - [TEST_CASE][PASSED] - Test Cases/Open Continente: Test Cases/Open Continente

2023-10-16 15:49:58 - [TEST_STEP][PASSED] - openBrowser(""): Browser is opened with url: ''

2023-10-16 15:49:58 - [MESSAGE][WARNING] - A browser is already opened. Closing browser and opening a new one

2023-10-16 15:49:58 - [MESSAGE][INFO] - Starting 'Edge Chromium' driver

2023-10-16 15:49:58 - [MESSAGE][INFO] - Action delay is set to 0 milliseconds

2023-10-16 15:49:59 - [MESSAGE][PASSED] - Browser is opened with url: ''

2023-10-16 15:49:59 - [TEST_STEP][PASSED] - maximizeWindow(): Current window maximized

2023-10-16 15:50:00 - [MESSAGE][PASSED] - Current window maximized

2023-10-16 15:50:00 - [TEST_STEP][PASSED] - navigateToUrl("www.continente.pt"): Navigate to 'http://www.continente.pt' successfully

2023-10-16 15:50:03 - [MESSAGE][PASSED] - Navigate to 'http://www.continente.pt' successfully

2023-10-16 15:50:03 - [TEST_STEP][PASSED] - click(findTestObject("Page_Continente_Online/button_Permitir todos")): Object: 'Object Repository/Page_Continente_Online/button_Permitir todos' is clicked on

2023-10-16 15:50:07 - [MESSAGE][PASSED] - Object: 'Object Repository/Page_Continente_Online/button_Permitir todos' is clicked on

2023-10-16 15:50:07 - [MESSAGE][PASSED] - Call Test Case 'Test Cases/Open Continente' successfully

2023-10-16 15:50:07 - [TEST_STEP][PASSED] - callTestCase(findTestCase("Add 1 Item to Cart"), [:], STOP_ON_FAILURE): Call Test Case 'Test Cases/Add 1 Item to Cart' successfully

2023-10-16 15:50:07 - [TEST_CASE][PASSED] - Test Cases/Add 1 Item to Cart: Test Cases/Add 1 Item to Cart

2023-10-16 15:50:07 - [TEST_STEP][PASSED] - callTestCase(findTestCase("Open Continente"), [:], STOP_ON_FAILURE): Call Test Case 'Test Cases/Open Continente' successfully

2023-10-16 15:50:07 - [TEST_CASE][PASSED] - Test Cases/Open Continente: Test Cases/Open Continente

2023-10-16 15:50:07 - [TEST_STEP][PASSED] - openBrowser(""): Browser is opened with url: ''

2023-10-16 15:50:07 - [MESSAGE][WARNING] - A browser is already opened. Closing browser and opening a new one

2023-10-16 15:50:08 - [MESSAGE][INFO] - Starting 'Edge Chromium' driver

2023-10-16 15:50:08 - [MESSAGE][INFO] - Action delay is set to 0 milliseconds

2023-10-16 15:50:09 - [MESSAGE][PASSED] - Browser is opened with url: ''

2023-10-16 15:50:09 - [TEST_STEP][PASSED] - maximizeWindow(): Current window maximized

2023-10-16 15:50:09 - [MESSAGE][PASSED] - Current window maximized

2023-10-16 15:50:09 - [TEST_STEP][PASSED] - navigateToUrl("www.continente.pt"): Navigate to 'http://www.continente.pt' successfully

2023-10-16 15:50:12 - [MESSAGE][PASSED] - Navigate to 'http://www.continente.pt' successfully

2023-10-16 15:50:12 - [TEST_STEP][PASSED] - click(findTestObject("Page_Continente_Online/button_Permitir todos")): Object: 'Object Repository/Page_Continente_Online/button_Permitir todos' is clicked on

2023-10-16 15:50:13 - [MESSAGE][PASSED] - Object: 'Object Repository/Page_Continente_Online/button_Permitir todos' is clicked on

2023-10-16 15:50:13 - [MESSAGE][PASSED] - Call Test Case 'Test Cases/Open Continente' successfully

2023-10-16 15:50:13 - [TEST_STEP][PASSED] - callTestCase(findTestCase("Search Product"), [:], STOP_ON_FAILURE): Call Test Case 'Test Cases/Search Product' successfully

2023-10-16 15:50:13 - [TEST_CASE][PASSED] - Test Cases/Search Product: Test Cases/Search Product

2023-10-16 15:50:13 - [TEST_STEP][PASSED] - callTestCase(findTestCase("Open Continente"), [:], STOP_ON_FAILURE): Call Test Case 'Test Cases/Open Continente' successfully

2023-10-16 15:50:13 - [TEST_CASE][PASSED] - Test Cases/Open Continente: Test Cases/Open Continente

2023-10-16 15:50:13 - [TEST_STEP][PASSED] - openBrowser(""): Browser is opened with url: ''

2023-10-16 15:50:13 - [MESSAGE][WARNING] - A browser is already opened. Closing browser and opening a new one

2023-10-16 15:50:13 - [MESSAGE][INFO] - Starting 'Edge Chromium' driver

2023-10-16 15:50:14 - [MESSAGE][INFO] - Action delay is set to 0 milliseconds

2023-10-16 15:50:15 - [MESSAGE][PASSED] - Browser is opened with url: ''

2023-10-16 15:50:15 - [TEST_STEP][PASSED] - maximizeWindow(): Current window maximized

2023-10-16 15:50:15 - [MESSAGE][PASSED] - Current window maximized

2023-10-16 15:50:15 - [TEST_STEP][PASSED] - navigateToUrl("www.continente.pt"): Navigate to 'http://www.continente.pt' successfully

2023-10-16 15:50:18 - [MESSAGE][PASSED] - Navigate to 'http://www.continente.pt' successfully

2023-10-16 15:50:18 - [TEST_STEP][PASSED] - click(findTestObject("Page_Continente_Online/button_Permitir todos")): Object: 'Object Repository/Page_Continente_Online/button_Permitir todos' is clicked on

2023-10-16 15:50:18 - [MESSAGE][PASSED] - Object: 'Object Repository/Page_Continente_Online/button_Permitir todos' is clicked on

2023-10-16 15:50:18 - [MESSAGE][PASSED] - Call Test Case 'Test Cases/Open Continente' successfully

2023-10-16 15:50:18 - [TEST_STEP][PASSED] - setText(findTestObject("Page_Continente_Online/input_search_text"), "queijo"): Text 'queijo' is set on object 'Object Repository/Page_Continente_Online/input_search_text'

2023-10-16 15:50:23 - [MESSAGE][PASSED] - Text 'queijo' is set on object 'Object Repository/Page_Continente_Online/input_search_text'

2023-10-16 15:50:23 - [TEST_STEP][PASSED] - click(findTestObject("Page_Continente_Online/span_search_item")): Object: 'Object Repository/Page_Continente_Online/span_search_item' is clicked on

2023-10-16 15:50:26 - [MESSAGE][PASSED] - Object: 'Object Repository/Page_Continente_Online/span_search_item' is clicked on

2023-10-16 15:50:26 - [MESSAGE][PASSED] - Call Test Case 'Test Cases/Search Product' successfully

2023-10-16 15:50:26 - [TEST_STEP][PASSED] - click(findTestObject("Page_Resultados_de_pesquisa/span_Carrinho")): Object: 'Object Repository/Page_Resultados_de_pesquisa/span_Carrinho' is clicked on

2023-10-16 15:50:28 - [MESSAGE][PASSED] - Object: 'Object Repository/Page_Resultados_de_pesquisa/span_Carrinho' is clicked on

2023-10-16 15:50:28 - [MESSAGE][PASSED] - Call Test Case 'Test Cases/Add 1 Item to Cart' successfully

2023-10-16 15:50:28 - [TEST_STEP][PASSED] - click(findTestObject("Page_Resultados_de_pesquisa/span_Carrinho_2")): Object: 'Object Repository/Page_Resultados_de_pesquisa/span_Carrinho_2' is clicked on

2023-10-16 15:50:29 - [MESSAGE][PASSED] - Object: 'Object Repository/Page_Resultados_de_pesquisa/span_Carrinho_2' is clicked on

2023-10-16 15:50:29 - [TEST_STEP][PASSED] - click(findTestObject("Page_Resultados_de_pesquisa/button_aumentar_quantidade_produto")): Object: 'Object Repository/Page_Resultados_de_pesquisa/button_aumentar_quantidade_produto' is clicked on

2023-10-16 15:50:30 - [MESSAGE][PASSED] - Object: 'Object Repository/Page_Resultados_de_pesquisa/button_aumentar_quantidade_produto' is clicked on]]></system-out>
         <system-err><![CDATA[]]></system-err>
      </testcase>
      <testcase name="Test Cases/Show Cart" time="69.0" classname="Test Cases/Show Cart" status="PASSED">
         <system-out><![CDATA[2023-10-16 15:50:30 - [TEST_CASE][PASSED] - Test Cases/Show Cart: Test Cases/Show Cart

2023-10-16 15:50:30 - [TEST_STEP][PASSED] - callTestCase(findTestCase("Open Google"), [:], STOP_ON_FAILURE): Call Test Case 'Test Cases/Open Google' successfully

2023-10-16 15:50:31 - [TEST_CASE][PASSED] - Test Cases/Open Google: Test Cases/Open Google

2023-10-16 15:50:31 - [TEST_STEP][PASSED] - openBrowser(""): Browser is opened with url: ''

2023-10-16 15:50:31 - [MESSAGE][WARNING] - A browser is already opened. Closing browser and opening a new one

2023-10-16 15:50:31 - [MESSAGE][INFO] - Starting 'Edge Chromium' driver

2023-10-16 15:50:31 - [MESSAGE][INFO] - Action delay is set to 0 milliseconds

2023-10-16 15:50:32 - [MESSAGE][PASSED] - Browser is opened with url: ''

2023-10-16 15:50:32 - [TEST_STEP][PASSED] - navigateToUrl("www.google.pt"): Navigate to 'http://www.google.pt' successfully

2023-10-16 15:50:34 - [MESSAGE][PASSED] - Navigate to 'http://www.google.pt' successfully

2023-10-16 15:50:34 - [MESSAGE][PASSED] - Call Test Case 'Test Cases/Open Google' successfully

2023-10-16 15:50:34 - [TEST_STEP][PASSED] - callTestCase(findTestCase("Search Product"), [:], STOP_ON_FAILURE): Call Test Case 'Test Cases/Search Product' successfully

2023-10-16 15:50:34 - [TEST_CASE][PASSED] - Test Cases/Search Product: Test Cases/Search Product

2023-10-16 15:50:34 - [TEST_STEP][PASSED] - callTestCase(findTestCase("Open Continente"), [:], STOP_ON_FAILURE): Call Test Case 'Test Cases/Open Continente' successfully

2023-10-16 15:50:34 - [TEST_CASE][PASSED] - Test Cases/Open Continente: Test Cases/Open Continente

2023-10-16 15:50:34 - [TEST_STEP][PASSED] - openBrowser(""): Browser is opened with url: ''

2023-10-16 15:50:34 - [MESSAGE][WARNING] - A browser is already opened. Closing browser and opening a new one

2023-10-16 15:50:35 - [MESSAGE][INFO] - Starting 'Edge Chromium' driver

2023-10-16 15:50:35 - [MESSAGE][INFO] - Action delay is set to 0 milliseconds

2023-10-16 15:50:36 - [MESSAGE][PASSED] - Browser is opened with url: ''

2023-10-16 15:50:36 - [TEST_STEP][PASSED] - maximizeWindow(): Current window maximized

2023-10-16 15:50:36 - [MESSAGE][PASSED] - Current window maximized

2023-10-16 15:50:36 - [TEST_STEP][PASSED] - navigateToUrl("www.continente.pt"): Navigate to 'http://www.continente.pt' successfully

2023-10-16 15:50:39 - [MESSAGE][PASSED] - Navigate to 'http://www.continente.pt' successfully

2023-10-16 15:50:39 - [TEST_STEP][PASSED] - click(findTestObject("Page_Continente_Online/button_Permitir todos")): Object: 'Object Repository/Page_Continente_Online/button_Permitir todos' is clicked on

2023-10-16 15:50:40 - [MESSAGE][PASSED] - Object: 'Object Repository/Page_Continente_Online/button_Permitir todos' is clicked on

2023-10-16 15:50:40 - [MESSAGE][PASSED] - Call Test Case 'Test Cases/Open Continente' successfully

2023-10-16 15:50:40 - [TEST_STEP][PASSED] - setText(findTestObject("Page_Continente_Online/input_search_text"), "queijo"): Text 'queijo' is set on object 'Object Repository/Page_Continente_Online/input_search_text'

2023-10-16 15:50:44 - [MESSAGE][PASSED] - Text 'queijo' is set on object 'Object Repository/Page_Continente_Online/input_search_text'

2023-10-16 15:50:44 - [TEST_STEP][PASSED] - click(findTestObject("Page_Continente_Online/span_search_item")): Object: 'Object Repository/Page_Continente_Online/span_search_item' is clicked on

2023-10-16 15:50:47 - [MESSAGE][PASSED] - Object: 'Object Repository/Page_Continente_Online/span_search_item' is clicked on

2023-10-16 15:50:47 - [MESSAGE][PASSED] - Call Test Case 'Test Cases/Search Product' successfully

2023-10-16 15:50:47 - [TEST_STEP][PASSED] - callTestCase(findTestCase("Add 1 Item to Cart"), [:], STOP_ON_FAILURE): Call Test Case 'Test Cases/Add 1 Item to Cart' successfully

2023-10-16 15:50:47 - [TEST_CASE][PASSED] - Test Cases/Add 1 Item to Cart: Test Cases/Add 1 Item to Cart

2023-10-16 15:50:47 - [TEST_STEP][PASSED] - callTestCase(findTestCase("Open Continente"), [:], STOP_ON_FAILURE): Call Test Case 'Test Cases/Open Continente' successfully

2023-10-16 15:50:48 - [TEST_CASE][PASSED] - Test Cases/Open Continente: Test Cases/Open Continente

2023-10-16 15:50:48 - [TEST_STEP][PASSED] - openBrowser(""): Browser is opened with url: ''

2023-10-16 15:50:48 - [MESSAGE][WARNING] - A browser is already opened. Closing browser and opening a new one

2023-10-16 15:50:48 - [MESSAGE][INFO] - Starting 'Edge Chromium' driver

2023-10-16 15:50:48 - [MESSAGE][INFO] - Action delay is set to 0 milliseconds

2023-10-16 15:50:49 - [MESSAGE][PASSED] - Browser is opened with url: ''

2023-10-16 15:50:49 - [TEST_STEP][PASSED] - maximizeWindow(): Current window maximized

2023-10-16 15:50:50 - [MESSAGE][PASSED] - Current window maximized

2023-10-16 15:50:50 - [TEST_STEP][PASSED] - navigateToUrl("www.continente.pt"): Navigate to 'http://www.continente.pt' successfully

2023-10-16 15:50:53 - [MESSAGE][PASSED] - Navigate to 'http://www.continente.pt' successfully

2023-10-16 15:50:53 - [TEST_STEP][PASSED] - click(findTestObject("Page_Continente_Online/button_Permitir todos")): Object: 'Object Repository/Page_Continente_Online/button_Permitir todos' is clicked on

2023-10-16 15:50:54 - [MESSAGE][PASSED] - Object: 'Object Repository/Page_Continente_Online/button_Permitir todos' is clicked on

2023-10-16 15:50:54 - [MESSAGE][PASSED] - Call Test Case 'Test Cases/Open Continente' successfully

2023-10-16 15:50:54 - [TEST_STEP][PASSED] - callTestCase(findTestCase("Search Product"), [:], STOP_ON_FAILURE): Call Test Case 'Test Cases/Search Product' successfully

2023-10-16 15:50:54 - [TEST_CASE][PASSED] - Test Cases/Search Product: Test Cases/Search Product

2023-10-16 15:50:54 - [TEST_STEP][PASSED] - callTestCase(findTestCase("Open Continente"), [:], STOP_ON_FAILURE): Call Test Case 'Test Cases/Open Continente' successfully

2023-10-16 15:50:54 - [TEST_CASE][PASSED] - Test Cases/Open Continente: Test Cases/Open Continente

2023-10-16 15:50:54 - [TEST_STEP][PASSED] - openBrowser(""): Browser is opened with url: ''

2023-10-16 15:50:54 - [MESSAGE][WARNING] - A browser is already opened. Closing browser and opening a new one

2023-10-16 15:50:54 - [MESSAGE][INFO] - Starting 'Edge Chromium' driver

2023-10-16 15:50:54 - [MESSAGE][INFO] - Action delay is set to 0 milliseconds

2023-10-16 15:50:56 - [MESSAGE][PASSED] - Browser is opened with url: ''

2023-10-16 15:50:56 - [TEST_STEP][PASSED] - maximizeWindow(): Current window maximized

2023-10-16 15:50:56 - [MESSAGE][PASSED] - Current window maximized

2023-10-16 15:50:56 - [TEST_STEP][PASSED] - navigateToUrl("www.continente.pt"): Navigate to 'http://www.continente.pt' successfully

2023-10-16 15:50:59 - [MESSAGE][PASSED] - Navigate to 'http://www.continente.pt' successfully

2023-10-16 15:50:59 - [TEST_STEP][PASSED] - click(findTestObject("Page_Continente_Online/button_Permitir todos")): Object: 'Object Repository/Page_Continente_Online/button_Permitir todos' is clicked on

2023-10-16 15:51:00 - [MESSAGE][PASSED] - Object: 'Object Repository/Page_Continente_Online/button_Permitir todos' is clicked on

2023-10-16 15:51:00 - [MESSAGE][PASSED] - Call Test Case 'Test Cases/Open Continente' successfully

2023-10-16 15:51:00 - [TEST_STEP][PASSED] - setText(findTestObject("Page_Continente_Online/input_search_text"), "queijo"): Text 'queijo' is set on object 'Object Repository/Page_Continente_Online/input_search_text'

2023-10-16 15:51:04 - [MESSAGE][PASSED] - Text 'queijo' is set on object 'Object Repository/Page_Continente_Online/input_search_text'

2023-10-16 15:51:04 - [TEST_STEP][PASSED] - click(findTestObject("Page_Continente_Online/span_search_item")): Object: 'Object Repository/Page_Continente_Online/span_search_item' is clicked on

2023-10-16 15:51:08 - [MESSAGE][PASSED] - Object: 'Object Repository/Page_Continente_Online/span_search_item' is clicked on

2023-10-16 15:51:08 - [MESSAGE][PASSED] - Call Test Case 'Test Cases/Search Product' successfully

2023-10-16 15:51:08 - [TEST_STEP][PASSED] - click(findTestObject("Page_Resultados_de_pesquisa/span_Carrinho")): Object: 'Object Repository/Page_Resultados_de_pesquisa/span_Carrinho' is clicked on

2023-10-16 15:51:10 - [MESSAGE][PASSED] - Object: 'Object Repository/Page_Resultados_de_pesquisa/span_Carrinho' is clicked on

2023-10-16 15:51:10 - [MESSAGE][PASSED] - Call Test Case 'Test Cases/Add 1 Item to Cart' successfully

2023-10-16 15:51:10 - [TEST_STEP][PASSED] - callTestCase(findTestCase("Add 2 Items to Cart"), [:], STOP_ON_FAILURE): Call Test Case 'Test Cases/Add 2 Items to Cart' successfully

2023-10-16 15:51:10 - [TEST_CASE][PASSED] - Test Cases/Add 2 Items to Cart: Test Cases/Add 2 Items to Cart

2023-10-16 15:51:10 - [TEST_STEP][PASSED] - callTestCase(findTestCase("Open Continente"), [:], STOP_ON_FAILURE): Call Test Case 'Test Cases/Open Continente' successfully

2023-10-16 15:51:10 - [TEST_CASE][PASSED] - Test Cases/Open Continente: Test Cases/Open Continente

2023-10-16 15:51:10 - [TEST_STEP][PASSED] - openBrowser(""): Browser is opened with url: ''

2023-10-16 15:51:10 - [MESSAGE][WARNING] - A browser is already opened. Closing browser and opening a new one

2023-10-16 15:51:10 - [MESSAGE][INFO] - Starting 'Edge Chromium' driver

2023-10-16 15:51:10 - [MESSAGE][INFO] - Action delay is set to 0 milliseconds

2023-10-16 15:51:12 - [MESSAGE][PASSED] - Browser is opened with url: ''

2023-10-16 15:51:12 - [TEST_STEP][PASSED] - maximizeWindow(): Current window maximized

2023-10-16 15:51:12 - [MESSAGE][PASSED] - Current window maximized

2023-10-16 15:51:12 - [TEST_STEP][PASSED] - navigateToUrl("www.continente.pt"): Navigate to 'http://www.continente.pt' successfully

2023-10-16 15:51:15 - [MESSAGE][PASSED] - Navigate to 'http://www.continente.pt' successfully

2023-10-16 15:51:15 - [TEST_STEP][PASSED] - click(findTestObject("Page_Continente_Online/button_Permitir todos")): Object: 'Object Repository/Page_Continente_Online/button_Permitir todos' is clicked on

2023-10-16 15:51:16 - [MESSAGE][PASSED] - Object: 'Object Repository/Page_Continente_Online/button_Permitir todos' is clicked on

2023-10-16 15:51:16 - [MESSAGE][PASSED] - Call Test Case 'Test Cases/Open Continente' successfully

2023-10-16 15:51:16 - [TEST_STEP][PASSED] - callTestCase(findTestCase("Add 1 Item to Cart"), [:], STOP_ON_FAILURE): Call Test Case 'Test Cases/Add 1 Item to Cart' successfully

2023-10-16 15:51:16 - [TEST_CASE][PASSED] - Test Cases/Add 1 Item to Cart: Test Cases/Add 1 Item to Cart

2023-10-16 15:51:16 - [TEST_STEP][PASSED] - callTestCase(findTestCase("Open Continente"), [:], STOP_ON_FAILURE): Call Test Case 'Test Cases/Open Continente' successfully

2023-10-16 15:51:16 - [TEST_CASE][PASSED] - Test Cases/Open Continente: Test Cases/Open Continente

2023-10-16 15:51:16 - [TEST_STEP][PASSED] - openBrowser(""): Browser is opened with url: ''

2023-10-16 15:51:16 - [MESSAGE][WARNING] - A browser is already opened. Closing browser and opening a new one

2023-10-16 15:51:16 - [MESSAGE][INFO] - Starting 'Edge Chromium' driver

2023-10-16 15:51:16 - [MESSAGE][INFO] - Action delay is set to 0 milliseconds

2023-10-16 15:51:18 - [MESSAGE][PASSED] - Browser is opened with url: ''

2023-10-16 15:51:18 - [TEST_STEP][PASSED] - maximizeWindow(): Current window maximized

2023-10-16 15:51:18 - [MESSAGE][PASSED] - Current window maximized

2023-10-16 15:51:18 - [TEST_STEP][PASSED] - navigateToUrl("www.continente.pt"): Navigate to 'http://www.continente.pt' successfully

2023-10-16 15:51:20 - [MESSAGE][PASSED] - Navigate to 'http://www.continente.pt' successfully

2023-10-16 15:51:20 - [TEST_STEP][PASSED] - click(findTestObject("Page_Continente_Online/button_Permitir todos")): Object: 'Object Repository/Page_Continente_Online/button_Permitir todos' is clicked on

2023-10-16 15:51:21 - [MESSAGE][PASSED] - Object: 'Object Repository/Page_Continente_Online/button_Permitir todos' is clicked on

2023-10-16 15:51:21 - [MESSAGE][PASSED] - Call Test Case 'Test Cases/Open Continente' successfully

2023-10-16 15:51:21 - [TEST_STEP][PASSED] - callTestCase(findTestCase("Search Product"), [:], STOP_ON_FAILURE): Call Test Case 'Test Cases/Search Product' successfully

2023-10-16 15:51:21 - [TEST_CASE][PASSED] - Test Cases/Search Product: Test Cases/Search Product

2023-10-16 15:51:21 - [TEST_STEP][PASSED] - callTestCase(findTestCase("Open Continente"), [:], STOP_ON_FAILURE): Call Test Case 'Test Cases/Open Continente' successfully

2023-10-16 15:51:21 - [TEST_CASE][PASSED] - Test Cases/Open Continente: Test Cases/Open Continente

2023-10-16 15:51:21 - [TEST_STEP][PASSED] - openBrowser(""): Browser is opened with url: ''

2023-10-16 15:51:21 - [MESSAGE][WARNING] - A browser is already opened. Closing browser and opening a new one

2023-10-16 15:51:22 - [MESSAGE][INFO] - Starting 'Edge Chromium' driver

2023-10-16 15:51:22 - [MESSAGE][INFO] - Action delay is set to 0 milliseconds

2023-10-16 15:51:23 - [MESSAGE][PASSED] - Browser is opened with url: ''

2023-10-16 15:51:23 - [TEST_STEP][PASSED] - maximizeWindow(): Current window maximized

2023-10-16 15:51:23 - [MESSAGE][PASSED] - Current window maximized

2023-10-16 15:51:23 - [TEST_STEP][PASSED] - navigateToUrl("www.continente.pt"): Navigate to 'http://www.continente.pt' successfully

2023-10-16 15:51:26 - [MESSAGE][PASSED] - Navigate to 'http://www.continente.pt' successfully

2023-10-16 15:51:26 - [TEST_STEP][PASSED] - click(findTestObject("Page_Continente_Online/button_Permitir todos")): Object: 'Object Repository/Page_Continente_Online/button_Permitir todos' is clicked on

2023-10-16 15:51:26 - [MESSAGE][PASSED] - Object: 'Object Repository/Page_Continente_Online/button_Permitir todos' is clicked on

2023-10-16 15:51:26 - [MESSAGE][PASSED] - Call Test Case 'Test Cases/Open Continente' successfully

2023-10-16 15:51:26 - [TEST_STEP][PASSED] - setText(findTestObject("Page_Continente_Online/input_search_text"), "queijo"): Text 'queijo' is set on object 'Object Repository/Page_Continente_Online/input_search_text'

2023-10-16 15:51:31 - [MESSAGE][PASSED] - Text 'queijo' is set on object 'Object Repository/Page_Continente_Online/input_search_text'

2023-10-16 15:51:31 - [TEST_STEP][PASSED] - click(findTestObject("Page_Continente_Online/span_search_item")): Object: 'Object Repository/Page_Continente_Online/span_search_item' is clicked on

2023-10-16 15:51:34 - [MESSAGE][PASSED] - Object: 'Object Repository/Page_Continente_Online/span_search_item' is clicked on

2023-10-16 15:51:34 - [MESSAGE][PASSED] - Call Test Case 'Test Cases/Search Product' successfully

2023-10-16 15:51:34 - [TEST_STEP][PASSED] - click(findTestObject("Page_Resultados_de_pesquisa/span_Carrinho")): Object: 'Object Repository/Page_Resultados_de_pesquisa/span_Carrinho' is clicked on

2023-10-16 15:51:37 - [MESSAGE][PASSED] - Object: 'Object Repository/Page_Resultados_de_pesquisa/span_Carrinho' is clicked on

2023-10-16 15:51:37 - [MESSAGE][PASSED] - Call Test Case 'Test Cases/Add 1 Item to Cart' successfully

2023-10-16 15:51:37 - [TEST_STEP][PASSED] - click(findTestObject("Page_Resultados_de_pesquisa/span_Carrinho_2")): Object: 'Object Repository/Page_Resultados_de_pesquisa/span_Carrinho_2' is clicked on

2023-10-16 15:51:37 - [MESSAGE][PASSED] - Object: 'Object Repository/Page_Resultados_de_pesquisa/span_Carrinho_2' is clicked on

2023-10-16 15:51:37 - [TEST_STEP][PASSED] - click(findTestObject("Page_Resultados_de_pesquisa/button_aumentar_quantidade_produto")): Object: 'Object Repository/Page_Resultados_de_pesquisa/button_aumentar_quantidade_produto' is clicked on

2023-10-16 15:51:39 - [MESSAGE][PASSED] - Object: 'Object Repository/Page_Resultados_de_pesquisa/button_aumentar_quantidade_produto' is clicked on

2023-10-16 15:51:39 - [MESSAGE][PASSED] - Call Test Case 'Test Cases/Add 2 Items to Cart' successfully

2023-10-16 15:51:39 - [TEST_STEP][PASSED] - click(findTestObject("Page_Resultados_de_pesquisa/span_13,37")): Object: 'Object Repository/Page_Resultados_de_pesquisa/span_13,37' is clicked on

2023-10-16 15:51:39 - [MESSAGE][PASSED] - Object: 'Object Repository/Page_Resultados_de_pesquisa/span_13,37' is clicked on

2023-10-16 15:51:39 - [TEST_STEP][PASSED] - closeBrowser(): Browser is closed

2023-10-16 15:51:39 - [MESSAGE][PASSED] - Browser is closed]]></system-out>
         <system-err><![CDATA[]]></system-err>
      </testcase>
      <system-out><![CDATA[2023-10-16 15:49:08 - [TEST_SUITE][PASSED] - Continente: Test Cases/Show Cart]]></system-out>
      <system-err><![CDATA[]]></system-err>
   </testsuite>
</testsuites>
