<?xml version="1.0" encoding="UTF-8"?>
<testsuites name="Continente" time="223.917" tests="5" failures="0" errors="0">
   <testsuite name="Continente" tests="5" failures="0" errors="0" time="223.917" skipped="0" timestamp="2023-10-16 16:31:50" hostname="xavier.a.santos - MININT-CAEUVD4.noesis.pt" id="Test Suites/Continente">
      <properties>
         <property name="deviceName" value=""/>
         <property name="devicePlatform" value=""/>
         <property name="logFolder" value="C:\\Users\\xavier.a.santos\\git\\KatalonContinente\\Reports\\20231016_163141\\Continente\\20231016_163142"/>
         <property name="logFiles" value="C:\\Users\\xavier.a.santos\\git\\KatalonContinente\\Reports\\20231016_163141\\Continente\\20231016_163142\\execution0.log"/>
         <property name="attachments" value=""/>
         <property name="hostName" value="xavier.a.santos - MININT-CAEUVD4.noesis.pt"/>
         <property name="os" value="Windows 11 64bit"/>
         <property name="katalonVersion" value="9.0.0.beta.212"/>
         <property name="browser" value="Chrome 118.0.0.0"/>
         <property name="hostAddress" value="192.168.1.133"/>
         <property name="sessionId" value="a792ec6e0780b2e693c8eafad9dcc5f7"/>
         <property name="seleniumVersion" value="3.141.59"/>
         <property name="proxyInformation" value="ProxyInformation { proxyOption=NO_PROXY, proxyServerType=HTTP, username=, password=********, proxyServerAddress=, proxyServerPort=0, executionList=&quot;&quot;, isApplyToDesiredCapabilities=true }"/>
         <property name="platform" value="Windows 11"/>
      </properties>
      <testcase name="Test Cases/Open Continente" time="17.452" classname="Test Cases/Open Continente" status="PASSED">
         <system-out><![CDATA[2023-10-16 16:31:50 - [TEST_CASE][PASSED] - Test Cases/Open Continente: Test Cases/Open Continente

2023-10-16 16:31:51 - [TEST_STEP][PASSED] - openBrowser(""): Browser is opened with url: ''

2023-10-16 16:31:51 - [MESSAGE][INFO] - Starting 'Chrome' driver

2023-10-16 16:31:51 - [MESSAGE][INFO] - Action delay is set to 0 milliseconds

2023-10-16 16:31:56 - [MESSAGE][PASSED] - Browser is opened with url: ''

2023-10-16 16:31:56 - [TEST_STEP][PASSED] - maximizeWindow(): Current window maximized

2023-10-16 16:31:57 - [MESSAGE][PASSED] - Current window maximized

2023-10-16 16:31:57 - [TEST_STEP][PASSED] - navigateToUrl("www.continente.pt"): Navigate to 'http://www.continente.pt' successfully

2023-10-16 16:32:01 - [MESSAGE][PASSED] - Navigate to 'http://www.continente.pt' successfully

2023-10-16 16:32:01 - [TEST_STEP][PASSED] - click(findTestObject("Page_Continente_Online/button_Permitir todos")): Object: 'Object Repository/Page_Continente_Online/button_Permitir todos' is clicked on

2023-10-16 16:32:08 - [MESSAGE][PASSED] - Object: 'Object Repository/Page_Continente_Online/button_Permitir todos' is clicked on]]></system-out>
         <system-err><![CDATA[]]></system-err>
      </testcase>
      <testcase name="Test Cases/Search Product" time="25.875" classname="Test Cases/Search Product" status="PASSED">
         <system-out><![CDATA[2023-10-16 16:32:08 - [TEST_CASE][PASSED] - Test Cases/Search Product: Test Cases/Search Product

2023-10-16 16:32:09 - [TEST_STEP][PASSED] - callTestCase(findTestCase("Open Continente"), [:], STOP_ON_FAILURE): Call Test Case 'Test Cases/Open Continente' successfully

2023-10-16 16:32:09 - [TEST_CASE][PASSED] - Test Cases/Open Continente: Test Cases/Open Continente

2023-10-16 16:32:09 - [TEST_STEP][PASSED] - openBrowser(""): Browser is opened with url: ''

2023-10-16 16:32:09 - [MESSAGE][WARNING] - A browser is already opened. Closing browser and opening a new one

2023-10-16 16:32:12 - [MESSAGE][INFO] - Starting 'Chrome' driver

2023-10-16 16:32:12 - [MESSAGE][INFO] - Action delay is set to 0 milliseconds

2023-10-16 16:32:15 - [MESSAGE][PASSED] - Browser is opened with url: ''

2023-10-16 16:32:15 - [TEST_STEP][PASSED] - maximizeWindow(): Current window maximized

2023-10-16 16:32:16 - [MESSAGE][PASSED] - Current window maximized

2023-10-16 16:32:16 - [TEST_STEP][PASSED] - navigateToUrl("www.continente.pt"): Navigate to 'http://www.continente.pt' successfully

2023-10-16 16:32:20 - [MESSAGE][PASSED] - Navigate to 'http://www.continente.pt' successfully

2023-10-16 16:32:20 - [TEST_STEP][PASSED] - click(findTestObject("Page_Continente_Online/button_Permitir todos")): Object: 'Object Repository/Page_Continente_Online/button_Permitir todos' is clicked on

2023-10-16 16:32:24 - [MESSAGE][PASSED] - Object: 'Object Repository/Page_Continente_Online/button_Permitir todos' is clicked on

2023-10-16 16:32:24 - [MESSAGE][PASSED] - Call Test Case 'Test Cases/Open Continente' successfully

2023-10-16 16:32:24 - [TEST_STEP][PASSED] - setText(findTestObject("Page_Continente_Online/input_search_text"), "queijo"): Text 'queijo' is set on object 'Object Repository/Page_Continente_Online/input_search_text'

2023-10-16 16:32:27 - [MESSAGE][PASSED] - Text 'queijo' is set on object 'Object Repository/Page_Continente_Online/input_search_text'

2023-10-16 16:32:27 - [TEST_STEP][PASSED] - click(findTestObject("Page_Continente_Online/span_search_item")): Object: 'Object Repository/Page_Continente_Online/span_search_item' is clicked on

2023-10-16 16:32:34 - [MESSAGE][PASSED] - Object: 'Object Repository/Page_Continente_Online/span_search_item' is clicked on]]></system-out>
         <system-err><![CDATA[]]></system-err>
      </testcase>
      <testcase name="Test Cases/Add 1 Item to Cart" time="35.772" classname="Test Cases/Add 1 Item to Cart" status="PASSED">
         <system-out><![CDATA[2023-10-16 16:32:34 - [TEST_CASE][PASSED] - Test Cases/Add 1 Item to Cart: Test Cases/Add 1 Item to Cart

2023-10-16 16:32:34 - [TEST_STEP][PASSED] - callTestCase(findTestCase("Open Continente"), [:], STOP_ON_FAILURE): Call Test Case 'Test Cases/Open Continente' successfully

2023-10-16 16:32:34 - [TEST_CASE][PASSED] - Test Cases/Open Continente: Test Cases/Open Continente

2023-10-16 16:32:34 - [TEST_STEP][PASSED] - openBrowser(""): Browser is opened with url: ''

2023-10-16 16:32:34 - [MESSAGE][WARNING] - A browser is already opened. Closing browser and opening a new one

2023-10-16 16:32:35 - [MESSAGE][INFO] - Starting 'Chrome' driver

2023-10-16 16:32:35 - [MESSAGE][INFO] - Action delay is set to 0 milliseconds

2023-10-16 16:32:37 - [MESSAGE][PASSED] - Browser is opened with url: ''

2023-10-16 16:32:37 - [TEST_STEP][PASSED] - maximizeWindow(): Current window maximized

2023-10-16 16:32:37 - [MESSAGE][PASSED] - Current window maximized

2023-10-16 16:32:37 - [TEST_STEP][PASSED] - navigateToUrl("www.continente.pt"): Navigate to 'http://www.continente.pt' successfully

2023-10-16 16:32:41 - [MESSAGE][PASSED] - Navigate to 'http://www.continente.pt' successfully

2023-10-16 16:32:41 - [TEST_STEP][PASSED] - click(findTestObject("Page_Continente_Online/button_Permitir todos")): Object: 'Object Repository/Page_Continente_Online/button_Permitir todos' is clicked on

2023-10-16 16:32:46 - [MESSAGE][PASSED] - Object: 'Object Repository/Page_Continente_Online/button_Permitir todos' is clicked on

2023-10-16 16:32:46 - [MESSAGE][PASSED] - Call Test Case 'Test Cases/Open Continente' successfully

2023-10-16 16:32:46 - [TEST_STEP][PASSED] - callTestCase(findTestCase("Search Product"), [:], STOP_ON_FAILURE): Call Test Case 'Test Cases/Search Product' successfully

2023-10-16 16:32:47 - [TEST_CASE][PASSED] - Test Cases/Search Product: Test Cases/Search Product

2023-10-16 16:32:47 - [TEST_STEP][PASSED] - callTestCase(findTestCase("Open Continente"), [:], STOP_ON_FAILURE): Call Test Case 'Test Cases/Open Continente' successfully

2023-10-16 16:32:47 - [TEST_CASE][PASSED] - Test Cases/Open Continente: Test Cases/Open Continente

2023-10-16 16:32:47 - [TEST_STEP][PASSED] - openBrowser(""): Browser is opened with url: ''

2023-10-16 16:32:47 - [MESSAGE][WARNING] - A browser is already opened. Closing browser and opening a new one

2023-10-16 16:32:48 - [MESSAGE][INFO] - Starting 'Chrome' driver

2023-10-16 16:32:48 - [MESSAGE][INFO] - Action delay is set to 0 milliseconds

2023-10-16 16:32:50 - [MESSAGE][PASSED] - Browser is opened with url: ''

2023-10-16 16:32:50 - [TEST_STEP][PASSED] - maximizeWindow(): Current window maximized

2023-10-16 16:32:50 - [MESSAGE][PASSED] - Current window maximized

2023-10-16 16:32:50 - [TEST_STEP][PASSED] - navigateToUrl("www.continente.pt"): Navigate to 'http://www.continente.pt' successfully

2023-10-16 16:32:54 - [MESSAGE][PASSED] - Navigate to 'http://www.continente.pt' successfully

2023-10-16 16:32:54 - [TEST_STEP][PASSED] - click(findTestObject("Page_Continente_Online/button_Permitir todos")): Object: 'Object Repository/Page_Continente_Online/button_Permitir todos' is clicked on

2023-10-16 16:32:55 - [MESSAGE][PASSED] - Object: 'Object Repository/Page_Continente_Online/button_Permitir todos' is clicked on

2023-10-16 16:32:55 - [MESSAGE][PASSED] - Call Test Case 'Test Cases/Open Continente' successfully

2023-10-16 16:32:55 - [TEST_STEP][PASSED] - setText(findTestObject("Page_Continente_Online/input_search_text"), "queijo"): Text 'queijo' is set on object 'Object Repository/Page_Continente_Online/input_search_text'

2023-10-16 16:33:01 - [MESSAGE][PASSED] - Text 'queijo' is set on object 'Object Repository/Page_Continente_Online/input_search_text'

2023-10-16 16:33:01 - [TEST_STEP][PASSED] - click(findTestObject("Page_Continente_Online/span_search_item")): Object: 'Object Repository/Page_Continente_Online/span_search_item' is clicked on

2023-10-16 16:33:07 - [MESSAGE][PASSED] - Object: 'Object Repository/Page_Continente_Online/span_search_item' is clicked on

2023-10-16 16:33:07 - [MESSAGE][PASSED] - Call Test Case 'Test Cases/Search Product' successfully

2023-10-16 16:33:07 - [TEST_STEP][PASSED] - click(findTestObject("Page_Resultados_de_pesquisa/span_Carrinho")): Object: 'Object Repository/Page_Resultados_de_pesquisa/span_Carrinho' is clicked on

2023-10-16 16:33:09 - [MESSAGE][PASSED] - Object: 'Object Repository/Page_Resultados_de_pesquisa/span_Carrinho' is clicked on]]></system-out>
         <system-err><![CDATA[]]></system-err>
      </testcase>
      <testcase name="Test Cases/Add 2 Items to Cart" time="45.604" classname="Test Cases/Add 2 Items to Cart" status="PASSED">
         <system-out><![CDATA[2023-10-16 16:33:09 - [TEST_CASE][PASSED] - Test Cases/Add 2 Items to Cart: Test Cases/Add 2 Items to Cart

2023-10-16 16:33:10 - [TEST_STEP][PASSED] - callTestCase(findTestCase("Open Continente"), [:], STOP_ON_FAILURE): Call Test Case 'Test Cases/Open Continente' successfully

2023-10-16 16:33:10 - [TEST_CASE][PASSED] - Test Cases/Open Continente: Test Cases/Open Continente

2023-10-16 16:33:10 - [TEST_STEP][PASSED] - openBrowser(""): Browser is opened with url: ''

2023-10-16 16:33:10 - [MESSAGE][WARNING] - A browser is already opened. Closing browser and opening a new one

2023-10-16 16:33:10 - [MESSAGE][INFO] - Starting 'Chrome' driver

2023-10-16 16:33:10 - [MESSAGE][INFO] - Action delay is set to 0 milliseconds

2023-10-16 16:33:13 - [MESSAGE][PASSED] - Browser is opened with url: ''

2023-10-16 16:33:13 - [TEST_STEP][PASSED] - maximizeWindow(): Current window maximized

2023-10-16 16:33:13 - [MESSAGE][PASSED] - Current window maximized

2023-10-16 16:33:13 - [TEST_STEP][PASSED] - navigateToUrl("www.continente.pt"): Navigate to 'http://www.continente.pt' successfully

2023-10-16 16:33:18 - [MESSAGE][PASSED] - Navigate to 'http://www.continente.pt' successfully

2023-10-16 16:33:18 - [TEST_STEP][PASSED] - click(findTestObject("Page_Continente_Online/button_Permitir todos")): Object: 'Object Repository/Page_Continente_Online/button_Permitir todos' is clicked on

2023-10-16 16:33:21 - [MESSAGE][PASSED] - Object: 'Object Repository/Page_Continente_Online/button_Permitir todos' is clicked on

2023-10-16 16:33:21 - [MESSAGE][PASSED] - Call Test Case 'Test Cases/Open Continente' successfully

2023-10-16 16:33:21 - [TEST_STEP][PASSED] - callTestCase(findTestCase("Add 1 Item to Cart"), [:], STOP_ON_FAILURE): Call Test Case 'Test Cases/Add 1 Item to Cart' successfully

2023-10-16 16:33:21 - [TEST_CASE][PASSED] - Test Cases/Add 1 Item to Cart: Test Cases/Add 1 Item to Cart

2023-10-16 16:33:21 - [TEST_STEP][PASSED] - callTestCase(findTestCase("Open Continente"), [:], STOP_ON_FAILURE): Call Test Case 'Test Cases/Open Continente' successfully

2023-10-16 16:33:21 - [TEST_CASE][PASSED] - Test Cases/Open Continente: Test Cases/Open Continente

2023-10-16 16:33:21 - [TEST_STEP][PASSED] - openBrowser(""): Browser is opened with url: ''

2023-10-16 16:33:21 - [MESSAGE][WARNING] - A browser is already opened. Closing browser and opening a new one

2023-10-16 16:33:22 - [MESSAGE][INFO] - Starting 'Chrome' driver

2023-10-16 16:33:22 - [MESSAGE][INFO] - Action delay is set to 0 milliseconds

2023-10-16 16:33:24 - [MESSAGE][PASSED] - Browser is opened with url: ''

2023-10-16 16:33:24 - [TEST_STEP][PASSED] - maximizeWindow(): Current window maximized

2023-10-16 16:33:24 - [MESSAGE][PASSED] - Current window maximized

2023-10-16 16:33:24 - [TEST_STEP][PASSED] - navigateToUrl("www.continente.pt"): Navigate to 'http://www.continente.pt' successfully

2023-10-16 16:33:29 - [MESSAGE][PASSED] - Navigate to 'http://www.continente.pt' successfully

2023-10-16 16:33:29 - [TEST_STEP][PASSED] - click(findTestObject("Page_Continente_Online/button_Permitir todos")): Object: 'Object Repository/Page_Continente_Online/button_Permitir todos' is clicked on

2023-10-16 16:33:32 - [MESSAGE][PASSED] - Object: 'Object Repository/Page_Continente_Online/button_Permitir todos' is clicked on

2023-10-16 16:33:32 - [MESSAGE][PASSED] - Call Test Case 'Test Cases/Open Continente' successfully

2023-10-16 16:33:32 - [TEST_STEP][PASSED] - callTestCase(findTestCase("Search Product"), [:], STOP_ON_FAILURE): Call Test Case 'Test Cases/Search Product' successfully

2023-10-16 16:33:32 - [TEST_CASE][PASSED] - Test Cases/Search Product: Test Cases/Search Product

2023-10-16 16:33:32 - [TEST_STEP][PASSED] - callTestCase(findTestCase("Open Continente"), [:], STOP_ON_FAILURE): Call Test Case 'Test Cases/Open Continente' successfully

2023-10-16 16:33:32 - [TEST_CASE][PASSED] - Test Cases/Open Continente: Test Cases/Open Continente

2023-10-16 16:33:32 - [TEST_STEP][PASSED] - openBrowser(""): Browser is opened with url: ''

2023-10-16 16:33:32 - [MESSAGE][WARNING] - A browser is already opened. Closing browser and opening a new one

2023-10-16 16:33:33 - [MESSAGE][INFO] - Starting 'Chrome' driver

2023-10-16 16:33:33 - [MESSAGE][INFO] - Action delay is set to 0 milliseconds

2023-10-16 16:33:34 - [MESSAGE][PASSED] - Browser is opened with url: ''

2023-10-16 16:33:34 - [TEST_STEP][PASSED] - maximizeWindow(): Current window maximized

2023-10-16 16:33:35 - [MESSAGE][PASSED] - Current window maximized

2023-10-16 16:33:35 - [TEST_STEP][PASSED] - navigateToUrl("www.continente.pt"): Navigate to 'http://www.continente.pt' successfully

2023-10-16 16:33:38 - [MESSAGE][PASSED] - Navigate to 'http://www.continente.pt' successfully

2023-10-16 16:33:38 - [TEST_STEP][PASSED] - click(findTestObject("Page_Continente_Online/button_Permitir todos")): Object: 'Object Repository/Page_Continente_Online/button_Permitir todos' is clicked on

2023-10-16 16:33:39 - [MESSAGE][PASSED] - Object: 'Object Repository/Page_Continente_Online/button_Permitir todos' is clicked on

2023-10-16 16:33:39 - [MESSAGE][PASSED] - Call Test Case 'Test Cases/Open Continente' successfully

2023-10-16 16:33:39 - [TEST_STEP][PASSED] - setText(findTestObject("Page_Continente_Online/input_search_text"), "queijo"): Text 'queijo' is set on object 'Object Repository/Page_Continente_Online/input_search_text'

2023-10-16 16:33:44 - [MESSAGE][PASSED] - Text 'queijo' is set on object 'Object Repository/Page_Continente_Online/input_search_text'

2023-10-16 16:33:44 - [TEST_STEP][PASSED] - click(findTestObject("Page_Continente_Online/span_search_item")): Object: 'Object Repository/Page_Continente_Online/span_search_item' is clicked on

2023-10-16 16:33:50 - [MESSAGE][PASSED] - Object: 'Object Repository/Page_Continente_Online/span_search_item' is clicked on

2023-10-16 16:33:50 - [MESSAGE][PASSED] - Call Test Case 'Test Cases/Search Product' successfully

2023-10-16 16:33:50 - [TEST_STEP][PASSED] - click(findTestObject("Page_Resultados_de_pesquisa/span_Carrinho")): Object: 'Object Repository/Page_Resultados_de_pesquisa/span_Carrinho' is clicked on

2023-10-16 16:33:53 - [MESSAGE][PASSED] - Object: 'Object Repository/Page_Resultados_de_pesquisa/span_Carrinho' is clicked on

2023-10-16 16:33:53 - [MESSAGE][PASSED] - Call Test Case 'Test Cases/Add 1 Item to Cart' successfully

2023-10-16 16:33:53 - [TEST_STEP][PASSED] - click(findTestObject("Page_Resultados_de_pesquisa/span_Carrinho_2")): Object: 'Object Repository/Page_Resultados_de_pesquisa/span_Carrinho_2' is clicked on

2023-10-16 16:33:54 - [MESSAGE][PASSED] - Object: 'Object Repository/Page_Resultados_de_pesquisa/span_Carrinho_2' is clicked on

2023-10-16 16:33:54 - [TEST_STEP][PASSED] - click(findTestObject("Page_Resultados_de_pesquisa/button_aumentar_quantidade_produto")): Object: 'Object Repository/Page_Resultados_de_pesquisa/button_aumentar_quantidade_produto' is clicked on

2023-10-16 16:33:55 - [MESSAGE][PASSED] - Object: 'Object Repository/Page_Resultados_de_pesquisa/button_aumentar_quantidade_produto' is clicked on]]></system-out>
         <system-err><![CDATA[]]></system-err>
      </testcase>
      <testcase name="Test Cases/Show Cart" time="98.879" classname="Test Cases/Show Cart" status="PASSED">
         <system-out><![CDATA[2023-10-16 16:33:55 - [TEST_CASE][PASSED] - Test Cases/Show Cart: Test Cases/Show Cart

2023-10-16 16:33:55 - [TEST_STEP][PASSED] - callTestCase(findTestCase("Open Google"), [:], STOP_ON_FAILURE): Call Test Case 'Test Cases/Open Google' successfully

2023-10-16 16:33:55 - [TEST_CASE][PASSED] - Test Cases/Open Google: Test Cases/Open Google

2023-10-16 16:33:56 - [TEST_STEP][PASSED] - openBrowser(""): Browser is opened with url: ''

2023-10-16 16:33:56 - [MESSAGE][WARNING] - A browser is already opened. Closing browser and opening a new one

2023-10-16 16:33:57 - [MESSAGE][INFO] - Starting 'Chrome' driver

2023-10-16 16:33:57 - [MESSAGE][INFO] - Action delay is set to 0 milliseconds

2023-10-16 16:33:59 - [MESSAGE][PASSED] - Browser is opened with url: ''

2023-10-16 16:33:59 - [TEST_STEP][PASSED] - navigateToUrl("www.google.pt"): Navigate to 'http://www.google.pt' successfully

2023-10-16 16:34:01 - [MESSAGE][PASSED] - Navigate to 'http://www.google.pt' successfully

2023-10-16 16:34:01 - [MESSAGE][PASSED] - Call Test Case 'Test Cases/Open Google' successfully

2023-10-16 16:34:01 - [TEST_STEP][PASSED] - callTestCase(findTestCase("Search Product"), [:], STOP_ON_FAILURE): Call Test Case 'Test Cases/Search Product' successfully

2023-10-16 16:34:01 - [TEST_CASE][PASSED] - Test Cases/Search Product: Test Cases/Search Product

2023-10-16 16:34:01 - [TEST_STEP][PASSED] - callTestCase(findTestCase("Open Continente"), [:], STOP_ON_FAILURE): Call Test Case 'Test Cases/Open Continente' successfully

2023-10-16 16:34:01 - [TEST_CASE][PASSED] - Test Cases/Open Continente: Test Cases/Open Continente

2023-10-16 16:34:01 - [TEST_STEP][PASSED] - openBrowser(""): Browser is opened with url: ''

2023-10-16 16:34:01 - [MESSAGE][WARNING] - A browser is already opened. Closing browser and opening a new one

2023-10-16 16:34:02 - [MESSAGE][INFO] - Starting 'Chrome' driver

2023-10-16 16:34:02 - [MESSAGE][INFO] - Action delay is set to 0 milliseconds

2023-10-16 16:34:03 - [MESSAGE][PASSED] - Browser is opened with url: ''

2023-10-16 16:34:03 - [TEST_STEP][PASSED] - maximizeWindow(): Current window maximized

2023-10-16 16:34:03 - [MESSAGE][PASSED] - Current window maximized

2023-10-16 16:34:03 - [TEST_STEP][PASSED] - navigateToUrl("www.continente.pt"): Navigate to 'http://www.continente.pt' successfully

2023-10-16 16:34:08 - [MESSAGE][PASSED] - Navigate to 'http://www.continente.pt' successfully

2023-10-16 16:34:08 - [TEST_STEP][PASSED] - click(findTestObject("Page_Continente_Online/button_Permitir todos")): Object: 'Object Repository/Page_Continente_Online/button_Permitir todos' is clicked on

2023-10-16 16:34:09 - [MESSAGE][PASSED] - Object: 'Object Repository/Page_Continente_Online/button_Permitir todos' is clicked on

2023-10-16 16:34:09 - [MESSAGE][PASSED] - Call Test Case 'Test Cases/Open Continente' successfully

2023-10-16 16:34:09 - [TEST_STEP][PASSED] - setText(findTestObject("Page_Continente_Online/input_search_text"), "queijo"): Text 'queijo' is set on object 'Object Repository/Page_Continente_Online/input_search_text'

2023-10-16 16:34:14 - [MESSAGE][PASSED] - Text 'queijo' is set on object 'Object Repository/Page_Continente_Online/input_search_text'

2023-10-16 16:34:14 - [TEST_STEP][PASSED] - click(findTestObject("Page_Continente_Online/span_search_item")): Object: 'Object Repository/Page_Continente_Online/span_search_item' is clicked on

2023-10-16 16:34:21 - [MESSAGE][PASSED] - Object: 'Object Repository/Page_Continente_Online/span_search_item' is clicked on

2023-10-16 16:34:21 - [MESSAGE][PASSED] - Call Test Case 'Test Cases/Search Product' successfully

2023-10-16 16:34:21 - [TEST_STEP][PASSED] - callTestCase(findTestCase("Add 1 Item to Cart"), [:], STOP_ON_FAILURE): Call Test Case 'Test Cases/Add 1 Item to Cart' successfully

2023-10-16 16:34:22 - [TEST_CASE][PASSED] - Test Cases/Add 1 Item to Cart: Test Cases/Add 1 Item to Cart

2023-10-16 16:34:22 - [TEST_STEP][PASSED] - callTestCase(findTestCase("Open Continente"), [:], STOP_ON_FAILURE): Call Test Case 'Test Cases/Open Continente' successfully

2023-10-16 16:34:22 - [TEST_CASE][PASSED] - Test Cases/Open Continente: Test Cases/Open Continente

2023-10-16 16:34:22 - [TEST_STEP][PASSED] - openBrowser(""): Browser is opened with url: ''

2023-10-16 16:34:22 - [MESSAGE][WARNING] - A browser is already opened. Closing browser and opening a new one

2023-10-16 16:34:22 - [MESSAGE][INFO] - Starting 'Chrome' driver

2023-10-16 16:34:22 - [MESSAGE][INFO] - Action delay is set to 0 milliseconds

2023-10-16 16:34:23 - [MESSAGE][PASSED] - Browser is opened with url: ''

2023-10-16 16:34:23 - [TEST_STEP][PASSED] - maximizeWindow(): Current window maximized

2023-10-16 16:34:24 - [MESSAGE][PASSED] - Current window maximized

2023-10-16 16:34:24 - [TEST_STEP][PASSED] - navigateToUrl("www.continente.pt"): Navigate to 'http://www.continente.pt' successfully

2023-10-16 16:34:26 - [MESSAGE][PASSED] - Navigate to 'http://www.continente.pt' successfully

2023-10-16 16:34:26 - [TEST_STEP][PASSED] - click(findTestObject("Page_Continente_Online/button_Permitir todos")): Object: 'Object Repository/Page_Continente_Online/button_Permitir todos' is clicked on

2023-10-16 16:34:27 - [MESSAGE][PASSED] - Object: 'Object Repository/Page_Continente_Online/button_Permitir todos' is clicked on

2023-10-16 16:34:27 - [MESSAGE][PASSED] - Call Test Case 'Test Cases/Open Continente' successfully

2023-10-16 16:34:27 - [TEST_STEP][PASSED] - callTestCase(findTestCase("Search Product"), [:], STOP_ON_FAILURE): Call Test Case 'Test Cases/Search Product' successfully

2023-10-16 16:34:27 - [TEST_CASE][PASSED] - Test Cases/Search Product: Test Cases/Search Product

2023-10-16 16:34:27 - [TEST_STEP][PASSED] - callTestCase(findTestCase("Open Continente"), [:], STOP_ON_FAILURE): Call Test Case 'Test Cases/Open Continente' successfully

2023-10-16 16:34:27 - [TEST_CASE][PASSED] - Test Cases/Open Continente: Test Cases/Open Continente

2023-10-16 16:34:27 - [TEST_STEP][PASSED] - openBrowser(""): Browser is opened with url: ''

2023-10-16 16:34:27 - [MESSAGE][WARNING] - A browser is already opened. Closing browser and opening a new one

2023-10-16 16:34:28 - [MESSAGE][INFO] - Starting 'Chrome' driver

2023-10-16 16:34:28 - [MESSAGE][INFO] - Action delay is set to 0 milliseconds

2023-10-16 16:34:29 - [MESSAGE][PASSED] - Browser is opened with url: ''

2023-10-16 16:34:29 - [TEST_STEP][PASSED] - maximizeWindow(): Current window maximized

2023-10-16 16:34:29 - [MESSAGE][PASSED] - Current window maximized

2023-10-16 16:34:29 - [TEST_STEP][PASSED] - navigateToUrl("www.continente.pt"): Navigate to 'http://www.continente.pt' successfully

2023-10-16 16:34:32 - [MESSAGE][PASSED] - Navigate to 'http://www.continente.pt' successfully

2023-10-16 16:34:32 - [TEST_STEP][PASSED] - click(findTestObject("Page_Continente_Online/button_Permitir todos")): Object: 'Object Repository/Page_Continente_Online/button_Permitir todos' is clicked on

2023-10-16 16:34:32 - [MESSAGE][PASSED] - Object: 'Object Repository/Page_Continente_Online/button_Permitir todos' is clicked on

2023-10-16 16:34:32 - [MESSAGE][PASSED] - Call Test Case 'Test Cases/Open Continente' successfully

2023-10-16 16:34:32 - [TEST_STEP][PASSED] - setText(findTestObject("Page_Continente_Online/input_search_text"), "queijo"): Text 'queijo' is set on object 'Object Repository/Page_Continente_Online/input_search_text'

2023-10-16 16:34:37 - [MESSAGE][PASSED] - Text 'queijo' is set on object 'Object Repository/Page_Continente_Online/input_search_text'

2023-10-16 16:34:37 - [TEST_STEP][PASSED] - click(findTestObject("Page_Continente_Online/span_search_item")): Object: 'Object Repository/Page_Continente_Online/span_search_item' is clicked on

2023-10-16 16:34:40 - [MESSAGE][PASSED] - Object: 'Object Repository/Page_Continente_Online/span_search_item' is clicked on

2023-10-16 16:34:40 - [MESSAGE][PASSED] - Call Test Case 'Test Cases/Search Product' successfully

2023-10-16 16:34:40 - [TEST_STEP][PASSED] - click(findTestObject("Page_Resultados_de_pesquisa/span_Carrinho")): Object: 'Object Repository/Page_Resultados_de_pesquisa/span_Carrinho' is clicked on

2023-10-16 16:34:43 - [MESSAGE][PASSED] - Object: 'Object Repository/Page_Resultados_de_pesquisa/span_Carrinho' is clicked on

2023-10-16 16:34:43 - [MESSAGE][PASSED] - Call Test Case 'Test Cases/Add 1 Item to Cart' successfully

2023-10-16 16:34:43 - [TEST_STEP][PASSED] - callTestCase(findTestCase("Add 2 Items to Cart"), [:], STOP_ON_FAILURE): Call Test Case 'Test Cases/Add 2 Items to Cart' successfully

2023-10-16 16:34:43 - [TEST_CASE][PASSED] - Test Cases/Add 2 Items to Cart: Test Cases/Add 2 Items to Cart

2023-10-16 16:34:43 - [TEST_STEP][PASSED] - callTestCase(findTestCase("Open Continente"), [:], STOP_ON_FAILURE): Call Test Case 'Test Cases/Open Continente' successfully

2023-10-16 16:34:43 - [TEST_CASE][PASSED] - Test Cases/Open Continente: Test Cases/Open Continente

2023-10-16 16:34:43 - [TEST_STEP][PASSED] - openBrowser(""): Browser is opened with url: ''

2023-10-16 16:34:43 - [MESSAGE][WARNING] - A browser is already opened. Closing browser and opening a new one

2023-10-16 16:34:44 - [MESSAGE][INFO] - Starting 'Chrome' driver

2023-10-16 16:34:44 - [MESSAGE][INFO] - Action delay is set to 0 milliseconds

2023-10-16 16:34:45 - [MESSAGE][PASSED] - Browser is opened with url: ''

2023-10-16 16:34:45 - [TEST_STEP][PASSED] - maximizeWindow(): Current window maximized

2023-10-16 16:34:45 - [MESSAGE][PASSED] - Current window maximized

2023-10-16 16:34:45 - [TEST_STEP][PASSED] - navigateToUrl("www.continente.pt"): Navigate to 'http://www.continente.pt' successfully

2023-10-16 16:34:49 - [MESSAGE][PASSED] - Navigate to 'http://www.continente.pt' successfully

2023-10-16 16:34:49 - [TEST_STEP][PASSED] - click(findTestObject("Page_Continente_Online/button_Permitir todos")): Object: 'Object Repository/Page_Continente_Online/button_Permitir todos' is clicked on

2023-10-16 16:34:55 - [MESSAGE][PASSED] - Object: 'Object Repository/Page_Continente_Online/button_Permitir todos' is clicked on

2023-10-16 16:34:55 - [MESSAGE][PASSED] - Call Test Case 'Test Cases/Open Continente' successfully

2023-10-16 16:34:55 - [TEST_STEP][PASSED] - callTestCase(findTestCase("Add 1 Item to Cart"), [:], STOP_ON_FAILURE): Call Test Case 'Test Cases/Add 1 Item to Cart' successfully

2023-10-16 16:34:56 - [TEST_CASE][PASSED] - Test Cases/Add 1 Item to Cart: Test Cases/Add 1 Item to Cart

2023-10-16 16:34:56 - [TEST_STEP][PASSED] - callTestCase(findTestCase("Open Continente"), [:], STOP_ON_FAILURE): Call Test Case 'Test Cases/Open Continente' successfully

2023-10-16 16:34:56 - [TEST_CASE][PASSED] - Test Cases/Open Continente: Test Cases/Open Continente

2023-10-16 16:34:56 - [TEST_STEP][PASSED] - openBrowser(""): Browser is opened with url: ''

2023-10-16 16:34:56 - [MESSAGE][WARNING] - A browser is already opened. Closing browser and opening a new one

2023-10-16 16:34:57 - [MESSAGE][INFO] - Starting 'Chrome' driver

2023-10-16 16:34:57 - [MESSAGE][INFO] - Action delay is set to 0 milliseconds

2023-10-16 16:34:58 - [MESSAGE][PASSED] - Browser is opened with url: ''

2023-10-16 16:34:58 - [TEST_STEP][PASSED] - maximizeWindow(): Current window maximized

2023-10-16 16:34:59 - [MESSAGE][PASSED] - Current window maximized

2023-10-16 16:34:59 - [TEST_STEP][PASSED] - navigateToUrl("www.continente.pt"): Navigate to 'http://www.continente.pt' successfully

2023-10-16 16:35:03 - [MESSAGE][PASSED] - Navigate to 'http://www.continente.pt' successfully

2023-10-16 16:35:03 - [TEST_STEP][PASSED] - click(findTestObject("Page_Continente_Online/button_Permitir todos")): Object: 'Object Repository/Page_Continente_Online/button_Permitir todos' is clicked on

2023-10-16 16:35:04 - [MESSAGE][PASSED] - Object: 'Object Repository/Page_Continente_Online/button_Permitir todos' is clicked on

2023-10-16 16:35:04 - [MESSAGE][PASSED] - Call Test Case 'Test Cases/Open Continente' successfully

2023-10-16 16:35:04 - [TEST_STEP][PASSED] - callTestCase(findTestCase("Search Product"), [:], STOP_ON_FAILURE): Call Test Case 'Test Cases/Search Product' successfully

2023-10-16 16:35:04 - [TEST_CASE][PASSED] - Test Cases/Search Product: Test Cases/Search Product

2023-10-16 16:35:04 - [TEST_STEP][PASSED] - callTestCase(findTestCase("Open Continente"), [:], STOP_ON_FAILURE): Call Test Case 'Test Cases/Open Continente' successfully

2023-10-16 16:35:04 - [TEST_CASE][PASSED] - Test Cases/Open Continente: Test Cases/Open Continente

2023-10-16 16:35:04 - [TEST_STEP][PASSED] - openBrowser(""): Browser is opened with url: ''

2023-10-16 16:35:04 - [MESSAGE][WARNING] - A browser is already opened. Closing browser and opening a new one

2023-10-16 16:35:04 - [MESSAGE][INFO] - Starting 'Chrome' driver

2023-10-16 16:35:05 - [MESSAGE][INFO] - Action delay is set to 0 milliseconds

2023-10-16 16:35:06 - [MESSAGE][PASSED] - Browser is opened with url: ''

2023-10-16 16:35:06 - [TEST_STEP][PASSED] - maximizeWindow(): Current window maximized

2023-10-16 16:35:07 - [MESSAGE][PASSED] - Current window maximized

2023-10-16 16:35:07 - [TEST_STEP][PASSED] - navigateToUrl("www.continente.pt"): Navigate to 'http://www.continente.pt' successfully

2023-10-16 16:35:10 - [MESSAGE][PASSED] - Navigate to 'http://www.continente.pt' successfully

2023-10-16 16:35:10 - [TEST_STEP][PASSED] - click(findTestObject("Page_Continente_Online/button_Permitir todos")): Object: 'Object Repository/Page_Continente_Online/button_Permitir todos' is clicked on

2023-10-16 16:35:11 - [MESSAGE][PASSED] - Object: 'Object Repository/Page_Continente_Online/button_Permitir todos' is clicked on

2023-10-16 16:35:11 - [MESSAGE][PASSED] - Call Test Case 'Test Cases/Open Continente' successfully

2023-10-16 16:35:11 - [TEST_STEP][PASSED] - setText(findTestObject("Page_Continente_Online/input_search_text"), "queijo"): Text 'queijo' is set on object 'Object Repository/Page_Continente_Online/input_search_text'

2023-10-16 16:35:18 - [MESSAGE][PASSED] - Text 'queijo' is set on object 'Object Repository/Page_Continente_Online/input_search_text'

2023-10-16 16:35:18 - [TEST_STEP][PASSED] - click(findTestObject("Page_Continente_Online/span_search_item")): Object: 'Object Repository/Page_Continente_Online/span_search_item' is clicked on

2023-10-16 16:35:26 - [MESSAGE][PASSED] - Object: 'Object Repository/Page_Continente_Online/span_search_item' is clicked on

2023-10-16 16:35:26 - [MESSAGE][PASSED] - Call Test Case 'Test Cases/Search Product' successfully

2023-10-16 16:35:26 - [TEST_STEP][PASSED] - click(findTestObject("Page_Resultados_de_pesquisa/span_Carrinho")): Object: 'Object Repository/Page_Resultados_de_pesquisa/span_Carrinho' is clicked on

2023-10-16 16:35:29 - [MESSAGE][PASSED] - Object: 'Object Repository/Page_Resultados_de_pesquisa/span_Carrinho' is clicked on

2023-10-16 16:35:29 - [MESSAGE][PASSED] - Call Test Case 'Test Cases/Add 1 Item to Cart' successfully

2023-10-16 16:35:29 - [TEST_STEP][PASSED] - click(findTestObject("Page_Resultados_de_pesquisa/span_Carrinho_2")): Object: 'Object Repository/Page_Resultados_de_pesquisa/span_Carrinho_2' is clicked on

2023-10-16 16:35:32 - [MESSAGE][PASSED] - Object: 'Object Repository/Page_Resultados_de_pesquisa/span_Carrinho_2' is clicked on

2023-10-16 16:35:32 - [TEST_STEP][PASSED] - click(findTestObject("Page_Resultados_de_pesquisa/button_aumentar_quantidade_produto")): Object: 'Object Repository/Page_Resultados_de_pesquisa/button_aumentar_quantidade_produto' is clicked on

2023-10-16 16:35:33 - [MESSAGE][PASSED] - Object: 'Object Repository/Page_Resultados_de_pesquisa/button_aumentar_quantidade_produto' is clicked on

2023-10-16 16:35:33 - [MESSAGE][PASSED] - Call Test Case 'Test Cases/Add 2 Items to Cart' successfully

2023-10-16 16:35:33 - [TEST_STEP][PASSED] - click(findTestObject("Page_Resultados_de_pesquisa/span_13,37")): Object: 'Object Repository/Page_Resultados_de_pesquisa/span_13,37' is clicked on

2023-10-16 16:35:33 - [MESSAGE][PASSED] - Object: 'Object Repository/Page_Resultados_de_pesquisa/span_13,37' is clicked on

2023-10-16 16:35:33 - [TEST_STEP][PASSED] - closeBrowser(): Browser is closed

2023-10-16 16:35:34 - [MESSAGE][PASSED] - Browser is closed]]></system-out>
         <system-err><![CDATA[]]></system-err>
      </testcase>
      <system-out><![CDATA[2023-10-16 16:31:50 - [TEST_SUITE][PASSED] - Continente: Test Cases/Show Cart]]></system-out>
      <system-err><![CDATA[]]></system-err>
   </testsuite>
</testsuites>
